--------------------------------------------------------------------------------------------------------------------------------
new state: 3
----------------------------------------------------------------
new description: 测试通过，覆盖率：0.7777777777777778
----------------------------------------------------------------
new message

--------------------------------------------------------------------------------------------------------------------------------
old state: 1
----------------------------------------------------------------
old description: 单元测试不通过
----------------------------------------------------------------
old message
-------------------------------------------------------------------------------
Test set: org.openmrs.CohortMembershipTest
-------------------------------------------------------------------------------
Tests run: 10, Failures: 1, Errors: 0, Skipped: 0, Time elapsed: 0.399 sec <<< FAILURE! - in org.openmrs.CohortMembershipTest
compareTo_shouldFailIfStartOrEndDateDoNotMatch(org.openmrs.CohortMembershipTest)  Time elapsed: 0.003 sec  <<< FAILURE!
java.lang.AssertionError: expected:<-1> but was:<1>
	at org.junit.Assert.fail(Assert.java:88)
	at org.junit.Assert.failNotEquals(Assert.java:743)
	at org.junit.Assert.assertEquals(Assert.java:118)
	at org.junit.Assert.assertEquals(Assert.java:555)
	at org.junit.Assert.assertEquals(Assert.java:542)
	at org.openmrs.CohortMembershipTest.compareTo_shouldFailIfStartOrEndDateDoNotMatch(CohortMembershipTest.java:148)


--------------------------------------------------------------------------------------------------------------------------------
old product
@Override
	public int compareTo(CohortMembership o) {
		if ((this.getVoided() && !o.getVoided()) || (!this.isActive() && o.isActive())) {
			return 1;
		} else if ((!this.getVoided() && o.getVoided()) || (this.isActive() && !o.isActive())) {
			return -1;
		}
		
		int ret = OpenmrsUtil.compareWithNullAsGreatest(this.getCohort().getCohortId(), o.getCohort().getCohortId());
		if (ret != 0) {
			return ret;
		}
		
		ret = this.getPatientId().compareTo(o.getPatientId());
		if (ret != 0) {
			return ret;
		}
		
		ret = OpenmrsUtil.compareWithNullAsEarliest(this.getEndDate(), o.getEndDate());
		if (ret != 0) {
			return ret;
		}
		
		return OpenmrsUtil.compare(this.getStartDate(), o.getStartDate());
	}
----------------------------------------------------------------
old test
@Test
	public void compareTo_shouldFailIfStartOrEndDateDoNotMatch() throws Exception {
		CohortMembership firstMembership = new CohortMembership(4);
		CohortMembership secondMembership = new CohortMembership(4);
		
		Cohort cohort = new Cohort(1);
		
		firstMembership.setCohort(cohort);
		secondMembership.setCohort(cohort);
		
		SimpleDateFormat dateFormat = new SimpleDateFormat("yyyy-MM-dd HH:mm:ss");
		Date oneDate = dateFormat.parse("2017-01-01 00:00:00");
		Date twoDate = dateFormat.parse("2017-01-31 00:00:00");
		
		firstMembership.setStartDate(oneDate);
		secondMembership.setStartDate(twoDate);
		
		assertEquals(-1, firstMembership.compareTo(secondMembership));
		
		secondMembership.setStartDate(oneDate);
		secondMembership.setEndDate(twoDate);
		
		assertEquals(-1, firstMembership.compareTo(secondMembership));
	}
----------------------------------------------------------------
new product
@Override
	public int compareTo(CohortMembership o) {
		int ret = this.getVoided().compareTo(o.getVoided());
		if (ret == 0) {
			ret = OpenmrsUtil.compareWithNullAsLowest(
					getCohort() == null ? null : getCohort().getId(),
					o.getCohort() == null ? null : o.getCohort().getId());
		}
		if (ret == 0) {
			ret = this.getPatientId().compareTo(o.getPatientId());
		}
		if (ret == 0) {
			ret = OpenmrsUtil.compare(this.getStartDate(), o.getStartDate());
		}
		if (ret == 0) {
			ret = OpenmrsUtil.compareWithNullAsLatest(this.getEndDate(), o.getEndDate());
		}
		return ret;
	}
----------------------------------------------------------------
new test
@Test
	public void compareTo_shouldFailIfStartOrEndDateDoNotMatch() throws Exception {
		CohortMembership firstMembership = new CohortMembership(4);
		CohortMembership secondMembership = new CohortMembership(4);
		
		Cohort cohort = new Cohort(1);
		
		firstMembership.setCohort(cohort);
		secondMembership.setCohort(cohort);
		
		SimpleDateFormat dateFormat = new SimpleDateFormat("yyyy-MM-dd HH:mm:ss");
		Date oneDate = dateFormat.parse("2017-01-01 00:00:00");
		Date twoDate = dateFormat.parse("2017-01-31 00:00:00");
		
		firstMembership.setStartDate(oneDate);
		secondMembership.setStartDate(oneDate);
		secondMembership.setEndDate(twoDate);
		
		assertEquals(1, firstMembership.compareTo(secondMembership));
		assertEquals(-1, secondMembership.compareTo(firstMembership));
	}
----------------------------------------------------------------
diff product
diff --git a/old_product.java b/new_product.java
index 9ccb5a6..d264df0 100644
--- a/old_product.java
+++ b/new_product.java
@@ -1,25 +1,19 @@
 @Override
 	public int compareTo(CohortMembership o) {
-		if ((this.getVoided() && !o.getVoided()) || (!this.isActive() && o.isActive())) {
-			return 1;
-		} else if ((!this.getVoided() && o.getVoided()) || (this.isActive() && !o.isActive())) {
-			return -1;
+		int ret = this.getVoided().compareTo(o.getVoided());
+		if (ret == 0) {
+			ret = OpenmrsUtil.compareWithNullAsLowest(
+					getCohort() == null ? null : getCohort().getId(),
+					o.getCohort() == null ? null : o.getCohort().getId());
 		}
-		
-		int ret = OpenmrsUtil.compareWithNullAsGreatest(this.getCohort().getCohortId(), o.getCohort().getCohortId());
-		if (ret != 0) {
-			return ret;
+		if (ret == 0) {
+			ret = this.getPatientId().compareTo(o.getPatientId());
 		}
-		
-		ret = this.getPatientId().compareTo(o.getPatientId());
-		if (ret != 0) {
-			return ret;
+		if (ret == 0) {
+			ret = OpenmrsUtil.compare(this.getStartDate(), o.getStartDate());
 		}
-		
-		ret = OpenmrsUtil.compareWithNullAsEarliest(this.getEndDate(), o.getEndDate());
-		if (ret != 0) {
-			return ret;
+		if (ret == 0) {
+			ret = OpenmrsUtil.compareWithNullAsLatest(this.getEndDate(), o.getEndDate());
 		}
-		
-		return OpenmrsUtil.compare(this.getStartDate(), o.getStartDate());
+		return ret;
 	}
\ No newline at end of file

----------------------------------------------------------------
diff test
diff --git a/old_test.java b/new_test.java
index 075e61a..428df0a 100644
--- a/old_test.java
+++ b/new_test.java
@@ -13,12 +13,9 @@
 		Date twoDate = dateFormat.parse("2017-01-31 00:00:00");
 		
 		firstMembership.setStartDate(oneDate);
-		secondMembership.setStartDate(twoDate);
-		
-		assertEquals(-1, firstMembership.compareTo(secondMembership));
-		
 		secondMembership.setStartDate(oneDate);
 		secondMembership.setEndDate(twoDate);
 		
-		assertEquals(-1, firstMembership.compareTo(secondMembership));
+		assertEquals(1, firstMembership.compareTo(secondMembership));
+		assertEquals(-1, secondMembership.compareTo(firstMembership));
 	}
\ No newline at end of file

--------------------------------------------------------------------------------------------------------------------------------
sample diff product
diff --git a/old_product.java b/new_product.java
index fccebdf..92daf7a 100644
--- a/old_product.java
+++ b/new_product.java
@@ -1,15 +1,20 @@
 public int compareTo(PersonAttribute other) {
-		int retValue = 0;
-		retValue = isVoided().compareTo(other.isVoided());
-		if (retValue == 0)
-			retValue = OpenmrsUtil.compareWithNullAsLatest(getDateCreated(), other.getDateCreated());
-		if (retValue == 0)
-			retValue = getAttributeType().getPersonAttributeTypeId().compareTo(
-			    other.getAttributeType().getPersonAttributeTypeId());
-		if (retValue == 0)
-			retValue = OpenmrsUtil.compareWithNullAsGreatest(getValue(), other.getValue());
-		if (retValue == 0)
-			retValue = OpenmrsUtil.compareWithNullAsGreatest(getPersonAttributeId(), other.getPersonAttributeId());
+		int retValue;
+		if ((retValue = OpenmrsUtil.compareWithNullAsGreatest(getAttributeType(), other.getAttributeType())) != 0) {
+			return retValue;
+		}
 		
-		return retValue;
+		if ((retValue = isVoided().compareTo(other.isVoided())) != 0) {
+			return retValue;
+		}
+		
+		if ((retValue = OpenmrsUtil.compareWithNullAsLatest(getDateCreated(), other.getDateCreated())) != 0) {
+			return retValue;
+		}
+		
+		if ((retValue = OpenmrsUtil.compareWithNullAsGreatest(getValue(), other.getValue())) != 0) {
+			return retValue;
+		}
+
+		return OpenmrsUtil.compareWithNullAsGreatest(getPersonAttributeId(), other.getPersonAttributeId());
 	}
\ No newline at end of file

----------------------------------------------------------------
sample diff test
diff --git a/old_test.java b/new_test.java
index 64c7de6..d58b1b3 100644
--- a/old_test.java
+++ b/new_test.java
@@ -2,6 +2,7 @@
 	@Verifies(value = "should return negative if other attribute is voided", method = "compareTo(PersonAttribute)")
 	public void compareTo_shouldReturnNegativeIfOtherAttributeIsVoided() throws Exception {
 		PersonAttribute pa = new PersonAttribute();
+		pa.setAttributeType(new PersonAttributeType(1));
 		PersonAttribute other = new PersonAttribute();
 		other.setVoided(true);
 		Assert.assertTrue(pa.compareTo(other) < 0);

----------------------------------------------------------------
coverage: 0.7777777777777778
--------------------------------------------------------------------------------------------------------------------------------
now time: 1
----------------------------------------------------------------
llm output
<new_test>
@Test
public void compareTo_shouldFailIfStartOrEndDateDoNotMatch() throws Exception {
    CohortMembership firstMembership = new CohortMembership(4);
    CohortMembership secondMembership = new CohortMembership(4);

    Cohort cohort = new Cohort(1);

    firstMembership.setCohort(cohort);
    secondMembership.setCohort(cohort);

    SimpleDateFormat dateFormat = new SimpleDateFormat("yyyy-MM-dd HH:mm:ss");
    Date oneDate = dateFormat.parse("2017-01-01 00:00:00");
    Date twoDate = dateFormat.parse("2017-01-31 00:00:00");

    firstMembership.setStartDate(oneDate);
    secondMembership.setStartDate(twoDate);

    // Testing comparison based on start dates
    assertTrue(firstMembership.compareTo(secondMembership) < 0);

    secondMembership.setStartDate(oneDate);
    secondMembership.setEndDate(twoDate);

    // Testing comparison based on end dates where one is null and the other is not
    assertTrue(firstMembership.compareTo(secondMembership) < 0);

    // Setting both start and end dates to be the same to test comparison based on voided status
    firstMembership.setEndDate(twoDate);
    firstMembership.setVoided(false);
    secondMembership.setVoided(true);

    // Testing comparison based on voided status
    assertTrue(firstMembership.compareTo(secondMembership) < 0);
}
</new_test>
----------------------------------------------------------------
generated test
@Test
public void compareTo_shouldFailIfStartOrEndDateDoNotMatch() throws Exception {
    CohortMembership firstMembership = new CohortMembership(4);
    CohortMembership secondMembership = new CohortMembership(4);

    Cohort cohort = new Cohort(1);

    firstMembership.setCohort(cohort);
    secondMembership.setCohort(cohort);

    SimpleDateFormat dateFormat = new SimpleDateFormat("yyyy-MM-dd HH:mm:ss");
    Date oneDate = dateFormat.parse("2017-01-01 00:00:00");
    Date twoDate = dateFormat.parse("2017-01-31 00:00:00");

    firstMembership.setStartDate(oneDate);
    secondMembership.setStartDate(twoDate);

    // Testing comparison based on start dates
    assertTrue(firstMembership.compareTo(secondMembership) < 0);

    secondMembership.setStartDate(oneDate);
    secondMembership.setEndDate(twoDate);

    // Testing comparison based on end dates where one is null and the other is not
    assertTrue(firstMembership.compareTo(secondMembership) < 0);

    // Setting both start and end dates to be the same to test comparison based on voided status
    firstMembership.setEndDate(twoDate);
    firstMembership.setVoided(false);
    secondMembership.setVoided(true);

    // Testing comparison based on voided status
    assertTrue(firstMembership.compareTo(secondMembership) < 0);
}
----------------------------------------------------------------
last generated diff test
--- 

+++ 

@@ -1,24 +1,34 @@

 @Test
-	public void compareTo_shouldFailIfStartOrEndDateDoNotMatch() throws Exception {
-		CohortMembership firstMembership = new CohortMembership(4);
-		CohortMembership secondMembership = new CohortMembership(4);
-		
-		Cohort cohort = new Cohort(1);
-		
-		firstMembership.setCohort(cohort);
-		secondMembership.setCohort(cohort);
-		
-		SimpleDateFormat dateFormat = new SimpleDateFormat("yyyy-MM-dd HH:mm:ss");
-		Date oneDate = dateFormat.parse("2017-01-01 00:00:00");
-		Date twoDate = dateFormat.parse("2017-01-31 00:00:00");
-		
-		firstMembership.setStartDate(oneDate);
-		secondMembership.setStartDate(twoDate);
-		
-		assertEquals(-1, firstMembership.compareTo(secondMembership));
-		
-		secondMembership.setStartDate(oneDate);
-		secondMembership.setEndDate(twoDate);
-		
-		assertEquals(-1, firstMembership.compareTo(secondMembership));
-	}
+public void compareTo_shouldFailIfStartOrEndDateDoNotMatch() throws Exception {
+    CohortMembership firstMembership = new CohortMembership(4);
+    CohortMembership secondMembership = new CohortMembership(4);
+
+    Cohort cohort = new Cohort(1);
+
+    firstMembership.setCohort(cohort);
+    secondMembership.setCohort(cohort);
+
+    SimpleDateFormat dateFormat = new SimpleDateFormat("yyyy-MM-dd HH:mm:ss");
+    Date oneDate = dateFormat.parse("2017-01-01 00:00:00");
+    Date twoDate = dateFormat.parse("2017-01-31 00:00:00");
+
+    firstMembership.setStartDate(oneDate);
+    secondMembership.setStartDate(twoDate);
+
+    // Testing comparison based on start dates
+    assertTrue(firstMembership.compareTo(secondMembership) < 0);
+
+    secondMembership.setStartDate(oneDate);
+    secondMembership.setEndDate(twoDate);
+
+    // Testing comparison based on end dates where one is null and the other is not
+    assertTrue(firstMembership.compareTo(secondMembership) < 0);
+
+    // Setting both start and end dates to be the same to test comparison based on voided status
+    firstMembership.setEndDate(twoDate);
+    firstMembership.setVoided(false);
+    secondMembership.setVoided(true);
+
+    // Testing comparison based on voided status
+    assertTrue(firstMembership.compareTo(secondMembership) < 0);
+}

----------------------------------------------------------------
state: 1
----------------------------------------------------------------
description: 单元测试不通过
----------------------------------------------------------------
message
-------------------------------------------------------------------------------
Test set: org.openmrs.CohortMembershipTest
-------------------------------------------------------------------------------
Tests run: 10, Failures: 1, Errors: 0, Skipped: 0, Time elapsed: 0.402 sec <<< FAILURE! - in org.openmrs.CohortMembershipTest
compareTo_shouldFailIfStartOrEndDateDoNotMatch(org.openmrs.CohortMembershipTest)  Time elapsed: 0.003 sec  <<< FAILURE!
java.lang.AssertionError: null
	at org.junit.Assert.fail(Assert.java:86)
	at org.junit.Assert.assertTrue(Assert.java:41)
	at org.junit.Assert.assertTrue(Assert.java:52)
	at org.openmrs.CohortMembershipTest.compareTo_shouldFailIfStartOrEndDateDoNotMatch(CohortMembershipTest.java:150)


--------------------------------------------------------------------------------------------------------------------------------
now time: 2
----------------------------------------------------------------
llm output
<new_test>
@Test
public void compareTo_shouldCorrectlyCompareCohortMemberships() throws Exception {
    CohortMembership firstMembership = new CohortMembership(4);
    CohortMembership secondMembership = new CohortMembership(4);

    Cohort cohort = new Cohort(1);

    firstMembership.setCohort(cohort);
    secondMembership.setCohort(cohort);

    SimpleDateFormat dateFormat = new SimpleDateFormat("yyyy-MM-dd HH:mm:ss");
    Date oneDate = dateFormat.parse("2017-01-01 00:00:00");
    Date twoDate = dateFormat.parse("2017-01-31 00:00:00");

    firstMembership.setStartDate(oneDate);
    secondMembership.setStartDate(twoDate);

    // Assert that firstMembership should come before secondMembership because it starts earlier
    assertTrue("First membership should come before second membership due to earlier start date", 
        firstMembership.compareTo(secondMembership) < 0);

    secondMembership.setStartDate(oneDate);
    secondMembership.setEndDate(twoDate);

    // Assert that firstMembership should come before secondMembership because secondMembership has an end date and firstMembership does not
    assertTrue("First membership should come before second membership because it does not have an end date", 
        firstMembership.compareTo(secondMembership) < 0);

    // Setting both start and end dates to be the same to test comparison based on voided status
    firstMembership.setEndDate(twoDate);
    firstMembership.setVoided(false);
    secondMembership.setVoided(true);

    // Assert that firstMembership should come before secondMembership because firstMembership is not voided and secondMembership is
    assertTrue("First membership should come before second membership because it is not voided", 
        firstMembership.compareTo(secondMembership) < 0);
}
</new_test>
----------------------------------------------------------------
generated test
@Test
public void compareTo_shouldCorrectlyCompareCohortMemberships() throws Exception {
    CohortMembership firstMembership = new CohortMembership(4);
    CohortMembership secondMembership = new CohortMembership(4);

    Cohort cohort = new Cohort(1);

    firstMembership.setCohort(cohort);
    secondMembership.setCohort(cohort);

    SimpleDateFormat dateFormat = new SimpleDateFormat("yyyy-MM-dd HH:mm:ss");
    Date oneDate = dateFormat.parse("2017-01-01 00:00:00");
    Date twoDate = dateFormat.parse("2017-01-31 00:00:00");

    firstMembership.setStartDate(oneDate);
    secondMembership.setStartDate(twoDate);

    // Assert that firstMembership should come before secondMembership because it starts earlier
    assertTrue("First membership should come before second membership due to earlier start date", 
        firstMembership.compareTo(secondMembership) < 0);

    secondMembership.setStartDate(oneDate);
    secondMembership.setEndDate(twoDate);

    // Assert that firstMembership should come before secondMembership because secondMembership has an end date and firstMembership does not
    assertTrue("First membership should come before second membership because it does not have an end date", 
        firstMembership.compareTo(secondMembership) < 0);

    // Setting both start and end dates to be the same to test comparison based on voided status
    firstMembership.setEndDate(twoDate);
    firstMembership.setVoided(false);
    secondMembership.setVoided(true);

    // Assert that firstMembership should come before secondMembership because firstMembership is not voided and secondMembership is
    assertTrue("First membership should come before second membership because it is not voided", 
        firstMembership.compareTo(secondMembership) < 0);
}
----------------------------------------------------------------
last generated diff test
--- 

+++ 

@@ -1,5 +1,5 @@

 @Test
-public void compareTo_shouldFailIfStartOrEndDateDoNotMatch() throws Exception {
+public void compareTo_shouldCorrectlyCompareCohortMemberships() throws Exception {
     CohortMembership firstMembership = new CohortMembership(4);
     CohortMembership secondMembership = new CohortMembership(4);
 
@@ -15,20 +15,23 @@

     firstMembership.setStartDate(oneDate);
     secondMembership.setStartDate(twoDate);
 
-    // Testing comparison based on start dates
-    assertTrue(firstMembership.compareTo(secondMembership) < 0);
+    // Assert that firstMembership should come before secondMembership because it starts earlier
+    assertTrue("First membership should come before second membership due to earlier start date", 
+        firstMembership.compareTo(secondMembership) < 0);
 
     secondMembership.setStartDate(oneDate);
     secondMembership.setEndDate(twoDate);
 
-    // Testing comparison based on end dates where one is null and the other is not
-    assertTrue(firstMembership.compareTo(secondMembership) < 0);
+    // Assert that firstMembership should come before secondMembership because secondMembership has an end date and firstMembership does not
+    assertTrue("First membership should come before second membership because it does not have an end date", 
+        firstMembership.compareTo(secondMembership) < 0);
 
     // Setting both start and end dates to be the same to test comparison based on voided status
     firstMembership.setEndDate(twoDate);
     firstMembership.setVoided(false);
     secondMembership.setVoided(true);
 
-    // Testing comparison based on voided status
-    assertTrue(firstMembership.compareTo(secondMembership) < 0);
+    // Assert that firstMembership should come before secondMembership because firstMembership is not voided and secondMembership is
+    assertTrue("First membership should come before second membership because it is not voided", 
+        firstMembership.compareTo(secondMembership) < 0);
 }

----------------------------------------------------------------
state: 1
----------------------------------------------------------------
description: 单元测试不通过
----------------------------------------------------------------
message
-------------------------------------------------------------------------------
Test set: org.openmrs.CohortMembershipTest
-------------------------------------------------------------------------------
Tests run: 10, Failures: 1, Errors: 0, Skipped: 0, Time elapsed: 0.368 sec <<< FAILURE! - in org.openmrs.CohortMembershipTest
compareTo_shouldCorrectlyCompareCohortMemberships(org.openmrs.CohortMembershipTest)  Time elapsed: 0.002 sec  <<< FAILURE!
java.lang.AssertionError: First membership should come before second membership because it does not have an end date
	at org.junit.Assert.fail(Assert.java:88)
	at org.junit.Assert.assertTrue(Assert.java:41)
	at org.openmrs.CohortMembershipTest.compareTo_shouldCorrectlyCompareCohortMemberships(CohortMembershipTest.java:151)


--------------------------------------------------------------------------------------------------------------------------------
now time: 3
----------------------------------------------------------------
llm output
<new_test>
@Test
public void compareTo_shouldCorrectlyCompareCohortMemberships() throws Exception {
    CohortMembership firstMembership = new CohortMembership(4);
    CohortMembership secondMembership = new CohortMembership(4);

    Cohort cohort = new Cohort(1);

    firstMembership.setCohort(cohort);
    secondMembership.setCohort(cohort);

    SimpleDateFormat dateFormat = new SimpleDateFormat("yyyy-MM-dd HH:mm:ss");
    Date oneDate = dateFormat.parse("2017-01-01 00:00:00");
    Date twoDate = dateFormat.parse("2017-01-31 00:00:00");

    firstMembership.setStartDate(oneDate);
    secondMembership.setStartDate(oneDate); // Adjusted to match the firstMembership's start date for a valid comparison

    // Since both memberships now start on the same date, adjust the test to reflect changes in the compareTo logic
    // Assert that comparing two memberships with the same start date and no end date returns 0
    assertEquals("Comparing two memberships with the same start date and no end date should return 0", 
        0, firstMembership.compareTo(secondMembership));

    secondMembership.setEndDate(twoDate); // Set an end date for the second membership

    // Adjust the assertion to reflect the updated compareTo logic after setting an end date for the second membership
    // Assert that firstMembership is less than secondMembership because it does not have an end date and is therefore considered active longer
    assertTrue("First membership should be considered active longer and come before second membership", 
        firstMembership.compareTo(secondMembership) < 0);

    firstMembership.setEndDate(twoDate); // Set matching end dates for both memberships
    firstMembership.setVoided(false);
    secondMembership.setVoided(true); // Void the second membership

    // Assert that firstMembership should come before the secondMembership because it is not voided
    assertTrue("First membership should come before second membership because it is not voided", 
        firstMembership.compareTo(secondMembership) < 0);
}
</new_test>
----------------------------------------------------------------
generated test
@Test
public void compareTo_shouldCorrectlyCompareCohortMemberships() throws Exception {
    CohortMembership firstMembership = new CohortMembership(4);
    CohortMembership secondMembership = new CohortMembership(4);

    Cohort cohort = new Cohort(1);

    firstMembership.setCohort(cohort);
    secondMembership.setCohort(cohort);

    SimpleDateFormat dateFormat = new SimpleDateFormat("yyyy-MM-dd HH:mm:ss");
    Date oneDate = dateFormat.parse("2017-01-01 00:00:00");
    Date twoDate = dateFormat.parse("2017-01-31 00:00:00");

    firstMembership.setStartDate(oneDate);
    secondMembership.setStartDate(oneDate); // Adjusted to match the firstMembership's start date for a valid comparison

    // Since both memberships now start on the same date, adjust the test to reflect changes in the compareTo logic
    // Assert that comparing two memberships with the same start date and no end date returns 0
    assertEquals("Comparing two memberships with the same start date and no end date should return 0", 
        0, firstMembership.compareTo(secondMembership));

    secondMembership.setEndDate(twoDate); // Set an end date for the second membership

    // Adjust the assertion to reflect the updated compareTo logic after setting an end date for the second membership
    // Assert that firstMembership is less than secondMembership because it does not have an end date and is therefore considered active longer
    assertTrue("First membership should be considered active longer and come before second membership", 
        firstMembership.compareTo(secondMembership) < 0);

    firstMembership.setEndDate(twoDate); // Set matching end dates for both memberships
    firstMembership.setVoided(false);
    secondMembership.setVoided(true); // Void the second membership

    // Assert that firstMembership should come before the secondMembership because it is not voided
    assertTrue("First membership should come before second membership because it is not voided", 
        firstMembership.compareTo(secondMembership) < 0);
}
----------------------------------------------------------------
last generated diff test
--- 

+++ 

@@ -13,25 +13,25 @@

     Date twoDate = dateFormat.parse("2017-01-31 00:00:00");
 
     firstMembership.setStartDate(oneDate);
-    secondMembership.setStartDate(twoDate);
+    secondMembership.setStartDate(oneDate); // Adjusted to match the firstMembership's start date for a valid comparison
 
-    // Assert that firstMembership should come before secondMembership because it starts earlier
-    assertTrue("First membership should come before second membership due to earlier start date", 
+    // Since both memberships now start on the same date, adjust the test to reflect changes in the compareTo logic
+    // Assert that comparing two memberships with the same start date and no end date returns 0
+    assertEquals("Comparing two memberships with the same start date and no end date should return 0", 
+        0, firstMembership.compareTo(secondMembership));
+
+    secondMembership.setEndDate(twoDate); // Set an end date for the second membership
+
+    // Adjust the assertion to reflect the updated compareTo logic after setting an end date for the second membership
+    // Assert that firstMembership is less than secondMembership because it does not have an end date and is therefore considered active longer
+    assertTrue("First membership should be considered active longer and come before second membership", 
         firstMembership.compareTo(secondMembership) < 0);
 
-    secondMembership.setStartDate(oneDate);
-    secondMembership.setEndDate(twoDate);
+    firstMembership.setEndDate(twoDate); // Set matching end dates for both memberships
+    firstMembership.setVoided(false);
+    secondMembership.setVoided(true); // Void the second membership
 
-    // Assert that firstMembership should come before secondMembership because secondMembership has an end date and firstMembership does not
-    assertTrue("First membership should come before second membership because it does not have an end date", 
-        firstMembership.compareTo(secondMembership) < 0);
-
-    // Setting both start and end dates to be the same to test comparison based on voided status
-    firstMembership.setEndDate(twoDate);
-    firstMembership.setVoided(false);
-    secondMembership.setVoided(true);
-
-    // Assert that firstMembership should come before secondMembership because firstMembership is not voided and secondMembership is
+    // Assert that firstMembership should come before the secondMembership because it is not voided
     assertTrue("First membership should come before second membership because it is not voided", 
         firstMembership.compareTo(secondMembership) < 0);
 }

----------------------------------------------------------------
state: 1
----------------------------------------------------------------
description: 单元测试不通过
----------------------------------------------------------------
message
-------------------------------------------------------------------------------
Test set: org.openmrs.CohortMembershipTest
-------------------------------------------------------------------------------
Tests run: 10, Failures: 1, Errors: 0, Skipped: 0, Time elapsed: 0.365 sec <<< FAILURE! - in org.openmrs.CohortMembershipTest
compareTo_shouldCorrectlyCompareCohortMemberships(org.openmrs.CohortMembershipTest)  Time elapsed: 0.003 sec  <<< FAILURE!
java.lang.AssertionError: First membership should be considered active longer and come before second membership
	at org.junit.Assert.fail(Assert.java:88)
	at org.junit.Assert.assertTrue(Assert.java:41)
	at org.openmrs.CohortMembershipTest.compareTo_shouldCorrectlyCompareCohortMemberships(CohortMembershipTest.java:152)


--------------------------------------------------------------------------------------------------------------------------------
now time: 4
----------------------------------------------------------------
llm output
Given the persistent failure messages and the adjustments needed to align with the updated `compareTo` method logic, a revised test method needs to carefully reflect the changes in the production code. The failure message indicates that the test's expectation regarding the comparison outcome does not match the actual logic implemented in the `compareTo` method, particularly concerning how end dates are compared and how voided status is considered.

Given the updated production method logic, which now includes a comparison of the voided status as a primary comparison point, followed by cohort ID, patient ID, start date, and finally end date (with nulls handled specifically in start and end dates), the test needs to be adjusted accordingly. 

However, without further changes to the production method logic provided in the `<diff_product>` section, and based on the failure message received, it seems there was a misunderstanding in how the end dates affect the comparison. The revised test should ensure it aligns with the actual logic of the `compareTo` method, especially considering the handling of null values and the order of comparisons.

Given the limitations expressed in the failure messages and without further specific details on the corrected logic of the `compareTo` method, here is a generic approach to rewriting the test method that attempts to address the failure:

<new_test>
@Test
public void compareTo_shouldCorrectlyCompareCohortMemberships() throws Exception {
    CohortMembership firstMembership = new CohortMembership(4);
    CohortMembership secondMembership = new CohortMembership(4);

    Cohort cohort = new Cohort(1);

    firstMembership.setCohort(cohort);
    secondMembership.setCohort(cohort);

    SimpleDateFormat dateFormat = new SimpleDateFormat("yyyy-MM-dd HH:mm:ss");
    Date sameDate = dateFormat.parse("2017-01-01 00:00:00");

    // Set both start dates to the same value to test other comparison conditions
    firstMembership.setStartDate(sameDate);
    secondMembership.setStartDate(sameDate);

    // Both memberships have the same start date, no end dates, and are not voided
    // Expecting a comparison based on patient ID or another attribute not covered by the test failure message
    assertEquals("Comparing two equal memberships should return 0", 
        0, firstMembership.compareTo(secondMembership));

    // Set different voided status to test this comparison aspect
    firstMembership.setVoided(false);
    secondMembership.setVoided(true);

    // Assert that non-voided membership comes before a voided one
    assertTrue("Non-voided membership should come before a voided one", 
        firstMembership.compareTo(secondMembership) < 0);

    // Reset voided status to false for both to test end date comparison
    secondMembership.setVoided(false);
    secondMembership.setEndDate(sameDate); // Only second membership has an end date

    // With the same start date and only the second having an end date, the first should be considered active longer
    assertTrue("Membership without an end date should be considered active longer", 
        firstMembership.compareTo(secondMembership) > 0);
}
</new_test>

This revised test method attempts to address the failure by:
- Ensuring that the test setup aligns with the updated `compareTo` logic.
- Testing the comparison when both memberships have the same start date.
- Explicitly testing the impact of the voided status on comparison.
- Testing how the presence of an end date in only one membership affects the comparison outcome.
----------------------------------------------------------------
generated test
@Test
public void compareTo_shouldCorrectlyCompareCohortMemberships() throws Exception {
    CohortMembership firstMembership = new CohortMembership(4);
    CohortMembership secondMembership = new CohortMembership(4);

    Cohort cohort = new Cohort(1);

    firstMembership.setCohort(cohort);
    secondMembership.setCohort(cohort);

    SimpleDateFormat dateFormat = new SimpleDateFormat("yyyy-MM-dd HH:mm:ss");
    Date sameDate = dateFormat.parse("2017-01-01 00:00:00");

    // Set both start dates to the same value to test other comparison conditions
    firstMembership.setStartDate(sameDate);
    secondMembership.setStartDate(sameDate);

    // Both memberships have the same start date, no end dates, and are not voided
    // Expecting a comparison based on patient ID or another attribute not covered by the test failure message
    assertEquals("Comparing two equal memberships should return 0", 
        0, firstMembership.compareTo(secondMembership));

    // Set different voided status to test this comparison aspect
    firstMembership.setVoided(false);
    secondMembership.setVoided(true);

    // Assert that non-voided membership comes before a voided one
    assertTrue("Non-voided membership should come before a voided one", 
        firstMembership.compareTo(secondMembership) < 0);

    // Reset voided status to false for both to test end date comparison
    secondMembership.setVoided(false);
    secondMembership.setEndDate(sameDate); // Only second membership has an end date

    // With the same start date and only the second having an end date, the first should be considered active longer
    assertTrue("Membership without an end date should be considered active longer", 
        firstMembership.compareTo(secondMembership) > 0);
}
----------------------------------------------------------------
last generated diff test
--- 

+++ 

@@ -9,29 +9,30 @@

     secondMembership.setCohort(cohort);
 
     SimpleDateFormat dateFormat = new SimpleDateFormat("yyyy-MM-dd HH:mm:ss");
-    Date oneDate = dateFormat.parse("2017-01-01 00:00:00");
-    Date twoDate = dateFormat.parse("2017-01-31 00:00:00");
+    Date sameDate = dateFormat.parse("2017-01-01 00:00:00");
 
-    firstMembership.setStartDate(oneDate);
-    secondMembership.setStartDate(oneDate); // Adjusted to match the firstMembership's start date for a valid comparison
+    // Set both start dates to the same value to test other comparison conditions
+    firstMembership.setStartDate(sameDate);
+    secondMembership.setStartDate(sameDate);
 
-    // Since both memberships now start on the same date, adjust the test to reflect changes in the compareTo logic
-    // Assert that comparing two memberships with the same start date and no end date returns 0
-    assertEquals("Comparing two memberships with the same start date and no end date should return 0", 
+    // Both memberships have the same start date, no end dates, and are not voided
+    // Expecting a comparison based on patient ID or another attribute not covered by the test failure message
+    assertEquals("Comparing two equal memberships should return 0", 
         0, firstMembership.compareTo(secondMembership));
 
-    secondMembership.setEndDate(twoDate); // Set an end date for the second membership
+    // Set different voided status to test this comparison aspect
+    firstMembership.setVoided(false);
+    secondMembership.setVoided(true);
 
-    // Adjust the assertion to reflect the updated compareTo logic after setting an end date for the second membership
-    // Assert that firstMembership is less than secondMembership because it does not have an end date and is therefore considered active longer
-    assertTrue("First membership should be considered active longer and come before second membership", 
+    // Assert that non-voided membership comes before a voided one
+    assertTrue("Non-voided membership should come before a voided one", 
         firstMembership.compareTo(secondMembership) < 0);
 
-    firstMembership.setEndDate(twoDate); // Set matching end dates for both memberships
-    firstMembership.setVoided(false);
-    secondMembership.setVoided(true); // Void the second membership
+    // Reset voided status to false for both to test end date comparison
+    secondMembership.setVoided(false);
+    secondMembership.setEndDate(sameDate); // Only second membership has an end date
 
-    // Assert that firstMembership should come before the secondMembership because it is not voided
-    assertTrue("First membership should come before second membership because it is not voided", 
-        firstMembership.compareTo(secondMembership) < 0);
+    // With the same start date and only the second having an end date, the first should be considered active longer
+    assertTrue("Membership without an end date should be considered active longer", 
+        firstMembership.compareTo(secondMembership) > 0);
 }

----------------------------------------------------------------
state: 3
----------------------------------------------------------------
description: 测试通过，覆盖率：0.7777777777777778
----------------------------------------------------------------
message

--------------------------------------------------------------------------------------------------------------------------------
total times: 4
----------------------------------------------------------------
generated test
@Test
public void compareTo_shouldCorrectlyCompareCohortMemberships() throws Exception {
    CohortMembership firstMembership = new CohortMembership(4);
    CohortMembership secondMembership = new CohortMembership(4);

    Cohort cohort = new Cohort(1);

    firstMembership.setCohort(cohort);
    secondMembership.setCohort(cohort);

    SimpleDateFormat dateFormat = new SimpleDateFormat("yyyy-MM-dd HH:mm:ss");
    Date sameDate = dateFormat.parse("2017-01-01 00:00:00");

    // Set both start dates to the same value to test other comparison conditions
    firstMembership.setStartDate(sameDate);
    secondMembership.setStartDate(sameDate);

    // Both memberships have the same start date, no end dates, and are not voided
    // Expecting a comparison based on patient ID or another attribute not covered by the test failure message
    assertEquals("Comparing two equal memberships should return 0", 
        0, firstMembership.compareTo(secondMembership));

    // Set different voided status to test this comparison aspect
    firstMembership.setVoided(false);
    secondMembership.setVoided(true);

    // Assert that non-voided membership comes before a voided one
    assertTrue("Non-voided membership should come before a voided one", 
        firstMembership.compareTo(secondMembership) < 0);

    // Reset voided status to false for both to test end date comparison
    secondMembership.setVoided(false);
    secondMembership.setEndDate(sameDate); // Only second membership has an end date

    // With the same start date and only the second having an end date, the first should be considered active longer
    assertTrue("Membership without an end date should be considered active longer", 
        firstMembership.compareTo(secondMembership) > 0);
}
----------------------------------------------------------------
old generated diff test
--- 

+++ 

@@ -1,24 +1,38 @@

 @Test
-	public void compareTo_shouldFailIfStartOrEndDateDoNotMatch() throws Exception {
-		CohortMembership firstMembership = new CohortMembership(4);
-		CohortMembership secondMembership = new CohortMembership(4);
-		
-		Cohort cohort = new Cohort(1);
-		
-		firstMembership.setCohort(cohort);
-		secondMembership.setCohort(cohort);
-		
-		SimpleDateFormat dateFormat = new SimpleDateFormat("yyyy-MM-dd HH:mm:ss");
-		Date oneDate = dateFormat.parse("2017-01-01 00:00:00");
-		Date twoDate = dateFormat.parse("2017-01-31 00:00:00");
-		
-		firstMembership.setStartDate(oneDate);
-		secondMembership.setStartDate(twoDate);
-		
-		assertEquals(-1, firstMembership.compareTo(secondMembership));
-		
-		secondMembership.setStartDate(oneDate);
-		secondMembership.setEndDate(twoDate);
-		
-		assertEquals(-1, firstMembership.compareTo(secondMembership));
-	}
+public void compareTo_shouldCorrectlyCompareCohortMemberships() throws Exception {
+    CohortMembership firstMembership = new CohortMembership(4);
+    CohortMembership secondMembership = new CohortMembership(4);
+
+    Cohort cohort = new Cohort(1);
+
+    firstMembership.setCohort(cohort);
+    secondMembership.setCohort(cohort);
+
+    SimpleDateFormat dateFormat = new SimpleDateFormat("yyyy-MM-dd HH:mm:ss");
+    Date sameDate = dateFormat.parse("2017-01-01 00:00:00");
+
+    // Set both start dates to the same value to test other comparison conditions
+    firstMembership.setStartDate(sameDate);
+    secondMembership.setStartDate(sameDate);
+
+    // Both memberships have the same start date, no end dates, and are not voided
+    // Expecting a comparison based on patient ID or another attribute not covered by the test failure message
+    assertEquals("Comparing two equal memberships should return 0", 
+        0, firstMembership.compareTo(secondMembership));
+
+    // Set different voided status to test this comparison aspect
+    firstMembership.setVoided(false);
+    secondMembership.setVoided(true);
+
+    // Assert that non-voided membership comes before a voided one
+    assertTrue("Non-voided membership should come before a voided one", 
+        firstMembership.compareTo(secondMembership) < 0);
+
+    // Reset voided status to false for both to test end date comparison
+    secondMembership.setVoided(false);
+    secondMembership.setEndDate(sameDate); // Only second membership has an end date
+
+    // With the same start date and only the second having an end date, the first should be considered active longer
+    assertTrue("Membership without an end date should be considered active longer", 
+        firstMembership.compareTo(secondMembership) > 0);
+}

----------------------------------------------------------------
generated new diff test
--- 

+++ 

@@ -1,38 +1,21 @@

 @Test
-public void compareTo_shouldCorrectlyCompareCohortMemberships() throws Exception {
-    CohortMembership firstMembership = new CohortMembership(4);
-    CohortMembership secondMembership = new CohortMembership(4);
-
-    Cohort cohort = new Cohort(1);
-
-    firstMembership.setCohort(cohort);
-    secondMembership.setCohort(cohort);
-
-    SimpleDateFormat dateFormat = new SimpleDateFormat("yyyy-MM-dd HH:mm:ss");
-    Date sameDate = dateFormat.parse("2017-01-01 00:00:00");
-
-    // Set both start dates to the same value to test other comparison conditions
-    firstMembership.setStartDate(sameDate);
-    secondMembership.setStartDate(sameDate);
-
-    // Both memberships have the same start date, no end dates, and are not voided
-    // Expecting a comparison based on patient ID or another attribute not covered by the test failure message
-    assertEquals("Comparing two equal memberships should return 0", 
-        0, firstMembership.compareTo(secondMembership));
-
-    // Set different voided status to test this comparison aspect
-    firstMembership.setVoided(false);
-    secondMembership.setVoided(true);
-
-    // Assert that non-voided membership comes before a voided one
-    assertTrue("Non-voided membership should come before a voided one", 
-        firstMembership.compareTo(secondMembership) < 0);
-
-    // Reset voided status to false for both to test end date comparison
-    secondMembership.setVoided(false);
-    secondMembership.setEndDate(sameDate); // Only second membership has an end date
-
-    // With the same start date and only the second having an end date, the first should be considered active longer
-    assertTrue("Membership without an end date should be considered active longer", 
-        firstMembership.compareTo(secondMembership) > 0);
-}
+	public void compareTo_shouldFailIfStartOrEndDateDoNotMatch() throws Exception {
+		CohortMembership firstMembership = new CohortMembership(4);
+		CohortMembership secondMembership = new CohortMembership(4);
+		
+		Cohort cohort = new Cohort(1);
+		
+		firstMembership.setCohort(cohort);
+		secondMembership.setCohort(cohort);
+		
+		SimpleDateFormat dateFormat = new SimpleDateFormat("yyyy-MM-dd HH:mm:ss");
+		Date oneDate = dateFormat.parse("2017-01-01 00:00:00");
+		Date twoDate = dateFormat.parse("2017-01-31 00:00:00");
+		
+		firstMembership.setStartDate(oneDate);
+		secondMembership.setStartDate(oneDate);
+		secondMembership.setEndDate(twoDate);
+		
+		assertEquals(1, firstMembership.compareTo(secondMembership));
+		assertEquals(-1, secondMembership.compareTo(firstMembership));
+	}

----------------------------------------------------------------
state: 3
----------------------------------------------------------------
description: 测试通过，覆盖率：0.7777777777777778
--------------------------------------------------------------------------------------------------------------------------------
