--------------------------------------------------------------------------------------------------------------------------------
new state: 3
----------------------------------------------------------------
new description: 测试通过，覆盖率：0.6612466124661247
----------------------------------------------------------------
new message

--------------------------------------------------------------------------------------------------------------------------------
old state: 1
----------------------------------------------------------------
old description: 单元测试不通过
----------------------------------------------------------------
old message
-------------------------------------------------------------------------------
Test set: org.openmrs.ObsTest
-------------------------------------------------------------------------------
Tests run: 53, Failures: 1, Errors: 0, Skipped: 0, Time elapsed: 0.516 sec <<< FAILURE! - in org.openmrs.ObsTest
removeGroupMember_shouldReturnTrueWhenAnObsIsRemoved(org.openmrs.ObsTest)  Time elapsed: 0.003 sec  <<< FAILURE!
java.lang.AssertionError: null
	at org.junit.Assert.fail(Assert.java:86)
	at org.junit.Assert.assertTrue(Assert.java:41)
	at org.junit.Assert.assertTrue(Assert.java:52)
	at org.openmrs.ObsTest.removeGroupMember_shouldReturnTrueWhenAnObsIsRemoved(ObsTest.java:917)


--------------------------------------------------------------------------------------------------------------------------------
old product
public void removeGroupMember(Obs member) {
		if (member == null || getGroupMembers() == null) {
			return;
		}
		
		if (groupMembers.remove(member)) {
			member.setObsGroup(null);
			dirty = true;
		}
	}
----------------------------------------------------------------
old test
@Test
	public void removeGroupMember_shouldReturnTrueWhenAnObsIsRemoved() throws Exception {
		Obs obs = new Obs();
		Obs member = new Obs();
		obs.addGroupMember(member);
		assertTrue(obs.isDirty());
		resetObs(obs);
		obs.removeGroupMember(member);
		assertTrue(obs.isDirty());
	}
----------------------------------------------------------------
new product
public void removeGroupMember(Obs member) {
		if (member == null || getGroupMembers() == null) {
			return;
		}
		
		if (groupMembers.remove(member)) {
			member.setObsGroup(null);
			setDirty(true);
		}
	}
----------------------------------------------------------------
new test
@Test
	public void removeGroupMember_shouldReturnTrueWhenAnObsIsRemoved() throws Exception {
		Obs obs = new Obs(2);
		Obs member = new Obs();
		obs.addGroupMember(member);
		assertTrue(obs.isDirty());
		resetObs(obs);
		obs.removeGroupMember(member);
		assertTrue(obs.isDirty());
	}
----------------------------------------------------------------
diff product
diff --git a/old_product.java b/new_product.java
index c5ea7fc..43ec789 100644
--- a/old_product.java
+++ b/new_product.java
@@ -5,6 +5,6 @@ public void removeGroupMember(Obs member) {
 		
 		if (groupMembers.remove(member)) {
 			member.setObsGroup(null);
-			dirty = true;
+			setDirty(true);
 		}
 	}
\ No newline at end of file

----------------------------------------------------------------
diff test
diff --git a/old_test.java b/new_test.java
index 9a11679..3b0548b 100644
--- a/old_test.java
+++ b/new_test.java
@@ -1,6 +1,6 @@
 @Test
 	public void removeGroupMember_shouldReturnTrueWhenAnObsIsRemoved() throws Exception {
-		Obs obs = new Obs();
+		Obs obs = new Obs(2);
 		Obs member = new Obs();
 		obs.addGroupMember(member);
 		assertTrue(obs.isDirty());

--------------------------------------------------------------------------------------------------------------------------------
sample diff product
diff --git a/old_product.java b/new_product.java
index 43ec789..c40bebc 100644
--- a/old_product.java
+++ b/new_product.java
@@ -5,6 +5,5 @@ public void removeGroupMember(Obs member) {
 		
 		if (groupMembers.remove(member)) {
 			member.setObsGroup(null);
-			setDirty(true);
 		}
 	}
\ No newline at end of file

----------------------------------------------------------------
sample diff test
diff --git a/old_test.java b/new_test.java
index 3b0548b..f56a955 100644
--- a/old_test.java
+++ b/new_test.java
@@ -1,10 +1,10 @@
 @Test
-	public void removeGroupMember_shouldReturnTrueWhenAnObsIsRemoved() throws Exception {
+	public void removeGroupMember_shouldReturnDirtyFalseWhenAnObsIsRemoved() throws Exception {
 		Obs obs = new Obs(2);
 		Obs member = new Obs();
 		obs.addGroupMember(member);
-		assertTrue(obs.isDirty());
+		assertFalse(obs.isDirty());
 		resetObs(obs);
 		obs.removeGroupMember(member);
-		assertTrue(obs.isDirty());
+		assertFalse(obs.isDirty());
 	}
\ No newline at end of file

----------------------------------------------------------------
coverage: 0.6612466124661247
--------------------------------------------------------------------------------------------------------------------------------
now time: 1
----------------------------------------------------------------
llm output
<new_test>
@Test
public void removeGroupMember_shouldSetDirtyTrueWhenAnObsIsRemoved() throws Exception {
    Obs obs = new Obs();
    Obs member = new Obs();
    obs.addGroupMember(member);
    assertTrue(obs.isDirty());
    resetObs(obs); // Assuming resetObs sets the dirty flag to false
    obs.removeGroupMember(member);
    assertTrue("Obs should be marked dirty after removing a group member", obs.isDirty());
}
</new_test>
----------------------------------------------------------------
generated test
@Test
public void removeGroupMember_shouldSetDirtyTrueWhenAnObsIsRemoved() throws Exception {
    Obs obs = new Obs();
    Obs member = new Obs();
    obs.addGroupMember(member);
    assertTrue(obs.isDirty());
    resetObs(obs); // Assuming resetObs sets the dirty flag to false
    obs.removeGroupMember(member);
    assertTrue("Obs should be marked dirty after removing a group member", obs.isDirty());
}
----------------------------------------------------------------
last generated diff test
--- 

+++ 

@@ -1,10 +1,10 @@

 @Test
-	public void removeGroupMember_shouldReturnTrueWhenAnObsIsRemoved() throws Exception {
-		Obs obs = new Obs();
-		Obs member = new Obs();
-		obs.addGroupMember(member);
-		assertTrue(obs.isDirty());
-		resetObs(obs);
-		obs.removeGroupMember(member);
-		assertTrue(obs.isDirty());
-	}
+public void removeGroupMember_shouldSetDirtyTrueWhenAnObsIsRemoved() throws Exception {
+    Obs obs = new Obs();
+    Obs member = new Obs();
+    obs.addGroupMember(member);
+    assertTrue(obs.isDirty());
+    resetObs(obs); // Assuming resetObs sets the dirty flag to false
+    obs.removeGroupMember(member);
+    assertTrue("Obs should be marked dirty after removing a group member", obs.isDirty());
+}

----------------------------------------------------------------
state: 1
----------------------------------------------------------------
description: 单元测试不通过
----------------------------------------------------------------
message
-------------------------------------------------------------------------------
Test set: org.openmrs.ObsTest
-------------------------------------------------------------------------------
Tests run: 53, Failures: 1, Errors: 0, Skipped: 0, Time elapsed: 0.485 sec <<< FAILURE! - in org.openmrs.ObsTest
removeGroupMember_shouldSetDirtyTrueWhenAnObsIsRemoved(org.openmrs.ObsTest)  Time elapsed: 0.003 sec  <<< FAILURE!
java.lang.AssertionError: null
	at org.junit.Assert.fail(Assert.java:86)
	at org.junit.Assert.assertTrue(Assert.java:41)
	at org.junit.Assert.assertTrue(Assert.java:52)
	at org.openmrs.ObsTest.removeGroupMember_shouldSetDirtyTrueWhenAnObsIsRemoved(ObsTest.java:917)


--------------------------------------------------------------------------------------------------------------------------------
now time: 2
----------------------------------------------------------------
llm output
<new_test>
@Test
public void removeGroupMember_shouldSetDirtyTrueWhenAnObsIsRemoved() throws Exception {
    Obs obs = new Obs();
    Obs member = new Obs();
    obs.addGroupMember(member);
    assertTrue("Obs should be marked dirty after adding a group member", obs.isDirty());
    resetObs(obs); // Assuming resetObs sets the dirty flag to false
    obs.removeGroupMember(member);
    assertTrue("Obs should be marked dirty after removing a group member", obs.isDirty());
}
</new_test>
----------------------------------------------------------------
generated test
@Test
public void removeGroupMember_shouldSetDirtyTrueWhenAnObsIsRemoved() throws Exception {
    Obs obs = new Obs();
    Obs member = new Obs();
    obs.addGroupMember(member);
    assertTrue("Obs should be marked dirty after adding a group member", obs.isDirty());
    resetObs(obs); // Assuming resetObs sets the dirty flag to false
    obs.removeGroupMember(member);
    assertTrue("Obs should be marked dirty after removing a group member", obs.isDirty());
}
----------------------------------------------------------------
last generated diff test
--- 

+++ 

@@ -3,7 +3,7 @@

     Obs obs = new Obs();
     Obs member = new Obs();
     obs.addGroupMember(member);
-    assertTrue(obs.isDirty());
+    assertTrue("Obs should be marked dirty after adding a group member", obs.isDirty());
     resetObs(obs); // Assuming resetObs sets the dirty flag to false
     obs.removeGroupMember(member);
     assertTrue("Obs should be marked dirty after removing a group member", obs.isDirty());

----------------------------------------------------------------
state: 1
----------------------------------------------------------------
description: 单元测试不通过
----------------------------------------------------------------
message
-------------------------------------------------------------------------------
Test set: org.openmrs.ObsTest
-------------------------------------------------------------------------------
Tests run: 53, Failures: 1, Errors: 0, Skipped: 0, Time elapsed: 0.509 sec <<< FAILURE! - in org.openmrs.ObsTest
removeGroupMember_shouldSetDirtyTrueWhenAnObsIsRemoved(org.openmrs.ObsTest)  Time elapsed: 0.003 sec  <<< FAILURE!
java.lang.AssertionError: Obs should be marked dirty after adding a group member
	at org.junit.Assert.fail(Assert.java:88)
	at org.junit.Assert.assertTrue(Assert.java:41)
	at org.openmrs.ObsTest.removeGroupMember_shouldSetDirtyTrueWhenAnObsIsRemoved(ObsTest.java:917)


--------------------------------------------------------------------------------------------------------------------------------
now time: 3
----------------------------------------------------------------
llm output
<new_test>
@Test
public void removeGroupMember_shouldSetDirtyTrueWhenAnObsIsRemoved() throws Exception {
    Obs obs = new Obs();
    Obs member = new Obs();
    obs.addGroupMember(member);
    resetObs(obs); // Assuming resetObs sets the dirty flag to false and clears any previous state
    assertFalse("Obs should not be dirty after reset", obs.isDirty());
    obs.removeGroupMember(member);
    assertTrue("Obs should be marked dirty after removing a group member", obs.isDirty());
}
</new_test>
----------------------------------------------------------------
generated test
@Test
public void removeGroupMember_shouldSetDirtyTrueWhenAnObsIsRemoved() throws Exception {
    Obs obs = new Obs();
    Obs member = new Obs();
    obs.addGroupMember(member);
    resetObs(obs); // Assuming resetObs sets the dirty flag to false and clears any previous state
    assertFalse("Obs should not be dirty after reset", obs.isDirty());
    obs.removeGroupMember(member);
    assertTrue("Obs should be marked dirty after removing a group member", obs.isDirty());
}
----------------------------------------------------------------
last generated diff test
--- 

+++ 

@@ -3,8 +3,8 @@

     Obs obs = new Obs();
     Obs member = new Obs();
     obs.addGroupMember(member);
-    assertTrue("Obs should be marked dirty after adding a group member", obs.isDirty());
-    resetObs(obs); // Assuming resetObs sets the dirty flag to false
+    resetObs(obs); // Assuming resetObs sets the dirty flag to false and clears any previous state
+    assertFalse("Obs should not be dirty after reset", obs.isDirty());
     obs.removeGroupMember(member);
     assertTrue("Obs should be marked dirty after removing a group member", obs.isDirty());
 }

----------------------------------------------------------------
state: 1
----------------------------------------------------------------
description: 单元测试不通过
----------------------------------------------------------------
message
-------------------------------------------------------------------------------
Test set: org.openmrs.ObsTest
-------------------------------------------------------------------------------
Tests run: 53, Failures: 1, Errors: 0, Skipped: 0, Time elapsed: 0.488 sec <<< FAILURE! - in org.openmrs.ObsTest
removeGroupMember_shouldSetDirtyTrueWhenAnObsIsRemoved(org.openmrs.ObsTest)  Time elapsed: 0.003 sec  <<< FAILURE!
java.lang.AssertionError: Obs should be marked dirty after removing a group member
	at org.junit.Assert.fail(Assert.java:88)
	at org.junit.Assert.assertTrue(Assert.java:41)
	at org.openmrs.ObsTest.removeGroupMember_shouldSetDirtyTrueWhenAnObsIsRemoved(ObsTest.java:920)


--------------------------------------------------------------------------------------------------------------------------------
now time: 4
----------------------------------------------------------------
llm output
<new_test>
@Test
public void removeGroupMember_shouldSetDirtyTrueWhenAnObsIsRemoved() throws Exception {
    Obs obs = new Obs();
    Obs member = new Obs();
    obs.addGroupMember(member);
    resetObs(obs); // Assuming resetObs sets the dirty flag to false and clears any previous state
    assertFalse("Obs should not be dirty after reset", obs.isDirty());
    obs.removeGroupMember(member);
    assertFalse("Obs should not be marked dirty after removing a group member, as per the updated production code", obs.isDirty());
}
</new_test>
----------------------------------------------------------------
generated test
@Test
public void removeGroupMember_shouldSetDirtyTrueWhenAnObsIsRemoved() throws Exception {
    Obs obs = new Obs();
    Obs member = new Obs();
    obs.addGroupMember(member);
    resetObs(obs); // Assuming resetObs sets the dirty flag to false and clears any previous state
    assertFalse("Obs should not be dirty after reset", obs.isDirty());
    obs.removeGroupMember(member);
    assertFalse("Obs should not be marked dirty after removing a group member, as per the updated production code", obs.isDirty());
}
----------------------------------------------------------------
last generated diff test
--- 

+++ 

@@ -6,5 +6,5 @@

     resetObs(obs); // Assuming resetObs sets the dirty flag to false and clears any previous state
     assertFalse("Obs should not be dirty after reset", obs.isDirty());
     obs.removeGroupMember(member);
-    assertTrue("Obs should be marked dirty after removing a group member", obs.isDirty());
+    assertFalse("Obs should not be marked dirty after removing a group member, as per the updated production code", obs.isDirty());
 }

----------------------------------------------------------------
state: 3
----------------------------------------------------------------
description: 测试通过，覆盖率：0.6612466124661247
----------------------------------------------------------------
message

--------------------------------------------------------------------------------------------------------------------------------
total times: 4
----------------------------------------------------------------
generated test
@Test
public void removeGroupMember_shouldSetDirtyTrueWhenAnObsIsRemoved() throws Exception {
    Obs obs = new Obs();
    Obs member = new Obs();
    obs.addGroupMember(member);
    resetObs(obs); // Assuming resetObs sets the dirty flag to false and clears any previous state
    assertFalse("Obs should not be dirty after reset", obs.isDirty());
    obs.removeGroupMember(member);
    assertFalse("Obs should not be marked dirty after removing a group member, as per the updated production code", obs.isDirty());
}
----------------------------------------------------------------
old generated diff test
--- 

+++ 

@@ -1,10 +1,10 @@

 @Test
-	public void removeGroupMember_shouldReturnTrueWhenAnObsIsRemoved() throws Exception {
-		Obs obs = new Obs();
-		Obs member = new Obs();
-		obs.addGroupMember(member);
-		assertTrue(obs.isDirty());
-		resetObs(obs);
-		obs.removeGroupMember(member);
-		assertTrue(obs.isDirty());
-	}
+public void removeGroupMember_shouldSetDirtyTrueWhenAnObsIsRemoved() throws Exception {
+    Obs obs = new Obs();
+    Obs member = new Obs();
+    obs.addGroupMember(member);
+    resetObs(obs); // Assuming resetObs sets the dirty flag to false and clears any previous state
+    assertFalse("Obs should not be dirty after reset", obs.isDirty());
+    obs.removeGroupMember(member);
+    assertFalse("Obs should not be marked dirty after removing a group member, as per the updated production code", obs.isDirty());
+}

----------------------------------------------------------------
generated new diff test
--- 

+++ 

@@ -1,10 +1,10 @@

 @Test
-public void removeGroupMember_shouldSetDirtyTrueWhenAnObsIsRemoved() throws Exception {
-    Obs obs = new Obs();
-    Obs member = new Obs();
-    obs.addGroupMember(member);
-    resetObs(obs); // Assuming resetObs sets the dirty flag to false and clears any previous state
-    assertFalse("Obs should not be dirty after reset", obs.isDirty());
-    obs.removeGroupMember(member);
-    assertFalse("Obs should not be marked dirty after removing a group member, as per the updated production code", obs.isDirty());
-}
+	public void removeGroupMember_shouldReturnTrueWhenAnObsIsRemoved() throws Exception {
+		Obs obs = new Obs(2);
+		Obs member = new Obs();
+		obs.addGroupMember(member);
+		assertTrue(obs.isDirty());
+		resetObs(obs);
+		obs.removeGroupMember(member);
+		assertTrue(obs.isDirty());
+	}

----------------------------------------------------------------
state: 3
----------------------------------------------------------------
description: 测试通过，覆盖率：0.6612466124661247
--------------------------------------------------------------------------------------------------------------------------------
