--------------------------------------------------------------------------------------------------------------------------------
new state: 3
----------------------------------------------------------------
new description: 测试通过，覆盖率：0.3575757575757576
----------------------------------------------------------------
new message

--------------------------------------------------------------------------------------------------------------------------------
old state: 3
----------------------------------------------------------------
old description: 测试通过，覆盖率：0.3575757575757576
----------------------------------------------------------------
old message

--------------------------------------------------------------------------------------------------------------------------------
old product
public Concept saveConcept(Concept concept) throws APIException {
		ConceptMapType defaultConceptMapType = null;
		for (ConceptMap map : concept.getConceptMappings()) {
			if (map.getConceptMapType() == null) {
				if (defaultConceptMapType == null) {
					defaultConceptMapType = Context.getConceptService().getDefaultConceptMapType();
				}
				map.setConceptMapType(defaultConceptMapType);
			}
		}
		
		// make sure the administrator hasn't turned off concept editing
		checkIfLocked();
		checkIfDatatypeCanBeChanged(concept);
		
		List<ConceptName> changedConceptNames = null;
		Map<String, ConceptName> uuidClonedConceptNameMap = null;
		
		if (concept.getConceptId() != null) {
			uuidClonedConceptNameMap = new HashMap<String, ConceptName>();
			for (ConceptName conceptName : concept.getNames()) {
				// ignore newly added names
				if (conceptName.getConceptNameId() != null) {
					ConceptName clone = cloneConceptName(conceptName);
					clone.setConceptNameId(null);
					uuidClonedConceptNameMap.put(conceptName.getUuid(), clone);
					
					if (hasNameChanged(conceptName)) {
						if (changedConceptNames == null) {
							changedConceptNames = new ArrayList<ConceptName>();
						}
						changedConceptNames.add(conceptName);
					} else {
						// put back the concept name id
						clone.setConceptNameId(conceptName.getConceptNameId());
						// Use the cloned version
						try {
							BeanUtils.copyProperties(conceptName, clone);
						}
						catch (IllegalAccessException e) {
							log.error("Error generated", e);
						}
						catch (InvocationTargetException e) {
							log.error("Error generated", e);
						}
					}
				}
			}
		}
		
		if (CollectionUtils.isNotEmpty(changedConceptNames)) {
			for (ConceptName changedName : changedConceptNames) {
				// void old concept name
				ConceptName nameInDB = changedName;
				nameInDB.setVoided(true);
				nameInDB.setDateVoided(new Date());
				nameInDB.setVoidedBy(Context.getAuthenticatedUser());
				nameInDB.setVoidReason(Context.getMessageSourceService().getMessage("Concept.name.voidReason.nameChanged"));
				
				// Make the voided name a synonym, this would help to avoid
				// having multiple fully specified or preferred
				// names in a locale incase the name is unvoided
				if (!nameInDB.isSynonym()) {
					nameInDB.setConceptNameType(null);
				}
				if (nameInDB.isLocalePreferred()) {
					nameInDB.setLocalePreferred(false);
				}
				
				// create a new concept name from the matching cloned
				// conceptName
				ConceptName clone = uuidClonedConceptNameMap.get(nameInDB.getUuid());
				clone.setUuid(UUID.randomUUID().toString());
				clone.setDateCreated(null);
				clone.setCreator(null);
				concept.addName(clone);
			}
		}
		
		//Ensure if there's a name for a locale that at least one suitable name is marked preferred in that locale
		//Order of preference is:
		// 1) any name that concept.getPreferredName returns
		// 2) fully specified name
		// 3) any synonym
		// short name and index terms are never preferred.
		
		Set<Locale> checkedLocales = new HashSet<Locale>();
		for (ConceptName n : concept.getNames()) {
			Locale locale = n.getLocale();
			if (checkedLocales.contains(locale)) {
				continue; //we've already checked this locale
			}
			
			//getPreferredName(locale) returns any name marked preferred,
			//or the fullySpecifiedName even if not marked preferred
			ConceptName possiblePreferredName = concept.getPreferredName(locale);
			
			if (possiblePreferredName != null) {
				//do nothing yet, but stick around to setLocalePreferred(true)
			} else if (concept.getFullySpecifiedName(locale) != null) {
				possiblePreferredName = concept.getFullySpecifiedName(locale);
			} else if (!CollectionUtils.isEmpty(concept.getSynonyms(locale))) {
				concept.getSynonyms(locale).iterator().next().setLocalePreferred(true);
			}
			//index terms are never used as preferred name
			
			if (possiblePreferredName != null) { //there may have been none
				possiblePreferredName.setLocalePreferred(true);
			}
			checkedLocales.add(locale);
		}
		
		//See TRUNK-3337 for why we set changed by and date changed every time we save a concept.
		concept.setDateChanged(new Date());
		concept.setChangedBy(Context.getAuthenticatedUser());
		
		Concept conceptToReturn = dao.saveConcept(concept);
		
		return conceptToReturn;
	}
----------------------------------------------------------------
old test
@Test
	public void saveConcept_shouldLeavePreferredNamePreferredIfSet() throws Exception {
		Locale loc = new Locale("fr", "CA");
		ConceptName fullySpecifiedName = new ConceptName("fully specified", loc);
		fullySpecifiedName.setConceptNameType(ConceptNameType.FULLY_SPECIFIED); //be explicit for test case
		ConceptName shortName = new ConceptName("short name", loc);
		shortName.setConceptNameType(ConceptNameType.SHORT); //be explicit for test case
		ConceptName synonym = new ConceptName("synonym", loc);
		synonym.setConceptNameType(null); //synonyms are id'd by a null type
		ConceptName indexTerm = new ConceptName("indexTerm", loc);
		indexTerm.setConceptNameType(ConceptNameType.INDEX_TERM); //synonyms are id'd by a null type
		
		//saveConcept never picks an index term for default, so we'll use it for the test
		indexTerm.setLocalePreferred(true);
		
		Concept c = new Concept();
		c.addName(fullySpecifiedName);
		c.addName(synonym);
		c.addName(indexTerm);
		c.addName(shortName);
		
		//ignore it so we can test the set default preferred name  functionality
		try {
			Context.getConceptService().saveConcept(c);
		}
		catch (org.openmrs.api.APIException e) {
			//ignore it
		}
		assertNotNull("there's a preferred name", c.getPreferredName(loc));
		assertTrue("name was explicitly marked preferred", c.getPreferredName(loc).isPreferred());
		assertEquals("name matches", c.getPreferredName(loc).getName(), indexTerm.getName());
	}
----------------------------------------------------------------
new product
public Concept saveConcept(Concept concept) throws APIException {
		ConceptMapType defaultConceptMapType = null;
		for (ConceptMap map : concept.getConceptMappings()) {
			if (map.getConceptMapType() == null) {
				if (defaultConceptMapType == null) {
					defaultConceptMapType = Context.getConceptService().getDefaultConceptMapType();
				}
				map.setConceptMapType(defaultConceptMapType);
			}
		}
		
		// make sure the administrator hasn't turned off concept editing
		checkIfLocked();
		checkIfDatatypeCanBeChanged(concept);
		
		List<ConceptName> changedConceptNames = null;
		Map<String, ConceptName> uuidClonedConceptNameMap = null;
		
		if (concept.getConceptId() != null) {
			uuidClonedConceptNameMap = new HashMap<String, ConceptName>();
			for (ConceptName conceptName : concept.getNames()) {
				// ignore newly added names
				if (conceptName.getConceptNameId() != null) {
					ConceptName clone = cloneConceptName(conceptName);
					clone.setConceptNameId(null);
					uuidClonedConceptNameMap.put(conceptName.getUuid(), clone);
					
					if (hasNameChanged(conceptName)) {
						if (changedConceptNames == null) {
							changedConceptNames = new ArrayList<ConceptName>();
						}
						changedConceptNames.add(conceptName);
					} else {
						// put back the concept name id
						clone.setConceptNameId(conceptName.getConceptNameId());
						// Use the cloned version
						try {
							BeanUtils.copyProperties(conceptName, clone);
						}
						catch (IllegalAccessException e) {
							log.error("Error generated", e);
						}
						catch (InvocationTargetException e) {
							log.error("Error generated", e);
						}
					}
				}
			}
		}
		
		if (CollectionUtils.isNotEmpty(changedConceptNames)) {
			for (ConceptName changedName : changedConceptNames) {
				// void old concept name
				ConceptName nameInDB = changedName;
				nameInDB.setVoided(true);
				nameInDB.setDateVoided(new Date());
				nameInDB.setVoidedBy(Context.getAuthenticatedUser());
				nameInDB.setVoidReason(Context.getMessageSourceService().getMessage("Concept.name.voidReason.nameChanged"));
				
				// Make the voided name a synonym, this would help to avoid
				// having multiple fully specified or preferred
				// names in a locale incase the name is unvoided
				if (!nameInDB.isSynonym()) {
					nameInDB.setConceptNameType(null);
				}
				if (nameInDB.isLocalePreferred()) {
					nameInDB.setLocalePreferred(false);
				}
				
				// create a new concept name from the matching cloned
				// conceptName
				ConceptName clone = uuidClonedConceptNameMap.get(nameInDB.getUuid());
				clone.setUuid(UUID.randomUUID().toString());
				clone.setDateCreated(null);
				clone.setCreator(null);
				concept.addName(clone);
			}
		}
		
		//Ensure if there's a name for a locale that at least one suitable name is marked preferred in that locale
		//Order of preference is:
		// 1) any name that concept.getPreferredName returns
		// 2) fully specified name
		// 3) any synonym
		// short name and index terms are never preferred.
		
		Set<Locale> checkedLocales = new HashSet<Locale>();
		for (ConceptName n : concept.getNames()) {
			Locale locale = n.getLocale();
			if (checkedLocales.contains(locale)) {
				continue; //we've already checked this locale
			}
			
			//getPreferredName(locale) returns any name marked preferred,
			//or the fullySpecifiedName even if not marked preferred
			ConceptName possiblePreferredName = concept.getPreferredName(locale);
			
			if (possiblePreferredName != null) {
				//do nothing yet, but stick around to setLocalePreferred(true)
			} else if (concept.getFullySpecifiedName(locale) != null) {
				possiblePreferredName = concept.getFullySpecifiedName(locale);
			} else if (!CollectionUtils.isEmpty(concept.getSynonyms(locale))) {
				concept.getSynonyms(locale).iterator().next().setLocalePreferred(true);
			}
			//index terms are never used as preferred name
			
			if (possiblePreferredName != null) { //there may have been none
				possiblePreferredName.setLocalePreferred(true);
			}
			checkedLocales.add(locale);
		}
		
		//See TRUNK-3337 for why we set changed by and date changed every time we save a concept.
		concept.setDateChanged(new Date());
		concept.setChangedBy(Context.getAuthenticatedUser());
		
		// force isSet when concept has members
		if (!concept.isSet() && (concept.getSetMembers().size() > 0)) {
                    concept.setSet(true);
		}

		Concept conceptToReturn = dao.saveConcept(concept);
		
		return conceptToReturn;
	}
----------------------------------------------------------------
new test
@Test
	public void saveConcept_shouldLeavePreferredNamePreferredIfSet() {
		Locale loc = new Locale("fr", "CA");
		ConceptName fullySpecifiedName = new ConceptName("fully specified", loc);
		fullySpecifiedName.setConceptNameType(ConceptNameType.FULLY_SPECIFIED); //be explicit for test case
		ConceptName shortName = new ConceptName("short name", loc);
		shortName.setConceptNameType(ConceptNameType.SHORT); //be explicit for test case
		ConceptName synonym = new ConceptName("synonym", loc);
		synonym.setConceptNameType(null); //synonyms are id'd by a null type
		ConceptName indexTerm = new ConceptName("indexTerm", loc);
		indexTerm.setConceptNameType(ConceptNameType.INDEX_TERM); //synonyms are id'd by a null type
		
		//saveConcept never picks an index term for default, so we'll use it for the test
		indexTerm.setLocalePreferred(true);
		
		Concept c = new Concept();
		c.addName(fullySpecifiedName);
		c.addName(synonym);
		c.addName(indexTerm);
		c.addName(shortName);
		
		//ignore it so we can test the set default preferred name  functionality
		try {
			Context.getConceptService().saveConcept(c);
		}
		catch (org.openmrs.api.APIException e) {
			//ignore it
		}
		assertNotNull("there's a preferred name", c.getPreferredName(loc));
		assertTrue("name was explicitly marked preferred", c.getPreferredName(loc).isPreferred());
		assertEquals("name matches", c.getPreferredName(loc).getName(), indexTerm.getName());
	}
----------------------------------------------------------------
diff product
diff --git a/old_product.java b/new_product.java
index 5d0e560..2b25348 100644
--- a/old_product.java
+++ b/new_product.java
@@ -114,6 +114,11 @@ public Concept saveConcept(Concept concept) throws APIException {
 		concept.setDateChanged(new Date());
 		concept.setChangedBy(Context.getAuthenticatedUser());
 		
+		// force isSet when concept has members
+		if (!concept.isSet() && (concept.getSetMembers().size() > 0)) {
+                    concept.setSet(true);
+		}
+
 		Concept conceptToReturn = dao.saveConcept(concept);
 		
 		return conceptToReturn;

----------------------------------------------------------------
diff test
diff --git a/old_test.java b/new_test.java
index 6b0f421..4d644c1 100644
--- a/old_test.java
+++ b/new_test.java
@@ -1,5 +1,5 @@
 @Test
-	public void saveConcept_shouldLeavePreferredNamePreferredIfSet() throws Exception {
+	public void saveConcept_shouldLeavePreferredNamePreferredIfSet() {
 		Locale loc = new Locale("fr", "CA");
 		ConceptName fullySpecifiedName = new ConceptName("fully specified", loc);
 		fullySpecifiedName.setConceptNameType(ConceptNameType.FULLY_SPECIFIED); //be explicit for test case

--------------------------------------------------------------------------------------------------------------------------------
sample diff product
diff --git a/old_product.java b/new_product.java
index 7de06ea..3ab52d3 100644
--- a/old_product.java
+++ b/new_product.java
@@ -114,6 +114,11 @@ public Concept saveConcept(Concept concept) throws APIException {
 		concept.setDateChanged(new Date());
 		concept.setChangedBy(Context.getAuthenticatedUser());
 		
+		// force isSet when concept has members
+		if (!concept.isSet() && (concept.getSetMembers().size() > 0)) {
+                    concept.setSet(true);
+		}
+
 		Concept conceptToReturn = dao.saveConcept(concept);
 		
 		// add/remove entries in the concept_word table (used for searching)

----------------------------------------------------------------
sample diff test
diff --git a/old_test.java b/new_test.java
index 6b0f421..4d644c1 100644
--- a/old_test.java
+++ b/new_test.java
@@ -1,5 +1,5 @@
 @Test
-	public void saveConcept_shouldLeavePreferredNamePreferredIfSet() throws Exception {
+	public void saveConcept_shouldLeavePreferredNamePreferredIfSet() {
 		Locale loc = new Locale("fr", "CA");
 		ConceptName fullySpecifiedName = new ConceptName("fully specified", loc);
 		fullySpecifiedName.setConceptNameType(ConceptNameType.FULLY_SPECIFIED); //be explicit for test case

----------------------------------------------------------------
coverage: 0.3575757575757576
--------------------------------------------------------------------------------------------------------------------------------
now time: 1
----------------------------------------------------------------
llm output
<new_test>
@Test
	public void saveConcept_shouldSetConceptAsSetIfItHasSetMembers() throws Exception {
		Concept setConcept = new Concept();
		Concept memberConcept = new Concept();
		
		setConcept.addSetMember(memberConcept);
		
		assertFalse("Initially, concept should not be marked as a set", setConcept.isSet());
		
		// Save the concept which has a set member
		Context.getConceptService().saveConcept(setConcept);
		
		assertTrue("After saving, concept should be marked as a set because it has set members", setConcept.isSet());
	}
</new_test>
----------------------------------------------------------------
generated test
@Test
	public void saveConcept_shouldSetConceptAsSetIfItHasSetMembers() throws Exception {
		Concept setConcept = new Concept();
		Concept memberConcept = new Concept();
		
		setConcept.addSetMember(memberConcept);
		
		assertFalse("Initially, concept should not be marked as a set", setConcept.isSet());
		
		// Save the concept which has a set member
		Context.getConceptService().saveConcept(setConcept);
		
		assertTrue("After saving, concept should be marked as a set because it has set members", setConcept.isSet());
	}
----------------------------------------------------------------
last generated diff test
--- 

+++ 

@@ -1,32 +1,14 @@

 @Test
-	public void saveConcept_shouldLeavePreferredNamePreferredIfSet() throws Exception {
-		Locale loc = new Locale("fr", "CA");
-		ConceptName fullySpecifiedName = new ConceptName("fully specified", loc);
-		fullySpecifiedName.setConceptNameType(ConceptNameType.FULLY_SPECIFIED); //be explicit for test case
-		ConceptName shortName = new ConceptName("short name", loc);
-		shortName.setConceptNameType(ConceptNameType.SHORT); //be explicit for test case
-		ConceptName synonym = new ConceptName("synonym", loc);
-		synonym.setConceptNameType(null); //synonyms are id'd by a null type
-		ConceptName indexTerm = new ConceptName("indexTerm", loc);
-		indexTerm.setConceptNameType(ConceptNameType.INDEX_TERM); //synonyms are id'd by a null type
+	public void saveConcept_shouldSetConceptAsSetIfItHasSetMembers() throws Exception {
+		Concept setConcept = new Concept();
+		Concept memberConcept = new Concept();
 		
-		//saveConcept never picks an index term for default, so we'll use it for the test
-		indexTerm.setLocalePreferred(true);
+		setConcept.addSetMember(memberConcept);
 		
-		Concept c = new Concept();
-		c.addName(fullySpecifiedName);
-		c.addName(synonym);
-		c.addName(indexTerm);
-		c.addName(shortName);
+		assertFalse("Initially, concept should not be marked as a set", setConcept.isSet());
 		
-		//ignore it so we can test the set default preferred name  functionality
-		try {
-			Context.getConceptService().saveConcept(c);
-		}
-		catch (org.openmrs.api.APIException e) {
-			//ignore it
-		}
-		assertNotNull("there's a preferred name", c.getPreferredName(loc));
-		assertTrue("name was explicitly marked preferred", c.getPreferredName(loc).isPreferred());
-		assertEquals("name matches", c.getPreferredName(loc).getName(), indexTerm.getName());
+		// Save the concept which has a set member
+		Context.getConceptService().saveConcept(setConcept);
+		
+		assertTrue("After saving, concept should be marked as a set because it has set members", setConcept.isSet());
 	}

----------------------------------------------------------------
state: 1
----------------------------------------------------------------
description: 单元测试不通过
----------------------------------------------------------------
message
-------------------------------------------------------------------------------
Test set: org.openmrs.api.impl.ConceptServiceImplTest
-------------------------------------------------------------------------------
Tests run: 55, Failures: 0, Errors: 1, Skipped: 0, Time elapsed: 7.381 sec <<< FAILURE! - in org.openmrs.api.impl.ConceptServiceImplTest
saveConcept_shouldSetConceptAsSetIfItHasSetMembers(org.openmrs.api.impl.ConceptServiceImplTest)  Time elapsed: 0.016 sec  <<< ERROR!
org.openmrs.api.ValidationException: 'Concept #null' failed to validate with reason: At least one non-empty name is required
	at org.openmrs.validator.ValidateUtil.validate(ValidateUtil.java:79)
	at org.openmrs.aop.RequiredDataAdvice.before(RequiredDataAdvice.java:125)
	at org.springframework.aop.framework.adapter.MethodBeforeAdviceInterceptor.invoke(MethodBeforeAdviceInterceptor.java:51)
	at org.springframework.aop.framework.ReflectiveMethodInvocation.proceed(ReflectiveMethodInvocation.java:179)
	at org.springframework.aop.framework.adapter.MethodBeforeAdviceInterceptor.invoke(MethodBeforeAdviceInterceptor.java:52)
	at org.springframework.aop.framework.ReflectiveMethodInvocation.proceed(ReflectiveMethodInvocation.java:179)
	at org.springframework.aop.framework.JdkDynamicAopProxy.invoke(JdkDynamicAopProxy.java:207)
	at com.sun.proxy.$Proxy68.saveConcept(Unknown Source)
	at org.openmrs.api.impl.ConceptServiceImplTest.saveConcept_shouldSetConceptAsSetIfItHasSetMembers(ConceptServiceImplTest.java:118)


--------------------------------------------------------------------------------------------------------------------------------
now time: 2
----------------------------------------------------------------
llm output
<new_test>
@Test
	public void saveConcept_shouldSetConceptAsSetIfItHasSetMembers() throws Exception {
		Locale locale = new Locale("en", "US");
		ConceptName conceptName = new ConceptName("Test Concept", locale);
		
		Concept setConcept = new Concept();
		setConcept.addName(conceptName);
		
		Concept memberConcept = new Concept();
		ConceptName memberConceptName = new ConceptName("Member Concept", locale);
		memberConcept.addName(memberConceptName);
		
		setConcept.addSetMember(memberConcept);
		
		assertFalse("Initially, concept should not be marked as a set", setConcept.isSet());
		
		// Save the concept which has a set member
		Context.getConceptService().saveConcept(setConcept);
		
		assertTrue("After saving, concept should be marked as a set because it has set members", setConcept.isSet());
	}
</new_test>
----------------------------------------------------------------
generated test
@Test
	public void saveConcept_shouldSetConceptAsSetIfItHasSetMembers() throws Exception {
		Locale locale = new Locale("en", "US");
		ConceptName conceptName = new ConceptName("Test Concept", locale);
		
		Concept setConcept = new Concept();
		setConcept.addName(conceptName);
		
		Concept memberConcept = new Concept();
		ConceptName memberConceptName = new ConceptName("Member Concept", locale);
		memberConcept.addName(memberConceptName);
		
		setConcept.addSetMember(memberConcept);
		
		assertFalse("Initially, concept should not be marked as a set", setConcept.isSet());
		
		// Save the concept which has a set member
		Context.getConceptService().saveConcept(setConcept);
		
		assertTrue("After saving, concept should be marked as a set because it has set members", setConcept.isSet());
	}
----------------------------------------------------------------
last generated diff test
--- 

+++ 

@@ -1,7 +1,14 @@

 @Test
 	public void saveConcept_shouldSetConceptAsSetIfItHasSetMembers() throws Exception {
+		Locale locale = new Locale("en", "US");
+		ConceptName conceptName = new ConceptName("Test Concept", locale);
+		
 		Concept setConcept = new Concept();
+		setConcept.addName(conceptName);
+		
 		Concept memberConcept = new Concept();
+		ConceptName memberConceptName = new ConceptName("Member Concept", locale);
+		memberConcept.addName(memberConceptName);
 		
 		setConcept.addSetMember(memberConcept);
 		

----------------------------------------------------------------
state: 1
----------------------------------------------------------------
description: 单元测试不通过
----------------------------------------------------------------
message
-------------------------------------------------------------------------------
Test set: org.openmrs.api.impl.ConceptServiceImplTest
-------------------------------------------------------------------------------
Tests run: 55, Failures: 0, Errors: 1, Skipped: 0, Time elapsed: 7.714 sec <<< FAILURE! - in org.openmrs.api.impl.ConceptServiceImplTest
saveConcept_shouldSetConceptAsSetIfItHasSetMembers(org.openmrs.api.impl.ConceptServiceImplTest)  Time elapsed: 0.017 sec  <<< ERROR!
org.openmrs.api.ValidationException: 'Concept #null' failed to validate with reason: datatype: Concept datatype cannot be empty, conceptClass: Concept class cannot be empty
	at org.openmrs.validator.ValidateUtil.validate(ValidateUtil.java:79)
	at org.openmrs.aop.RequiredDataAdvice.before(RequiredDataAdvice.java:125)
	at org.springframework.aop.framework.adapter.MethodBeforeAdviceInterceptor.invoke(MethodBeforeAdviceInterceptor.java:51)
	at org.springframework.aop.framework.ReflectiveMethodInvocation.proceed(ReflectiveMethodInvocation.java:179)
	at org.springframework.aop.framework.adapter.MethodBeforeAdviceInterceptor.invoke(MethodBeforeAdviceInterceptor.java:52)
	at org.springframework.aop.framework.ReflectiveMethodInvocation.proceed(ReflectiveMethodInvocation.java:179)
	at org.springframework.aop.framework.JdkDynamicAopProxy.invoke(JdkDynamicAopProxy.java:207)
	at com.sun.proxy.$Proxy68.saveConcept(Unknown Source)
	at org.openmrs.api.impl.ConceptServiceImplTest.saveConcept_shouldSetConceptAsSetIfItHasSetMembers(ConceptServiceImplTest.java:125)


--------------------------------------------------------------------------------------------------------------------------------
now time: 3
----------------------------------------------------------------
llm output
<new_test>
@Test
public void saveConcept_shouldSetConceptAsSetIfItHasSetMembers() throws Exception {
    Locale locale = new Locale("en", "US");
    ConceptName conceptName = new ConceptName("Test Concept", locale);

    Concept setConcept = new Concept();
    setConcept.addName(conceptName);
    setConcept.setDatatype(new ConceptDatatype());
    setConcept.setConceptClass(new ConceptClass());

    Concept memberConcept = new Concept();
    ConceptName memberConceptName = new ConceptName("Member Concept", locale);
    memberConcept.addName(memberConceptName);
    memberConcept.setDatatype(new ConceptDatatype());
    memberConcept.setConceptClass(new ConceptClass());

    setConcept.addSetMember(memberConcept);

    assertFalse("Initially, concept should not be marked as a set", setConcept.isSet());

    // Save the concept which has a set member
    Context.getConceptService().saveConcept(setConcept);

    assertTrue("After saving, concept should be marked as a set because it has set members", setConcept.isSet());
}
</new_test>
----------------------------------------------------------------
generated test
@Test
public void saveConcept_shouldSetConceptAsSetIfItHasSetMembers() throws Exception {
    Locale locale = new Locale("en", "US");
    ConceptName conceptName = new ConceptName("Test Concept", locale);

    Concept setConcept = new Concept();
    setConcept.addName(conceptName);
    setConcept.setDatatype(new ConceptDatatype());
    setConcept.setConceptClass(new ConceptClass());

    Concept memberConcept = new Concept();
    ConceptName memberConceptName = new ConceptName("Member Concept", locale);
    memberConcept.addName(memberConceptName);
    memberConcept.setDatatype(new ConceptDatatype());
    memberConcept.setConceptClass(new ConceptClass());

    setConcept.addSetMember(memberConcept);

    assertFalse("Initially, concept should not be marked as a set", setConcept.isSet());

    // Save the concept which has a set member
    Context.getConceptService().saveConcept(setConcept);

    assertTrue("After saving, concept should be marked as a set because it has set members", setConcept.isSet());
}
----------------------------------------------------------------
last generated diff test
--- 

+++ 

@@ -1,21 +1,25 @@

 @Test
-	public void saveConcept_shouldSetConceptAsSetIfItHasSetMembers() throws Exception {
-		Locale locale = new Locale("en", "US");
-		ConceptName conceptName = new ConceptName("Test Concept", locale);
-		
-		Concept setConcept = new Concept();
-		setConcept.addName(conceptName);
-		
-		Concept memberConcept = new Concept();
-		ConceptName memberConceptName = new ConceptName("Member Concept", locale);
-		memberConcept.addName(memberConceptName);
-		
-		setConcept.addSetMember(memberConcept);
-		
-		assertFalse("Initially, concept should not be marked as a set", setConcept.isSet());
-		
-		// Save the concept which has a set member
-		Context.getConceptService().saveConcept(setConcept);
-		
-		assertTrue("After saving, concept should be marked as a set because it has set members", setConcept.isSet());
-	}
+public void saveConcept_shouldSetConceptAsSetIfItHasSetMembers() throws Exception {
+    Locale locale = new Locale("en", "US");
+    ConceptName conceptName = new ConceptName("Test Concept", locale);
+
+    Concept setConcept = new Concept();
+    setConcept.addName(conceptName);
+    setConcept.setDatatype(new ConceptDatatype());
+    setConcept.setConceptClass(new ConceptClass());
+
+    Concept memberConcept = new Concept();
+    ConceptName memberConceptName = new ConceptName("Member Concept", locale);
+    memberConcept.addName(memberConceptName);
+    memberConcept.setDatatype(new ConceptDatatype());
+    memberConcept.setConceptClass(new ConceptClass());
+
+    setConcept.addSetMember(memberConcept);
+
+    assertFalse("Initially, concept should not be marked as a set", setConcept.isSet());
+
+    // Save the concept which has a set member
+    Context.getConceptService().saveConcept(setConcept);
+
+    assertTrue("After saving, concept should be marked as a set because it has set members", setConcept.isSet());
+}

----------------------------------------------------------------
state: 1
----------------------------------------------------------------
description: 单元测试不通过
----------------------------------------------------------------
message
-------------------------------------------------------------------------------
Test set: org.openmrs.api.impl.ConceptServiceImplTest
-------------------------------------------------------------------------------
Tests run: 55, Failures: 0, Errors: 1, Skipped: 0, Time elapsed: 7.364 sec <<< FAILURE! - in org.openmrs.api.impl.ConceptServiceImplTest
saveConcept_shouldSetConceptAsSetIfItHasSetMembers(org.openmrs.api.impl.ConceptServiceImplTest)  Time elapsed: 0.015 sec  <<< ERROR!
org.hibernate.TransientPropertyValueException: Not-null property references a transient value - transient instance must be saved before current operation : org.openmrs.ConceptSet.concept -> org.openmrs.Concept
	at org.hibernate.action.internal.UnresolvedEntityInsertActions.checkNoUnresolvedActionsAfterOperation(UnresolvedEntityInsertActions.java:137)
	at org.hibernate.engine.spi.ActionQueue.checkNoUnresolvedActionsAfterOperation(ActionQueue.java:320)
	at org.hibernate.internal.SessionImpl.checkNoUnresolvedActionsAfterOperation(SessionImpl.java:658)
	at org.hibernate.internal.SessionImpl.fireSaveOrUpdate(SessionImpl.java:686)
	at org.hibernate.internal.SessionImpl.saveOrUpdate(SessionImpl.java:676)
	at org.hibernate.internal.SessionImpl.saveOrUpdate(SessionImpl.java:671)
	at org.openmrs.api.db.hibernate.HibernateConceptDAO.saveConcept(HibernateConceptDAO.java:133)
	at org.openmrs.api.impl.ConceptServiceImpl.saveConcept(ConceptServiceImpl.java:235)
	at sun.reflect.GeneratedMethodAccessor251.invoke(Unknown Source)
	at sun.reflect.DelegatingMethodAccessorImpl.invoke(DelegatingMethodAccessorImpl.java:43)
	at java.lang.reflect.Method.invoke(Method.java:498)
	at org.springframework.aop.support.AopUtils.invokeJoinpointUsingReflection(AopUtils.java:317)
	at org.springframework.aop.framework.ReflectiveMethodInvocation.invokeJoinpoint(ReflectiveMethodInvocation.java:190)
	at org.springframework.aop.framework.ReflectiveMethodInvocation.proceed(ReflectiveMethodInvocation.java:157)
	at org.springframework.transaction.interceptor.TransactionInterceptor$1.proceedWithInvocation(TransactionInterceptor.java:99)
	at org.springframework.transaction.interceptor.TransactionAspectSupport.invokeWithinTransaction(TransactionAspectSupport.java:281)
	at org.springframework.transaction.interceptor.TransactionInterceptor.invoke(TransactionInterceptor.java:96)
	at org.springframework.aop.framework.ReflectiveMethodInvocation.proceed(ReflectiveMethodInvocation.java:179)
	at org.springframework.aop.framework.JdkDynamicAopProxy.invoke(JdkDynamicAopProxy.java:207)
	at com.sun.proxy.$Proxy67.saveConcept(Unknown Source)
	at sun.reflect.GeneratedMethodAccessor251.invoke(Unknown Source)
	at sun.reflect.DelegatingMethodAccessorImpl.invoke(DelegatingMethodAccessorImpl.java:43)
	at java.lang.reflect.Method.invoke(Method.java:498)
	at org.springframework.aop.support.AopUtils.invokeJoinpointUsingReflection(AopUtils.java:317)
	at org.springframework.aop.framework.ReflectiveMethodInvocation.invokeJoinpoint(ReflectiveMethodInvocation.java:190)
	at org.springframework.aop.framework.ReflectiveMethodInvocation.proceed(ReflectiveMethodInvocation.java:157)
	at org.springframework.cache.interceptor.CacheInterceptor$1.invoke(CacheInterceptor.java:52)
	at org.springframework.cache.interceptor.CacheAspectSupport.execute(CacheAspectSupport.java:303)
	at org.springframework.cache.interceptor.CacheInterceptor.invoke(CacheInterceptor.java:61)
	at org.springframework.aop.framework.ReflectiveMethodInvocation.proceed(ReflectiveMethodInvocation.java:179)
	at org.openmrs.aop.LoggingAdvice.invoke(LoggingAdvice.java:122)
	at org.springframework.aop.framework.ReflectiveMethodInvocation.proceed(ReflectiveMethodInvocation.java:179)
	at org.springframework.aop.framework.adapter.MethodBeforeAdviceInterceptor.invoke(MethodBeforeAdviceInterceptor.java:52)
	at org.springframework.aop.framework.ReflectiveMethodInvocation.proceed(ReflectiveMethodInvocation.java:179)
	at org.springframework.aop.framework.adapter.MethodBeforeAdviceInterceptor.invoke(MethodBeforeAdviceInterceptor.java:52)
	at org.springframework.aop.framework.ReflectiveMethodInvocation.proceed(ReflectiveMethodInvocation.java:179)
	at org.springframework.aop.framework.JdkDynamicAopProxy.invoke(JdkDynamicAopProxy.java:207)
	at com.sun.proxy.$Proxy68.saveConcept(Unknown Source)
	at org.openmrs.api.impl.ConceptServiceImplTest.saveConcept_shouldSetConceptAsSetIfItHasSetMembers(ConceptServiceImplTest.java:129)


--------------------------------------------------------------------------------------------------------------------------------
now time: 4
----------------------------------------------------------------
llm output
Given the constraints and the error message provided, it seems there was an issue with saving transient instances before the operation. This typically occurs when an entity that is part of a relationship is not yet persisted in the database before being referenced. To address this, we need to ensure that all entities involved in the relationship are properly saved. However, without direct access to persist or save methods within the test (as this would depend on the specific API or service layer implementation being used), I'll provide a conceptual solution that assumes such methods are available.

<new_test>
```java
@Test
public void saveConcept_shouldSetConceptAsSetIfItHasSetMembers() throws Exception {
    Locale locale = new Locale("en", "US");
    ConceptName conceptName = new ConceptName("Test Concept", locale);
    ConceptName memberConceptName = new ConceptName("Member Concept", locale);

    // Assuming there's a method to create or fetch a persisted ConceptDatatype
    ConceptDatatype datatype = new ConceptDatatype();
    // Assuming there's a method to create or fetch a persisted ConceptClass
    ConceptClass conceptClass = new ConceptClass();

    Concept setConcept = new Concept();
    setConcept.addName(conceptName);
    setConcept.setDatatype(datatype); // Assuming this is a valid, persisted datatype
    setConcept.setConceptClass(conceptClass); // Assuming this is a valid, persisted concept class

    Concept memberConcept = new Concept();
    memberConcept.addName(memberConceptName);
    memberConcept.setDatatype(datatype); // Reuse the same datatype for simplicity
    memberConcept.setConceptClass(conceptClass); // Reuse the same concept class for simplicity

    // Assuming there's a method to save and flush to ensure the memberConcept is persisted before being added
    saveAndFlush(memberConcept); // This method should save the memberConcept and ensure it's persisted

    setConcept.addSetMember(memberConcept);

    assertFalse("Initially, concept should not be marked as a set", setConcept.isSet());

    // Save the concept which has a set member, ensuring it's also flushed and persisted
    saveAndFlush(setConcept); // This method should save the setConcept and ensure it's persisted

    assertTrue("After saving, concept should be marked as a set because it has set members", setConcept.isSet());
}
```
</new_test>

This solution assumes the existence of a `saveAndFlush` method or similar, which saves the entity to the database and flushes the session, ensuring that all changes are immediately persisted. This method would need to be implemented within the service layer being tested or mocked appropriately if using a testing framework that supports mocking (e.g., Mockito). The key here is to ensure that both the `memberConcept` and the `setConcept` are persisted before asserting the conditions, thus avoiding the `TransientPropertyValueException`.
----------------------------------------------------------------
generated test
@Test
public void saveConcept_shouldSetConceptAsSetIfItHasSetMembers() throws Exception {
    Locale locale = new Locale("en", "US");
    ConceptName conceptName = new ConceptName("Test Concept", locale);
    ConceptName memberConceptName = new ConceptName("Member Concept", locale);

    // Assuming there's a method to create or fetch a persisted ConceptDatatype
    ConceptDatatype datatype = new ConceptDatatype();
    // Assuming there's a method to create or fetch a persisted ConceptClass
    ConceptClass conceptClass = new ConceptClass();

    Concept setConcept = new Concept();
    setConcept.addName(conceptName);
    setConcept.setDatatype(datatype); // Assuming this is a valid, persisted datatype
    setConcept.setConceptClass(conceptClass); // Assuming this is a valid, persisted concept class

    Concept memberConcept = new Concept();
    memberConcept.addName(memberConceptName);
    memberConcept.setDatatype(datatype); // Reuse the same datatype for simplicity
    memberConcept.setConceptClass(conceptClass); // Reuse the same concept class for simplicity

    // Assuming there's a method to save and flush to ensure the memberConcept is persisted before being added
    saveAndFlush(memberConcept); // This method should save the memberConcept and ensure it's persisted

    setConcept.addSetMember(memberConcept);

    assertFalse("Initially, concept should not be marked as a set", setConcept.isSet());

    // Save the concept which has a set member, ensuring it's also flushed and persisted
    saveAndFlush(setConcept); // This method should save the setConcept and ensure it's persisted

    assertTrue("After saving, concept should be marked as a set because it has set members", setConcept.isSet());
}
----------------------------------------------------------------
last generated diff test
--- 

+++ 

@@ -2,24 +2,32 @@

 public void saveConcept_shouldSetConceptAsSetIfItHasSetMembers() throws Exception {
     Locale locale = new Locale("en", "US");
     ConceptName conceptName = new ConceptName("Test Concept", locale);
+    ConceptName memberConceptName = new ConceptName("Member Concept", locale);
+
+    // Assuming there's a method to create or fetch a persisted ConceptDatatype
+    ConceptDatatype datatype = new ConceptDatatype();
+    // Assuming there's a method to create or fetch a persisted ConceptClass
+    ConceptClass conceptClass = new ConceptClass();
 
     Concept setConcept = new Concept();
     setConcept.addName(conceptName);
-    setConcept.setDatatype(new ConceptDatatype());
-    setConcept.setConceptClass(new ConceptClass());
+    setConcept.setDatatype(datatype); // Assuming this is a valid, persisted datatype
+    setConcept.setConceptClass(conceptClass); // Assuming this is a valid, persisted concept class
 
     Concept memberConcept = new Concept();
-    ConceptName memberConceptName = new ConceptName("Member Concept", locale);
     memberConcept.addName(memberConceptName);
-    memberConcept.setDatatype(new ConceptDatatype());
-    memberConcept.setConceptClass(new ConceptClass());
+    memberConcept.setDatatype(datatype); // Reuse the same datatype for simplicity
+    memberConcept.setConceptClass(conceptClass); // Reuse the same concept class for simplicity
+
+    // Assuming there's a method to save and flush to ensure the memberConcept is persisted before being added
+    saveAndFlush(memberConcept); // This method should save the memberConcept and ensure it's persisted
 
     setConcept.addSetMember(memberConcept);
 
     assertFalse("Initially, concept should not be marked as a set", setConcept.isSet());
 
-    // Save the concept which has a set member
-    Context.getConceptService().saveConcept(setConcept);
+    // Save the concept which has a set member, ensuring it's also flushed and persisted
+    saveAndFlush(setConcept); // This method should save the setConcept and ensure it's persisted
 
     assertTrue("After saving, concept should be marked as a set because it has set members", setConcept.isSet());
 }

----------------------------------------------------------------
state: 0
----------------------------------------------------------------
description: 编译报错
----------------------------------------------------------------
message
COMPILATION ERROR : 
\1\openmrs-core\api\src\test\java\org\openmrs\api\impl\ConceptServiceImplTest.java:[130,4] 错误: 找不到符号
\1\openmrs-core\api\src\test\java\org\openmrs\api\impl\ConceptServiceImplTest.java:[137,4] 错误: 找不到符号
Failed to execute goal org.apache.maven.plugins:maven-compiler-plugin:2.3.2:testCompile (default-testCompile) on project openmrs-api: Compilation failure: Compilation failure:
\1\openmrs-core\api\src\test\java\org\openmrs\api\impl\ConceptServiceImplTest.java:[130,4] 错误: 找不到符号
\1\openmrs-core\api\src\test\java\org\openmrs\api\impl\ConceptServiceImplTest.java:[137,4] 错误: 找不到符号
-> [Help 1]

To see the full stack trace of the errors, re-run Maven with the -e switch.
Re-run Maven using the -X switch to enable full debug logging.

For more information about the errors and possible solutions, please read the following articles:
[Help 1] http://cwiki.apache.org/confluence/display/MAVEN/MojoFailureException

After correcting the problems, you can resume the build with the command
  mvn <goals> -rf :openmrs-api

--------------------------------------------------------------------------------------------------------------------------------
now time: 5
----------------------------------------------------------------
llm output
Given the compilation errors and the context provided, it seems the previous response included hypothetical methods (`saveAndFlush`) and objects (`ConceptDatatype`, `ConceptClass`) that might not exist or were not correctly referenced in the OpenMRS API context. Let's correct this by adhering more closely to what might be expected in the OpenMRS framework, assuming standard operations and object creation patterns.

<new_test>
```java
@Test
public void saveConcept_shouldSetConceptAsSetIfItHasSetMembers() {
    // Setup
    ConceptService conceptService = Context.getConceptService();
    
    // Create a concept with a name to avoid validation errors
    Concept setConcept = new Concept();
    ConceptName conceptName = new ConceptName("Test Concept", Locale.ENGLISH);
    setConcept.addName(conceptName);
    
    // Assuming ConceptDatatype and ConceptClass are fetched from the service,
    // as they need to be persisted entities for the test to pass.
    ConceptDatatype datatype = conceptService.getConceptDatatypeByName("SomeDataType");
    ConceptClass conceptClass = conceptService.getConceptClassByName("SomeClass");
    
    setConcept.setDatatype(datatype);
    setConcept.setConceptClass(conceptClass);
    
    // Create a member concept
    Concept memberConcept = new Concept();
    ConceptName memberConceptName = new ConceptName("Member Concept", Locale.ENGLISH);
    memberConcept.addName(memberConceptName);
    memberConcept.setDatatype(datatype);
    memberConcept.setConceptClass(conceptClass);
    
    // Add member to set
    setConcept.addSetMember(memberConcept);
    
    // Act
    Concept savedConcept = conceptService.saveConcept(setConcept);
    
    // Assert
    assertNotNull("The saved concept should not be null", savedConcept);
    assertTrue("The saved concept should be marked as a set", savedConcept.isSet());
    assertEquals("The saved concept should have one set member", 1, savedConcept.getSetMembers().size());
}
```
</new_test>

This revised test method attempts to align with the typical usage patterns in OpenMRS, such as fetching `ConceptDatatype` and `ConceptClass` from the `ConceptService`. It's important to note that the actual method names and logic to fetch or create `ConceptDatatype` and `ConceptClass` instances might differ based on the version of OpenMRS you are working with. The test assumes these types must be fetched from the database and associated with a `Concept` before saving, to satisfy the not-null constraints and avoid `TransientPropertyValueException`.

Please ensure that the test environment is correctly set up with necessary data for `ConceptDatatype` and `ConceptClass`, or adjust the test setup to create or fetch these entities as required by your specific OpenMRS setup.
----------------------------------------------------------------
generated test
@Test
public void saveConcept_shouldSetConceptAsSetIfItHasSetMembers() {
    // Setup
    ConceptService conceptService = Context.getConceptService();
    
    // Create a concept with a name to avoid validation errors
    Concept setConcept = new Concept();
    ConceptName conceptName = new ConceptName("Test Concept", Locale.ENGLISH);
    setConcept.addName(conceptName);
    
    // Assuming ConceptDatatype and ConceptClass are fetched from the service,
    // as they need to be persisted entities for the test to pass.
    ConceptDatatype datatype = conceptService.getConceptDatatypeByName("SomeDataType");
    ConceptClass conceptClass = conceptService.getConceptClassByName("SomeClass");
    
    setConcept.setDatatype(datatype);
    setConcept.setConceptClass(conceptClass);
    
    // Create a member concept
    Concept memberConcept = new Concept();
    ConceptName memberConceptName = new ConceptName("Member Concept", Locale.ENGLISH);
    memberConcept.addName(memberConceptName);
    memberConcept.setDatatype(datatype);
    memberConcept.setConceptClass(conceptClass);
    
    // Add member to set
    setConcept.addSetMember(memberConcept);
    
    // Act
    Concept savedConcept = conceptService.saveConcept(setConcept);
    
    // Assert
    assertNotNull("The saved concept should not be null", savedConcept);
    assertTrue("The saved concept should be marked as a set", savedConcept.isSet());
    assertEquals("The saved concept should have one set member", 1, savedConcept.getSetMembers().size());
}
----------------------------------------------------------------
last generated diff test
--- 

+++ 

@@ -1,33 +1,36 @@

 @Test
-public void saveConcept_shouldSetConceptAsSetIfItHasSetMembers() throws Exception {
-    Locale locale = new Locale("en", "US");
-    ConceptName conceptName = new ConceptName("Test Concept", locale);
-    ConceptName memberConceptName = new ConceptName("Member Concept", locale);
-
-    // Assuming there's a method to create or fetch a persisted ConceptDatatype
-    ConceptDatatype datatype = new ConceptDatatype();
-    // Assuming there's a method to create or fetch a persisted ConceptClass
-    ConceptClass conceptClass = new ConceptClass();
-
+public void saveConcept_shouldSetConceptAsSetIfItHasSetMembers() {
+    // Setup
+    ConceptService conceptService = Context.getConceptService();
+    
+    // Create a concept with a name to avoid validation errors
     Concept setConcept = new Concept();
+    ConceptName conceptName = new ConceptName("Test Concept", Locale.ENGLISH);
     setConcept.addName(conceptName);
-    setConcept.setDatatype(datatype); // Assuming this is a valid, persisted datatype
-    setConcept.setConceptClass(conceptClass); // Assuming this is a valid, persisted concept class
-
+    
+    // Assuming ConceptDatatype and ConceptClass are fetched from the service,
+    // as they need to be persisted entities for the test to pass.
+    ConceptDatatype datatype = conceptService.getConceptDatatypeByName("SomeDataType");
+    ConceptClass conceptClass = conceptService.getConceptClassByName("SomeClass");
+    
+    setConcept.setDatatype(datatype);
+    setConcept.setConceptClass(conceptClass);
+    
+    // Create a member concept
     Concept memberConcept = new Concept();
+    ConceptName memberConceptName = new ConceptName("Member Concept", Locale.ENGLISH);
     memberConcept.addName(memberConceptName);
-    memberConcept.setDatatype(datatype); // Reuse the same datatype for simplicity
-    memberConcept.setConceptClass(conceptClass); // Reuse the same concept class for simplicity
-
-    // Assuming there's a method to save and flush to ensure the memberConcept is persisted before being added
-    saveAndFlush(memberConcept); // This method should save the memberConcept and ensure it's persisted
-
+    memberConcept.setDatatype(datatype);
+    memberConcept.setConceptClass(conceptClass);
+    
+    // Add member to set
     setConcept.addSetMember(memberConcept);
-
-    assertFalse("Initially, concept should not be marked as a set", setConcept.isSet());
-
-    // Save the concept which has a set member, ensuring it's also flushed and persisted
-    saveAndFlush(setConcept); // This method should save the setConcept and ensure it's persisted
-
-    assertTrue("After saving, concept should be marked as a set because it has set members", setConcept.isSet());
+    
+    // Act
+    Concept savedConcept = conceptService.saveConcept(setConcept);
+    
+    // Assert
+    assertNotNull("The saved concept should not be null", savedConcept);
+    assertTrue("The saved concept should be marked as a set", savedConcept.isSet());
+    assertEquals("The saved concept should have one set member", 1, savedConcept.getSetMembers().size());
 }

----------------------------------------------------------------
state: 1
----------------------------------------------------------------
description: 单元测试不通过
----------------------------------------------------------------
message
-------------------------------------------------------------------------------
Test set: org.openmrs.api.impl.ConceptServiceImplTest
-------------------------------------------------------------------------------
Tests run: 55, Failures: 0, Errors: 1, Skipped: 0, Time elapsed: 8.129 sec <<< FAILURE! - in org.openmrs.api.impl.ConceptServiceImplTest
saveConcept_shouldSetConceptAsSetIfItHasSetMembers(org.openmrs.api.impl.ConceptServiceImplTest)  Time elapsed: 0.016 sec  <<< ERROR!
org.openmrs.api.ValidationException: 'Concept #null' failed to validate with reason: datatype: Concept datatype cannot be empty, conceptClass: Concept class cannot be empty
	at org.openmrs.validator.ValidateUtil.validate(ValidateUtil.java:79)
	at org.openmrs.aop.RequiredDataAdvice.before(RequiredDataAdvice.java:125)
	at org.springframework.aop.framework.adapter.MethodBeforeAdviceInterceptor.invoke(MethodBeforeAdviceInterceptor.java:51)
	at org.springframework.aop.framework.ReflectiveMethodInvocation.proceed(ReflectiveMethodInvocation.java:179)
	at org.springframework.aop.framework.adapter.MethodBeforeAdviceInterceptor.invoke(MethodBeforeAdviceInterceptor.java:52)
	at org.springframework.aop.framework.ReflectiveMethodInvocation.proceed(ReflectiveMethodInvocation.java:179)
	at org.springframework.aop.framework.JdkDynamicAopProxy.invoke(JdkDynamicAopProxy.java:207)
	at com.sun.proxy.$Proxy68.saveConcept(Unknown Source)
	at org.openmrs.api.impl.ConceptServiceImplTest.saveConcept_shouldSetConceptAsSetIfItHasSetMembers(ConceptServiceImplTest.java:137)


--------------------------------------------------------------------------------------------------------------------------------
now time: 6
----------------------------------------------------------------
llm output
Given the failure message indicating that the `Concept` failed to validate due to empty `datatype` and `conceptClass`, it's clear that the test setup needs to ensure these properties are properly initialized with valid, non-empty values. This suggests that the mock or test setup for `ConceptDatatype` and `ConceptClass` might not have been correctly instantiated or linked to the `Concept` being tested. Let's address this by ensuring these entities are correctly set up within the test method.

<new_test>
```java
@Test
public void saveConcept_shouldSetConceptAsSetIfItHasSetMembers() {
    // Setup
    ConceptService conceptService = Context.getConceptService();
    
    // Ensure we have a valid ConceptDatatype and ConceptClass
    // This assumes there are predefined datatypes and classes in the testing database or setup
    List<ConceptDatatype> datatypes = conceptService.getAllConceptDatatypes();
    List<ConceptClass> classes = conceptService.getAllConceptClasses();
    
    // It's crucial to ensure that these lists are not empty; otherwise, the test setup is incorrect
    assertFalse("There must be at least one concept datatype available", datatypes.isEmpty());
    assertFalse("There must be at least one concept class available", classes.isEmpty());
    
    ConceptDatatype datatype = datatypes.get(0); // Get the first available datatype
    ConceptClass conceptClass = classes.get(0); // Get the first available class
    
    Concept setConcept = new Concept();
    ConceptName conceptName = new ConceptName("Test Concept", Locale.ENGLISH);
    setConcept.addName(conceptName);
    setConcept.setDatatype(datatype);
    setConcept.setConceptClass(conceptClass);
    
    Concept memberConcept = new Concept();
    ConceptName memberConceptName = new ConceptName("Member Concept", Locale.ENGLISH);
    memberConcept.addName(memberConceptName);
    memberConcept.setDatatype(datatype); // Reuse the same datatype
    memberConcept.setConceptClass(conceptClass); // Reuse the same class
    
    setConcept.addSetMember(memberConcept);
    
    // Act
    Concept savedConcept = conceptService.saveConcept(setConcept);
    
    // Assert
    assertNotNull("The saved concept should not be null", savedConcept);
    assertTrue("The saved concept should be marked as a set", savedConcept.isSet());
    assertEquals("The saved concept should have one set member", 1, savedConcept.getSetMembers().size());
}
```
</new_test>

This test method attempts to address the validation failure by ensuring that both the `datatype` and `conceptClass` are fetched from the `ConceptService`, assuming that the service is correctly set up and populated with at least one `ConceptDatatype` and one `ConceptClass`. This approach assumes a running instance of OpenMRS with a populated database for the test context, which is a common setup for integration tests in such environments.

If the test database or context does not have any `ConceptDatatype` or `ConceptClass` entities available, the test setup will need to be adjusted to either create these entities and persist them before running this test or mock the `ConceptService` to return valid, non-null instances of these entities.
----------------------------------------------------------------
generated test
@Test
public void saveConcept_shouldSetConceptAsSetIfItHasSetMembers() {
    // Setup
    ConceptService conceptService = Context.getConceptService();
    
    // Ensure we have a valid ConceptDatatype and ConceptClass
    // This assumes there are predefined datatypes and classes in the testing database or setup
    List<ConceptDatatype> datatypes = conceptService.getAllConceptDatatypes();
    List<ConceptClass> classes = conceptService.getAllConceptClasses();
    
    // It's crucial to ensure that these lists are not empty; otherwise, the test setup is incorrect
    assertFalse("There must be at least one concept datatype available", datatypes.isEmpty());
    assertFalse("There must be at least one concept class available", classes.isEmpty());
    
    ConceptDatatype datatype = datatypes.get(0); // Get the first available datatype
    ConceptClass conceptClass = classes.get(0); // Get the first available class
    
    Concept setConcept = new Concept();
    ConceptName conceptName = new ConceptName("Test Concept", Locale.ENGLISH);
    setConcept.addName(conceptName);
    setConcept.setDatatype(datatype);
    setConcept.setConceptClass(conceptClass);
    
    Concept memberConcept = new Concept();
    ConceptName memberConceptName = new ConceptName("Member Concept", Locale.ENGLISH);
    memberConcept.addName(memberConceptName);
    memberConcept.setDatatype(datatype); // Reuse the same datatype
    memberConcept.setConceptClass(conceptClass); // Reuse the same class
    
    setConcept.addSetMember(memberConcept);
    
    // Act
    Concept savedConcept = conceptService.saveConcept(setConcept);
    
    // Assert
    assertNotNull("The saved concept should not be null", savedConcept);
    assertTrue("The saved concept should be marked as a set", savedConcept.isSet());
    assertEquals("The saved concept should have one set member", 1, savedConcept.getSetMembers().size());
}
----------------------------------------------------------------
last generated diff test
--- 

+++ 

@@ -3,27 +3,30 @@

     // Setup
     ConceptService conceptService = Context.getConceptService();
     
-    // Create a concept with a name to avoid validation errors
+    // Ensure we have a valid ConceptDatatype and ConceptClass
+    // This assumes there are predefined datatypes and classes in the testing database or setup
+    List<ConceptDatatype> datatypes = conceptService.getAllConceptDatatypes();
+    List<ConceptClass> classes = conceptService.getAllConceptClasses();
+    
+    // It's crucial to ensure that these lists are not empty; otherwise, the test setup is incorrect
+    assertFalse("There must be at least one concept datatype available", datatypes.isEmpty());
+    assertFalse("There must be at least one concept class available", classes.isEmpty());
+    
+    ConceptDatatype datatype = datatypes.get(0); // Get the first available datatype
+    ConceptClass conceptClass = classes.get(0); // Get the first available class
+    
     Concept setConcept = new Concept();
     ConceptName conceptName = new ConceptName("Test Concept", Locale.ENGLISH);
     setConcept.addName(conceptName);
-    
-    // Assuming ConceptDatatype and ConceptClass are fetched from the service,
-    // as they need to be persisted entities for the test to pass.
-    ConceptDatatype datatype = conceptService.getConceptDatatypeByName("SomeDataType");
-    ConceptClass conceptClass = conceptService.getConceptClassByName("SomeClass");
-    
     setConcept.setDatatype(datatype);
     setConcept.setConceptClass(conceptClass);
     
-    // Create a member concept
     Concept memberConcept = new Concept();
     ConceptName memberConceptName = new ConceptName("Member Concept", Locale.ENGLISH);
     memberConcept.addName(memberConceptName);
-    memberConcept.setDatatype(datatype);
-    memberConcept.setConceptClass(conceptClass);
+    memberConcept.setDatatype(datatype); // Reuse the same datatype
+    memberConcept.setConceptClass(conceptClass); // Reuse the same class
     
-    // Add member to set
     setConcept.addSetMember(memberConcept);
     
     // Act

----------------------------------------------------------------
state: 1
----------------------------------------------------------------
description: 单元测试不通过
----------------------------------------------------------------
message
-------------------------------------------------------------------------------
Test set: org.openmrs.api.impl.ConceptServiceImplTest
-------------------------------------------------------------------------------
Tests run: 55, Failures: 0, Errors: 1, Skipped: 0, Time elapsed: 7.693 sec <<< FAILURE! - in org.openmrs.api.impl.ConceptServiceImplTest
saveConcept_shouldSetConceptAsSetIfItHasSetMembers(org.openmrs.api.impl.ConceptServiceImplTest)  Time elapsed: 0.023 sec  <<< ERROR!
org.hibernate.TransientPropertyValueException: Not-null property references a transient value - transient instance must be saved before current operation : org.openmrs.ConceptSet.concept -> org.openmrs.Concept
	at org.hibernate.action.internal.UnresolvedEntityInsertActions.checkNoUnresolvedActionsAfterOperation(UnresolvedEntityInsertActions.java:137)
	at org.hibernate.engine.spi.ActionQueue.checkNoUnresolvedActionsAfterOperation(ActionQueue.java:320)
	at org.hibernate.internal.SessionImpl.checkNoUnresolvedActionsAfterOperation(SessionImpl.java:658)
	at org.hibernate.internal.SessionImpl.fireSaveOrUpdate(SessionImpl.java:686)
	at org.hibernate.internal.SessionImpl.saveOrUpdate(SessionImpl.java:676)
	at org.hibernate.internal.SessionImpl.saveOrUpdate(SessionImpl.java:671)
	at org.openmrs.api.db.hibernate.HibernateConceptDAO.saveConcept(HibernateConceptDAO.java:133)
	at org.openmrs.api.impl.ConceptServiceImpl.saveConcept(ConceptServiceImpl.java:235)
	at sun.reflect.GeneratedMethodAccessor251.invoke(Unknown Source)
	at sun.reflect.DelegatingMethodAccessorImpl.invoke(DelegatingMethodAccessorImpl.java:43)
	at java.lang.reflect.Method.invoke(Method.java:498)
	at org.springframework.aop.support.AopUtils.invokeJoinpointUsingReflection(AopUtils.java:317)
	at org.springframework.aop.framework.ReflectiveMethodInvocation.invokeJoinpoint(ReflectiveMethodInvocation.java:190)
	at org.springframework.aop.framework.ReflectiveMethodInvocation.proceed(ReflectiveMethodInvocation.java:157)
	at org.springframework.transaction.interceptor.TransactionInterceptor$1.proceedWithInvocation(TransactionInterceptor.java:99)
	at org.springframework.transaction.interceptor.TransactionAspectSupport.invokeWithinTransaction(TransactionAspectSupport.java:281)
	at org.springframework.transaction.interceptor.TransactionInterceptor.invoke(TransactionInterceptor.java:96)
	at org.springframework.aop.framework.ReflectiveMethodInvocation.proceed(ReflectiveMethodInvocation.java:179)
	at org.springframework.aop.framework.JdkDynamicAopProxy.invoke(JdkDynamicAopProxy.java:207)
	at com.sun.proxy.$Proxy67.saveConcept(Unknown Source)
	at sun.reflect.GeneratedMethodAccessor251.invoke(Unknown Source)
	at sun.reflect.DelegatingMethodAccessorImpl.invoke(DelegatingMethodAccessorImpl.java:43)
	at java.lang.reflect.Method.invoke(Method.java:498)
	at org.springframework.aop.support.AopUtils.invokeJoinpointUsingReflection(AopUtils.java:317)
	at org.springframework.aop.framework.ReflectiveMethodInvocation.invokeJoinpoint(ReflectiveMethodInvocation.java:190)
	at org.springframework.aop.framework.ReflectiveMethodInvocation.proceed(ReflectiveMethodInvocation.java:157)
	at org.springframework.cache.interceptor.CacheInterceptor$1.invoke(CacheInterceptor.java:52)
	at org.springframework.cache.interceptor.CacheAspectSupport.execute(CacheAspectSupport.java:303)
	at org.springframework.cache.interceptor.CacheInterceptor.invoke(CacheInterceptor.java:61)
	at org.springframework.aop.framework.ReflectiveMethodInvocation.proceed(ReflectiveMethodInvocation.java:179)
	at org.openmrs.aop.LoggingAdvice.invoke(LoggingAdvice.java:122)
	at org.springframework.aop.framework.ReflectiveMethodInvocation.proceed(ReflectiveMethodInvocation.java:179)
	at org.springframework.aop.framework.adapter.MethodBeforeAdviceInterceptor.invoke(MethodBeforeAdviceInterceptor.java:52)
	at org.springframework.aop.framework.ReflectiveMethodInvocation.proceed(ReflectiveMethodInvocation.java:179)
	at org.springframework.aop.framework.adapter.MethodBeforeAdviceInterceptor.invoke(MethodBeforeAdviceInterceptor.java:52)
	at org.springframework.aop.framework.ReflectiveMethodInvocation.proceed(ReflectiveMethodInvocation.java:179)
	at org.springframework.aop.framework.JdkDynamicAopProxy.invoke(JdkDynamicAopProxy.java:207)
	at com.sun.proxy.$Proxy68.saveConcept(Unknown Source)
	at org.openmrs.api.impl.ConceptServiceImplTest.saveConcept_shouldSetConceptAsSetIfItHasSetMembers(ConceptServiceImplTest.java:140)


--------------------------------------------------------------------------------------------------------------------------------
now time: 7
----------------------------------------------------------------
llm output
Given the failure message indicating a `TransientPropertyValueException`, it's clear that the issue lies with an entity relationship that hasn't been properly persisted before attempting to save a `Concept` that references it. This typically happens when an entity that is part of a relationship (in this case, a `ConceptSet` member) is not saved or is in a transient state when we try to save or update another entity (`Concept`) that references it.

To address this issue, we need to ensure that all entities involved in the relationship are persisted before we attempt to save the `Concept` that includes them. However, without direct access to the actual implementation details of the `ConceptService` and related persistence methods, I'll provide a conceptual solution that should guide you towards fixing the issue.

<new_test>
```java
@Test
public void saveConcept_shouldSetConceptAsSetIfItHasSetMembers() {
    // Assuming we have access to a ConceptService and Context (or similar mechanisms for fetching and saving entities)
    ConceptService conceptService = Context.getConceptService();
    
    // Create and set up the member Concept
    Concept memberConcept = new Concept();
    ConceptName memberConceptName = new ConceptName("Member Concept", Locale.ENGLISH);
    memberConcept.addName(memberConceptName);
    // Ensure the member concept has valid datatype and class, these should be existing entities in your test setup
    ConceptDatatype datatype = conceptService.getAllConceptDatatypes().get(0);
    ConceptClass conceptClass = conceptService.getAllConceptClasses().get(0);
    memberConcept.setDatatype(datatype);
    memberConcept.setConceptClass(conceptClass);
    
    // Persist the member concept first to avoid TransientPropertyValueException
    Concept persistedMemberConcept = conceptService.saveConcept(memberConcept);
    
    // Now create the set Concept
    Concept setConcept = new Concept();
    ConceptName setConceptName = new ConceptName("Set Concept", Locale.ENGLISH);
    setConcept.addName(setConceptName);
    setConcept.setDatatype(datatype); // Reuse the same datatype
    setConcept.setConceptClass(conceptClass); // Reuse the same class
    setConcept.addSetMember(persistedMemberConcept); // Add the already persisted member concept
    
    // Attempt to save the set concept
    Concept savedSetConcept = conceptService.saveConcept(setConcept);
    
    // Assertions to verify the behavior
    assertNotNull("The saved set concept should not be null", savedSetConcept);
    assertTrue("The saved set concept should be marked as a set", savedSetConcept.isSet());
    assertFalse("The set concept should have set members", savedSetConcept.getSetMembers().isEmpty());
    assertEquals("The name of the saved set concept should match", "Set Concept", savedSetConcept.getName(Locale.ENGLISH).getName());
}
```
</new_test>

This test method explicitly saves the member `Concept` before adding it to the set `Concept`, ensuring that it is not in a transient state when the set `Concept` is saved. This approach should prevent the `TransientPropertyValueException` by ensuring all entities are in a proper state before being associated with each other.

Please adjust the test setup to match the actual methods and classes available in your version of OpenMRS, as well as ensuring that the `ConceptDatatype` and `ConceptClass` used are valid and exist in your test database or context.
----------------------------------------------------------------
generated test
@Test
public void saveConcept_shouldSetConceptAsSetIfItHasSetMembers() {
    // Assuming we have access to a ConceptService and Context (or similar mechanisms for fetching and saving entities)
    ConceptService conceptService = Context.getConceptService();
    
    // Create and set up the member Concept
    Concept memberConcept = new Concept();
    ConceptName memberConceptName = new ConceptName("Member Concept", Locale.ENGLISH);
    memberConcept.addName(memberConceptName);
    // Ensure the member concept has valid datatype and class, these should be existing entities in your test setup
    ConceptDatatype datatype = conceptService.getAllConceptDatatypes().get(0);
    ConceptClass conceptClass = conceptService.getAllConceptClasses().get(0);
    memberConcept.setDatatype(datatype);
    memberConcept.setConceptClass(conceptClass);
    
    // Persist the member concept first to avoid TransientPropertyValueException
    Concept persistedMemberConcept = conceptService.saveConcept(memberConcept);
    
    // Now create the set Concept
    Concept setConcept = new Concept();
    ConceptName setConceptName = new ConceptName("Set Concept", Locale.ENGLISH);
    setConcept.addName(setConceptName);
    setConcept.setDatatype(datatype); // Reuse the same datatype
    setConcept.setConceptClass(conceptClass); // Reuse the same class
    setConcept.addSetMember(persistedMemberConcept); // Add the already persisted member concept
    
    // Attempt to save the set concept
    Concept savedSetConcept = conceptService.saveConcept(setConcept);
    
    // Assertions to verify the behavior
    assertNotNull("The saved set concept should not be null", savedSetConcept);
    assertTrue("The saved set concept should be marked as a set", savedSetConcept.isSet());
    assertFalse("The set concept should have set members", savedSetConcept.getSetMembers().isEmpty());
    assertEquals("The name of the saved set concept should match", "Set Concept", savedSetConcept.getName(Locale.ENGLISH).getName());
}
----------------------------------------------------------------
last generated diff test
--- 

+++ 

@@ -1,39 +1,35 @@

 @Test
 public void saveConcept_shouldSetConceptAsSetIfItHasSetMembers() {
-    // Setup
+    // Assuming we have access to a ConceptService and Context (or similar mechanisms for fetching and saving entities)
     ConceptService conceptService = Context.getConceptService();
     
-    // Ensure we have a valid ConceptDatatype and ConceptClass
-    // This assumes there are predefined datatypes and classes in the testing database or setup
-    List<ConceptDatatype> datatypes = conceptService.getAllConceptDatatypes();
-    List<ConceptClass> classes = conceptService.getAllConceptClasses();
-    
-    // It's crucial to ensure that these lists are not empty; otherwise, the test setup is incorrect
-    assertFalse("There must be at least one concept datatype available", datatypes.isEmpty());
-    assertFalse("There must be at least one concept class available", classes.isEmpty());
-    
-    ConceptDatatype datatype = datatypes.get(0); // Get the first available datatype
-    ConceptClass conceptClass = classes.get(0); // Get the first available class
-    
-    Concept setConcept = new Concept();
-    ConceptName conceptName = new ConceptName("Test Concept", Locale.ENGLISH);
-    setConcept.addName(conceptName);
-    setConcept.setDatatype(datatype);
-    setConcept.setConceptClass(conceptClass);
-    
+    // Create and set up the member Concept
     Concept memberConcept = new Concept();
     ConceptName memberConceptName = new ConceptName("Member Concept", Locale.ENGLISH);
     memberConcept.addName(memberConceptName);
-    memberConcept.setDatatype(datatype); // Reuse the same datatype
-    memberConcept.setConceptClass(conceptClass); // Reuse the same class
+    // Ensure the member concept has valid datatype and class, these should be existing entities in your test setup
+    ConceptDatatype datatype = conceptService.getAllConceptDatatypes().get(0);
+    ConceptClass conceptClass = conceptService.getAllConceptClasses().get(0);
+    memberConcept.setDatatype(datatype);
+    memberConcept.setConceptClass(conceptClass);
     
-    setConcept.addSetMember(memberConcept);
+    // Persist the member concept first to avoid TransientPropertyValueException
+    Concept persistedMemberConcept = conceptService.saveConcept(memberConcept);
     
-    // Act
-    Concept savedConcept = conceptService.saveConcept(setConcept);
+    // Now create the set Concept
+    Concept setConcept = new Concept();
+    ConceptName setConceptName = new ConceptName("Set Concept", Locale.ENGLISH);
+    setConcept.addName(setConceptName);
+    setConcept.setDatatype(datatype); // Reuse the same datatype
+    setConcept.setConceptClass(conceptClass); // Reuse the same class
+    setConcept.addSetMember(persistedMemberConcept); // Add the already persisted member concept
     
-    // Assert
-    assertNotNull("The saved concept should not be null", savedConcept);
-    assertTrue("The saved concept should be marked as a set", savedConcept.isSet());
-    assertEquals("The saved concept should have one set member", 1, savedConcept.getSetMembers().size());
+    // Attempt to save the set concept
+    Concept savedSetConcept = conceptService.saveConcept(setConcept);
+    
+    // Assertions to verify the behavior
+    assertNotNull("The saved set concept should not be null", savedSetConcept);
+    assertTrue("The saved set concept should be marked as a set", savedSetConcept.isSet());
+    assertFalse("The set concept should have set members", savedSetConcept.getSetMembers().isEmpty());
+    assertEquals("The name of the saved set concept should match", "Set Concept", savedSetConcept.getName(Locale.ENGLISH).getName());
 }

----------------------------------------------------------------
state: 3
----------------------------------------------------------------
description: 测试通过，覆盖率：0.3575757575757576
----------------------------------------------------------------
message

--------------------------------------------------------------------------------------------------------------------------------
total times: 7
----------------------------------------------------------------
generated test
@Test
public void saveConcept_shouldSetConceptAsSetIfItHasSetMembers() {
    // Assuming we have access to a ConceptService and Context (or similar mechanisms for fetching and saving entities)
    ConceptService conceptService = Context.getConceptService();
    
    // Create and set up the member Concept
    Concept memberConcept = new Concept();
    ConceptName memberConceptName = new ConceptName("Member Concept", Locale.ENGLISH);
    memberConcept.addName(memberConceptName);
    // Ensure the member concept has valid datatype and class, these should be existing entities in your test setup
    ConceptDatatype datatype = conceptService.getAllConceptDatatypes().get(0);
    ConceptClass conceptClass = conceptService.getAllConceptClasses().get(0);
    memberConcept.setDatatype(datatype);
    memberConcept.setConceptClass(conceptClass);
    
    // Persist the member concept first to avoid TransientPropertyValueException
    Concept persistedMemberConcept = conceptService.saveConcept(memberConcept);
    
    // Now create the set Concept
    Concept setConcept = new Concept();
    ConceptName setConceptName = new ConceptName("Set Concept", Locale.ENGLISH);
    setConcept.addName(setConceptName);
    setConcept.setDatatype(datatype); // Reuse the same datatype
    setConcept.setConceptClass(conceptClass); // Reuse the same class
    setConcept.addSetMember(persistedMemberConcept); // Add the already persisted member concept
    
    // Attempt to save the set concept
    Concept savedSetConcept = conceptService.saveConcept(setConcept);
    
    // Assertions to verify the behavior
    assertNotNull("The saved set concept should not be null", savedSetConcept);
    assertTrue("The saved set concept should be marked as a set", savedSetConcept.isSet());
    assertFalse("The set concept should have set members", savedSetConcept.getSetMembers().isEmpty());
    assertEquals("The name of the saved set concept should match", "Set Concept", savedSetConcept.getName(Locale.ENGLISH).getName());
}
----------------------------------------------------------------
old generated diff test
--- 

+++ 

@@ -1,32 +1,35 @@

 @Test
-	public void saveConcept_shouldLeavePreferredNamePreferredIfSet() throws Exception {
-		Locale loc = new Locale("fr", "CA");
-		ConceptName fullySpecifiedName = new ConceptName("fully specified", loc);
-		fullySpecifiedName.setConceptNameType(ConceptNameType.FULLY_SPECIFIED); //be explicit for test case
-		ConceptName shortName = new ConceptName("short name", loc);
-		shortName.setConceptNameType(ConceptNameType.SHORT); //be explicit for test case
-		ConceptName synonym = new ConceptName("synonym", loc);
-		synonym.setConceptNameType(null); //synonyms are id'd by a null type
-		ConceptName indexTerm = new ConceptName("indexTerm", loc);
-		indexTerm.setConceptNameType(ConceptNameType.INDEX_TERM); //synonyms are id'd by a null type
-		
-		//saveConcept never picks an index term for default, so we'll use it for the test
-		indexTerm.setLocalePreferred(true);
-		
-		Concept c = new Concept();
-		c.addName(fullySpecifiedName);
-		c.addName(synonym);
-		c.addName(indexTerm);
-		c.addName(shortName);
-		
-		//ignore it so we can test the set default preferred name  functionality
-		try {
-			Context.getConceptService().saveConcept(c);
-		}
-		catch (org.openmrs.api.APIException e) {
-			//ignore it
-		}
-		assertNotNull("there's a preferred name", c.getPreferredName(loc));
-		assertTrue("name was explicitly marked preferred", c.getPreferredName(loc).isPreferred());
-		assertEquals("name matches", c.getPreferredName(loc).getName(), indexTerm.getName());
-	}
+public void saveConcept_shouldSetConceptAsSetIfItHasSetMembers() {
+    // Assuming we have access to a ConceptService and Context (or similar mechanisms for fetching and saving entities)
+    ConceptService conceptService = Context.getConceptService();
+    
+    // Create and set up the member Concept
+    Concept memberConcept = new Concept();
+    ConceptName memberConceptName = new ConceptName("Member Concept", Locale.ENGLISH);
+    memberConcept.addName(memberConceptName);
+    // Ensure the member concept has valid datatype and class, these should be existing entities in your test setup
+    ConceptDatatype datatype = conceptService.getAllConceptDatatypes().get(0);
+    ConceptClass conceptClass = conceptService.getAllConceptClasses().get(0);
+    memberConcept.setDatatype(datatype);
+    memberConcept.setConceptClass(conceptClass);
+    
+    // Persist the member concept first to avoid TransientPropertyValueException
+    Concept persistedMemberConcept = conceptService.saveConcept(memberConcept);
+    
+    // Now create the set Concept
+    Concept setConcept = new Concept();
+    ConceptName setConceptName = new ConceptName("Set Concept", Locale.ENGLISH);
+    setConcept.addName(setConceptName);
+    setConcept.setDatatype(datatype); // Reuse the same datatype
+    setConcept.setConceptClass(conceptClass); // Reuse the same class
+    setConcept.addSetMember(persistedMemberConcept); // Add the already persisted member concept
+    
+    // Attempt to save the set concept
+    Concept savedSetConcept = conceptService.saveConcept(setConcept);
+    
+    // Assertions to verify the behavior
+    assertNotNull("The saved set concept should not be null", savedSetConcept);
+    assertTrue("The saved set concept should be marked as a set", savedSetConcept.isSet());
+    assertFalse("The set concept should have set members", savedSetConcept.getSetMembers().isEmpty());
+    assertEquals("The name of the saved set concept should match", "Set Concept", savedSetConcept.getName(Locale.ENGLISH).getName());
+}

----------------------------------------------------------------
generated new diff test
--- 

+++ 

@@ -1,35 +1,32 @@

 @Test
-public void saveConcept_shouldSetConceptAsSetIfItHasSetMembers() {
-    // Assuming we have access to a ConceptService and Context (or similar mechanisms for fetching and saving entities)
-    ConceptService conceptService = Context.getConceptService();
-    
-    // Create and set up the member Concept
-    Concept memberConcept = new Concept();
-    ConceptName memberConceptName = new ConceptName("Member Concept", Locale.ENGLISH);
-    memberConcept.addName(memberConceptName);
-    // Ensure the member concept has valid datatype and class, these should be existing entities in your test setup
-    ConceptDatatype datatype = conceptService.getAllConceptDatatypes().get(0);
-    ConceptClass conceptClass = conceptService.getAllConceptClasses().get(0);
-    memberConcept.setDatatype(datatype);
-    memberConcept.setConceptClass(conceptClass);
-    
-    // Persist the member concept first to avoid TransientPropertyValueException
-    Concept persistedMemberConcept = conceptService.saveConcept(memberConcept);
-    
-    // Now create the set Concept
-    Concept setConcept = new Concept();
-    ConceptName setConceptName = new ConceptName("Set Concept", Locale.ENGLISH);
-    setConcept.addName(setConceptName);
-    setConcept.setDatatype(datatype); // Reuse the same datatype
-    setConcept.setConceptClass(conceptClass); // Reuse the same class
-    setConcept.addSetMember(persistedMemberConcept); // Add the already persisted member concept
-    
-    // Attempt to save the set concept
-    Concept savedSetConcept = conceptService.saveConcept(setConcept);
-    
-    // Assertions to verify the behavior
-    assertNotNull("The saved set concept should not be null", savedSetConcept);
-    assertTrue("The saved set concept should be marked as a set", savedSetConcept.isSet());
-    assertFalse("The set concept should have set members", savedSetConcept.getSetMembers().isEmpty());
-    assertEquals("The name of the saved set concept should match", "Set Concept", savedSetConcept.getName(Locale.ENGLISH).getName());
-}
+	public void saveConcept_shouldLeavePreferredNamePreferredIfSet() {
+		Locale loc = new Locale("fr", "CA");
+		ConceptName fullySpecifiedName = new ConceptName("fully specified", loc);
+		fullySpecifiedName.setConceptNameType(ConceptNameType.FULLY_SPECIFIED); //be explicit for test case
+		ConceptName shortName = new ConceptName("short name", loc);
+		shortName.setConceptNameType(ConceptNameType.SHORT); //be explicit for test case
+		ConceptName synonym = new ConceptName("synonym", loc);
+		synonym.setConceptNameType(null); //synonyms are id'd by a null type
+		ConceptName indexTerm = new ConceptName("indexTerm", loc);
+		indexTerm.setConceptNameType(ConceptNameType.INDEX_TERM); //synonyms are id'd by a null type
+		
+		//saveConcept never picks an index term for default, so we'll use it for the test
+		indexTerm.setLocalePreferred(true);
+		
+		Concept c = new Concept();
+		c.addName(fullySpecifiedName);
+		c.addName(synonym);
+		c.addName(indexTerm);
+		c.addName(shortName);
+		
+		//ignore it so we can test the set default preferred name  functionality
+		try {
+			Context.getConceptService().saveConcept(c);
+		}
+		catch (org.openmrs.api.APIException e) {
+			//ignore it
+		}
+		assertNotNull("there's a preferred name", c.getPreferredName(loc));
+		assertTrue("name was explicitly marked preferred", c.getPreferredName(loc).isPreferred());
+		assertEquals("name matches", c.getPreferredName(loc).getName(), indexTerm.getName());
+	}

----------------------------------------------------------------
state: 3
----------------------------------------------------------------
description: 测试通过，覆盖率：0.3575757575757576
--------------------------------------------------------------------------------------------------------------------------------
