--------------------------------------------------------------------------------------------------------------------------------
new state: 3
----------------------------------------------------------------
new description: 测试通过，覆盖率：0.6612466124661247
----------------------------------------------------------------
new message

--------------------------------------------------------------------------------------------------------------------------------
old state: 1
----------------------------------------------------------------
old description: 单元测试不通过
----------------------------------------------------------------
old message
-------------------------------------------------------------------------------
Test set: org.openmrs.ObsTest
-------------------------------------------------------------------------------
Tests run: 53, Failures: 1, Errors: 0, Skipped: 0, Time elapsed: 0.468 sec <<< FAILURE! - in org.openmrs.ObsTest
removeGroupMember_shouldReturnTrueWhenAnObsIsRemoved(org.openmrs.ObsTest)  Time elapsed: 0 sec  <<< FAILURE!
java.lang.AssertionError: null
	at org.junit.Assert.fail(Assert.java:86)
	at org.junit.Assert.assertTrue(Assert.java:41)
	at org.junit.Assert.assertTrue(Assert.java:52)
	at org.openmrs.ObsTest.removeGroupMember_shouldReturnTrueWhenAnObsIsRemoved(ObsTest.java:917)


--------------------------------------------------------------------------------------------------------------------------------
old product
public void removeGroupMember(Obs member) {
		if (member == null || getGroupMembers() == null) {
			return;
		}
		
		if (groupMembers.remove(member)) {
			member.setObsGroup(null);
			dirty = true;
		}
	}
----------------------------------------------------------------
old test
@Test
	public void removeGroupMember_shouldReturnTrueWhenAnObsIsRemoved() throws Exception {
		Obs obs = new Obs();
		Obs member = new Obs();
		obs.addGroupMember(member);
		assertTrue(obs.isDirty());
		resetObs(obs);
		obs.removeGroupMember(member);
		assertTrue(obs.isDirty());
	}
----------------------------------------------------------------
new product
public void removeGroupMember(Obs member) {
		if (member == null || getGroupMembers() == null) {
			return;
		}
		
		if (groupMembers.remove(member)) {
			member.setObsGroup(null);
			setDirty(true);
		}
	}
----------------------------------------------------------------
new test
@Test
	public void removeGroupMember_shouldReturnTrueWhenAnObsIsRemoved() throws Exception {
		Obs obs = new Obs(2);
		Obs member = new Obs();
		obs.addGroupMember(member);
		assertTrue(obs.isDirty());
		resetObs(obs);
		obs.removeGroupMember(member);
		assertTrue(obs.isDirty());
	}
----------------------------------------------------------------
diff product
diff --git a/old_product.java b/new_product.java
index c5ea7fc..43ec789 100644
--- a/old_product.java
+++ b/new_product.java
@@ -5,6 +5,6 @@ public void removeGroupMember(Obs member) {
 		
 		if (groupMembers.remove(member)) {
 			member.setObsGroup(null);
-			dirty = true;
+			setDirty(true);
 		}
 	}
\ No newline at end of file

----------------------------------------------------------------
diff test
diff --git a/old_test.java b/new_test.java
index 9a11679..3b0548b 100644
--- a/old_test.java
+++ b/new_test.java
@@ -1,6 +1,6 @@
 @Test
 	public void removeGroupMember_shouldReturnTrueWhenAnObsIsRemoved() throws Exception {
-		Obs obs = new Obs();
+		Obs obs = new Obs(2);
 		Obs member = new Obs();
 		obs.addGroupMember(member);
 		assertTrue(obs.isDirty());

--------------------------------------------------------------------------------------------------------------------------------
sample diff product
diff --git a/old_product.java b/new_product.java
index 43ec789..c40bebc 100644
--- a/old_product.java
+++ b/new_product.java
@@ -5,6 +5,5 @@ public void removeGroupMember(Obs member) {
 		
 		if (groupMembers.remove(member)) {
 			member.setObsGroup(null);
-			setDirty(true);
 		}
 	}
\ No newline at end of file

----------------------------------------------------------------
sample diff test
diff --git a/old_test.java b/new_test.java
index 3b0548b..f56a955 100644
--- a/old_test.java
+++ b/new_test.java
@@ -1,10 +1,10 @@
 @Test
-	public void removeGroupMember_shouldReturnTrueWhenAnObsIsRemoved() throws Exception {
+	public void removeGroupMember_shouldReturnDirtyFalseWhenAnObsIsRemoved() throws Exception {
 		Obs obs = new Obs(2);
 		Obs member = new Obs();
 		obs.addGroupMember(member);
-		assertTrue(obs.isDirty());
+		assertFalse(obs.isDirty());
 		resetObs(obs);
 		obs.removeGroupMember(member);
-		assertTrue(obs.isDirty());
+		assertFalse(obs.isDirty());
 	}
\ No newline at end of file

----------------------------------------------------------------
coverage: 0.6612466124661247
--------------------------------------------------------------------------------------------------------------------------------
now time: 1
----------------------------------------------------------------
llm output
Based on the provided old test method, the change in the production method, and the sample diffs, it appears that the behavior of the `removeGroupMember` method in the `Obs` class has been altered to no longer automatically mark an `Obs` as dirty when a group member is removed. This change in behavior should be reflected in the updated test method to ensure it accurately tests the current functionality. Here is how the new test method could be structured:

<new_test>
```java
@Test
public void removeGroupMember_shouldNotSetDirtyWhenAnObsIsRemoved() throws Exception {
    Obs obs = new Obs(2);
    Obs member = new Obs();
    obs.addGroupMember(member);
    // Initially, adding a group member should not affect the dirty state
    assertFalse("Obs should not be dirty after adding a group member", obs.isDirty());
    resetObs(obs); // Assuming resetObs sets the dirty flag to false
    obs.removeGroupMember(member);
    // After removing a group member, the Obs should still not be marked as dirty
    assertFalse("Obs should not be dirty after removing a group member", obs.isDirty());
}
```
</new_test>

This test method reflects the updated behavior as indicated by the diffs. It checks that the `Obs` instance is not marked as dirty after a group member is added and remains not dirty after a group member is removed, aligning with the changes made to the `removeGroupMember` method in the production code. The `resetObs(obs)` call is assumed to reset the dirty state of the `Obs` instance, preparing it for the next assertion. This method ensures that the new behavior of not setting the `Obs` as dirty during member removal is correctly implemented and functioning as expected.
----------------------------------------------------------------
generated test
@Test
public void removeGroupMember_shouldNotSetDirtyWhenAnObsIsRemoved() throws Exception {
    Obs obs = new Obs(2);
    Obs member = new Obs();
    obs.addGroupMember(member);
    // Initially, adding a group member should not affect the dirty state
    assertFalse("Obs should not be dirty after adding a group member", obs.isDirty());
    resetObs(obs); // Assuming resetObs sets the dirty flag to false
    obs.removeGroupMember(member);
    // After removing a group member, the Obs should still not be marked as dirty
    assertFalse("Obs should not be dirty after removing a group member", obs.isDirty());
}
----------------------------------------------------------------
last generated diff test
--- 

+++ 

@@ -1,10 +1,12 @@

 @Test
-	public void removeGroupMember_shouldReturnTrueWhenAnObsIsRemoved() throws Exception {
-		Obs obs = new Obs();
-		Obs member = new Obs();
-		obs.addGroupMember(member);
-		assertTrue(obs.isDirty());
-		resetObs(obs);
-		obs.removeGroupMember(member);
-		assertTrue(obs.isDirty());
-	}
+public void removeGroupMember_shouldNotSetDirtyWhenAnObsIsRemoved() throws Exception {
+    Obs obs = new Obs(2);
+    Obs member = new Obs();
+    obs.addGroupMember(member);
+    // Initially, adding a group member should not affect the dirty state
+    assertFalse("Obs should not be dirty after adding a group member", obs.isDirty());
+    resetObs(obs); // Assuming resetObs sets the dirty flag to false
+    obs.removeGroupMember(member);
+    // After removing a group member, the Obs should still not be marked as dirty
+    assertFalse("Obs should not be dirty after removing a group member", obs.isDirty());
+}

----------------------------------------------------------------
state: 1
----------------------------------------------------------------
description: 单元测试不通过
----------------------------------------------------------------
message
-------------------------------------------------------------------------------
Test set: org.openmrs.ObsTest
-------------------------------------------------------------------------------
Tests run: 53, Failures: 1, Errors: 0, Skipped: 0, Time elapsed: 0.511 sec <<< FAILURE! - in org.openmrs.ObsTest
removeGroupMember_shouldNotSetDirtyWhenAnObsIsRemoved(org.openmrs.ObsTest)  Time elapsed: 0 sec  <<< FAILURE!
java.lang.AssertionError: Obs should not be dirty after adding a group member
	at org.junit.Assert.fail(Assert.java:88)
	at org.junit.Assert.assertTrue(Assert.java:41)
	at org.junit.Assert.assertFalse(Assert.java:64)
	at org.openmrs.ObsTest.removeGroupMember_shouldNotSetDirtyWhenAnObsIsRemoved(ObsTest.java:918)


--------------------------------------------------------------------------------------------------------------------------------
now time: 2
----------------------------------------------------------------
llm output
Given the failure message from JUnit, it appears there was a misunderstanding in the expected behavior of the `Obs` object when a group member is added or removed. The failure indicates that the assertion expecting the `Obs` not to be dirty after adding a group member did not pass. This suggests that adding a group member does indeed set the `Obs` object as dirty, contrary to what was previously assumed based on the diff provided. Let's correct the test method to align with this behavior:

<new_test>
```java
@Test
public void removeGroupMember_shouldReflectCorrectDirtyState() throws Exception {
    Obs obs = new Obs(2);
    Obs member = new Obs();
    obs.addGroupMember(member);
    // Correcting the assertion: Adding a group member should mark the Obs as dirty
    assertTrue("Obs should be dirty after adding a group member", obs.isDirty());
    resetObs(obs); // Assuming resetObs resets the dirty flag to false
    // Ensure the Obs is no longer dirty after reset
    assertFalse("Obs should not be dirty after reset", obs.isDirty());
    obs.removeGroupMember(member);
    // The expectation based on the diff is that removing a group member does not set the Obs as dirty
    assertFalse("Obs should not be dirty after removing a group member", obs.isDirty());
}
```
</new_test>

This revised test method now correctly asserts that adding a group member to an `Obs` instance should mark it as dirty, which aligns with the failure message received from JUnit. The method then resets the `Obs` to clear the dirty state before removing the group member, and finally, it checks that the `Obs` remains not dirty after the removal, reflecting the updated behavior as per the production code changes. This approach should ensure that the test passes, given that the `resetObs(obs)` method effectively resets the dirty state as intended.
----------------------------------------------------------------
generated test
@Test
public void removeGroupMember_shouldReflectCorrectDirtyState() throws Exception {
    Obs obs = new Obs(2);
    Obs member = new Obs();
    obs.addGroupMember(member);
    // Correcting the assertion: Adding a group member should mark the Obs as dirty
    assertTrue("Obs should be dirty after adding a group member", obs.isDirty());
    resetObs(obs); // Assuming resetObs resets the dirty flag to false
    // Ensure the Obs is no longer dirty after reset
    assertFalse("Obs should not be dirty after reset", obs.isDirty());
    obs.removeGroupMember(member);
    // The expectation based on the diff is that removing a group member does not set the Obs as dirty
    assertFalse("Obs should not be dirty after removing a group member", obs.isDirty());
}
----------------------------------------------------------------
last generated diff test
--- 

+++ 

@@ -1,12 +1,14 @@

 @Test
-public void removeGroupMember_shouldNotSetDirtyWhenAnObsIsRemoved() throws Exception {
+public void removeGroupMember_shouldReflectCorrectDirtyState() throws Exception {
     Obs obs = new Obs(2);
     Obs member = new Obs();
     obs.addGroupMember(member);
-    // Initially, adding a group member should not affect the dirty state
-    assertFalse("Obs should not be dirty after adding a group member", obs.isDirty());
-    resetObs(obs); // Assuming resetObs sets the dirty flag to false
+    // Correcting the assertion: Adding a group member should mark the Obs as dirty
+    assertTrue("Obs should be dirty after adding a group member", obs.isDirty());
+    resetObs(obs); // Assuming resetObs resets the dirty flag to false
+    // Ensure the Obs is no longer dirty after reset
+    assertFalse("Obs should not be dirty after reset", obs.isDirty());
     obs.removeGroupMember(member);
-    // After removing a group member, the Obs should still not be marked as dirty
+    // The expectation based on the diff is that removing a group member does not set the Obs as dirty
     assertFalse("Obs should not be dirty after removing a group member", obs.isDirty());
 }

----------------------------------------------------------------
state: 1
----------------------------------------------------------------
description: 单元测试不通过
----------------------------------------------------------------
message
-------------------------------------------------------------------------------
Test set: org.openmrs.ObsTest
-------------------------------------------------------------------------------
Tests run: 53, Failures: 1, Errors: 0, Skipped: 0, Time elapsed: 0.472 sec <<< FAILURE! - in org.openmrs.ObsTest
removeGroupMember_shouldReflectCorrectDirtyState(org.openmrs.ObsTest)  Time elapsed: 0 sec  <<< FAILURE!
java.lang.AssertionError: Obs should not be dirty after removing a group member
	at org.junit.Assert.fail(Assert.java:88)
	at org.junit.Assert.assertTrue(Assert.java:41)
	at org.junit.Assert.assertFalse(Assert.java:64)
	at org.openmrs.ObsTest.removeGroupMember_shouldReflectCorrectDirtyState(ObsTest.java:924)


--------------------------------------------------------------------------------------------------------------------------------
now time: 3
----------------------------------------------------------------
llm output
Given the failure message from JUnit, it seems there was an incorrect assumption about the behavior of the `Obs` object after removing a group member. The test failure indicates that the `Obs` object is indeed marked as dirty after a group member is removed, which contradicts the expected behavior outlined in the previous test method. Let's correct the test method to accurately reflect this behavior:

<new_test>
```java
@Test
public void removeGroupMember_shouldSetDirtyWhenAnObsIsRemoved() throws Exception {
    Obs obs = new Obs(2);
    Obs member = new Obs();
    obs.addGroupMember(member);
    // Confirming that adding a group member sets the Obs as dirty
    assertTrue("Obs should be dirty after adding a group member", obs.isDirty());
    resetObs(obs); // Assuming resetObs effectively resets the dirty flag to false
    // Ensure the Obs is not dirty after reset, preparing for the next operation
    assertFalse("Obs should not be dirty after reset", obs.isDirty());
    obs.removeGroupMember(member);
    // Correcting the expectation: Removing a group member should indeed set the Obs as dirty
    assertTrue("Obs should be dirty after removing a group member", obs.isDirty());
}
```
</new_test>

This updated test method now correctly asserts that both adding and removing a group member from an `Obs` instance should mark it as dirty. This aligns with the observed behavior as indicated by the failure message from JUnit, ensuring that the test accurately reflects the actual behavior of the `Obs` class following the changes in the production code.
----------------------------------------------------------------
generated test
@Test
public void removeGroupMember_shouldSetDirtyWhenAnObsIsRemoved() throws Exception {
    Obs obs = new Obs(2);
    Obs member = new Obs();
    obs.addGroupMember(member);
    // Confirming that adding a group member sets the Obs as dirty
    assertTrue("Obs should be dirty after adding a group member", obs.isDirty());
    resetObs(obs); // Assuming resetObs effectively resets the dirty flag to false
    // Ensure the Obs is not dirty after reset, preparing for the next operation
    assertFalse("Obs should not be dirty after reset", obs.isDirty());
    obs.removeGroupMember(member);
    // Correcting the expectation: Removing a group member should indeed set the Obs as dirty
    assertTrue("Obs should be dirty after removing a group member", obs.isDirty());
}
----------------------------------------------------------------
last generated diff test
--- 

+++ 

@@ -1,14 +1,14 @@

 @Test
-public void removeGroupMember_shouldReflectCorrectDirtyState() throws Exception {
+public void removeGroupMember_shouldSetDirtyWhenAnObsIsRemoved() throws Exception {
     Obs obs = new Obs(2);
     Obs member = new Obs();
     obs.addGroupMember(member);
-    // Correcting the assertion: Adding a group member should mark the Obs as dirty
+    // Confirming that adding a group member sets the Obs as dirty
     assertTrue("Obs should be dirty after adding a group member", obs.isDirty());
-    resetObs(obs); // Assuming resetObs resets the dirty flag to false
-    // Ensure the Obs is no longer dirty after reset
+    resetObs(obs); // Assuming resetObs effectively resets the dirty flag to false
+    // Ensure the Obs is not dirty after reset, preparing for the next operation
     assertFalse("Obs should not be dirty after reset", obs.isDirty());
     obs.removeGroupMember(member);
-    // The expectation based on the diff is that removing a group member does not set the Obs as dirty
-    assertFalse("Obs should not be dirty after removing a group member", obs.isDirty());
+    // Correcting the expectation: Removing a group member should indeed set the Obs as dirty
+    assertTrue("Obs should be dirty after removing a group member", obs.isDirty());
 }

----------------------------------------------------------------
state: 3
----------------------------------------------------------------
description: 测试通过，覆盖率：0.6612466124661247
----------------------------------------------------------------
message

--------------------------------------------------------------------------------------------------------------------------------
total times: 3
----------------------------------------------------------------
generated test
@Test
public void removeGroupMember_shouldSetDirtyWhenAnObsIsRemoved() throws Exception {
    Obs obs = new Obs(2);
    Obs member = new Obs();
    obs.addGroupMember(member);
    // Confirming that adding a group member sets the Obs as dirty
    assertTrue("Obs should be dirty after adding a group member", obs.isDirty());
    resetObs(obs); // Assuming resetObs effectively resets the dirty flag to false
    // Ensure the Obs is not dirty after reset, preparing for the next operation
    assertFalse("Obs should not be dirty after reset", obs.isDirty());
    obs.removeGroupMember(member);
    // Correcting the expectation: Removing a group member should indeed set the Obs as dirty
    assertTrue("Obs should be dirty after removing a group member", obs.isDirty());
}
----------------------------------------------------------------
old generated diff test
--- 

+++ 

@@ -1,10 +1,14 @@

 @Test
-	public void removeGroupMember_shouldReturnTrueWhenAnObsIsRemoved() throws Exception {
-		Obs obs = new Obs();
-		Obs member = new Obs();
-		obs.addGroupMember(member);
-		assertTrue(obs.isDirty());
-		resetObs(obs);
-		obs.removeGroupMember(member);
-		assertTrue(obs.isDirty());
-	}
+public void removeGroupMember_shouldSetDirtyWhenAnObsIsRemoved() throws Exception {
+    Obs obs = new Obs(2);
+    Obs member = new Obs();
+    obs.addGroupMember(member);
+    // Confirming that adding a group member sets the Obs as dirty
+    assertTrue("Obs should be dirty after adding a group member", obs.isDirty());
+    resetObs(obs); // Assuming resetObs effectively resets the dirty flag to false
+    // Ensure the Obs is not dirty after reset, preparing for the next operation
+    assertFalse("Obs should not be dirty after reset", obs.isDirty());
+    obs.removeGroupMember(member);
+    // Correcting the expectation: Removing a group member should indeed set the Obs as dirty
+    assertTrue("Obs should be dirty after removing a group member", obs.isDirty());
+}

----------------------------------------------------------------
generated new diff test
--- 

+++ 

@@ -1,14 +1,10 @@

 @Test
-public void removeGroupMember_shouldSetDirtyWhenAnObsIsRemoved() throws Exception {
-    Obs obs = new Obs(2);
-    Obs member = new Obs();
-    obs.addGroupMember(member);
-    // Confirming that adding a group member sets the Obs as dirty
-    assertTrue("Obs should be dirty after adding a group member", obs.isDirty());
-    resetObs(obs); // Assuming resetObs effectively resets the dirty flag to false
-    // Ensure the Obs is not dirty after reset, preparing for the next operation
-    assertFalse("Obs should not be dirty after reset", obs.isDirty());
-    obs.removeGroupMember(member);
-    // Correcting the expectation: Removing a group member should indeed set the Obs as dirty
-    assertTrue("Obs should be dirty after removing a group member", obs.isDirty());
-}
+	public void removeGroupMember_shouldReturnTrueWhenAnObsIsRemoved() throws Exception {
+		Obs obs = new Obs(2);
+		Obs member = new Obs();
+		obs.addGroupMember(member);
+		assertTrue(obs.isDirty());
+		resetObs(obs);
+		obs.removeGroupMember(member);
+		assertTrue(obs.isDirty());
+	}

----------------------------------------------------------------
state: 3
----------------------------------------------------------------
description: 测试通过，覆盖率：0.6612466124661247
--------------------------------------------------------------------------------------------------------------------------------
