--------------------------------------------------------------------------------------------------------------------------------
new state: 3
----------------------------------------------------------------
new description: 测试通过，覆盖率：0.7777777777777778
----------------------------------------------------------------
new message

--------------------------------------------------------------------------------------------------------------------------------
old state: 1
----------------------------------------------------------------
old description: 单元测试不通过
----------------------------------------------------------------
old message
-------------------------------------------------------------------------------
Test set: org.openmrs.CohortMembershipTest
-------------------------------------------------------------------------------
Tests run: 10, Failures: 1, Errors: 0, Skipped: 0, Time elapsed: 0.335 sec <<< FAILURE! - in org.openmrs.CohortMembershipTest
compareTo_shouldFailIfStartOrEndDateDoNotMatch(org.openmrs.CohortMembershipTest)  Time elapsed: 0.003 sec  <<< FAILURE!
java.lang.AssertionError: expected:<-1> but was:<1>
	at org.junit.Assert.fail(Assert.java:88)
	at org.junit.Assert.failNotEquals(Assert.java:743)
	at org.junit.Assert.assertEquals(Assert.java:118)
	at org.junit.Assert.assertEquals(Assert.java:555)
	at org.junit.Assert.assertEquals(Assert.java:542)
	at org.openmrs.CohortMembershipTest.compareTo_shouldFailIfStartOrEndDateDoNotMatch(CohortMembershipTest.java:148)


--------------------------------------------------------------------------------------------------------------------------------
old product
@Override
	public int compareTo(CohortMembership o) {
		if ((this.getVoided() && !o.getVoided()) || (!this.isActive() && o.isActive())) {
			return 1;
		} else if ((!this.getVoided() && o.getVoided()) || (this.isActive() && !o.isActive())) {
			return -1;
		}
		
		int ret = OpenmrsUtil.compareWithNullAsGreatest(this.getCohort().getCohortId(), o.getCohort().getCohortId());
		if (ret != 0) {
			return ret;
		}
		
		ret = this.getPatientId().compareTo(o.getPatientId());
		if (ret != 0) {
			return ret;
		}
		
		ret = OpenmrsUtil.compareWithNullAsEarliest(this.getEndDate(), o.getEndDate());
		if (ret != 0) {
			return ret;
		}
		
		return OpenmrsUtil.compare(this.getStartDate(), o.getStartDate());
	}
----------------------------------------------------------------
old test
@Test
	public void compareTo_shouldFailIfStartOrEndDateDoNotMatch() throws Exception {
		CohortMembership firstMembership = new CohortMembership(4);
		CohortMembership secondMembership = new CohortMembership(4);
		
		Cohort cohort = new Cohort(1);
		
		firstMembership.setCohort(cohort);
		secondMembership.setCohort(cohort);
		
		SimpleDateFormat dateFormat = new SimpleDateFormat("yyyy-MM-dd HH:mm:ss");
		Date oneDate = dateFormat.parse("2017-01-01 00:00:00");
		Date twoDate = dateFormat.parse("2017-01-31 00:00:00");
		
		firstMembership.setStartDate(oneDate);
		secondMembership.setStartDate(twoDate);
		
		assertEquals(-1, firstMembership.compareTo(secondMembership));
		
		secondMembership.setStartDate(oneDate);
		secondMembership.setEndDate(twoDate);
		
		assertEquals(-1, firstMembership.compareTo(secondMembership));
	}
----------------------------------------------------------------
new product
@Override
	public int compareTo(CohortMembership o) {
		int ret = this.getVoided().compareTo(o.getVoided());
		if (ret == 0) {
			ret = OpenmrsUtil.compareWithNullAsLowest(
					getCohort() == null ? null : getCohort().getId(),
					o.getCohort() == null ? null : o.getCohort().getId());
		}
		if (ret == 0) {
			ret = this.getPatientId().compareTo(o.getPatientId());
		}
		if (ret == 0) {
			ret = OpenmrsUtil.compare(this.getStartDate(), o.getStartDate());
		}
		if (ret == 0) {
			ret = OpenmrsUtil.compareWithNullAsLatest(this.getEndDate(), o.getEndDate());
		}
		return ret;
	}
----------------------------------------------------------------
new test
@Test
	public void compareTo_shouldFailIfStartOrEndDateDoNotMatch() throws Exception {
		CohortMembership firstMembership = new CohortMembership(4);
		CohortMembership secondMembership = new CohortMembership(4);
		
		Cohort cohort = new Cohort(1);
		
		firstMembership.setCohort(cohort);
		secondMembership.setCohort(cohort);
		
		SimpleDateFormat dateFormat = new SimpleDateFormat("yyyy-MM-dd HH:mm:ss");
		Date oneDate = dateFormat.parse("2017-01-01 00:00:00");
		Date twoDate = dateFormat.parse("2017-01-31 00:00:00");
		
		firstMembership.setStartDate(oneDate);
		secondMembership.setStartDate(oneDate);
		secondMembership.setEndDate(twoDate);
		
		assertEquals(1, firstMembership.compareTo(secondMembership));
		assertEquals(-1, secondMembership.compareTo(firstMembership));
	}
----------------------------------------------------------------
diff product
diff --git a/old_product.java b/new_product.java
index 9ccb5a6..d264df0 100644
--- a/old_product.java
+++ b/new_product.java
@@ -1,25 +1,19 @@
 @Override
 	public int compareTo(CohortMembership o) {
-		if ((this.getVoided() && !o.getVoided()) || (!this.isActive() && o.isActive())) {
-			return 1;
-		} else if ((!this.getVoided() && o.getVoided()) || (this.isActive() && !o.isActive())) {
-			return -1;
+		int ret = this.getVoided().compareTo(o.getVoided());
+		if (ret == 0) {
+			ret = OpenmrsUtil.compareWithNullAsLowest(
+					getCohort() == null ? null : getCohort().getId(),
+					o.getCohort() == null ? null : o.getCohort().getId());
 		}
-		
-		int ret = OpenmrsUtil.compareWithNullAsGreatest(this.getCohort().getCohortId(), o.getCohort().getCohortId());
-		if (ret != 0) {
-			return ret;
+		if (ret == 0) {
+			ret = this.getPatientId().compareTo(o.getPatientId());
 		}
-		
-		ret = this.getPatientId().compareTo(o.getPatientId());
-		if (ret != 0) {
-			return ret;
+		if (ret == 0) {
+			ret = OpenmrsUtil.compare(this.getStartDate(), o.getStartDate());
 		}
-		
-		ret = OpenmrsUtil.compareWithNullAsEarliest(this.getEndDate(), o.getEndDate());
-		if (ret != 0) {
-			return ret;
+		if (ret == 0) {
+			ret = OpenmrsUtil.compareWithNullAsLatest(this.getEndDate(), o.getEndDate());
 		}
-		
-		return OpenmrsUtil.compare(this.getStartDate(), o.getStartDate());
+		return ret;
 	}
\ No newline at end of file

----------------------------------------------------------------
diff test
diff --git a/old_test.java b/new_test.java
index 075e61a..428df0a 100644
--- a/old_test.java
+++ b/new_test.java
@@ -13,12 +13,9 @@
 		Date twoDate = dateFormat.parse("2017-01-31 00:00:00");
 		
 		firstMembership.setStartDate(oneDate);
-		secondMembership.setStartDate(twoDate);
-		
-		assertEquals(-1, firstMembership.compareTo(secondMembership));
-		
 		secondMembership.setStartDate(oneDate);
 		secondMembership.setEndDate(twoDate);
 		
-		assertEquals(-1, firstMembership.compareTo(secondMembership));
+		assertEquals(1, firstMembership.compareTo(secondMembership));
+		assertEquals(-1, secondMembership.compareTo(firstMembership));
 	}
\ No newline at end of file

--------------------------------------------------------------------------------------------------------------------------------
sample diff product
diff --git a/old_product.java b/new_product.java
index fccebdf..92daf7a 100644
--- a/old_product.java
+++ b/new_product.java
@@ -1,15 +1,20 @@
 public int compareTo(PersonAttribute other) {
-		int retValue = 0;
-		retValue = isVoided().compareTo(other.isVoided());
-		if (retValue == 0)
-			retValue = OpenmrsUtil.compareWithNullAsLatest(getDateCreated(), other.getDateCreated());
-		if (retValue == 0)
-			retValue = getAttributeType().getPersonAttributeTypeId().compareTo(
-			    other.getAttributeType().getPersonAttributeTypeId());
-		if (retValue == 0)
-			retValue = OpenmrsUtil.compareWithNullAsGreatest(getValue(), other.getValue());
-		if (retValue == 0)
-			retValue = OpenmrsUtil.compareWithNullAsGreatest(getPersonAttributeId(), other.getPersonAttributeId());
+		int retValue;
+		if ((retValue = OpenmrsUtil.compareWithNullAsGreatest(getAttributeType(), other.getAttributeType())) != 0) {
+			return retValue;
+		}
 		
-		return retValue;
+		if ((retValue = isVoided().compareTo(other.isVoided())) != 0) {
+			return retValue;
+		}
+		
+		if ((retValue = OpenmrsUtil.compareWithNullAsLatest(getDateCreated(), other.getDateCreated())) != 0) {
+			return retValue;
+		}
+		
+		if ((retValue = OpenmrsUtil.compareWithNullAsGreatest(getValue(), other.getValue())) != 0) {
+			return retValue;
+		}
+
+		return OpenmrsUtil.compareWithNullAsGreatest(getPersonAttributeId(), other.getPersonAttributeId());
 	}
\ No newline at end of file

----------------------------------------------------------------
sample diff test
diff --git a/old_test.java b/new_test.java
index 64c7de6..d58b1b3 100644
--- a/old_test.java
+++ b/new_test.java
@@ -2,6 +2,7 @@
 	@Verifies(value = "should return negative if other attribute is voided", method = "compareTo(PersonAttribute)")
 	public void compareTo_shouldReturnNegativeIfOtherAttributeIsVoided() throws Exception {
 		PersonAttribute pa = new PersonAttribute();
+		pa.setAttributeType(new PersonAttributeType(1));
 		PersonAttribute other = new PersonAttribute();
 		other.setVoided(true);
 		Assert.assertTrue(pa.compareTo(other) < 0);

----------------------------------------------------------------
coverage: 0.7777777777777778
--------------------------------------------------------------------------------------------------------------------------------
now time: 1
----------------------------------------------------------------
llm output
<new_test>
@Test
public void compareTo_shouldFailIfStartOrEndDateDoNotMatch() throws Exception {
    CohortMembership firstMembership = new CohortMembership(4);
    CohortMembership secondMembership = new CohortMembership(4);
    
    Cohort cohort = new Cohort(1);
    
    firstMembership.setCohort(cohort);
    secondMembership.setCohort(cohort);
    
    SimpleDateFormat dateFormat = new SimpleDateFormat("yyyy-MM-dd HH:mm:ss");
    Date oneDate = dateFormat.parse("2017-01-01 00:00:00");
    Date twoDate = dateFormat.parse("2017-01-31 00:00:00");
    
    firstMembership.setStartDate(oneDate);
    secondMembership.setStartDate(twoDate);
    
    assertTrue(firstMembership.compareTo(secondMembership) < 0);
    
    secondMembership.setStartDate(oneDate);
    secondMembership.setEndDate(twoDate);
    
    assertTrue(firstMembership.compareTo(secondMembership) == 0);
}
</new_test>
----------------------------------------------------------------
generated test
@Test
public void compareTo_shouldFailIfStartOrEndDateDoNotMatch() throws Exception {
    CohortMembership firstMembership = new CohortMembership(4);
    CohortMembership secondMembership = new CohortMembership(4);
    
    Cohort cohort = new Cohort(1);
    
    firstMembership.setCohort(cohort);
    secondMembership.setCohort(cohort);
    
    SimpleDateFormat dateFormat = new SimpleDateFormat("yyyy-MM-dd HH:mm:ss");
    Date oneDate = dateFormat.parse("2017-01-01 00:00:00");
    Date twoDate = dateFormat.parse("2017-01-31 00:00:00");
    
    firstMembership.setStartDate(oneDate);
    secondMembership.setStartDate(twoDate);
    
    assertTrue(firstMembership.compareTo(secondMembership) < 0);
    
    secondMembership.setStartDate(oneDate);
    secondMembership.setEndDate(twoDate);
    
    assertTrue(firstMembership.compareTo(secondMembership) == 0);
}
----------------------------------------------------------------
last generated diff test
--- 

+++ 

@@ -1,24 +1,24 @@

 @Test
-	public void compareTo_shouldFailIfStartOrEndDateDoNotMatch() throws Exception {
-		CohortMembership firstMembership = new CohortMembership(4);
-		CohortMembership secondMembership = new CohortMembership(4);
-		
-		Cohort cohort = new Cohort(1);
-		
-		firstMembership.setCohort(cohort);
-		secondMembership.setCohort(cohort);
-		
-		SimpleDateFormat dateFormat = new SimpleDateFormat("yyyy-MM-dd HH:mm:ss");
-		Date oneDate = dateFormat.parse("2017-01-01 00:00:00");
-		Date twoDate = dateFormat.parse("2017-01-31 00:00:00");
-		
-		firstMembership.setStartDate(oneDate);
-		secondMembership.setStartDate(twoDate);
-		
-		assertEquals(-1, firstMembership.compareTo(secondMembership));
-		
-		secondMembership.setStartDate(oneDate);
-		secondMembership.setEndDate(twoDate);
-		
-		assertEquals(-1, firstMembership.compareTo(secondMembership));
-	}
+public void compareTo_shouldFailIfStartOrEndDateDoNotMatch() throws Exception {
+    CohortMembership firstMembership = new CohortMembership(4);
+    CohortMembership secondMembership = new CohortMembership(4);
+    
+    Cohort cohort = new Cohort(1);
+    
+    firstMembership.setCohort(cohort);
+    secondMembership.setCohort(cohort);
+    
+    SimpleDateFormat dateFormat = new SimpleDateFormat("yyyy-MM-dd HH:mm:ss");
+    Date oneDate = dateFormat.parse("2017-01-01 00:00:00");
+    Date twoDate = dateFormat.parse("2017-01-31 00:00:00");
+    
+    firstMembership.setStartDate(oneDate);
+    secondMembership.setStartDate(twoDate);
+    
+    assertTrue(firstMembership.compareTo(secondMembership) < 0);
+    
+    secondMembership.setStartDate(oneDate);
+    secondMembership.setEndDate(twoDate);
+    
+    assertTrue(firstMembership.compareTo(secondMembership) == 0);
+}

----------------------------------------------------------------
state: 1
----------------------------------------------------------------
description: 单元测试不通过
----------------------------------------------------------------
message
-------------------------------------------------------------------------------
Test set: org.openmrs.CohortMembershipTest
-------------------------------------------------------------------------------
Tests run: 10, Failures: 1, Errors: 0, Skipped: 0, Time elapsed: 0.336 sec <<< FAILURE! - in org.openmrs.CohortMembershipTest
compareTo_shouldFailIfStartOrEndDateDoNotMatch(org.openmrs.CohortMembershipTest)  Time elapsed: 0.003 sec  <<< FAILURE!
java.lang.AssertionError: null
	at org.junit.Assert.fail(Assert.java:86)
	at org.junit.Assert.assertTrue(Assert.java:41)
	at org.junit.Assert.assertTrue(Assert.java:52)
	at org.openmrs.CohortMembershipTest.compareTo_shouldFailIfStartOrEndDateDoNotMatch(CohortMembershipTest.java:148)


--------------------------------------------------------------------------------------------------------------------------------
now time: 2
----------------------------------------------------------------
llm output
<new_test>
@Test
public void compareTo_shouldCorrectlyCompareStartAndEndDate() throws Exception {
    CohortMembership firstMembership = new CohortMembership(4);
    CohortMembership secondMembership = new CohortMembership(4);
    
    Cohort cohort = new Cohort(1);
    
    firstMembership.setCohort(cohort);
    secondMembership.setCohort(cohort);
    
    SimpleDateFormat dateFormat = new SimpleDateFormat("yyyy-MM-dd HH:mm:ss");
    Date startDate = dateFormat.parse("2017-01-01 00:00:00");
    Date endDate = dateFormat.parse("2017-01-31 00:00:00");
    
    // Scenario 1: Compare by start date
    firstMembership.setStartDate(startDate);
    secondMembership.setStartDate(endDate);
    
    int comparisonResult = firstMembership.compareTo(secondMembership);
    assertTrue("Expected first membership to be less than the second due to earlier start date", comparisonResult < 0);
    
    // Resetting for next comparison
    firstMembership.setEndDate(null);
    secondMembership.setEndDate(null);
    
    // Scenario 2: Compare where start dates are equal but end dates are different
    secondMembership.setStartDate(startDate); // both have same start date now
    secondMembership.setEndDate(endDate); // only second has end date
    
    comparisonResult = firstMembership.compareTo(secondMembership);
    assertTrue("Expected first membership to be less than the second due to lack of end date", comparisonResult < 0);

    // Scenario 3: Compare where start dates and end dates are the same
    firstMembership.setEndDate(endDate); // both have the same end date now
    
    comparisonResult = firstMembership.compareTo(secondMembership);
    assertEquals("Expected memberships to be equal when both start and end dates are the same", 0, comparisonResult);
}
</new_test>
----------------------------------------------------------------
generated test
@Test
public void compareTo_shouldCorrectlyCompareStartAndEndDate() throws Exception {
    CohortMembership firstMembership = new CohortMembership(4);
    CohortMembership secondMembership = new CohortMembership(4);
    
    Cohort cohort = new Cohort(1);
    
    firstMembership.setCohort(cohort);
    secondMembership.setCohort(cohort);
    
    SimpleDateFormat dateFormat = new SimpleDateFormat("yyyy-MM-dd HH:mm:ss");
    Date startDate = dateFormat.parse("2017-01-01 00:00:00");
    Date endDate = dateFormat.parse("2017-01-31 00:00:00");
    
    // Scenario 1: Compare by start date
    firstMembership.setStartDate(startDate);
    secondMembership.setStartDate(endDate);
    
    int comparisonResult = firstMembership.compareTo(secondMembership);
    assertTrue("Expected first membership to be less than the second due to earlier start date", comparisonResult < 0);
    
    // Resetting for next comparison
    firstMembership.setEndDate(null);
    secondMembership.setEndDate(null);
    
    // Scenario 2: Compare where start dates are equal but end dates are different
    secondMembership.setStartDate(startDate); // both have same start date now
    secondMembership.setEndDate(endDate); // only second has end date
    
    comparisonResult = firstMembership.compareTo(secondMembership);
    assertTrue("Expected first membership to be less than the second due to lack of end date", comparisonResult < 0);

    // Scenario 3: Compare where start dates and end dates are the same
    firstMembership.setEndDate(endDate); // both have the same end date now
    
    comparisonResult = firstMembership.compareTo(secondMembership);
    assertEquals("Expected memberships to be equal when both start and end dates are the same", 0, comparisonResult);
}
----------------------------------------------------------------
last generated diff test
--- 

+++ 

@@ -1,5 +1,5 @@

 @Test
-public void compareTo_shouldFailIfStartOrEndDateDoNotMatch() throws Exception {
+public void compareTo_shouldCorrectlyCompareStartAndEndDate() throws Exception {
     CohortMembership firstMembership = new CohortMembership(4);
     CohortMembership secondMembership = new CohortMembership(4);
     
@@ -9,16 +9,30 @@

     secondMembership.setCohort(cohort);
     
     SimpleDateFormat dateFormat = new SimpleDateFormat("yyyy-MM-dd HH:mm:ss");
-    Date oneDate = dateFormat.parse("2017-01-01 00:00:00");
-    Date twoDate = dateFormat.parse("2017-01-31 00:00:00");
+    Date startDate = dateFormat.parse("2017-01-01 00:00:00");
+    Date endDate = dateFormat.parse("2017-01-31 00:00:00");
     
-    firstMembership.setStartDate(oneDate);
-    secondMembership.setStartDate(twoDate);
+    // Scenario 1: Compare by start date
+    firstMembership.setStartDate(startDate);
+    secondMembership.setStartDate(endDate);
     
-    assertTrue(firstMembership.compareTo(secondMembership) < 0);
+    int comparisonResult = firstMembership.compareTo(secondMembership);
+    assertTrue("Expected first membership to be less than the second due to earlier start date", comparisonResult < 0);
     
-    secondMembership.setStartDate(oneDate);
-    secondMembership.setEndDate(twoDate);
+    // Resetting for next comparison
+    firstMembership.setEndDate(null);
+    secondMembership.setEndDate(null);
     
-    assertTrue(firstMembership.compareTo(secondMembership) == 0);
+    // Scenario 2: Compare where start dates are equal but end dates are different
+    secondMembership.setStartDate(startDate); // both have same start date now
+    secondMembership.setEndDate(endDate); // only second has end date
+    
+    comparisonResult = firstMembership.compareTo(secondMembership);
+    assertTrue("Expected first membership to be less than the second due to lack of end date", comparisonResult < 0);
+
+    // Scenario 3: Compare where start dates and end dates are the same
+    firstMembership.setEndDate(endDate); // both have the same end date now
+    
+    comparisonResult = firstMembership.compareTo(secondMembership);
+    assertEquals("Expected memberships to be equal when both start and end dates are the same", 0, comparisonResult);
 }

----------------------------------------------------------------
state: 1
----------------------------------------------------------------
description: 单元测试不通过
----------------------------------------------------------------
message
-------------------------------------------------------------------------------
Test set: org.openmrs.CohortMembershipTest
-------------------------------------------------------------------------------
Tests run: 10, Failures: 1, Errors: 0, Skipped: 0, Time elapsed: 0.292 sec <<< FAILURE! - in org.openmrs.CohortMembershipTest
compareTo_shouldCorrectlyCompareStartAndEndDate(org.openmrs.CohortMembershipTest)  Time elapsed: 0 sec  <<< FAILURE!
java.lang.AssertionError: Expected first membership to be less than the second due to lack of end date
	at org.junit.Assert.fail(Assert.java:88)
	at org.junit.Assert.assertTrue(Assert.java:41)
	at org.openmrs.CohortMembershipTest.compareTo_shouldCorrectlyCompareStartAndEndDate(CohortMembershipTest.java:156)


--------------------------------------------------------------------------------------------------------------------------------
now time: 3
----------------------------------------------------------------
llm output
<new_test>
@Test
public void compareTo_shouldCorrectlyEvaluateStartAndEndDateDifferences() throws Exception {
    CohortMembership firstMembership = new CohortMembership(4);
    CohortMembership secondMembership = new CohortMembership(4);
    
    Cohort cohort = new Cohort(1);
    
    firstMembership.setCohort(cohort);
    secondMembership.setCohort(cohort);
    
    SimpleDateFormat dateFormat = new SimpleDateFormat("yyyy-MM-dd HH:mm:ss");
    Date startDate = dateFormat.parse("2017-01-01 00:00:00");
    Date endDate = dateFormat.parse("2017-01-31 00:00:00");
    
    // Setting start dates to the same for both memberships and differing the end dates
    firstMembership.setStartDate(startDate);
    secondMembership.setStartDate(startDate);
    secondMembership.setEndDate(endDate); // Only the second membership has end date
    
    // Comparing memberships when only one has an end date
    assertNotEquals("Expected first membership to not equal to the second when only one has an end date", 0, firstMembership.compareTo(secondMembership));
    
    // Both memberships have the same start and end dates
    firstMembership.setEndDate(endDate); // now both memberships have end dates
    
    // Comparing memberships when both have same start and end dates
    assertEquals("Expected memberships to be equal when both start and end dates are the same", 0, firstMembership.compareTo(secondMembership));

    // Adjusting the end date for secondMembership to test comparison again
    secondMembership.setEndDate(dateFormat.parse("2017-02-01 00:00:00")); // second's end date is later
    
    // Comparing memberships when both have start dates but different end dates
    assertTrue("Expected first membership to be less than the second when end date is earlier", firstMembership.compareTo(secondMembership) < 0);
}
</new_test>
----------------------------------------------------------------
generated test
@Test
public void compareTo_shouldCorrectlyEvaluateStartAndEndDateDifferences() throws Exception {
    CohortMembership firstMembership = new CohortMembership(4);
    CohortMembership secondMembership = new CohortMembership(4);
    
    Cohort cohort = new Cohort(1);
    
    firstMembership.setCohort(cohort);
    secondMembership.setCohort(cohort);
    
    SimpleDateFormat dateFormat = new SimpleDateFormat("yyyy-MM-dd HH:mm:ss");
    Date startDate = dateFormat.parse("2017-01-01 00:00:00");
    Date endDate = dateFormat.parse("2017-01-31 00:00:00");
    
    // Setting start dates to the same for both memberships and differing the end dates
    firstMembership.setStartDate(startDate);
    secondMembership.setStartDate(startDate);
    secondMembership.setEndDate(endDate); // Only the second membership has end date
    
    // Comparing memberships when only one has an end date
    assertNotEquals("Expected first membership to not equal to the second when only one has an end date", 0, firstMembership.compareTo(secondMembership));
    
    // Both memberships have the same start and end dates
    firstMembership.setEndDate(endDate); // now both memberships have end dates
    
    // Comparing memberships when both have same start and end dates
    assertEquals("Expected memberships to be equal when both start and end dates are the same", 0, firstMembership.compareTo(secondMembership));

    // Adjusting the end date for secondMembership to test comparison again
    secondMembership.setEndDate(dateFormat.parse("2017-02-01 00:00:00")); // second's end date is later
    
    // Comparing memberships when both have start dates but different end dates
    assertTrue("Expected first membership to be less than the second when end date is earlier", firstMembership.compareTo(secondMembership) < 0);
}
----------------------------------------------------------------
last generated diff test
--- 

+++ 

@@ -1,5 +1,5 @@

 @Test
-public void compareTo_shouldCorrectlyCompareStartAndEndDate() throws Exception {
+public void compareTo_shouldCorrectlyEvaluateStartAndEndDateDifferences() throws Exception {
     CohortMembership firstMembership = new CohortMembership(4);
     CohortMembership secondMembership = new CohortMembership(4);
     
@@ -12,27 +12,23 @@

     Date startDate = dateFormat.parse("2017-01-01 00:00:00");
     Date endDate = dateFormat.parse("2017-01-31 00:00:00");
     
-    // Scenario 1: Compare by start date
+    // Setting start dates to the same for both memberships and differing the end dates
     firstMembership.setStartDate(startDate);
-    secondMembership.setStartDate(endDate);
+    secondMembership.setStartDate(startDate);
+    secondMembership.setEndDate(endDate); // Only the second membership has end date
     
-    int comparisonResult = firstMembership.compareTo(secondMembership);
-    assertTrue("Expected first membership to be less than the second due to earlier start date", comparisonResult < 0);
+    // Comparing memberships when only one has an end date
+    assertNotEquals("Expected first membership to not equal to the second when only one has an end date", 0, firstMembership.compareTo(secondMembership));
     
-    // Resetting for next comparison
-    firstMembership.setEndDate(null);
-    secondMembership.setEndDate(null);
+    // Both memberships have the same start and end dates
+    firstMembership.setEndDate(endDate); // now both memberships have end dates
     
-    // Scenario 2: Compare where start dates are equal but end dates are different
-    secondMembership.setStartDate(startDate); // both have same start date now
-    secondMembership.setEndDate(endDate); // only second has end date
+    // Comparing memberships when both have same start and end dates
+    assertEquals("Expected memberships to be equal when both start and end dates are the same", 0, firstMembership.compareTo(secondMembership));
+
+    // Adjusting the end date for secondMembership to test comparison again
+    secondMembership.setEndDate(dateFormat.parse("2017-02-01 00:00:00")); // second's end date is later
     
-    comparisonResult = firstMembership.compareTo(secondMembership);
-    assertTrue("Expected first membership to be less than the second due to lack of end date", comparisonResult < 0);
-
-    // Scenario 3: Compare where start dates and end dates are the same
-    firstMembership.setEndDate(endDate); // both have the same end date now
-    
-    comparisonResult = firstMembership.compareTo(secondMembership);
-    assertEquals("Expected memberships to be equal when both start and end dates are the same", 0, comparisonResult);
+    // Comparing memberships when both have start dates but different end dates
+    assertTrue("Expected first membership to be less than the second when end date is earlier", firstMembership.compareTo(secondMembership) < 0);
 }

----------------------------------------------------------------
state: 3
----------------------------------------------------------------
description: 测试通过，覆盖率：0.7777777777777778
----------------------------------------------------------------
message

--------------------------------------------------------------------------------------------------------------------------------
total times: 3
----------------------------------------------------------------
generated test
@Test
public void compareTo_shouldCorrectlyEvaluateStartAndEndDateDifferences() throws Exception {
    CohortMembership firstMembership = new CohortMembership(4);
    CohortMembership secondMembership = new CohortMembership(4);
    
    Cohort cohort = new Cohort(1);
    
    firstMembership.setCohort(cohort);
    secondMembership.setCohort(cohort);
    
    SimpleDateFormat dateFormat = new SimpleDateFormat("yyyy-MM-dd HH:mm:ss");
    Date startDate = dateFormat.parse("2017-01-01 00:00:00");
    Date endDate = dateFormat.parse("2017-01-31 00:00:00");
    
    // Setting start dates to the same for both memberships and differing the end dates
    firstMembership.setStartDate(startDate);
    secondMembership.setStartDate(startDate);
    secondMembership.setEndDate(endDate); // Only the second membership has end date
    
    // Comparing memberships when only one has an end date
    assertNotEquals("Expected first membership to not equal to the second when only one has an end date", 0, firstMembership.compareTo(secondMembership));
    
    // Both memberships have the same start and end dates
    firstMembership.setEndDate(endDate); // now both memberships have end dates
    
    // Comparing memberships when both have same start and end dates
    assertEquals("Expected memberships to be equal when both start and end dates are the same", 0, firstMembership.compareTo(secondMembership));

    // Adjusting the end date for secondMembership to test comparison again
    secondMembership.setEndDate(dateFormat.parse("2017-02-01 00:00:00")); // second's end date is later
    
    // Comparing memberships when both have start dates but different end dates
    assertTrue("Expected first membership to be less than the second when end date is earlier", firstMembership.compareTo(secondMembership) < 0);
}
----------------------------------------------------------------
old generated diff test
--- 

+++ 

@@ -1,24 +1,34 @@

 @Test
-	public void compareTo_shouldFailIfStartOrEndDateDoNotMatch() throws Exception {
-		CohortMembership firstMembership = new CohortMembership(4);
-		CohortMembership secondMembership = new CohortMembership(4);
-		
-		Cohort cohort = new Cohort(1);
-		
-		firstMembership.setCohort(cohort);
-		secondMembership.setCohort(cohort);
-		
-		SimpleDateFormat dateFormat = new SimpleDateFormat("yyyy-MM-dd HH:mm:ss");
-		Date oneDate = dateFormat.parse("2017-01-01 00:00:00");
-		Date twoDate = dateFormat.parse("2017-01-31 00:00:00");
-		
-		firstMembership.setStartDate(oneDate);
-		secondMembership.setStartDate(twoDate);
-		
-		assertEquals(-1, firstMembership.compareTo(secondMembership));
-		
-		secondMembership.setStartDate(oneDate);
-		secondMembership.setEndDate(twoDate);
-		
-		assertEquals(-1, firstMembership.compareTo(secondMembership));
-	}
+public void compareTo_shouldCorrectlyEvaluateStartAndEndDateDifferences() throws Exception {
+    CohortMembership firstMembership = new CohortMembership(4);
+    CohortMembership secondMembership = new CohortMembership(4);
+    
+    Cohort cohort = new Cohort(1);
+    
+    firstMembership.setCohort(cohort);
+    secondMembership.setCohort(cohort);
+    
+    SimpleDateFormat dateFormat = new SimpleDateFormat("yyyy-MM-dd HH:mm:ss");
+    Date startDate = dateFormat.parse("2017-01-01 00:00:00");
+    Date endDate = dateFormat.parse("2017-01-31 00:00:00");
+    
+    // Setting start dates to the same for both memberships and differing the end dates
+    firstMembership.setStartDate(startDate);
+    secondMembership.setStartDate(startDate);
+    secondMembership.setEndDate(endDate); // Only the second membership has end date
+    
+    // Comparing memberships when only one has an end date
+    assertNotEquals("Expected first membership to not equal to the second when only one has an end date", 0, firstMembership.compareTo(secondMembership));
+    
+    // Both memberships have the same start and end dates
+    firstMembership.setEndDate(endDate); // now both memberships have end dates
+    
+    // Comparing memberships when both have same start and end dates
+    assertEquals("Expected memberships to be equal when both start and end dates are the same", 0, firstMembership.compareTo(secondMembership));
+
+    // Adjusting the end date for secondMembership to test comparison again
+    secondMembership.setEndDate(dateFormat.parse("2017-02-01 00:00:00")); // second's end date is later
+    
+    // Comparing memberships when both have start dates but different end dates
+    assertTrue("Expected first membership to be less than the second when end date is earlier", firstMembership.compareTo(secondMembership) < 0);
+}

----------------------------------------------------------------
generated new diff test
--- 

+++ 

@@ -1,34 +1,21 @@

 @Test
-public void compareTo_shouldCorrectlyEvaluateStartAndEndDateDifferences() throws Exception {
-    CohortMembership firstMembership = new CohortMembership(4);
-    CohortMembership secondMembership = new CohortMembership(4);
-    
-    Cohort cohort = new Cohort(1);
-    
-    firstMembership.setCohort(cohort);
-    secondMembership.setCohort(cohort);
-    
-    SimpleDateFormat dateFormat = new SimpleDateFormat("yyyy-MM-dd HH:mm:ss");
-    Date startDate = dateFormat.parse("2017-01-01 00:00:00");
-    Date endDate = dateFormat.parse("2017-01-31 00:00:00");
-    
-    // Setting start dates to the same for both memberships and differing the end dates
-    firstMembership.setStartDate(startDate);
-    secondMembership.setStartDate(startDate);
-    secondMembership.setEndDate(endDate); // Only the second membership has end date
-    
-    // Comparing memberships when only one has an end date
-    assertNotEquals("Expected first membership to not equal to the second when only one has an end date", 0, firstMembership.compareTo(secondMembership));
-    
-    // Both memberships have the same start and end dates
-    firstMembership.setEndDate(endDate); // now both memberships have end dates
-    
-    // Comparing memberships when both have same start and end dates
-    assertEquals("Expected memberships to be equal when both start and end dates are the same", 0, firstMembership.compareTo(secondMembership));
-
-    // Adjusting the end date for secondMembership to test comparison again
-    secondMembership.setEndDate(dateFormat.parse("2017-02-01 00:00:00")); // second's end date is later
-    
-    // Comparing memberships when both have start dates but different end dates
-    assertTrue("Expected first membership to be less than the second when end date is earlier", firstMembership.compareTo(secondMembership) < 0);
-}
+	public void compareTo_shouldFailIfStartOrEndDateDoNotMatch() throws Exception {
+		CohortMembership firstMembership = new CohortMembership(4);
+		CohortMembership secondMembership = new CohortMembership(4);
+		
+		Cohort cohort = new Cohort(1);
+		
+		firstMembership.setCohort(cohort);
+		secondMembership.setCohort(cohort);
+		
+		SimpleDateFormat dateFormat = new SimpleDateFormat("yyyy-MM-dd HH:mm:ss");
+		Date oneDate = dateFormat.parse("2017-01-01 00:00:00");
+		Date twoDate = dateFormat.parse("2017-01-31 00:00:00");
+		
+		firstMembership.setStartDate(oneDate);
+		secondMembership.setStartDate(oneDate);
+		secondMembership.setEndDate(twoDate);
+		
+		assertEquals(1, firstMembership.compareTo(secondMembership));
+		assertEquals(-1, secondMembership.compareTo(firstMembership));
+	}

----------------------------------------------------------------
state: 3
----------------------------------------------------------------
description: 测试通过，覆盖率：0.7777777777777778
--------------------------------------------------------------------------------------------------------------------------------
