--------------------------------------------------------------------------------------------------------------------------------
new state: 3
----------------------------------------------------------------
new description: 测试通过，覆盖率：0.8620689655172413
----------------------------------------------------------------
new message

--------------------------------------------------------------------------------------------------------------------------------
old state: 3
----------------------------------------------------------------
old description: 测试通过，覆盖率：0.8620689655172413
----------------------------------------------------------------
old message

--------------------------------------------------------------------------------------------------------------------------------
old product
@Override
	public OrderFrequency saveOrderFrequency(OrderFrequency orderFrequency) throws APIException {
		
		if (orderFrequency.getOrderFrequencyId() != null) {
			if (dao.isOrderFrequencyInUse(orderFrequency)) {
				throw new APIException("This order frequency cannot be edited because it is already in use");
			}
		}
		
		ValidateUtil.validate(orderFrequency);
		return dao.saveOrderFrequency(orderFrequency);
	}
----------------------------------------------------------------
old test
@Test(expected = APIException.class)
	@Verifies(value = "should not allow editing an existing order frequency that is in use", method = "saveOrderFrequency(OrderFrequency)")
	public void saveOrderFrequency_shouldNotAllowEditingAnExistingOrderFrequencyThatIsInUse() throws Exception {
		OrderFrequency orderFrequency = Context.getOrderService().getOrderFrequency(1);
		assertNotNull(orderFrequency);
		
		orderFrequency.setFrequencyPerDay(4d);
		Context.getOrderService().saveOrderFrequency(orderFrequency);
	}
----------------------------------------------------------------
new product
@Override
	public OrderFrequency saveOrderFrequency(OrderFrequency orderFrequency) throws APIException {
		
		if (orderFrequency.getOrderFrequencyId() != null) {
			if (dao.isOrderFrequencyInUse(orderFrequency)) {
				throw new APIException("This order frequency cannot be edited because it is already in use");
			}
		}
		
		return dao.saveOrderFrequency(orderFrequency);
	}
----------------------------------------------------------------
new test
@Test
	@Verifies(value = "should not allow editing an existing order frequency that is in use", method = "saveOrderFrequency(OrderFrequency)")
	public void saveOrderFrequency_shouldNotAllowEditingAnExistingOrderFrequencyThatIsInUse() throws Exception {
		OrderFrequency orderFrequency = Context.getOrderService().getOrderFrequency(1);
		assertNotNull(orderFrequency);
		
		orderFrequency.setFrequencyPerDay(4d);
		expectedException.expect(APIException.class);
		expectedException.expectMessage("This order frequency cannot be edited because it is already in use");
		Context.getOrderService().saveOrderFrequency(orderFrequency);
	}
----------------------------------------------------------------
diff product
diff --git a/old_product.java b/new_product.java
index 088f36e..fbef03f 100644
--- a/old_product.java
+++ b/new_product.java
@@ -7,6 +7,5 @@
 			}
 		}
 		
-		ValidateUtil.validate(orderFrequency);
 		return dao.saveOrderFrequency(orderFrequency);
 	}
\ No newline at end of file

----------------------------------------------------------------
diff test
diff --git a/old_test.java b/new_test.java
index 9c6a5ea..695b8a5 100644
--- a/old_test.java
+++ b/new_test.java
@@ -1,9 +1,11 @@
-@Test(expected = APIException.class)
+@Test
 	@Verifies(value = "should not allow editing an existing order frequency that is in use", method = "saveOrderFrequency(OrderFrequency)")
 	public void saveOrderFrequency_shouldNotAllowEditingAnExistingOrderFrequencyThatIsInUse() throws Exception {
 		OrderFrequency orderFrequency = Context.getOrderService().getOrderFrequency(1);
 		assertNotNull(orderFrequency);
 		
 		orderFrequency.setFrequencyPerDay(4d);
+		expectedException.expect(APIException.class);
+		expectedException.expectMessage("This order frequency cannot be edited because it is already in use");
 		Context.getOrderService().saveOrderFrequency(orderFrequency);
 	}
\ No newline at end of file

--------------------------------------------------------------------------------------------------------------------------------
sample diff product
diff --git a/old_product.java b/new_product.java
index fbef03f..32704b0 100644
--- a/old_product.java
+++ b/new_product.java
@@ -1,10 +1,8 @@
 @Override
 	public OrderFrequency saveOrderFrequency(OrderFrequency orderFrequency) throws APIException {
 		
-		if (orderFrequency.getOrderFrequencyId() != null) {
-			if (dao.isOrderFrequencyInUse(orderFrequency)) {
+		if (orderFrequency.getOrderFrequencyId() != null && dao.isOrderFrequencyInUse(orderFrequency)) {
 				throw new APIException("This order frequency cannot be edited because it is already in use");
-			}
 		}
 		
 		return dao.saveOrderFrequency(orderFrequency);

----------------------------------------------------------------
sample diff test
diff --git a/old_test.java b/new_test.java
index a5e7c4e..a9d8597 100644
--- a/old_test.java
+++ b/new_test.java
@@ -6,6 +6,6 @@
 		
 		orderFrequency.setFrequencyPerDay(4d);
 		expectedException.expect(APIException.class);
-		expectedException.expectMessage("This order frequency cannot be edited because it is already in use");
+		expectedException.expectMessage("Order.frequency.cannot.edit");
 		orderService.saveOrderFrequency(orderFrequency);
 	}
\ No newline at end of file

----------------------------------------------------------------
coverage: 0.8620689655172413
--------------------------------------------------------------------------------------------------------------------------------
now time: 1
----------------------------------------------------------------
llm output
Given the changes in the production method as shown in `<diff_product>` that indicates the removal of `ValidateUtil.validate(orderFrequency);` and the changes in handling conditional checks to combine the check for a non-null OrderFrequency ID and whether it is in use into a single conditional statement, along with the reference to a similar change pattern in `<sample_diff_product>` and `<sample_diff_test>`, the new test method reflecting these updates can be inferred as follows:

```java
// <new_test>
@Test
public void saveOrderFrequency_shouldNotAllowEditingAnExistingOrderFrequencyThatIsInUse() throws Exception {
    expectedException.expect(APIException.class);
    expectedException.expectMessage("Order.frequency.cannot.edit");

    OrderFrequency orderFrequency = Context.getOrderService().getOrderFrequency(1);
    assertNotNull(orderFrequency);
    
    orderFrequency.setFrequencyPerDay(4d);
    Context.getOrderService().saveOrderFrequency(orderFrequency);
}
// </new_test>
```

This new test method incorporates the following changes:
- Updated to use the `expectedException` mechanism to specify the expected exception type and message. This aligns with the change shown in the `<sample_diff_test>`, where the method of specifying expected exceptions in test methods has been modified.
- The updated expected exception message `"Order.frequency.cannot.edit"` directly reflects the standardized error message approach, as seen in the sample diff provided.

This approach maintains consistency with the simplified error handling mechanism shown in the production code changes and aligns with the method used in the sample to provide clearer, more predictable error messaging.
----------------------------------------------------------------
generated test
@Test
public void saveOrderFrequency_shouldNotAllowEditingAnExistingOrderFrequencyThatIsInUse() throws Exception {
    expectedException.expect(APIException.class);
    expectedException.expectMessage("Order.frequency.cannot.edit");

    OrderFrequency orderFrequency = Context.getOrderService().getOrderFrequency(1);
    assertNotNull(orderFrequency);
    
    orderFrequency.setFrequencyPerDay(4d);
    Context.getOrderService().saveOrderFrequency(orderFrequency);
}
//
----------------------------------------------------------------
last generated diff test
--- 

+++ 

@@ -1,9 +1,12 @@

-@Test(expected = APIException.class)
-	@Verifies(value = "should not allow editing an existing order frequency that is in use", method = "saveOrderFrequency(OrderFrequency)")
-	public void saveOrderFrequency_shouldNotAllowEditingAnExistingOrderFrequencyThatIsInUse() throws Exception {
-		OrderFrequency orderFrequency = Context.getOrderService().getOrderFrequency(1);
-		assertNotNull(orderFrequency);
-		
-		orderFrequency.setFrequencyPerDay(4d);
-		Context.getOrderService().saveOrderFrequency(orderFrequency);
-	}
+@Test
+public void saveOrderFrequency_shouldNotAllowEditingAnExistingOrderFrequencyThatIsInUse() throws Exception {
+    expectedException.expect(APIException.class);
+    expectedException.expectMessage("Order.frequency.cannot.edit");
+
+    OrderFrequency orderFrequency = Context.getOrderService().getOrderFrequency(1);
+    assertNotNull(orderFrequency);
+    
+    orderFrequency.setFrequencyPerDay(4d);
+    Context.getOrderService().saveOrderFrequency(orderFrequency);
+}
+//

----------------------------------------------------------------
state: 1
----------------------------------------------------------------
description: 单元测试不通过
----------------------------------------------------------------
message
-------------------------------------------------------------------------------
Test set: org.openmrs.api.OrderServiceTest
-------------------------------------------------------------------------------
Tests run: 60, Failures: 1, Errors: 0, Skipped: 0, Time elapsed: 9.904 sec <<< FAILURE!
saveOrderFrequency_shouldNotAllowEditingAnExistingOrderFrequencyThatIsInUse(org.openmrs.api.OrderServiceTest)  Time elapsed: 0.058 sec  <<< FAILURE!
java.lang.AssertionError: 
Expected: (an instance of org.openmrs.api.APIException and exception with message a string containing "Order.frequency.cannot.edit")
     but: exception with message a string containing "Order.frequency.cannot.edit" message was "This order frequency cannot be edited because it is already in use"
Stacktrace was: org.openmrs.api.APIException: This order frequency cannot be edited because it is already in use
	at org.openmrs.api.impl.OrderServiceImpl.saveOrderFrequency(OrderServiceImpl.java:468)
	at sun.reflect.NativeMethodAccessorImpl.invoke0(Native Method)
	at sun.reflect.NativeMethodAccessorImpl.invoke(NativeMethodAccessorImpl.java:39)
	at sun.reflect.DelegatingMethodAccessorImpl.invoke(DelegatingMethodAccessorImpl.java:25)
	at java.lang.reflect.Method.invoke(Method.java:597)
	at org.springframework.aop.support.AopUtils.invokeJoinpointUsingReflection(AopUtils.java:309)
	at org.springframework.aop.framework.ReflectiveMethodInvocation.invokeJoinpoint(ReflectiveMethodInvocation.java:183)
	at org.springframework.aop.framework.ReflectiveMethodInvocation.proceed(ReflectiveMethodInvocation.java:150)
	at org.springframework.transaction.interceptor.TransactionInterceptor.invoke(TransactionInterceptor.java:110)
	at org.springframework.aop.framework.ReflectiveMethodInvocation.proceed(ReflectiveMethodInvocation.java:172)
	at org.springframework.aop.framework.JdkDynamicAopProxy.invoke(JdkDynamicAopProxy.java:202)
	at com.sun.proxy.$Proxy34.saveOrderFrequency(Unknown Source)
	at sun.reflect.NativeMethodAccessorImpl.invoke0(Native Method)
	at sun.reflect.NativeMethodAccessorImpl.invoke(NativeMethodAccessorImpl.java:39)
	at sun.reflect.DelegatingMethodAccessorImpl.invoke(DelegatingMethodAccessorImpl.java:25)
	at java.lang.reflect.Method.invoke(Method.java:597)
	at org.springframework.aop.support.AopUtils.invokeJoinpointUsingReflection(AopUtils.java:309)
	at org.springframework.aop.framework.ReflectiveMethodInvocation.invokeJoinpoint(ReflectiveMethodInvocation.java:183)
	at org.springframework.aop.framework.ReflectiveMethodInvocation.proceed(ReflectiveMethodInvocation.java:150)
	at org.openmrs.aop.LoggingAdvice.invoke(LoggingAdvice.java:122)
	at org.springframework.aop.framework.ReflectiveMethodInvocation.proceed(ReflectiveMethodInvocation.java:172)
	at org.springframework.aop.framework.adapter.MethodBeforeAdviceInterceptor.invoke(MethodBeforeAdviceInterceptor.java:50)
	at org.springframework.aop.framework.ReflectiveMethodInvocation.proceed(ReflectiveMethodInvocation.java:172)
	at org.springframework.aop.framework.adapter.MethodBeforeAdviceInterceptor.invoke(MethodBeforeAdviceInterceptor.java:50)
	at org.springframework.aop.framework.ReflectiveMethodInvocation.proceed(ReflectiveMethodInvocation.java:172)
	at org.springframework.aop.framework.JdkDynamicAopProxy.invoke(JdkDynamicAopProxy.java:202)
	at com.sun.proxy.$Proxy35.saveOrderFrequency(Unknown Source)
	at org.openmrs.api.OrderServiceTest.saveOrderFrequency_shouldNotAllowEditingAnExistingOrderFrequencyThatIsInUse(OrderServiceTest.java:1086)
	at sun.reflect.NativeMethodAccessorImpl.invoke0(Native Method)
	at sun.reflect.NativeMethodAccessorImpl.invoke(NativeMethodAccessorImpl.java:39)
	at sun.reflect.DelegatingMethodAccessorImpl.invoke(DelegatingMethodAccessorImpl.java:25)
	at java.lang.reflect.Method.invoke(Method.java:597)
	at org.junit.runners.model.FrameworkMethod$1.runReflectiveCall(FrameworkMethod.java:47)
	at org.junit.internal.runners.model.ReflectiveCallable.run(ReflectiveCallable.java:12)
	at org.junit.runners.model.FrameworkMethod.invokeExplosively(FrameworkMethod.java:44)
	at org.junit.internal.runners.statements.InvokeMethod.evaluate(InvokeMethod.java:17)
	at org.junit.rules.ExpectedException$ExpectedExceptionStatement.evaluate(ExpectedException.java:168)
	at org.junit.rules.RunRules.evaluate(RunRules.java:20)
	at org.junit.internal.runners.statements.RunBefores.evaluate(RunBefores.java:26)
	at org.springframework.test.context.junit4.statements.RunBeforeTestMethodCallbacks.evaluate(RunBeforeTestMethodCallbacks.java:74)
	at org.junit.internal.runners.statements.RunAfters.evaluate(RunAfters.java:27)
	at org.springframework.test.context.junit4.statements.RunAfterTestMethodCallbacks.evaluate(RunAfterTestMethodCallbacks.java:82)
	at org.springframework.test.context.junit4.statements.SpringRepeat.evaluate(SpringRepeat.java:72)
	at org.springframework.test.context.junit4.SpringJUnit4ClassRunner.runChild(SpringJUnit4ClassRunner.java:240)
	at org.junit.runners.BlockJUnit4ClassRunner.runChild(BlockJUnit4ClassRunner.java:50)
	at org.junit.runners.ParentRunner$3.run(ParentRunner.java:238)
	at org.junit.runners.ParentRunner$1.schedule(ParentRunner.java:63)
	at org.junit.runners.ParentRunner.runChildren(ParentRunner.java:236)
	at org.junit.runners.ParentRunner.access$000(ParentRunner.java:53)
	at org.junit.runners.ParentRunner$2.evaluate(ParentRunner.java:229)
	at org.springframework.test.context.junit4.statements.RunBeforeTestClassCallbacks.evaluate(RunBeforeTestClassCallbacks.java:61)
	at org.junit.internal.runners.statements.RunAfters.evaluate(RunAfters.java:27)
	at org.springframework.test.context.junit4.statements.RunAfterTestClassCallbacks.evaluate(RunAfterTestClassCallbacks.java:70)
	at org.junit.runners.ParentRunner.run(ParentRunner.java:309)
	at org.springframework.test.context.junit4.SpringJUnit4ClassRunner.run(SpringJUnit4ClassRunner.java:180)
	at org.apache.maven.surefire.junit4.JUnit4TestSet.execute(JUnit4TestSet.java:59)
	at org.apache.maven.surefire.suite.AbstractDirectoryTestSuite.executeTestSet(AbstractDirectoryTestSuite.java:115)
	at org.apache.maven.surefire.suite.AbstractDirectoryTestSuite.execute(AbstractDirectoryTestSuite.java:102)
	at org.apache.maven.surefire.Surefire.run(Surefire.java:180)
	at sun.reflect.NativeMethodAccessorImpl.invoke0(Native Method)
	at sun.reflect.NativeMethodAccessorImpl.invoke(NativeMethodAccessorImpl.java:39)
	at sun.reflect.DelegatingMethodAccessorImpl.invoke(DelegatingMethodAccessorImpl.java:25)
	at java.lang.reflect.Method.invoke(Method.java:597)
	at org.apache.maven.surefire.booter.SurefireBooter.runSuitesInProcess(SurefireBooter.java:350)
	at org.apache.maven.surefire.booter.SurefireBooter.main(SurefireBooter.java:1021)

	at org.hamcrest.MatcherAssert.assertThat(MatcherAssert.java:20)
	at org.junit.Assert.assertThat(Assert.java:865)
	at org.junit.Assert.assertThat(Assert.java:832)
	at org.junit.rules.ExpectedException.handleException(ExpectedException.java:198)
	at org.junit.rules.ExpectedException.access$500(ExpectedException.java:85)
	at org.junit.rules.ExpectedException$ExpectedExceptionStatement.evaluate(ExpectedException.java:177)
	at org.junit.rules.RunRules.evaluate(RunRules.java:20)
	at org.junit.internal.runners.statements.RunBefores.evaluate(RunBefores.java:26)
	at org.springframework.test.context.junit4.statements.RunBeforeTestMethodCallbacks.evaluate(RunBeforeTestMethodCallbacks.java:74)
	at org.junit.internal.runners.statements.RunAfters.evaluate(RunAfters.java:27)
	at org.springframework.test.context.junit4.statements.RunAfterTestMethodCallbacks.evaluate(RunAfterTestMethodCallbacks.java:82)
	at org.springframework.test.context.junit4.statements.SpringRepeat.evaluate(SpringRepeat.java:72)
	at org.springframework.test.context.junit4.SpringJUnit4ClassRunner.runChild(SpringJUnit4ClassRunner.java:240)
	at org.junit.runners.BlockJUnit4ClassRunner.runChild(BlockJUnit4ClassRunner.java:50)
	at org.junit.runners.ParentRunner$3.run(ParentRunner.java:238)
	at org.junit.runners.ParentRunner$1.schedule(ParentRunner.java:63)
	at org.junit.runners.ParentRunner.runChildren(ParentRunner.java:236)
	at org.junit.runners.ParentRunner.access$000(ParentRunner.java:53)
	at org.junit.runners.ParentRunner$2.evaluate(ParentRunner.java:229)
	at org.springframework.test.context.junit4.statements.RunBeforeTestClassCallbacks.evaluate(RunBeforeTestClassCallbacks.java:61)
	at org.junit.internal.runners.statements.RunAfters.evaluate(RunAfters.java:27)
	at org.springframework.test.context.junit4.statements.RunAfterTestClassCallbacks.evaluate(RunAfterTestClassCallbacks.java:70)
	at org.junit.runners.ParentRunner.run(ParentRunner.java:309)
	at org.springframework.test.context.junit4.SpringJUnit4ClassRunner.run(SpringJUnit4ClassRunner.java:180)
	at org.apache.maven.surefire.junit4.JUnit4TestSet.execute(JUnit4TestSet.java:59)
	at org.apache.maven.surefire.suite.AbstractDirectoryTestSuite.executeTestSet(AbstractDirectoryTestSuite.java:115)
	at org.apache.maven.surefire.suite.AbstractDirectoryTestSuite.execute(AbstractDirectoryTestSuite.java:102)
	at org.apache.maven.surefire.Surefire.run(Surefire.java:180)
	at sun.reflect.NativeMethodAccessorImpl.invoke0(Native Method)
	at sun.reflect.NativeMethodAccessorImpl.invoke(NativeMethodAccessorImpl.java:39)
	at sun.reflect.DelegatingMethodAccessorImpl.invoke(DelegatingMethodAccessorImpl.java:25)
	at java.lang.reflect.Method.invoke(Method.java:597)
	at org.apache.maven.surefire.booter.SurefireBooter.runSuitesInProcess(SurefireBooter.java:350)
	at org.apache.maven.surefire.booter.SurefireBooter.main(SurefireBooter.java:1021)


--------------------------------------------------------------------------------------------------------------------------------
now time: 2
----------------------------------------------------------------
llm output
Based on the JUnit failure message provided, it appears that the expected exception message specified in the test does not match the actual exception message thrown by the method under test. The test expects a message containing "Order.frequency.cannot.edit" but the actual message is "This order frequency cannot be edited because it is already in use". 

To rectify this mismatch and ensure the test passes as intended, the expected exception message assertion in the test method should be updated to correctly reflect the message being thrown by the `saveOrderFrequency` method.

Here is the revised test method:

```java
// <new_test>
@Test
public void saveOrderFrequency_shouldNotAllowEditingAnExistingOrderFrequencyThatIsInUse() throws Exception {
    expectedException.expect(APIException.class);
    expectedException.expectMessage("This order frequency cannot be edited because it is already in use");

    OrderFrequency orderFrequency = Context.getOrderService().getOrderFrequency(1);
    assertNotNull(orderFrequency);
    
    orderFrequency.setFrequencyPerDay(4d);
    Context.getOrderService().saveOrderFrequency(orderFrequency);
}
// </new_test>
```

In this updated test method:
- The `expectedException.expectMessage` call has been modified to expect the correct message "This order frequency cannot be edited because it is already in use".
- This change ensures that the assertion for the exception's message aligns with the actual behavior of the `saveOrderFrequency` method.

This update should allow the test to pass by correctly asserting the expected behavior and error messaging of the method under test.
----------------------------------------------------------------
generated test
@Test
public void saveOrderFrequency_shouldNotAllowEditingAnExistingOrderFrequencyThatIsInUse() throws Exception {
    expectedException.expect(APIException.class);
    expectedException.expectMessage("This order frequency cannot be edited because it is already in use");

    OrderFrequency orderFrequency = Context.getOrderService().getOrderFrequency(1);
    assertNotNull(orderFrequency);
    
    orderFrequency.setFrequencyPerDay(4d);
    Context.getOrderService().saveOrderFrequency(orderFrequency);
}
//
----------------------------------------------------------------
last generated diff test
--- 

+++ 

@@ -1,7 +1,7 @@

 @Test
 public void saveOrderFrequency_shouldNotAllowEditingAnExistingOrderFrequencyThatIsInUse() throws Exception {
     expectedException.expect(APIException.class);
-    expectedException.expectMessage("Order.frequency.cannot.edit");
+    expectedException.expectMessage("This order frequency cannot be edited because it is already in use");
 
     OrderFrequency orderFrequency = Context.getOrderService().getOrderFrequency(1);
     assertNotNull(orderFrequency);

----------------------------------------------------------------
state: 1
----------------------------------------------------------------
description: 单元测试不通过
----------------------------------------------------------------
message
-------------------------------------------------------------------------------
Test set: org.openmrs.api.OrderServiceTest
-------------------------------------------------------------------------------
Tests run: 60, Failures: 1, Errors: 0, Skipped: 0, Time elapsed: 13.554 sec <<< FAILURE!
saveOrderFrequency_shouldNotAllowEditingAnExistingOrderFrequencyThatIsInUse(org.openmrs.api.OrderServiceTest)  Time elapsed: 0.117 sec  <<< FAILURE!
java.lang.AssertionError: 
Expected: (an instance of org.openmrs.api.APIException and exception with message a string containing "Order.frequency.cannot.edit")
     but: exception with message a string containing "Order.frequency.cannot.edit" message was "This order frequency cannot be edited because it is already in use"
Stacktrace was: org.openmrs.api.APIException: This order frequency cannot be edited because it is already in use
	at org.openmrs.api.impl.OrderServiceImpl.saveOrderFrequency(OrderServiceImpl.java:468)
	at sun.reflect.NativeMethodAccessorImpl.invoke0(Native Method)
	at sun.reflect.NativeMethodAccessorImpl.invoke(NativeMethodAccessorImpl.java:39)
	at sun.reflect.DelegatingMethodAccessorImpl.invoke(DelegatingMethodAccessorImpl.java:25)
	at java.lang.reflect.Method.invoke(Method.java:597)
	at org.springframework.aop.support.AopUtils.invokeJoinpointUsingReflection(AopUtils.java:309)
	at org.springframework.aop.framework.ReflectiveMethodInvocation.invokeJoinpoint(ReflectiveMethodInvocation.java:183)
	at org.springframework.aop.framework.ReflectiveMethodInvocation.proceed(ReflectiveMethodInvocation.java:150)
	at org.springframework.transaction.interceptor.TransactionInterceptor.invoke(TransactionInterceptor.java:110)
	at org.springframework.aop.framework.ReflectiveMethodInvocation.proceed(ReflectiveMethodInvocation.java:172)
	at org.springframework.aop.framework.JdkDynamicAopProxy.invoke(JdkDynamicAopProxy.java:202)
	at com.sun.proxy.$Proxy34.saveOrderFrequency(Unknown Source)
	at sun.reflect.NativeMethodAccessorImpl.invoke0(Native Method)
	at sun.reflect.NativeMethodAccessorImpl.invoke(NativeMethodAccessorImpl.java:39)
	at sun.reflect.DelegatingMethodAccessorImpl.invoke(DelegatingMethodAccessorImpl.java:25)
	at java.lang.reflect.Method.invoke(Method.java:597)
	at org.springframework.aop.support.AopUtils.invokeJoinpointUsingReflection(AopUtils.java:309)
	at org.springframework.aop.framework.ReflectiveMethodInvocation.invokeJoinpoint(ReflectiveMethodInvocation.java:183)
	at org.springframework.aop.framework.ReflectiveMethodInvocation.proceed(ReflectiveMethodInvocation.java:150)
	at org.openmrs.aop.LoggingAdvice.invoke(LoggingAdvice.java:122)
	at org.springframework.aop.framework.ReflectiveMethodInvocation.proceed(ReflectiveMethodInvocation.java:172)
	at org.springframework.aop.framework.adapter.MethodBeforeAdviceInterceptor.invoke(MethodBeforeAdviceInterceptor.java:50)
	at org.springframework.aop.framework.ReflectiveMethodInvocation.proceed(ReflectiveMethodInvocation.java:172)
	at org.springframework.aop.framework.adapter.MethodBeforeAdviceInterceptor.invoke(MethodBeforeAdviceInterceptor.java:50)
	at org.springframework.aop.framework.ReflectiveMethodInvocation.proceed(ReflectiveMethodInvocation.java:172)
	at org.springframework.aop.framework.JdkDynamicAopProxy.invoke(JdkDynamicAopProxy.java:202)
	at com.sun.proxy.$Proxy35.saveOrderFrequency(Unknown Source)
	at org.openmrs.api.OrderServiceTest.saveOrderFrequency_shouldNotAllowEditingAnExistingOrderFrequencyThatIsInUse(OrderServiceTest.java:1086)
	at sun.reflect.NativeMethodAccessorImpl.invoke0(Native Method)
	at sun.reflect.NativeMethodAccessorImpl.invoke(NativeMethodAccessorImpl.java:39)
	at sun.reflect.DelegatingMethodAccessorImpl.invoke(DelegatingMethodAccessorImpl.java:25)
	at java.lang.reflect.Method.invoke(Method.java:597)
	at org.junit.runners.model.FrameworkMethod$1.runReflectiveCall(FrameworkMethod.java:47)
	at org.junit.internal.runners.model.ReflectiveCallable.run(ReflectiveCallable.java:12)
	at org.junit.runners.model.FrameworkMethod.invokeExplosively(FrameworkMethod.java:44)
	at org.junit.internal.runners.statements.InvokeMethod.evaluate(InvokeMethod.java:17)
	at org.junit.rules.ExpectedException$ExpectedExceptionStatement.evaluate(ExpectedException.java:168)
	at org.junit.rules.RunRules.evaluate(RunRules.java:20)
	at org.junit.internal.runners.statements.RunBefores.evaluate(RunBefores.java:26)
	at org.springframework.test.context.junit4.statements.RunBeforeTestMethodCallbacks.evaluate(RunBeforeTestMethodCallbacks.java:74)
	at org.junit.internal.runners.statements.RunAfters.evaluate(RunAfters.java:27)
	at org.springframework.test.context.junit4.statements.RunAfterTestMethodCallbacks.evaluate(RunAfterTestMethodCallbacks.java:82)
	at org.springframework.test.context.junit4.statements.SpringRepeat.evaluate(SpringRepeat.java:72)
	at org.springframework.test.context.junit4.SpringJUnit4ClassRunner.runChild(SpringJUnit4ClassRunner.java:240)
	at org.junit.runners.BlockJUnit4ClassRunner.runChild(BlockJUnit4ClassRunner.java:50)
	at org.junit.runners.ParentRunner$3.run(ParentRunner.java:238)
	at org.junit.runners.ParentRunner$1.schedule(ParentRunner.java:63)
	at org.junit.runners.ParentRunner.runChildren(ParentRunner.java:236)
	at org.junit.runners.ParentRunner.access$000(ParentRunner.java:53)
	at org.junit.runners.ParentRunner$2.evaluate(ParentRunner.java:229)
	at org.springframework.test.context.junit4.statements.RunBeforeTestClassCallbacks.evaluate(RunBeforeTestClassCallbacks.java:61)
	at org.junit.internal.runners.statements.RunAfters.evaluate(RunAfters.java:27)
	at org.springframework.test.context.junit4.statements.RunAfterTestClassCallbacks.evaluate(RunAfterTestClassCallbacks.java:70)
	at org.junit.runners.ParentRunner.run(ParentRunner.java:309)
	at org.springframework.test.context.junit4.SpringJUnit4ClassRunner.run(SpringJUnit4ClassRunner.java:180)
	at org.apache.maven.surefire.junit4.JUnit4TestSet.execute(JUnit4TestSet.java:59)
	at org.apache.maven.surefire.suite.AbstractDirectoryTestSuite.executeTestSet(AbstractDirectoryTestSuite.java:115)
	at org.apache.maven.surefire.suite.AbstractDirectoryTestSuite.execute(AbstractDirectoryTestSuite.java:102)
	at org.apache.maven.surefire.Surefire.run(Surefire.java:180)
	at sun.reflect.NativeMethodAccessorImpl.invoke0(Native Method)
	at sun.reflect.NativeMethodAccessorImpl.invoke(NativeMethodAccessorImpl.java:39)
	at sun.reflect.DelegatingMethodAccessorImpl.invoke(DelegatingMethodAccessorImpl.java:25)
	at java.lang.reflect.Method.invoke(Method.java:597)
	at org.apache.maven.surefire.booter.SurefireBooter.runSuitesInProcess(SurefireBooter.java:350)
	at org.apache.maven.surefire.booter.SurefireBooter.main(SurefireBooter.java:1021)

	at org.hamcrest.MatcherAssert.assertThat(MatcherAssert.java:20)
	at org.junit.Assert.assertThat(Assert.java:865)
	at org.junit.Assert.assertThat(Assert.java:832)
	at org.junit.rules.ExpectedException.handleException(ExpectedException.java:198)
	at org.junit.rules.ExpectedException.access$500(ExpectedException.java:85)
	at org.junit.rules.ExpectedException$ExpectedExceptionStatement.evaluate(ExpectedException.java:177)
	at org.junit.rules.RunRules.evaluate(RunRules.java:20)
	at org.junit.internal.runners.statements.RunBefores.evaluate(RunBefores.java:26)
	at org.springframework.test.context.junit4.statements.RunBeforeTestMethodCallbacks.evaluate(RunBeforeTestMethodCallbacks.java:74)
	at org.junit.internal.runners.statements.RunAfters.evaluate(RunAfters.java:27)
	at org.springframework.test.context.junit4.statements.RunAfterTestMethodCallbacks.evaluate(RunAfterTestMethodCallbacks.java:82)
	at org.springframework.test.context.junit4.statements.SpringRepeat.evaluate(SpringRepeat.java:72)
	at org.springframework.test.context.junit4.SpringJUnit4ClassRunner.runChild(SpringJUnit4ClassRunner.java:240)
	at org.junit.runners.BlockJUnit4ClassRunner.runChild(BlockJUnit4ClassRunner.java:50)
	at org.junit.runners.ParentRunner$3.run(ParentRunner.java:238)
	at org.junit.runners.ParentRunner$1.schedule(ParentRunner.java:63)
	at org.junit.runners.ParentRunner.runChildren(ParentRunner.java:236)
	at org.junit.runners.ParentRunner.access$000(ParentRunner.java:53)
	at org.junit.runners.ParentRunner$2.evaluate(ParentRunner.java:229)
	at org.springframework.test.context.junit4.statements.RunBeforeTestClassCallbacks.evaluate(RunBeforeTestClassCallbacks.java:61)
	at org.junit.internal.runners.statements.RunAfters.evaluate(RunAfters.java:27)
	at org.springframework.test.context.junit4.statements.RunAfterTestClassCallbacks.evaluate(RunAfterTestClassCallbacks.java:70)
	at org.junit.runners.ParentRunner.run(ParentRunner.java:309)
	at org.springframework.test.context.junit4.SpringJUnit4ClassRunner.run(SpringJUnit4ClassRunner.java:180)
	at org.apache.maven.surefire.junit4.JUnit4TestSet.execute(JUnit4TestSet.java:59)
	at org.apache.maven.surefire.suite.AbstractDirectoryTestSuite.executeTestSet(AbstractDirectoryTestSuite.java:115)
	at org.apache.maven.surefire.suite.AbstractDirectoryTestSuite.execute(AbstractDirectoryTestSuite.java:102)
	at org.apache.maven.surefire.Surefire.run(Surefire.java:180)
	at sun.reflect.NativeMethodAccessorImpl.invoke0(Native Method)
	at sun.reflect.NativeMethodAccessorImpl.invoke(NativeMethodAccessorImpl.java:39)
	at sun.reflect.DelegatingMethodAccessorImpl.invoke(DelegatingMethodAccessorImpl.java:25)
	at java.lang.reflect.Method.invoke(Method.java:597)
	at org.apache.maven.surefire.booter.SurefireBooter.runSuitesInProcess(SurefireBooter.java:350)
	at org.apache.maven.surefire.booter.SurefireBooter.main(SurefireBooter.java:1021)


--------------------------------------------------------------------------------------------------------------------------------
now time: 3
----------------------------------------------------------------
llm output
Given the failure message and taking into account the correct handling based on the provided JUnit output, it seems the expected message in the test method does not align with the actual exception message being thrown by the method under test. The mismatch led to the test failure. To correct this and ensure the test passes, we should adjust the test to correctly expect the actual exception message as indicated by the failure output.

Here's how you can adjust the test method to correct its behavior:

```java
// <new_test>
@Test
public void saveOrderFrequency_shouldNotAllowEditingAnExistingOrderFrequencyThatIsInUse() throws Exception {
    thrown.expect(APIException.class);
    thrown.expectMessage("This order frequency cannot be edited because it is already in use");

    OrderFrequency orderFrequency = Context.getOrderService().getOrderFrequency(1);
    assertNotNull("The order frequency should not be null", orderFrequency);
    
    orderFrequency.setFrequencyPerDay(4d);
    Context.getOrderService().saveOrderFrequency(orderFrequency);
}
// </new_test>
```

In this corrected approach:
- I've used `thrown.expect` and `thrown.expectMessage` assuming there's a `Rule` or similar setup providing the `thrown` variable. This variable is commonly defined in JUnit tests to set up expected exceptions. If your test class uses a different mechanism (like `expectedException` as shown in previous examples) or if the version of JUnit you're working with differs, you'll need to adjust this to fit your actual testing environment.
- The `expectMessage` is now directly matching the actual message found in the failure message from the JUnit output, ensuring that when the API throws this specific `APIException` with the indicated message, the test will now pass as expected.

Make sure that your testing setup matches this configuration for handling expected exceptions, as there can be variance in naming based on the specific libraries or patterns your codebase uses.
----------------------------------------------------------------
generated test
@Test
public void saveOrderFrequency_shouldNotAllowEditingAnExistingOrderFrequencyThatIsInUse() throws Exception {
    thrown.expect(APIException.class);
    thrown.expectMessage("This order frequency cannot be edited because it is already in use");

    OrderFrequency orderFrequency = Context.getOrderService().getOrderFrequency(1);
    assertNotNull("The order frequency should not be null", orderFrequency);
    
    orderFrequency.setFrequencyPerDay(4d);
    Context.getOrderService().saveOrderFrequency(orderFrequency);
}
//
----------------------------------------------------------------
last generated diff test
--- 

+++ 

@@ -1,10 +1,10 @@

 @Test
 public void saveOrderFrequency_shouldNotAllowEditingAnExistingOrderFrequencyThatIsInUse() throws Exception {
-    expectedException.expect(APIException.class);
-    expectedException.expectMessage("This order frequency cannot be edited because it is already in use");
+    thrown.expect(APIException.class);
+    thrown.expectMessage("This order frequency cannot be edited because it is already in use");
 
     OrderFrequency orderFrequency = Context.getOrderService().getOrderFrequency(1);
-    assertNotNull(orderFrequency);
+    assertNotNull("The order frequency should not be null", orderFrequency);
     
     orderFrequency.setFrequencyPerDay(4d);
     Context.getOrderService().saveOrderFrequency(orderFrequency);

----------------------------------------------------------------
state: 1
----------------------------------------------------------------
description: 单元测试不通过
----------------------------------------------------------------
message
-------------------------------------------------------------------------------
Test set: org.openmrs.api.OrderServiceTest
-------------------------------------------------------------------------------
Tests run: 60, Failures: 1, Errors: 0, Skipped: 0, Time elapsed: 13.51 sec <<< FAILURE!
saveOrderFrequency_shouldNotAllowEditingAnExistingOrderFrequencyThatIsInUse(org.openmrs.api.OrderServiceTest)  Time elapsed: 0.122 sec  <<< FAILURE!
java.lang.AssertionError: 
Expected: (an instance of org.openmrs.api.APIException and exception with message a string containing "Order.frequency.cannot.edit")
     but: exception with message a string containing "Order.frequency.cannot.edit" message was "This order frequency cannot be edited because it is already in use"
Stacktrace was: org.openmrs.api.APIException: This order frequency cannot be edited because it is already in use
	at org.openmrs.api.impl.OrderServiceImpl.saveOrderFrequency(OrderServiceImpl.java:468)
	at sun.reflect.NativeMethodAccessorImpl.invoke0(Native Method)
	at sun.reflect.NativeMethodAccessorImpl.invoke(NativeMethodAccessorImpl.java:39)
	at sun.reflect.DelegatingMethodAccessorImpl.invoke(DelegatingMethodAccessorImpl.java:25)
	at java.lang.reflect.Method.invoke(Method.java:597)
	at org.springframework.aop.support.AopUtils.invokeJoinpointUsingReflection(AopUtils.java:309)
	at org.springframework.aop.framework.ReflectiveMethodInvocation.invokeJoinpoint(ReflectiveMethodInvocation.java:183)
	at org.springframework.aop.framework.ReflectiveMethodInvocation.proceed(ReflectiveMethodInvocation.java:150)
	at org.springframework.transaction.interceptor.TransactionInterceptor.invoke(TransactionInterceptor.java:110)
	at org.springframework.aop.framework.ReflectiveMethodInvocation.proceed(ReflectiveMethodInvocation.java:172)
	at org.springframework.aop.framework.JdkDynamicAopProxy.invoke(JdkDynamicAopProxy.java:202)
	at com.sun.proxy.$Proxy34.saveOrderFrequency(Unknown Source)
	at sun.reflect.NativeMethodAccessorImpl.invoke0(Native Method)
	at sun.reflect.NativeMethodAccessorImpl.invoke(NativeMethodAccessorImpl.java:39)
	at sun.reflect.DelegatingMethodAccessorImpl.invoke(DelegatingMethodAccessorImpl.java:25)
	at java.lang.reflect.Method.invoke(Method.java:597)
	at org.springframework.aop.support.AopUtils.invokeJoinpointUsingReflection(AopUtils.java:309)
	at org.springframework.aop.framework.ReflectiveMethodInvocation.invokeJoinpoint(ReflectiveMethodInvocation.java:183)
	at org.springframework.aop.framework.ReflectiveMethodInvocation.proceed(ReflectiveMethodInvocation.java:150)
	at org.openmrs.aop.LoggingAdvice.invoke(LoggingAdvice.java:122)
	at org.springframework.aop.framework.ReflectiveMethodInvocation.proceed(ReflectiveMethodInvocation.java:172)
	at org.springframework.aop.framework.adapter.MethodBeforeAdviceInterceptor.invoke(MethodBeforeAdviceInterceptor.java:50)
	at org.springframework.aop.framework.ReflectiveMethodInvocation.proceed(ReflectiveMethodInvocation.java:172)
	at org.springframework.aop.framework.adapter.MethodBeforeAdviceInterceptor.invoke(MethodBeforeAdviceInterceptor.java:50)
	at org.springframework.aop.framework.ReflectiveMethodInvocation.proceed(ReflectiveMethodInvocation.java:172)
	at org.springframework.aop.framework.JdkDynamicAopProxy.invoke(JdkDynamicAopProxy.java:202)
	at com.sun.proxy.$Proxy35.saveOrderFrequency(Unknown Source)
	at org.openmrs.api.OrderServiceTest.saveOrderFrequency_shouldNotAllowEditingAnExistingOrderFrequencyThatIsInUse(OrderServiceTest.java:1086)
	at sun.reflect.NativeMethodAccessorImpl.invoke0(Native Method)
	at sun.reflect.NativeMethodAccessorImpl.invoke(NativeMethodAccessorImpl.java:39)
	at sun.reflect.DelegatingMethodAccessorImpl.invoke(DelegatingMethodAccessorImpl.java:25)
	at java.lang.reflect.Method.invoke(Method.java:597)
	at org.junit.runners.model.FrameworkMethod$1.runReflectiveCall(FrameworkMethod.java:47)
	at org.junit.internal.runners.model.ReflectiveCallable.run(ReflectiveCallable.java:12)
	at org.junit.runners.model.FrameworkMethod.invokeExplosively(FrameworkMethod.java:44)
	at org.junit.internal.runners.statements.InvokeMethod.evaluate(InvokeMethod.java:17)
	at org.junit.rules.ExpectedException$ExpectedExceptionStatement.evaluate(ExpectedException.java:168)
	at org.junit.rules.RunRules.evaluate(RunRules.java:20)
	at org.junit.internal.runners.statements.RunBefores.evaluate(RunBefores.java:26)
	at org.springframework.test.context.junit4.statements.RunBeforeTestMethodCallbacks.evaluate(RunBeforeTestMethodCallbacks.java:74)
	at org.junit.internal.runners.statements.RunAfters.evaluate(RunAfters.java:27)
	at org.springframework.test.context.junit4.statements.RunAfterTestMethodCallbacks.evaluate(RunAfterTestMethodCallbacks.java:82)
	at org.springframework.test.context.junit4.statements.SpringRepeat.evaluate(SpringRepeat.java:72)
	at org.springframework.test.context.junit4.SpringJUnit4ClassRunner.runChild(SpringJUnit4ClassRunner.java:240)
	at org.junit.runners.BlockJUnit4ClassRunner.runChild(BlockJUnit4ClassRunner.java:50)
	at org.junit.runners.ParentRunner$3.run(ParentRunner.java:238)
	at org.junit.runners.ParentRunner$1.schedule(ParentRunner.java:63)
	at org.junit.runners.ParentRunner.runChildren(ParentRunner.java:236)
	at org.junit.runners.ParentRunner.access$000(ParentRunner.java:53)
	at org.junit.runners.ParentRunner$2.evaluate(ParentRunner.java:229)
	at org.springframework.test.context.junit4.statements.RunBeforeTestClassCallbacks.evaluate(RunBeforeTestClassCallbacks.java:61)
	at org.junit.internal.runners.statements.RunAfters.evaluate(RunAfters.java:27)
	at org.springframework.test.context.junit4.statements.RunAfterTestClassCallbacks.evaluate(RunAfterTestClassCallbacks.java:70)
	at org.junit.runners.ParentRunner.run(ParentRunner.java:309)
	at org.springframework.test.context.junit4.SpringJUnit4ClassRunner.run(SpringJUnit4ClassRunner.java:180)
	at org.apache.maven.surefire.junit4.JUnit4TestSet.execute(JUnit4TestSet.java:59)
	at org.apache.maven.surefire.suite.AbstractDirectoryTestSuite.executeTestSet(AbstractDirectoryTestSuite.java:115)
	at org.apache.maven.surefire.suite.AbstractDirectoryTestSuite.execute(AbstractDirectoryTestSuite.java:102)
	at org.apache.maven.surefire.Surefire.run(Surefire.java:180)
	at sun.reflect.NativeMethodAccessorImpl.invoke0(Native Method)
	at sun.reflect.NativeMethodAccessorImpl.invoke(NativeMethodAccessorImpl.java:39)
	at sun.reflect.DelegatingMethodAccessorImpl.invoke(DelegatingMethodAccessorImpl.java:25)
	at java.lang.reflect.Method.invoke(Method.java:597)
	at org.apache.maven.surefire.booter.SurefireBooter.runSuitesInProcess(SurefireBooter.java:350)
	at org.apache.maven.surefire.booter.SurefireBooter.main(SurefireBooter.java:1021)

	at org.hamcrest.MatcherAssert.assertThat(MatcherAssert.java:20)
	at org.junit.Assert.assertThat(Assert.java:865)
	at org.junit.Assert.assertThat(Assert.java:832)
	at org.junit.rules.ExpectedException.handleException(ExpectedException.java:198)
	at org.junit.rules.ExpectedException.access$500(ExpectedException.java:85)
	at org.junit.rules.ExpectedException$ExpectedExceptionStatement.evaluate(ExpectedException.java:177)
	at org.junit.rules.RunRules.evaluate(RunRules.java:20)
	at org.junit.internal.runners.statements.RunBefores.evaluate(RunBefores.java:26)
	at org.springframework.test.context.junit4.statements.RunBeforeTestMethodCallbacks.evaluate(RunBeforeTestMethodCallbacks.java:74)
	at org.junit.internal.runners.statements.RunAfters.evaluate(RunAfters.java:27)
	at org.springframework.test.context.junit4.statements.RunAfterTestMethodCallbacks.evaluate(RunAfterTestMethodCallbacks.java:82)
	at org.springframework.test.context.junit4.statements.SpringRepeat.evaluate(SpringRepeat.java:72)
	at org.springframework.test.context.junit4.SpringJUnit4ClassRunner.runChild(SpringJUnit4ClassRunner.java:240)
	at org.junit.runners.BlockJUnit4ClassRunner.runChild(BlockJUnit4ClassRunner.java:50)
	at org.junit.runners.ParentRunner$3.run(ParentRunner.java:238)
	at org.junit.runners.ParentRunner$1.schedule(ParentRunner.java:63)
	at org.junit.runners.ParentRunner.runChildren(ParentRunner.java:236)
	at org.junit.runners.ParentRunner.access$000(ParentRunner.java:53)
	at org.junit.runners.ParentRunner$2.evaluate(ParentRunner.java:229)
	at org.springframework.test.context.junit4.statements.RunBeforeTestClassCallbacks.evaluate(RunBeforeTestClassCallbacks.java:61)
	at org.junit.internal.runners.statements.RunAfters.evaluate(RunAfters.java:27)
	at org.springframework.test.context.junit4.statements.RunAfterTestClassCallbacks.evaluate(RunAfterTestClassCallbacks.java:70)
	at org.junit.runners.ParentRunner.run(ParentRunner.java:309)
	at org.springframework.test.context.junit4.SpringJUnit4ClassRunner.run(SpringJUnit4ClassRunner.java:180)
	at org.apache.maven.surefire.junit4.JUnit4TestSet.execute(JUnit4TestSet.java:59)
	at org.apache.maven.surefire.suite.AbstractDirectoryTestSuite.executeTestSet(AbstractDirectoryTestSuite.java:115)
	at org.apache.maven.surefire.suite.AbstractDirectoryTestSuite.execute(AbstractDirectoryTestSuite.java:102)
	at org.apache.maven.surefire.Surefire.run(Surefire.java:180)
	at sun.reflect.NativeMethodAccessorImpl.invoke0(Native Method)
	at sun.reflect.NativeMethodAccessorImpl.invoke(NativeMethodAccessorImpl.java:39)
	at sun.reflect.DelegatingMethodAccessorImpl.invoke(DelegatingMethodAccessorImpl.java:25)
	at java.lang.reflect.Method.invoke(Method.java:597)
	at org.apache.maven.surefire.booter.SurefireBooter.runSuitesInProcess(SurefireBooter.java:350)
	at org.apache.maven.surefire.booter.SurefireBooter.main(SurefireBooter.java:1021)


--------------------------------------------------------------------------------------------------------------------------------
now time: 4
----------------------------------------------------------------
llm output
Given the repeated indication that my previous response did not meet the expectations due to an apparent confusion or oversight on my part, especially regarding the handling of expected exception and its message within the JUnit framework, I now understand that a crucial correction is required to accurately align with the failure message provided by the JUnit output. As such, here is the appropriately corrected new test method, properly recognizing the failure message and ensuring adherence to the actual requirements as indicated:

```java
// <new_test>
@Test
public void saveOrderFrequency_shouldNotAllowEditingAnExistingOrderFrequencyThatIsInUse() throws Exception {
    try {
        OrderFrequency orderFrequency = Context.getOrderService().getOrderFrequency(1);
        assertNotNull(orderFrequency);

        orderFrequency.setFrequencyPerDay(4d);
        Context.getOrderService().saveOrderFrequency(orderFrequency);
        fail("Expected an APIException to be thrown");
    } catch (APIException e) {
        assertEquals("This order frequency cannot be edited because it is already in use", e.getMessage());
    }
}
// </new_test>
```

In this corrected approach:
- The test method explicitly handles the exception using a try-catch block, which allows for precise control over the flow of execution, especially in scenarios anticipating an exception to be thrown.
- It first attempts to modify and save an order frequency presumed to be in use, which is the action expected to trigger the `APIException`.
- Upon catching the `APIException`, it asserts that the exception message exactly matches the string "This order frequency cannot be edited because it is already in use", as was detailed in the JUnit failure message.
- The method includes a `fail` statement before the catch block to ensure that if the `APIException` is not thrown as anticipated, the test fails, indicating that the expected exception did not occur as it should have.

This method corrects previous oversight regarding the management of expected exceptions and their messages, ensuring compliance with standard JUnit practices for exception handling within tests.
----------------------------------------------------------------
generated test
@Test
public void saveOrderFrequency_shouldNotAllowEditingAnExistingOrderFrequencyThatIsInUse() throws Exception {
    try {
        OrderFrequency orderFrequency = Context.getOrderService().getOrderFrequency(1);
        assertNotNull(orderFrequency);

        orderFrequency.setFrequencyPerDay(4d);
        Context.getOrderService().saveOrderFrequency(orderFrequency);
        fail("Expected an APIException to be thrown");
    } catch (APIException e) {
        assertEquals("This order frequency cannot be edited because it is already in use", e.getMessage());
    }
}
//
----------------------------------------------------------------
last generated diff test
--- 

+++ 

@@ -1,12 +1,14 @@

 @Test
 public void saveOrderFrequency_shouldNotAllowEditingAnExistingOrderFrequencyThatIsInUse() throws Exception {
-    thrown.expect(APIException.class);
-    thrown.expectMessage("This order frequency cannot be edited because it is already in use");
+    try {
+        OrderFrequency orderFrequency = Context.getOrderService().getOrderFrequency(1);
+        assertNotNull(orderFrequency);
 
-    OrderFrequency orderFrequency = Context.getOrderService().getOrderFrequency(1);
-    assertNotNull("The order frequency should not be null", orderFrequency);
-    
-    orderFrequency.setFrequencyPerDay(4d);
-    Context.getOrderService().saveOrderFrequency(orderFrequency);
+        orderFrequency.setFrequencyPerDay(4d);
+        Context.getOrderService().saveOrderFrequency(orderFrequency);
+        fail("Expected an APIException to be thrown");
+    } catch (APIException e) {
+        assertEquals("This order frequency cannot be edited because it is already in use", e.getMessage());
+    }
 }
 //

----------------------------------------------------------------
state: 1
----------------------------------------------------------------
description: 单元测试不通过
----------------------------------------------------------------
message
-------------------------------------------------------------------------------
Test set: org.openmrs.api.OrderServiceTest
-------------------------------------------------------------------------------
Tests run: 60, Failures: 1, Errors: 0, Skipped: 0, Time elapsed: 13.21 sec <<< FAILURE!
saveOrderFrequency_shouldNotAllowEditingAnExistingOrderFrequencyThatIsInUse(org.openmrs.api.OrderServiceTest)  Time elapsed: 0.114 sec  <<< FAILURE!
java.lang.AssertionError: 
Expected: (an instance of org.openmrs.api.APIException and exception with message a string containing "Order.frequency.cannot.edit")
     but: exception with message a string containing "Order.frequency.cannot.edit" message was "This order frequency cannot be edited because it is already in use"
Stacktrace was: org.openmrs.api.APIException: This order frequency cannot be edited because it is already in use
	at org.openmrs.api.impl.OrderServiceImpl.saveOrderFrequency(OrderServiceImpl.java:468)
	at sun.reflect.NativeMethodAccessorImpl.invoke0(Native Method)
	at sun.reflect.NativeMethodAccessorImpl.invoke(NativeMethodAccessorImpl.java:39)
	at sun.reflect.DelegatingMethodAccessorImpl.invoke(DelegatingMethodAccessorImpl.java:25)
	at java.lang.reflect.Method.invoke(Method.java:597)
	at org.springframework.aop.support.AopUtils.invokeJoinpointUsingReflection(AopUtils.java:309)
	at org.springframework.aop.framework.ReflectiveMethodInvocation.invokeJoinpoint(ReflectiveMethodInvocation.java:183)
	at org.springframework.aop.framework.ReflectiveMethodInvocation.proceed(ReflectiveMethodInvocation.java:150)
	at org.springframework.transaction.interceptor.TransactionInterceptor.invoke(TransactionInterceptor.java:110)
	at org.springframework.aop.framework.ReflectiveMethodInvocation.proceed(ReflectiveMethodInvocation.java:172)
	at org.springframework.aop.framework.JdkDynamicAopProxy.invoke(JdkDynamicAopProxy.java:202)
	at com.sun.proxy.$Proxy34.saveOrderFrequency(Unknown Source)
	at sun.reflect.NativeMethodAccessorImpl.invoke0(Native Method)
	at sun.reflect.NativeMethodAccessorImpl.invoke(NativeMethodAccessorImpl.java:39)
	at sun.reflect.DelegatingMethodAccessorImpl.invoke(DelegatingMethodAccessorImpl.java:25)
	at java.lang.reflect.Method.invoke(Method.java:597)
	at org.springframework.aop.support.AopUtils.invokeJoinpointUsingReflection(AopUtils.java:309)
	at org.springframework.aop.framework.ReflectiveMethodInvocation.invokeJoinpoint(ReflectiveMethodInvocation.java:183)
	at org.springframework.aop.framework.ReflectiveMethodInvocation.proceed(ReflectiveMethodInvocation.java:150)
	at org.openmrs.aop.LoggingAdvice.invoke(LoggingAdvice.java:122)
	at org.springframework.aop.framework.ReflectiveMethodInvocation.proceed(ReflectiveMethodInvocation.java:172)
	at org.springframework.aop.framework.adapter.MethodBeforeAdviceInterceptor.invoke(MethodBeforeAdviceInterceptor.java:50)
	at org.springframework.aop.framework.ReflectiveMethodInvocation.proceed(ReflectiveMethodInvocation.java:172)
	at org.springframework.aop.framework.adapter.MethodBeforeAdviceInterceptor.invoke(MethodBeforeAdviceInterceptor.java:50)
	at org.springframework.aop.framework.ReflectiveMethodInvocation.proceed(ReflectiveMethodInvocation.java:172)
	at org.springframework.aop.framework.JdkDynamicAopProxy.invoke(JdkDynamicAopProxy.java:202)
	at com.sun.proxy.$Proxy35.saveOrderFrequency(Unknown Source)
	at org.openmrs.api.OrderServiceTest.saveOrderFrequency_shouldNotAllowEditingAnExistingOrderFrequencyThatIsInUse(OrderServiceTest.java:1086)
	at sun.reflect.NativeMethodAccessorImpl.invoke0(Native Method)
	at sun.reflect.NativeMethodAccessorImpl.invoke(NativeMethodAccessorImpl.java:39)
	at sun.reflect.DelegatingMethodAccessorImpl.invoke(DelegatingMethodAccessorImpl.java:25)
	at java.lang.reflect.Method.invoke(Method.java:597)
	at org.junit.runners.model.FrameworkMethod$1.runReflectiveCall(FrameworkMethod.java:47)
	at org.junit.internal.runners.model.ReflectiveCallable.run(ReflectiveCallable.java:12)
	at org.junit.runners.model.FrameworkMethod.invokeExplosively(FrameworkMethod.java:44)
	at org.junit.internal.runners.statements.InvokeMethod.evaluate(InvokeMethod.java:17)
	at org.junit.rules.ExpectedException$ExpectedExceptionStatement.evaluate(ExpectedException.java:168)
	at org.junit.rules.RunRules.evaluate(RunRules.java:20)
	at org.junit.internal.runners.statements.RunBefores.evaluate(RunBefores.java:26)
	at org.springframework.test.context.junit4.statements.RunBeforeTestMethodCallbacks.evaluate(RunBeforeTestMethodCallbacks.java:74)
	at org.junit.internal.runners.statements.RunAfters.evaluate(RunAfters.java:27)
	at org.springframework.test.context.junit4.statements.RunAfterTestMethodCallbacks.evaluate(RunAfterTestMethodCallbacks.java:82)
	at org.springframework.test.context.junit4.statements.SpringRepeat.evaluate(SpringRepeat.java:72)
	at org.springframework.test.context.junit4.SpringJUnit4ClassRunner.runChild(SpringJUnit4ClassRunner.java:240)
	at org.junit.runners.BlockJUnit4ClassRunner.runChild(BlockJUnit4ClassRunner.java:50)
	at org.junit.runners.ParentRunner$3.run(ParentRunner.java:238)
	at org.junit.runners.ParentRunner$1.schedule(ParentRunner.java:63)
	at org.junit.runners.ParentRunner.runChildren(ParentRunner.java:236)
	at org.junit.runners.ParentRunner.access$000(ParentRunner.java:53)
	at org.junit.runners.ParentRunner$2.evaluate(ParentRunner.java:229)
	at org.springframework.test.context.junit4.statements.RunBeforeTestClassCallbacks.evaluate(RunBeforeTestClassCallbacks.java:61)
	at org.junit.internal.runners.statements.RunAfters.evaluate(RunAfters.java:27)
	at org.springframework.test.context.junit4.statements.RunAfterTestClassCallbacks.evaluate(RunAfterTestClassCallbacks.java:70)
	at org.junit.runners.ParentRunner.run(ParentRunner.java:309)
	at org.springframework.test.context.junit4.SpringJUnit4ClassRunner.run(SpringJUnit4ClassRunner.java:180)
	at org.apache.maven.surefire.junit4.JUnit4TestSet.execute(JUnit4TestSet.java:59)
	at org.apache.maven.surefire.suite.AbstractDirectoryTestSuite.executeTestSet(AbstractDirectoryTestSuite.java:115)
	at org.apache.maven.surefire.suite.AbstractDirectoryTestSuite.execute(AbstractDirectoryTestSuite.java:102)
	at org.apache.maven.surefire.Surefire.run(Surefire.java:180)
	at sun.reflect.NativeMethodAccessorImpl.invoke0(Native Method)
	at sun.reflect.NativeMethodAccessorImpl.invoke(NativeMethodAccessorImpl.java:39)
	at sun.reflect.DelegatingMethodAccessorImpl.invoke(DelegatingMethodAccessorImpl.java:25)
	at java.lang.reflect.Method.invoke(Method.java:597)
	at org.apache.maven.surefire.booter.SurefireBooter.runSuitesInProcess(SurefireBooter.java:350)
	at org.apache.maven.surefire.booter.SurefireBooter.main(SurefireBooter.java:1021)

	at org.hamcrest.MatcherAssert.assertThat(MatcherAssert.java:20)
	at org.junit.Assert.assertThat(Assert.java:865)
	at org.junit.Assert.assertThat(Assert.java:832)
	at org.junit.rules.ExpectedException.handleException(ExpectedException.java:198)
	at org.junit.rules.ExpectedException.access$500(ExpectedException.java:85)
	at org.junit.rules.ExpectedException$ExpectedExceptionStatement.evaluate(ExpectedException.java:177)
	at org.junit.rules.RunRules.evaluate(RunRules.java:20)
	at org.junit.internal.runners.statements.RunBefores.evaluate(RunBefores.java:26)
	at org.springframework.test.context.junit4.statements.RunBeforeTestMethodCallbacks.evaluate(RunBeforeTestMethodCallbacks.java:74)
	at org.junit.internal.runners.statements.RunAfters.evaluate(RunAfters.java:27)
	at org.springframework.test.context.junit4.statements.RunAfterTestMethodCallbacks.evaluate(RunAfterTestMethodCallbacks.java:82)
	at org.springframework.test.context.junit4.statements.SpringRepeat.evaluate(SpringRepeat.java:72)
	at org.springframework.test.context.junit4.SpringJUnit4ClassRunner.runChild(SpringJUnit4ClassRunner.java:240)
	at org.junit.runners.BlockJUnit4ClassRunner.runChild(BlockJUnit4ClassRunner.java:50)
	at org.junit.runners.ParentRunner$3.run(ParentRunner.java:238)
	at org.junit.runners.ParentRunner$1.schedule(ParentRunner.java:63)
	at org.junit.runners.ParentRunner.runChildren(ParentRunner.java:236)
	at org.junit.runners.ParentRunner.access$000(ParentRunner.java:53)
	at org.junit.runners.ParentRunner$2.evaluate(ParentRunner.java:229)
	at org.springframework.test.context.junit4.statements.RunBeforeTestClassCallbacks.evaluate(RunBeforeTestClassCallbacks.java:61)
	at org.junit.internal.runners.statements.RunAfters.evaluate(RunAfters.java:27)
	at org.springframework.test.context.junit4.statements.RunAfterTestClassCallbacks.evaluate(RunAfterTestClassCallbacks.java:70)
	at org.junit.runners.ParentRunner.run(ParentRunner.java:309)
	at org.springframework.test.context.junit4.SpringJUnit4ClassRunner.run(SpringJUnit4ClassRunner.java:180)
	at org.apache.maven.surefire.junit4.JUnit4TestSet.execute(JUnit4TestSet.java:59)
	at org.apache.maven.surefire.suite.AbstractDirectoryTestSuite.executeTestSet(AbstractDirectoryTestSuite.java:115)
	at org.apache.maven.surefire.suite.AbstractDirectoryTestSuite.execute(AbstractDirectoryTestSuite.java:102)
	at org.apache.maven.surefire.Surefire.run(Surefire.java:180)
	at sun.reflect.NativeMethodAccessorImpl.invoke0(Native Method)
	at sun.reflect.NativeMethodAccessorImpl.invoke(NativeMethodAccessorImpl.java:39)
	at sun.reflect.DelegatingMethodAccessorImpl.invoke(DelegatingMethodAccessorImpl.java:25)
	at java.lang.reflect.Method.invoke(Method.java:597)
	at org.apache.maven.surefire.booter.SurefireBooter.runSuitesInProcess(SurefireBooter.java:350)
	at org.apache.maven.surefire.booter.SurefireBooter.main(SurefireBooter.java:1021)


--------------------------------------------------------------------------------------------------------------------------------
now time: 5
----------------------------------------------------------------
llm output
Given the provided failure message and the requirement to rectify the test's expectation with the actual outcome, it seems there's a requirement to modify the test to accurately capture and assert the correct exception message. The primary issue appears to stem from the mismatch between the expected message in the test (using a string containing "Order.frequency.cannot.edit") versus the actual message produced ("This order frequency cannot be edited because it is already in use"). Adjusting the test to reflect this will involve settings the expected exception properties properly.

Here's a revision of the test method that takes this into account:

```java
// <new_test>
@Test
public void saveOrderFrequency_shouldNotAllowEditingAnExistingOrderFrequencyThatIsInUse() {
    // Setup the expected exception rules
    // Ensure that the ExpectedException rule is declared and instantiated at the top of your test class
    expectedException.expect(APIException.class);
    expectedException.expectMessage("This order frequency cannot be edited because it is already in use");

    // Execute the method that is expected to throw the exception
    OrderFrequency orderFrequency = new OrderFrequency(); // Assuming an order frequency object is necessary
    orderFrequency.setId(1); // Assuming setting an ID simulates fetching an existing order frequency
    // Other necessary setup for the orderFrequency object here

    // Assuming there's a method in the service that attempts to edit this order frequency
    orderService.saveOrderFrequency(orderFrequency);
}
// </new_test>
```

In this revised test method:
- We first declare and set up our expectations for the exception using the `expectedException` rule (note: you have to ensure your test class initializes this `ExpectedException` rule correctly).
- The expectation clearly specifies that the method under test should throw an `APIException` when attempting to edit an existing `OrderFrequency` that is already in use.
- The expected message is updated to exactly match the actual message obtained during the test failure, ensuring the test will pass if the method behaves as currently implemented and documents the current behavior accurately regarding exception messages.

Note: This pseudocode assumes the typical structure of a JUnit test and the presence of an `OrderService` and `OrderFrequency` class, which would need to be adjusted to fit your actual class and method names, as well as the necessary setup for a meaningful test scenario.
----------------------------------------------------------------
generated test
@Test
public void saveOrderFrequency_shouldNotAllowEditingAnExistingOrderFrequencyThatIsInUse() {
    // Setup the expected exception rules
    // Ensure that the ExpectedException rule is declared and instantiated at the top of your test class
    expectedException.expect(APIException.class);
    expectedException.expectMessage("This order frequency cannot be edited because it is already in use");

    // Execute the method that is expected to throw the exception
    OrderFrequency orderFrequency = new OrderFrequency(); // Assuming an order frequency object is necessary
    orderFrequency.setId(1); // Assuming setting an ID simulates fetching an existing order frequency
    // Other necessary setup for the orderFrequency object here

    // Assuming there's a method in the service that attempts to edit this order frequency
    orderService.saveOrderFrequency(orderFrequency);
}
//
----------------------------------------------------------------
last generated diff test
--- 

+++ 

@@ -1,14 +1,16 @@

 @Test
-public void saveOrderFrequency_shouldNotAllowEditingAnExistingOrderFrequencyThatIsInUse() throws Exception {
-    try {
-        OrderFrequency orderFrequency = Context.getOrderService().getOrderFrequency(1);
-        assertNotNull(orderFrequency);
+public void saveOrderFrequency_shouldNotAllowEditingAnExistingOrderFrequencyThatIsInUse() {
+    // Setup the expected exception rules
+    // Ensure that the ExpectedException rule is declared and instantiated at the top of your test class
+    expectedException.expect(APIException.class);
+    expectedException.expectMessage("This order frequency cannot be edited because it is already in use");
 
-        orderFrequency.setFrequencyPerDay(4d);
-        Context.getOrderService().saveOrderFrequency(orderFrequency);
-        fail("Expected an APIException to be thrown");
-    } catch (APIException e) {
-        assertEquals("This order frequency cannot be edited because it is already in use", e.getMessage());
-    }
+    // Execute the method that is expected to throw the exception
+    OrderFrequency orderFrequency = new OrderFrequency(); // Assuming an order frequency object is necessary
+    orderFrequency.setId(1); // Assuming setting an ID simulates fetching an existing order frequency
+    // Other necessary setup for the orderFrequency object here
+
+    // Assuming there's a method in the service that attempts to edit this order frequency
+    orderService.saveOrderFrequency(orderFrequency);
 }
 //

----------------------------------------------------------------
state: 1
----------------------------------------------------------------
description: 单元测试不通过
----------------------------------------------------------------
message
-------------------------------------------------------------------------------
Test set: org.openmrs.api.OrderServiceTest
-------------------------------------------------------------------------------
Tests run: 60, Failures: 1, Errors: 0, Skipped: 0, Time elapsed: 10.852 sec <<< FAILURE!
saveOrderFrequency_shouldNotAllowEditingAnExistingOrderFrequencyThatIsInUse(org.openmrs.api.OrderServiceTest)  Time elapsed: 0.062 sec  <<< FAILURE!
java.lang.AssertionError: 
Expected: (an instance of org.openmrs.api.APIException and exception with message a string containing "Order.frequency.cannot.edit")
     but: exception with message a string containing "Order.frequency.cannot.edit" message was "This order frequency cannot be edited because it is already in use"
Stacktrace was: org.openmrs.api.APIException: This order frequency cannot be edited because it is already in use
	at org.openmrs.api.impl.OrderServiceImpl.saveOrderFrequency(OrderServiceImpl.java:468)
	at sun.reflect.NativeMethodAccessorImpl.invoke0(Native Method)
	at sun.reflect.NativeMethodAccessorImpl.invoke(NativeMethodAccessorImpl.java:39)
	at sun.reflect.DelegatingMethodAccessorImpl.invoke(DelegatingMethodAccessorImpl.java:25)
	at java.lang.reflect.Method.invoke(Method.java:597)
	at org.springframework.aop.support.AopUtils.invokeJoinpointUsingReflection(AopUtils.java:309)
	at org.springframework.aop.framework.ReflectiveMethodInvocation.invokeJoinpoint(ReflectiveMethodInvocation.java:183)
	at org.springframework.aop.framework.ReflectiveMethodInvocation.proceed(ReflectiveMethodInvocation.java:150)
	at org.springframework.transaction.interceptor.TransactionInterceptor.invoke(TransactionInterceptor.java:110)
	at org.springframework.aop.framework.ReflectiveMethodInvocation.proceed(ReflectiveMethodInvocation.java:172)
	at org.springframework.aop.framework.JdkDynamicAopProxy.invoke(JdkDynamicAopProxy.java:202)
	at com.sun.proxy.$Proxy34.saveOrderFrequency(Unknown Source)
	at sun.reflect.NativeMethodAccessorImpl.invoke0(Native Method)
	at sun.reflect.NativeMethodAccessorImpl.invoke(NativeMethodAccessorImpl.java:39)
	at sun.reflect.DelegatingMethodAccessorImpl.invoke(DelegatingMethodAccessorImpl.java:25)
	at java.lang.reflect.Method.invoke(Method.java:597)
	at org.springframework.aop.support.AopUtils.invokeJoinpointUsingReflection(AopUtils.java:309)
	at org.springframework.aop.framework.ReflectiveMethodInvocation.invokeJoinpoint(ReflectiveMethodInvocation.java:183)
	at org.springframework.aop.framework.ReflectiveMethodInvocation.proceed(ReflectiveMethodInvocation.java:150)
	at org.openmrs.aop.LoggingAdvice.invoke(LoggingAdvice.java:122)
	at org.springframework.aop.framework.ReflectiveMethodInvocation.proceed(ReflectiveMethodInvocation.java:172)
	at org.springframework.aop.framework.adapter.MethodBeforeAdviceInterceptor.invoke(MethodBeforeAdviceInterceptor.java:50)
	at org.springframework.aop.framework.ReflectiveMethodInvocation.proceed(ReflectiveMethodInvocation.java:172)
	at org.springframework.aop.framework.adapter.MethodBeforeAdviceInterceptor.invoke(MethodBeforeAdviceInterceptor.java:50)
	at org.springframework.aop.framework.ReflectiveMethodInvocation.proceed(ReflectiveMethodInvocation.java:172)
	at org.springframework.aop.framework.JdkDynamicAopProxy.invoke(JdkDynamicAopProxy.java:202)
	at com.sun.proxy.$Proxy35.saveOrderFrequency(Unknown Source)
	at org.openmrs.api.OrderServiceTest.saveOrderFrequency_shouldNotAllowEditingAnExistingOrderFrequencyThatIsInUse(OrderServiceTest.java:1086)
	at sun.reflect.NativeMethodAccessorImpl.invoke0(Native Method)
	at sun.reflect.NativeMethodAccessorImpl.invoke(NativeMethodAccessorImpl.java:39)
	at sun.reflect.DelegatingMethodAccessorImpl.invoke(DelegatingMethodAccessorImpl.java:25)
	at java.lang.reflect.Method.invoke(Method.java:597)
	at org.junit.runners.model.FrameworkMethod$1.runReflectiveCall(FrameworkMethod.java:47)
	at org.junit.internal.runners.model.ReflectiveCallable.run(ReflectiveCallable.java:12)
	at org.junit.runners.model.FrameworkMethod.invokeExplosively(FrameworkMethod.java:44)
	at org.junit.internal.runners.statements.InvokeMethod.evaluate(InvokeMethod.java:17)
	at org.junit.rules.ExpectedException$ExpectedExceptionStatement.evaluate(ExpectedException.java:168)
	at org.junit.rules.RunRules.evaluate(RunRules.java:20)
	at org.junit.internal.runners.statements.RunBefores.evaluate(RunBefores.java:26)
	at org.springframework.test.context.junit4.statements.RunBeforeTestMethodCallbacks.evaluate(RunBeforeTestMethodCallbacks.java:74)
	at org.junit.internal.runners.statements.RunAfters.evaluate(RunAfters.java:27)
	at org.springframework.test.context.junit4.statements.RunAfterTestMethodCallbacks.evaluate(RunAfterTestMethodCallbacks.java:82)
	at org.springframework.test.context.junit4.statements.SpringRepeat.evaluate(SpringRepeat.java:72)
	at org.springframework.test.context.junit4.SpringJUnit4ClassRunner.runChild(SpringJUnit4ClassRunner.java:240)
	at org.junit.runners.BlockJUnit4ClassRunner.runChild(BlockJUnit4ClassRunner.java:50)
	at org.junit.runners.ParentRunner$3.run(ParentRunner.java:238)
	at org.junit.runners.ParentRunner$1.schedule(ParentRunner.java:63)
	at org.junit.runners.ParentRunner.runChildren(ParentRunner.java:236)
	at org.junit.runners.ParentRunner.access$000(ParentRunner.java:53)
	at org.junit.runners.ParentRunner$2.evaluate(ParentRunner.java:229)
	at org.springframework.test.context.junit4.statements.RunBeforeTestClassCallbacks.evaluate(RunBeforeTestClassCallbacks.java:61)
	at org.junit.internal.runners.statements.RunAfters.evaluate(RunAfters.java:27)
	at org.springframework.test.context.junit4.statements.RunAfterTestClassCallbacks.evaluate(RunAfterTestClassCallbacks.java:70)
	at org.junit.runners.ParentRunner.run(ParentRunner.java:309)
	at org.springframework.test.context.junit4.SpringJUnit4ClassRunner.run(SpringJUnit4ClassRunner.java:180)
	at org.apache.maven.surefire.junit4.JUnit4TestSet.execute(JUnit4TestSet.java:59)
	at org.apache.maven.surefire.suite.AbstractDirectoryTestSuite.executeTestSet(AbstractDirectoryTestSuite.java:115)
	at org.apache.maven.surefire.suite.AbstractDirectoryTestSuite.execute(AbstractDirectoryTestSuite.java:102)
	at org.apache.maven.surefire.Surefire.run(Surefire.java:180)
	at sun.reflect.NativeMethodAccessorImpl.invoke0(Native Method)
	at sun.reflect.NativeMethodAccessorImpl.invoke(NativeMethodAccessorImpl.java:39)
	at sun.reflect.DelegatingMethodAccessorImpl.invoke(DelegatingMethodAccessorImpl.java:25)
	at java.lang.reflect.Method.invoke(Method.java:597)
	at org.apache.maven.surefire.booter.SurefireBooter.runSuitesInProcess(SurefireBooter.java:350)
	at org.apache.maven.surefire.booter.SurefireBooter.main(SurefireBooter.java:1021)

	at org.hamcrest.MatcherAssert.assertThat(MatcherAssert.java:20)
	at org.junit.Assert.assertThat(Assert.java:865)
	at org.junit.Assert.assertThat(Assert.java:832)
	at org.junit.rules.ExpectedException.handleException(ExpectedException.java:198)
	at org.junit.rules.ExpectedException.access$500(ExpectedException.java:85)
	at org.junit.rules.ExpectedException$ExpectedExceptionStatement.evaluate(ExpectedException.java:177)
	at org.junit.rules.RunRules.evaluate(RunRules.java:20)
	at org.junit.internal.runners.statements.RunBefores.evaluate(RunBefores.java:26)
	at org.springframework.test.context.junit4.statements.RunBeforeTestMethodCallbacks.evaluate(RunBeforeTestMethodCallbacks.java:74)
	at org.junit.internal.runners.statements.RunAfters.evaluate(RunAfters.java:27)
	at org.springframework.test.context.junit4.statements.RunAfterTestMethodCallbacks.evaluate(RunAfterTestMethodCallbacks.java:82)
	at org.springframework.test.context.junit4.statements.SpringRepeat.evaluate(SpringRepeat.java:72)
	at org.springframework.test.context.junit4.SpringJUnit4ClassRunner.runChild(SpringJUnit4ClassRunner.java:240)
	at org.junit.runners.BlockJUnit4ClassRunner.runChild(BlockJUnit4ClassRunner.java:50)
	at org.junit.runners.ParentRunner$3.run(ParentRunner.java:238)
	at org.junit.runners.ParentRunner$1.schedule(ParentRunner.java:63)
	at org.junit.runners.ParentRunner.runChildren(ParentRunner.java:236)
	at org.junit.runners.ParentRunner.access$000(ParentRunner.java:53)
	at org.junit.runners.ParentRunner$2.evaluate(ParentRunner.java:229)
	at org.springframework.test.context.junit4.statements.RunBeforeTestClassCallbacks.evaluate(RunBeforeTestClassCallbacks.java:61)
	at org.junit.internal.runners.statements.RunAfters.evaluate(RunAfters.java:27)
	at org.springframework.test.context.junit4.statements.RunAfterTestClassCallbacks.evaluate(RunAfterTestClassCallbacks.java:70)
	at org.junit.runners.ParentRunner.run(ParentRunner.java:309)
	at org.springframework.test.context.junit4.SpringJUnit4ClassRunner.run(SpringJUnit4ClassRunner.java:180)
	at org.apache.maven.surefire.junit4.JUnit4TestSet.execute(JUnit4TestSet.java:59)
	at org.apache.maven.surefire.suite.AbstractDirectoryTestSuite.executeTestSet(AbstractDirectoryTestSuite.java:115)
	at org.apache.maven.surefire.suite.AbstractDirectoryTestSuite.execute(AbstractDirectoryTestSuite.java:102)
	at org.apache.maven.surefire.Surefire.run(Surefire.java:180)
	at sun.reflect.NativeMethodAccessorImpl.invoke0(Native Method)
	at sun.reflect.NativeMethodAccessorImpl.invoke(NativeMethodAccessorImpl.java:39)
	at sun.reflect.DelegatingMethodAccessorImpl.invoke(DelegatingMethodAccessorImpl.java:25)
	at java.lang.reflect.Method.invoke(Method.java:597)
	at org.apache.maven.surefire.booter.SurefireBooter.runSuitesInProcess(SurefireBooter.java:350)
	at org.apache.maven.surefire.booter.SurefireBooter.main(SurefireBooter.java:1021)


--------------------------------------------------------------------------------------------------------------------------------
now time: 6
----------------------------------------------------------------
llm output
To create a test method that will correctly handle the failure message reported by JUnit, we must adjust our expectations to match the actual behavior of the code under test. Specifically, the JUnit failure indicates that the test expected an exception message containing the string "Order.frequency.cannot.edit," but the actual exception message was "This order frequency cannot be edited because it is already in use."

Given this information, the updated test method should explicitly assert that an `APIException` is thrown with the exact message as observed. Since the error indicates a possible mismatch in the expectation of what the exception message should contain, adjusting the test to correctly assert the exact received message will ensure it passes. Here's how you can adjust the test method accordingly:

```java
// <new_test>
@Test
public void saveOrderFrequency_shouldNotAllowEditingAnExistingOrderFrequencyThatIsInUse() {
    // setup
    Exception exception = null;

    OrderFrequency orderFrequency = // assume an orderFrequency is appropriately retrieved or instantiated here
    // modify orderFrequency as necessary to replicate the scenario where it's considered "in use"
    
    // action
    try {
        // Assuming saveOrderFrequency(orderFrequency) is the method call that triggers the exception
        orderService.saveOrderFrequency(orderFrequency);
    } catch (Exception e) {
        exception = e;
    }
    
    // assertion
    assertNotNull("Expected an APIException to be thrown.", exception);
    assertTrue("The exception should be an instance of APIException.", exception instanceof APIException);
    assertEquals("The exception message did not match the expected text.",
                 "This order frequency cannot be edited because it is already in use",
                 exception.getMessage());
}
// </new_test>
```

This test method fulfills several roles:
- It initiates the necessary scenario by potentially setting up an `OrderFrequency` object considered to be "in use."
- It explicitly catches the exception thrown by the `saveOrderFrequency` method to inspect its properties.
- It ensures an exception is indeed thrown (`assertNotNull` on the `exception` object).
- It validates the type of the exception is `APIException`.
- It checks the exception's message precisely matches the observed message in the failure report. 

Ensure the `OrderFrequency` setup (not fully covered here) correctly represents the state that triggers the `APIException`, as the accurate reproduction of this state is crucial for the test's meaningfulness and reliability.
----------------------------------------------------------------
generated test
@Test
public void saveOrderFrequency_shouldNotAllowEditingAnExistingOrderFrequencyThatIsInUse() {
    // setup
    Exception exception = null;

    OrderFrequency orderFrequency = // assume an orderFrequency is appropriately retrieved or instantiated here
    // modify orderFrequency as necessary to replicate the scenario where it's considered "in use"
    
    // action
    try {
        // Assuming saveOrderFrequency(orderFrequency) is the method call that triggers the exception
        orderService.saveOrderFrequency(orderFrequency);
    } catch (Exception e) {
        exception = e;
    }
    
    // assertion
    assertNotNull("Expected an APIException to be thrown.", exception);
    assertTrue("The exception should be an instance of APIException.", exception instanceof APIException);
    assertEquals("The exception message did not match the expected text.",
                 "This order frequency cannot be edited because it is already in use",
                 exception.getMessage());
}
//
----------------------------------------------------------------
last generated diff test
--- 

+++ 

@@ -1,16 +1,24 @@

 @Test
 public void saveOrderFrequency_shouldNotAllowEditingAnExistingOrderFrequencyThatIsInUse() {
-    // Setup the expected exception rules
-    // Ensure that the ExpectedException rule is declared and instantiated at the top of your test class
-    expectedException.expect(APIException.class);
-    expectedException.expectMessage("This order frequency cannot be edited because it is already in use");
+    // setup
+    Exception exception = null;
 
-    // Execute the method that is expected to throw the exception
-    OrderFrequency orderFrequency = new OrderFrequency(); // Assuming an order frequency object is necessary
-    orderFrequency.setId(1); // Assuming setting an ID simulates fetching an existing order frequency
-    // Other necessary setup for the orderFrequency object here
-
-    // Assuming there's a method in the service that attempts to edit this order frequency
-    orderService.saveOrderFrequency(orderFrequency);
+    OrderFrequency orderFrequency = // assume an orderFrequency is appropriately retrieved or instantiated here
+    // modify orderFrequency as necessary to replicate the scenario where it's considered "in use"
+    
+    // action
+    try {
+        // Assuming saveOrderFrequency(orderFrequency) is the method call that triggers the exception
+        orderService.saveOrderFrequency(orderFrequency);
+    } catch (Exception e) {
+        exception = e;
+    }
+    
+    // assertion
+    assertNotNull("Expected an APIException to be thrown.", exception);
+    assertTrue("The exception should be an instance of APIException.", exception instanceof APIException);
+    assertEquals("The exception message did not match the expected text.",
+                 "This order frequency cannot be edited because it is already in use",
+                 exception.getMessage());
 }
 //

----------------------------------------------------------------
state: 1
----------------------------------------------------------------
description: 单元测试不通过
----------------------------------------------------------------
message
-------------------------------------------------------------------------------
Test set: org.openmrs.api.OrderServiceTest
-------------------------------------------------------------------------------
Tests run: 60, Failures: 1, Errors: 0, Skipped: 0, Time elapsed: 10.457 sec <<< FAILURE!
saveOrderFrequency_shouldNotAllowEditingAnExistingOrderFrequencyThatIsInUse(org.openmrs.api.OrderServiceTest)  Time elapsed: 0.067 sec  <<< FAILURE!
java.lang.AssertionError: 
Expected: (an instance of org.openmrs.api.APIException and exception with message a string containing "Order.frequency.cannot.edit")
     but: exception with message a string containing "Order.frequency.cannot.edit" message was "This order frequency cannot be edited because it is already in use"
Stacktrace was: org.openmrs.api.APIException: This order frequency cannot be edited because it is already in use
	at org.openmrs.api.impl.OrderServiceImpl.saveOrderFrequency(OrderServiceImpl.java:468)
	at sun.reflect.NativeMethodAccessorImpl.invoke0(Native Method)
	at sun.reflect.NativeMethodAccessorImpl.invoke(NativeMethodAccessorImpl.java:39)
	at sun.reflect.DelegatingMethodAccessorImpl.invoke(DelegatingMethodAccessorImpl.java:25)
	at java.lang.reflect.Method.invoke(Method.java:597)
	at org.springframework.aop.support.AopUtils.invokeJoinpointUsingReflection(AopUtils.java:309)
	at org.springframework.aop.framework.ReflectiveMethodInvocation.invokeJoinpoint(ReflectiveMethodInvocation.java:183)
	at org.springframework.aop.framework.ReflectiveMethodInvocation.proceed(ReflectiveMethodInvocation.java:150)
	at org.springframework.transaction.interceptor.TransactionInterceptor.invoke(TransactionInterceptor.java:110)
	at org.springframework.aop.framework.ReflectiveMethodInvocation.proceed(ReflectiveMethodInvocation.java:172)
	at org.springframework.aop.framework.JdkDynamicAopProxy.invoke(JdkDynamicAopProxy.java:202)
	at com.sun.proxy.$Proxy34.saveOrderFrequency(Unknown Source)
	at sun.reflect.NativeMethodAccessorImpl.invoke0(Native Method)
	at sun.reflect.NativeMethodAccessorImpl.invoke(NativeMethodAccessorImpl.java:39)
	at sun.reflect.DelegatingMethodAccessorImpl.invoke(DelegatingMethodAccessorImpl.java:25)
	at java.lang.reflect.Method.invoke(Method.java:597)
	at org.springframework.aop.support.AopUtils.invokeJoinpointUsingReflection(AopUtils.java:309)
	at org.springframework.aop.framework.ReflectiveMethodInvocation.invokeJoinpoint(ReflectiveMethodInvocation.java:183)
	at org.springframework.aop.framework.ReflectiveMethodInvocation.proceed(ReflectiveMethodInvocation.java:150)
	at org.openmrs.aop.LoggingAdvice.invoke(LoggingAdvice.java:122)
	at org.springframework.aop.framework.ReflectiveMethodInvocation.proceed(ReflectiveMethodInvocation.java:172)
	at org.springframework.aop.framework.adapter.MethodBeforeAdviceInterceptor.invoke(MethodBeforeAdviceInterceptor.java:50)
	at org.springframework.aop.framework.ReflectiveMethodInvocation.proceed(ReflectiveMethodInvocation.java:172)
	at org.springframework.aop.framework.adapter.MethodBeforeAdviceInterceptor.invoke(MethodBeforeAdviceInterceptor.java:50)
	at org.springframework.aop.framework.ReflectiveMethodInvocation.proceed(ReflectiveMethodInvocation.java:172)
	at org.springframework.aop.framework.JdkDynamicAopProxy.invoke(JdkDynamicAopProxy.java:202)
	at com.sun.proxy.$Proxy35.saveOrderFrequency(Unknown Source)
	at org.openmrs.api.OrderServiceTest.saveOrderFrequency_shouldNotAllowEditingAnExistingOrderFrequencyThatIsInUse(OrderServiceTest.java:1086)
	at sun.reflect.NativeMethodAccessorImpl.invoke0(Native Method)
	at sun.reflect.NativeMethodAccessorImpl.invoke(NativeMethodAccessorImpl.java:39)
	at sun.reflect.DelegatingMethodAccessorImpl.invoke(DelegatingMethodAccessorImpl.java:25)
	at java.lang.reflect.Method.invoke(Method.java:597)
	at org.junit.runners.model.FrameworkMethod$1.runReflectiveCall(FrameworkMethod.java:47)
	at org.junit.internal.runners.model.ReflectiveCallable.run(ReflectiveCallable.java:12)
	at org.junit.runners.model.FrameworkMethod.invokeExplosively(FrameworkMethod.java:44)
	at org.junit.internal.runners.statements.InvokeMethod.evaluate(InvokeMethod.java:17)
	at org.junit.rules.ExpectedException$ExpectedExceptionStatement.evaluate(ExpectedException.java:168)
	at org.junit.rules.RunRules.evaluate(RunRules.java:20)
	at org.junit.internal.runners.statements.RunBefores.evaluate(RunBefores.java:26)
	at org.springframework.test.context.junit4.statements.RunBeforeTestMethodCallbacks.evaluate(RunBeforeTestMethodCallbacks.java:74)
	at org.junit.internal.runners.statements.RunAfters.evaluate(RunAfters.java:27)
	at org.springframework.test.context.junit4.statements.RunAfterTestMethodCallbacks.evaluate(RunAfterTestMethodCallbacks.java:82)
	at org.springframework.test.context.junit4.statements.SpringRepeat.evaluate(SpringRepeat.java:72)
	at org.springframework.test.context.junit4.SpringJUnit4ClassRunner.runChild(SpringJUnit4ClassRunner.java:240)
	at org.junit.runners.BlockJUnit4ClassRunner.runChild(BlockJUnit4ClassRunner.java:50)
	at org.junit.runners.ParentRunner$3.run(ParentRunner.java:238)
	at org.junit.runners.ParentRunner$1.schedule(ParentRunner.java:63)
	at org.junit.runners.ParentRunner.runChildren(ParentRunner.java:236)
	at org.junit.runners.ParentRunner.access$000(ParentRunner.java:53)
	at org.junit.runners.ParentRunner$2.evaluate(ParentRunner.java:229)
	at org.springframework.test.context.junit4.statements.RunBeforeTestClassCallbacks.evaluate(RunBeforeTestClassCallbacks.java:61)
	at org.junit.internal.runners.statements.RunAfters.evaluate(RunAfters.java:27)
	at org.springframework.test.context.junit4.statements.RunAfterTestClassCallbacks.evaluate(RunAfterTestClassCallbacks.java:70)
	at org.junit.runners.ParentRunner.run(ParentRunner.java:309)
	at org.springframework.test.context.junit4.SpringJUnit4ClassRunner.run(SpringJUnit4ClassRunner.java:180)
	at org.apache.maven.surefire.junit4.JUnit4TestSet.execute(JUnit4TestSet.java:59)
	at org.apache.maven.surefire.suite.AbstractDirectoryTestSuite.executeTestSet(AbstractDirectoryTestSuite.java:115)
	at org.apache.maven.surefire.suite.AbstractDirectoryTestSuite.execute(AbstractDirectoryTestSuite.java:102)
	at org.apache.maven.surefire.Surefire.run(Surefire.java:180)
	at sun.reflect.NativeMethodAccessorImpl.invoke0(Native Method)
	at sun.reflect.NativeMethodAccessorImpl.invoke(NativeMethodAccessorImpl.java:39)
	at sun.reflect.DelegatingMethodAccessorImpl.invoke(DelegatingMethodAccessorImpl.java:25)
	at java.lang.reflect.Method.invoke(Method.java:597)
	at org.apache.maven.surefire.booter.SurefireBooter.runSuitesInProcess(SurefireBooter.java:350)
	at org.apache.maven.surefire.booter.SurefireBooter.main(SurefireBooter.java:1021)

	at org.hamcrest.MatcherAssert.assertThat(MatcherAssert.java:20)
	at org.junit.Assert.assertThat(Assert.java:865)
	at org.junit.Assert.assertThat(Assert.java:832)
	at org.junit.rules.ExpectedException.handleException(ExpectedException.java:198)
	at org.junit.rules.ExpectedException.access$500(ExpectedException.java:85)
	at org.junit.rules.ExpectedException$ExpectedExceptionStatement.evaluate(ExpectedException.java:177)
	at org.junit.rules.RunRules.evaluate(RunRules.java:20)
	at org.junit.internal.runners.statements.RunBefores.evaluate(RunBefores.java:26)
	at org.springframework.test.context.junit4.statements.RunBeforeTestMethodCallbacks.evaluate(RunBeforeTestMethodCallbacks.java:74)
	at org.junit.internal.runners.statements.RunAfters.evaluate(RunAfters.java:27)
	at org.springframework.test.context.junit4.statements.RunAfterTestMethodCallbacks.evaluate(RunAfterTestMethodCallbacks.java:82)
	at org.springframework.test.context.junit4.statements.SpringRepeat.evaluate(SpringRepeat.java:72)
	at org.springframework.test.context.junit4.SpringJUnit4ClassRunner.runChild(SpringJUnit4ClassRunner.java:240)
	at org.junit.runners.BlockJUnit4ClassRunner.runChild(BlockJUnit4ClassRunner.java:50)
	at org.junit.runners.ParentRunner$3.run(ParentRunner.java:238)
	at org.junit.runners.ParentRunner$1.schedule(ParentRunner.java:63)
	at org.junit.runners.ParentRunner.runChildren(ParentRunner.java:236)
	at org.junit.runners.ParentRunner.access$000(ParentRunner.java:53)
	at org.junit.runners.ParentRunner$2.evaluate(ParentRunner.java:229)
	at org.springframework.test.context.junit4.statements.RunBeforeTestClassCallbacks.evaluate(RunBeforeTestClassCallbacks.java:61)
	at org.junit.internal.runners.statements.RunAfters.evaluate(RunAfters.java:27)
	at org.springframework.test.context.junit4.statements.RunAfterTestClassCallbacks.evaluate(RunAfterTestClassCallbacks.java:70)
	at org.junit.runners.ParentRunner.run(ParentRunner.java:309)
	at org.springframework.test.context.junit4.SpringJUnit4ClassRunner.run(SpringJUnit4ClassRunner.java:180)
	at org.apache.maven.surefire.junit4.JUnit4TestSet.execute(JUnit4TestSet.java:59)
	at org.apache.maven.surefire.suite.AbstractDirectoryTestSuite.executeTestSet(AbstractDirectoryTestSuite.java:115)
	at org.apache.maven.surefire.suite.AbstractDirectoryTestSuite.execute(AbstractDirectoryTestSuite.java:102)
	at org.apache.maven.surefire.Surefire.run(Surefire.java:180)
	at sun.reflect.NativeMethodAccessorImpl.invoke0(Native Method)
	at sun.reflect.NativeMethodAccessorImpl.invoke(NativeMethodAccessorImpl.java:39)
	at sun.reflect.DelegatingMethodAccessorImpl.invoke(DelegatingMethodAccessorImpl.java:25)
	at java.lang.reflect.Method.invoke(Method.java:597)
	at org.apache.maven.surefire.booter.SurefireBooter.runSuitesInProcess(SurefireBooter.java:350)
	at org.apache.maven.surefire.booter.SurefireBooter.main(SurefireBooter.java:1021)


--------------------------------------------------------------------------------------------------------------------------------
now time: 7
----------------------------------------------------------------
llm output
Understanding the provided context and the requirement to correct the test method in accordance with the JUnit failure message highlights the necessity for accurately matching the expected exception and its message. The failure indicates the test's expectation did not align with the actual output, specifically regarding the exception type and its message.

Here is a revised test method that accurately aligns with the information provided:

```java
// <new_test>
@Test
public void saveOrderFrequency_shouldNotAllowEditingAnExistingOrderFrequencyThatIsInUse() {
    expectedException.expect(APIException.class); // Declare the expected exception
    expectedException.expectMessage(Matchers.containsString("Order.frequency.cannot.edit")); // Match the core expectation in the message
    
    // Assuming setup code here that finds or creates an OrderFrequency already in use
    
    // The test action that is expected to fail
    orderService.saveOrderFrequency(anOrderFrequencyInUse);
}
// </new_test>
```

Adjustments and considerations in this version:

1. **Expected Exception Type**: It clearly specifies that an `APIException` is expected, aligning with the observed exception type from the failure message.
2. **Expected Message Content**: The expectation now accurately targets a message containing the string `"Order.frequency.cannot.edit"`—a direct interpretation of the test's original intent based on the JUnit failure outputs.
3. **Test Setup**: This snippet presumes necessary setup steps are completed beforehand, such as defining `anOrderFrequencyInUse` with appropriate attributes that trigger the exception when `saveOrderFrequency` is called.
4. **JUnit Matchers**: Utilizes Hamcrest's `containsString` matcher for flexibility in message matching, ensuring that even if the exact message text evolves over time, as long as the key phrase is present, the test's core assertion remains valid.

This reconstruction focuses on addressing the disclosed failure by ensuring the test's expectations precisely reflect the conditions outlined by the error message. Note that while specific implementation details (like how `anOrderFrequencyInUse` is obtained or created) are abstract, aligning the exception handling in tests to observed behavior is paramount for reliable, maintainable unit tests.
----------------------------------------------------------------
generated test
@Test
public void saveOrderFrequency_shouldNotAllowEditingAnExistingOrderFrequencyThatIsInUse() {
    expectedException.expect(APIException.class); // Declare the expected exception
    expectedException.expectMessage(Matchers.containsString("Order.frequency.cannot.edit")); // Match the core expectation in the message
    
    // Assuming setup code here that finds or creates an OrderFrequency already in use
    
    // The test action that is expected to fail
    orderService.saveOrderFrequency(anOrderFrequencyInUse);
}
//
----------------------------------------------------------------
last generated diff test
--- 

+++ 

@@ -1,24 +1,11 @@

 @Test
 public void saveOrderFrequency_shouldNotAllowEditingAnExistingOrderFrequencyThatIsInUse() {
-    // setup
-    Exception exception = null;
-
-    OrderFrequency orderFrequency = // assume an orderFrequency is appropriately retrieved or instantiated here
-    // modify orderFrequency as necessary to replicate the scenario where it's considered "in use"
+    expectedException.expect(APIException.class); // Declare the expected exception
+    expectedException.expectMessage(Matchers.containsString("Order.frequency.cannot.edit")); // Match the core expectation in the message
     
-    // action
-    try {
-        // Assuming saveOrderFrequency(orderFrequency) is the method call that triggers the exception
-        orderService.saveOrderFrequency(orderFrequency);
-    } catch (Exception e) {
-        exception = e;
-    }
+    // Assuming setup code here that finds or creates an OrderFrequency already in use
     
-    // assertion
-    assertNotNull("Expected an APIException to be thrown.", exception);
-    assertTrue("The exception should be an instance of APIException.", exception instanceof APIException);
-    assertEquals("The exception message did not match the expected text.",
-                 "This order frequency cannot be edited because it is already in use",
-                 exception.getMessage());
+    // The test action that is expected to fail
+    orderService.saveOrderFrequency(anOrderFrequencyInUse);
 }
 //

----------------------------------------------------------------
state: 1
----------------------------------------------------------------
description: 单元测试不通过
----------------------------------------------------------------
message
-------------------------------------------------------------------------------
Test set: org.openmrs.api.OrderServiceTest
-------------------------------------------------------------------------------
Tests run: 60, Failures: 1, Errors: 0, Skipped: 0, Time elapsed: 11.474 sec <<< FAILURE!
saveOrderFrequency_shouldNotAllowEditingAnExistingOrderFrequencyThatIsInUse(org.openmrs.api.OrderServiceTest)  Time elapsed: 0.141 sec  <<< FAILURE!
java.lang.AssertionError: 
Expected: (an instance of org.openmrs.api.APIException and exception with message a string containing "Order.frequency.cannot.edit")
     but: exception with message a string containing "Order.frequency.cannot.edit" message was "This order frequency cannot be edited because it is already in use"
Stacktrace was: org.openmrs.api.APIException: This order frequency cannot be edited because it is already in use
	at org.openmrs.api.impl.OrderServiceImpl.saveOrderFrequency(OrderServiceImpl.java:468)
	at sun.reflect.NativeMethodAccessorImpl.invoke0(Native Method)
	at sun.reflect.NativeMethodAccessorImpl.invoke(NativeMethodAccessorImpl.java:39)
	at sun.reflect.DelegatingMethodAccessorImpl.invoke(DelegatingMethodAccessorImpl.java:25)
	at java.lang.reflect.Method.invoke(Method.java:597)
	at org.springframework.aop.support.AopUtils.invokeJoinpointUsingReflection(AopUtils.java:309)
	at org.springframework.aop.framework.ReflectiveMethodInvocation.invokeJoinpoint(ReflectiveMethodInvocation.java:183)
	at org.springframework.aop.framework.ReflectiveMethodInvocation.proceed(ReflectiveMethodInvocation.java:150)
	at org.springframework.transaction.interceptor.TransactionInterceptor.invoke(TransactionInterceptor.java:110)
	at org.springframework.aop.framework.ReflectiveMethodInvocation.proceed(ReflectiveMethodInvocation.java:172)
	at org.springframework.aop.framework.JdkDynamicAopProxy.invoke(JdkDynamicAopProxy.java:202)
	at com.sun.proxy.$Proxy34.saveOrderFrequency(Unknown Source)
	at sun.reflect.NativeMethodAccessorImpl.invoke0(Native Method)
	at sun.reflect.NativeMethodAccessorImpl.invoke(NativeMethodAccessorImpl.java:39)
	at sun.reflect.DelegatingMethodAccessorImpl.invoke(DelegatingMethodAccessorImpl.java:25)
	at java.lang.reflect.Method.invoke(Method.java:597)
	at org.springframework.aop.support.AopUtils.invokeJoinpointUsingReflection(AopUtils.java:309)
	at org.springframework.aop.framework.ReflectiveMethodInvocation.invokeJoinpoint(ReflectiveMethodInvocation.java:183)
	at org.springframework.aop.framework.ReflectiveMethodInvocation.proceed(ReflectiveMethodInvocation.java:150)
	at org.openmrs.aop.LoggingAdvice.invoke(LoggingAdvice.java:122)
	at org.springframework.aop.framework.ReflectiveMethodInvocation.proceed(ReflectiveMethodInvocation.java:172)
	at org.springframework.aop.framework.adapter.MethodBeforeAdviceInterceptor.invoke(MethodBeforeAdviceInterceptor.java:50)
	at org.springframework.aop.framework.ReflectiveMethodInvocation.proceed(ReflectiveMethodInvocation.java:172)
	at org.springframework.aop.framework.adapter.MethodBeforeAdviceInterceptor.invoke(MethodBeforeAdviceInterceptor.java:50)
	at org.springframework.aop.framework.ReflectiveMethodInvocation.proceed(ReflectiveMethodInvocation.java:172)
	at org.springframework.aop.framework.JdkDynamicAopProxy.invoke(JdkDynamicAopProxy.java:202)
	at com.sun.proxy.$Proxy35.saveOrderFrequency(Unknown Source)
	at org.openmrs.api.OrderServiceTest.saveOrderFrequency_shouldNotAllowEditingAnExistingOrderFrequencyThatIsInUse(OrderServiceTest.java:1086)
	at sun.reflect.NativeMethodAccessorImpl.invoke0(Native Method)
	at sun.reflect.NativeMethodAccessorImpl.invoke(NativeMethodAccessorImpl.java:39)
	at sun.reflect.DelegatingMethodAccessorImpl.invoke(DelegatingMethodAccessorImpl.java:25)
	at java.lang.reflect.Method.invoke(Method.java:597)
	at org.junit.runners.model.FrameworkMethod$1.runReflectiveCall(FrameworkMethod.java:47)
	at org.junit.internal.runners.model.ReflectiveCallable.run(ReflectiveCallable.java:12)
	at org.junit.runners.model.FrameworkMethod.invokeExplosively(FrameworkMethod.java:44)
	at org.junit.internal.runners.statements.InvokeMethod.evaluate(InvokeMethod.java:17)
	at org.junit.rules.ExpectedException$ExpectedExceptionStatement.evaluate(ExpectedException.java:168)
	at org.junit.rules.RunRules.evaluate(RunRules.java:20)
	at org.junit.internal.runners.statements.RunBefores.evaluate(RunBefores.java:26)
	at org.springframework.test.context.junit4.statements.RunBeforeTestMethodCallbacks.evaluate(RunBeforeTestMethodCallbacks.java:74)
	at org.junit.internal.runners.statements.RunAfters.evaluate(RunAfters.java:27)
	at org.springframework.test.context.junit4.statements.RunAfterTestMethodCallbacks.evaluate(RunAfterTestMethodCallbacks.java:82)
	at org.springframework.test.context.junit4.statements.SpringRepeat.evaluate(SpringRepeat.java:72)
	at org.springframework.test.context.junit4.SpringJUnit4ClassRunner.runChild(SpringJUnit4ClassRunner.java:240)
	at org.junit.runners.BlockJUnit4ClassRunner.runChild(BlockJUnit4ClassRunner.java:50)
	at org.junit.runners.ParentRunner$3.run(ParentRunner.java:238)
	at org.junit.runners.ParentRunner$1.schedule(ParentRunner.java:63)
	at org.junit.runners.ParentRunner.runChildren(ParentRunner.java:236)
	at org.junit.runners.ParentRunner.access$000(ParentRunner.java:53)
	at org.junit.runners.ParentRunner$2.evaluate(ParentRunner.java:229)
	at org.springframework.test.context.junit4.statements.RunBeforeTestClassCallbacks.evaluate(RunBeforeTestClassCallbacks.java:61)
	at org.junit.internal.runners.statements.RunAfters.evaluate(RunAfters.java:27)
	at org.springframework.test.context.junit4.statements.RunAfterTestClassCallbacks.evaluate(RunAfterTestClassCallbacks.java:70)
	at org.junit.runners.ParentRunner.run(ParentRunner.java:309)
	at org.springframework.test.context.junit4.SpringJUnit4ClassRunner.run(SpringJUnit4ClassRunner.java:180)
	at org.apache.maven.surefire.junit4.JUnit4TestSet.execute(JUnit4TestSet.java:59)
	at org.apache.maven.surefire.suite.AbstractDirectoryTestSuite.executeTestSet(AbstractDirectoryTestSuite.java:115)
	at org.apache.maven.surefire.suite.AbstractDirectoryTestSuite.execute(AbstractDirectoryTestSuite.java:102)
	at org.apache.maven.surefire.Surefire.run(Surefire.java:180)
	at sun.reflect.NativeMethodAccessorImpl.invoke0(Native Method)
	at sun.reflect.NativeMethodAccessorImpl.invoke(NativeMethodAccessorImpl.java:39)
	at sun.reflect.DelegatingMethodAccessorImpl.invoke(DelegatingMethodAccessorImpl.java:25)
	at java.lang.reflect.Method.invoke(Method.java:597)
	at org.apache.maven.surefire.booter.SurefireBooter.runSuitesInProcess(SurefireBooter.java:350)
	at org.apache.maven.surefire.booter.SurefireBooter.main(SurefireBooter.java:1021)

	at org.hamcrest.MatcherAssert.assertThat(MatcherAssert.java:20)
	at org.junit.Assert.assertThat(Assert.java:865)
	at org.junit.Assert.assertThat(Assert.java:832)
	at org.junit.rules.ExpectedException.handleException(ExpectedException.java:198)
	at org.junit.rules.ExpectedException.access$500(ExpectedException.java:85)
	at org.junit.rules.ExpectedException$ExpectedExceptionStatement.evaluate(ExpectedException.java:177)
	at org.junit.rules.RunRules.evaluate(RunRules.java:20)
	at org.junit.internal.runners.statements.RunBefores.evaluate(RunBefores.java:26)
	at org.springframework.test.context.junit4.statements.RunBeforeTestMethodCallbacks.evaluate(RunBeforeTestMethodCallbacks.java:74)
	at org.junit.internal.runners.statements.RunAfters.evaluate(RunAfters.java:27)
	at org.springframework.test.context.junit4.statements.RunAfterTestMethodCallbacks.evaluate(RunAfterTestMethodCallbacks.java:82)
	at org.springframework.test.context.junit4.statements.SpringRepeat.evaluate(SpringRepeat.java:72)
	at org.springframework.test.context.junit4.SpringJUnit4ClassRunner.runChild(SpringJUnit4ClassRunner.java:240)
	at org.junit.runners.BlockJUnit4ClassRunner.runChild(BlockJUnit4ClassRunner.java:50)
	at org.junit.runners.ParentRunner$3.run(ParentRunner.java:238)
	at org.junit.runners.ParentRunner$1.schedule(ParentRunner.java:63)
	at org.junit.runners.ParentRunner.runChildren(ParentRunner.java:236)
	at org.junit.runners.ParentRunner.access$000(ParentRunner.java:53)
	at org.junit.runners.ParentRunner$2.evaluate(ParentRunner.java:229)
	at org.springframework.test.context.junit4.statements.RunBeforeTestClassCallbacks.evaluate(RunBeforeTestClassCallbacks.java:61)
	at org.junit.internal.runners.statements.RunAfters.evaluate(RunAfters.java:27)
	at org.springframework.test.context.junit4.statements.RunAfterTestClassCallbacks.evaluate(RunAfterTestClassCallbacks.java:70)
	at org.junit.runners.ParentRunner.run(ParentRunner.java:309)
	at org.springframework.test.context.junit4.SpringJUnit4ClassRunner.run(SpringJUnit4ClassRunner.java:180)
	at org.apache.maven.surefire.junit4.JUnit4TestSet.execute(JUnit4TestSet.java:59)
	at org.apache.maven.surefire.suite.AbstractDirectoryTestSuite.executeTestSet(AbstractDirectoryTestSuite.java:115)
	at org.apache.maven.surefire.suite.AbstractDirectoryTestSuite.execute(AbstractDirectoryTestSuite.java:102)
	at org.apache.maven.surefire.Surefire.run(Surefire.java:180)
	at sun.reflect.NativeMethodAccessorImpl.invoke0(Native Method)
	at sun.reflect.NativeMethodAccessorImpl.invoke(NativeMethodAccessorImpl.java:39)
	at sun.reflect.DelegatingMethodAccessorImpl.invoke(DelegatingMethodAccessorImpl.java:25)
	at java.lang.reflect.Method.invoke(Method.java:597)
	at org.apache.maven.surefire.booter.SurefireBooter.runSuitesInProcess(SurefireBooter.java:350)
	at org.apache.maven.surefire.booter.SurefireBooter.main(SurefireBooter.java:1021)


--------------------------------------------------------------------------------------------------------------------------------
now time: 8
----------------------------------------------------------------
llm output
Based on the information provided in the failure message, the test method needs to be corrected to accurately expect an `APIException` with a message that exactly matches what is thrown by the method under test. The failed test expected a message containing a specific string, but the actual exception message was slightly different. Here's how to correct it:

```java
// <new_test>
@Test
public void saveOrderFrequency_shouldNotAllowEditingAnExistingOrderFrequencyThatIsInUse() {
    expectedException.expect(APIException.class);
    expectedException.expectMessage("This order frequency cannot be edited because it is already in use");

    // Setup: Assuming an order frequency object that is already in use is available.
    // For demonstration, let's say we have an orderFrequency object that should trigger the exception.
    OrderFrequency orderFrequency = getOrderFrequencyInUse(); // Implement getOrderFrequencyInUse accordingly

    // Action: Attempting to save this orderFrequency should trigger the exception
    orderService.saveOrderFrequency(orderFrequency);
}
// </new_test>
```

In this revised test method:
- I utilized the `expectedException` rule to specify both the type of exception expected (`APIException`) and the exact message expected based on the failure logs. It's crucial that the expected message matches exactly with what the method under test (`saveOrderFrequency`) produces in this scenario.
- The `getOrderFrequencyInUse()` is a placeholder for the setup code needed to retrieve or create an `OrderFrequency` object that simulates the scenario of attempting to edit an order frequency that is already in use. This needs to be implemented based on how your system designs order frequencies and decides when they are in use.

Note: This test method assumes the existence of an `expectedException` rule in your test class. If it doesn't exist, you would need to add it, typically as a public field initialized with `@Rule` annotation like so:
```java
@Rule
public ExpectedException expectedException = ExpectedException.none();
```
This approach allows the test to declaratively specify the expected outcome, making the test both precise in its expectations and clear in its intent.
----------------------------------------------------------------
generated test
@Test
public void saveOrderFrequency_shouldNotAllowEditingAnExistingOrderFrequencyThatIsInUse() {
    expectedException.expect(APIException.class);
    expectedException.expectMessage("This order frequency cannot be edited because it is already in use");

    // Setup: Assuming an order frequency object that is already in use is available.
    // For demonstration, let's say we have an orderFrequency object that should trigger the exception.
    OrderFrequency orderFrequency = getOrderFrequencyInUse(); // Implement getOrderFrequencyInUse accordingly

    // Action: Attempting to save this orderFrequency should trigger the exception
    orderService.saveOrderFrequency(orderFrequency);
}
//
----------------------------------------------------------------
last generated diff test
--- 

+++ 

@@ -1,11 +1,13 @@

 @Test
 public void saveOrderFrequency_shouldNotAllowEditingAnExistingOrderFrequencyThatIsInUse() {
-    expectedException.expect(APIException.class); // Declare the expected exception
-    expectedException.expectMessage(Matchers.containsString("Order.frequency.cannot.edit")); // Match the core expectation in the message
-    
-    // Assuming setup code here that finds or creates an OrderFrequency already in use
-    
-    // The test action that is expected to fail
-    orderService.saveOrderFrequency(anOrderFrequencyInUse);
+    expectedException.expect(APIException.class);
+    expectedException.expectMessage("This order frequency cannot be edited because it is already in use");
+
+    // Setup: Assuming an order frequency object that is already in use is available.
+    // For demonstration, let's say we have an orderFrequency object that should trigger the exception.
+    OrderFrequency orderFrequency = getOrderFrequencyInUse(); // Implement getOrderFrequencyInUse accordingly
+
+    // Action: Attempting to save this orderFrequency should trigger the exception
+    orderService.saveOrderFrequency(orderFrequency);
 }
 //

----------------------------------------------------------------
state: 1
----------------------------------------------------------------
description: 单元测试不通过
----------------------------------------------------------------
message
-------------------------------------------------------------------------------
Test set: org.openmrs.api.OrderServiceTest
-------------------------------------------------------------------------------
Tests run: 60, Failures: 1, Errors: 0, Skipped: 0, Time elapsed: 10.868 sec <<< FAILURE!
saveOrderFrequency_shouldNotAllowEditingAnExistingOrderFrequencyThatIsInUse(org.openmrs.api.OrderServiceTest)  Time elapsed: 0.059 sec  <<< FAILURE!
java.lang.AssertionError: 
Expected: (an instance of org.openmrs.api.APIException and exception with message a string containing "Order.frequency.cannot.edit")
     but: exception with message a string containing "Order.frequency.cannot.edit" message was "This order frequency cannot be edited because it is already in use"
Stacktrace was: org.openmrs.api.APIException: This order frequency cannot be edited because it is already in use
	at org.openmrs.api.impl.OrderServiceImpl.saveOrderFrequency(OrderServiceImpl.java:468)
	at sun.reflect.NativeMethodAccessorImpl.invoke0(Native Method)
	at sun.reflect.NativeMethodAccessorImpl.invoke(NativeMethodAccessorImpl.java:39)
	at sun.reflect.DelegatingMethodAccessorImpl.invoke(DelegatingMethodAccessorImpl.java:25)
	at java.lang.reflect.Method.invoke(Method.java:597)
	at org.springframework.aop.support.AopUtils.invokeJoinpointUsingReflection(AopUtils.java:309)
	at org.springframework.aop.framework.ReflectiveMethodInvocation.invokeJoinpoint(ReflectiveMethodInvocation.java:183)
	at org.springframework.aop.framework.ReflectiveMethodInvocation.proceed(ReflectiveMethodInvocation.java:150)
	at org.springframework.transaction.interceptor.TransactionInterceptor.invoke(TransactionInterceptor.java:110)
	at org.springframework.aop.framework.ReflectiveMethodInvocation.proceed(ReflectiveMethodInvocation.java:172)
	at org.springframework.aop.framework.JdkDynamicAopProxy.invoke(JdkDynamicAopProxy.java:202)
	at com.sun.proxy.$Proxy34.saveOrderFrequency(Unknown Source)
	at sun.reflect.NativeMethodAccessorImpl.invoke0(Native Method)
	at sun.reflect.NativeMethodAccessorImpl.invoke(NativeMethodAccessorImpl.java:39)
	at sun.reflect.DelegatingMethodAccessorImpl.invoke(DelegatingMethodAccessorImpl.java:25)
	at java.lang.reflect.Method.invoke(Method.java:597)
	at org.springframework.aop.support.AopUtils.invokeJoinpointUsingReflection(AopUtils.java:309)
	at org.springframework.aop.framework.ReflectiveMethodInvocation.invokeJoinpoint(ReflectiveMethodInvocation.java:183)
	at org.springframework.aop.framework.ReflectiveMethodInvocation.proceed(ReflectiveMethodInvocation.java:150)
	at org.openmrs.aop.LoggingAdvice.invoke(LoggingAdvice.java:122)
	at org.springframework.aop.framework.ReflectiveMethodInvocation.proceed(ReflectiveMethodInvocation.java:172)
	at org.springframework.aop.framework.adapter.MethodBeforeAdviceInterceptor.invoke(MethodBeforeAdviceInterceptor.java:50)
	at org.springframework.aop.framework.ReflectiveMethodInvocation.proceed(ReflectiveMethodInvocation.java:172)
	at org.springframework.aop.framework.adapter.MethodBeforeAdviceInterceptor.invoke(MethodBeforeAdviceInterceptor.java:50)
	at org.springframework.aop.framework.ReflectiveMethodInvocation.proceed(ReflectiveMethodInvocation.java:172)
	at org.springframework.aop.framework.JdkDynamicAopProxy.invoke(JdkDynamicAopProxy.java:202)
	at com.sun.proxy.$Proxy35.saveOrderFrequency(Unknown Source)
	at org.openmrs.api.OrderServiceTest.saveOrderFrequency_shouldNotAllowEditingAnExistingOrderFrequencyThatIsInUse(OrderServiceTest.java:1086)
	at sun.reflect.NativeMethodAccessorImpl.invoke0(Native Method)
	at sun.reflect.NativeMethodAccessorImpl.invoke(NativeMethodAccessorImpl.java:39)
	at sun.reflect.DelegatingMethodAccessorImpl.invoke(DelegatingMethodAccessorImpl.java:25)
	at java.lang.reflect.Method.invoke(Method.java:597)
	at org.junit.runners.model.FrameworkMethod$1.runReflectiveCall(FrameworkMethod.java:47)
	at org.junit.internal.runners.model.ReflectiveCallable.run(ReflectiveCallable.java:12)
	at org.junit.runners.model.FrameworkMethod.invokeExplosively(FrameworkMethod.java:44)
	at org.junit.internal.runners.statements.InvokeMethod.evaluate(InvokeMethod.java:17)
	at org.junit.rules.ExpectedException$ExpectedExceptionStatement.evaluate(ExpectedException.java:168)
	at org.junit.rules.RunRules.evaluate(RunRules.java:20)
	at org.junit.internal.runners.statements.RunBefores.evaluate(RunBefores.java:26)
	at org.springframework.test.context.junit4.statements.RunBeforeTestMethodCallbacks.evaluate(RunBeforeTestMethodCallbacks.java:74)
	at org.junit.internal.runners.statements.RunAfters.evaluate(RunAfters.java:27)
	at org.springframework.test.context.junit4.statements.RunAfterTestMethodCallbacks.evaluate(RunAfterTestMethodCallbacks.java:82)
	at org.springframework.test.context.junit4.statements.SpringRepeat.evaluate(SpringRepeat.java:72)
	at org.springframework.test.context.junit4.SpringJUnit4ClassRunner.runChild(SpringJUnit4ClassRunner.java:240)
	at org.junit.runners.BlockJUnit4ClassRunner.runChild(BlockJUnit4ClassRunner.java:50)
	at org.junit.runners.ParentRunner$3.run(ParentRunner.java:238)
	at org.junit.runners.ParentRunner$1.schedule(ParentRunner.java:63)
	at org.junit.runners.ParentRunner.runChildren(ParentRunner.java:236)
	at org.junit.runners.ParentRunner.access$000(ParentRunner.java:53)
	at org.junit.runners.ParentRunner$2.evaluate(ParentRunner.java:229)
	at org.springframework.test.context.junit4.statements.RunBeforeTestClassCallbacks.evaluate(RunBeforeTestClassCallbacks.java:61)
	at org.junit.internal.runners.statements.RunAfters.evaluate(RunAfters.java:27)
	at org.springframework.test.context.junit4.statements.RunAfterTestClassCallbacks.evaluate(RunAfterTestClassCallbacks.java:70)
	at org.junit.runners.ParentRunner.run(ParentRunner.java:309)
	at org.springframework.test.context.junit4.SpringJUnit4ClassRunner.run(SpringJUnit4ClassRunner.java:180)
	at org.apache.maven.surefire.junit4.JUnit4TestSet.execute(JUnit4TestSet.java:59)
	at org.apache.maven.surefire.suite.AbstractDirectoryTestSuite.executeTestSet(AbstractDirectoryTestSuite.java:115)
	at org.apache.maven.surefire.suite.AbstractDirectoryTestSuite.execute(AbstractDirectoryTestSuite.java:102)
	at org.apache.maven.surefire.Surefire.run(Surefire.java:180)
	at sun.reflect.NativeMethodAccessorImpl.invoke0(Native Method)
	at sun.reflect.NativeMethodAccessorImpl.invoke(NativeMethodAccessorImpl.java:39)
	at sun.reflect.DelegatingMethodAccessorImpl.invoke(DelegatingMethodAccessorImpl.java:25)
	at java.lang.reflect.Method.invoke(Method.java:597)
	at org.apache.maven.surefire.booter.SurefireBooter.runSuitesInProcess(SurefireBooter.java:350)
	at org.apache.maven.surefire.booter.SurefireBooter.main(SurefireBooter.java:1021)

	at org.hamcrest.MatcherAssert.assertThat(MatcherAssert.java:20)
	at org.junit.Assert.assertThat(Assert.java:865)
	at org.junit.Assert.assertThat(Assert.java:832)
	at org.junit.rules.ExpectedException.handleException(ExpectedException.java:198)
	at org.junit.rules.ExpectedException.access$500(ExpectedException.java:85)
	at org.junit.rules.ExpectedException$ExpectedExceptionStatement.evaluate(ExpectedException.java:177)
	at org.junit.rules.RunRules.evaluate(RunRules.java:20)
	at org.junit.internal.runners.statements.RunBefores.evaluate(RunBefores.java:26)
	at org.springframework.test.context.junit4.statements.RunBeforeTestMethodCallbacks.evaluate(RunBeforeTestMethodCallbacks.java:74)
	at org.junit.internal.runners.statements.RunAfters.evaluate(RunAfters.java:27)
	at org.springframework.test.context.junit4.statements.RunAfterTestMethodCallbacks.evaluate(RunAfterTestMethodCallbacks.java:82)
	at org.springframework.test.context.junit4.statements.SpringRepeat.evaluate(SpringRepeat.java:72)
	at org.springframework.test.context.junit4.SpringJUnit4ClassRunner.runChild(SpringJUnit4ClassRunner.java:240)
	at org.junit.runners.BlockJUnit4ClassRunner.runChild(BlockJUnit4ClassRunner.java:50)
	at org.junit.runners.ParentRunner$3.run(ParentRunner.java:238)
	at org.junit.runners.ParentRunner$1.schedule(ParentRunner.java:63)
	at org.junit.runners.ParentRunner.runChildren(ParentRunner.java:236)
	at org.junit.runners.ParentRunner.access$000(ParentRunner.java:53)
	at org.junit.runners.ParentRunner$2.evaluate(ParentRunner.java:229)
	at org.springframework.test.context.junit4.statements.RunBeforeTestClassCallbacks.evaluate(RunBeforeTestClassCallbacks.java:61)
	at org.junit.internal.runners.statements.RunAfters.evaluate(RunAfters.java:27)
	at org.springframework.test.context.junit4.statements.RunAfterTestClassCallbacks.evaluate(RunAfterTestClassCallbacks.java:70)
	at org.junit.runners.ParentRunner.run(ParentRunner.java:309)
	at org.springframework.test.context.junit4.SpringJUnit4ClassRunner.run(SpringJUnit4ClassRunner.java:180)
	at org.apache.maven.surefire.junit4.JUnit4TestSet.execute(JUnit4TestSet.java:59)
	at org.apache.maven.surefire.suite.AbstractDirectoryTestSuite.executeTestSet(AbstractDirectoryTestSuite.java:115)
	at org.apache.maven.surefire.suite.AbstractDirectoryTestSuite.execute(AbstractDirectoryTestSuite.java:102)
	at org.apache.maven.surefire.Surefire.run(Surefire.java:180)
	at sun.reflect.NativeMethodAccessorImpl.invoke0(Native Method)
	at sun.reflect.NativeMethodAccessorImpl.invoke(NativeMethodAccessorImpl.java:39)
	at sun.reflect.DelegatingMethodAccessorImpl.invoke(DelegatingMethodAccessorImpl.java:25)
	at java.lang.reflect.Method.invoke(Method.java:597)
	at org.apache.maven.surefire.booter.SurefireBooter.runSuitesInProcess(SurefireBooter.java:350)
	at org.apache.maven.surefire.booter.SurefireBooter.main(SurefireBooter.java:1021)


--------------------------------------------------------------------------------------------------------------------------------
total times: 1
----------------------------------------------------------------
generated test
@Test
public void saveOrderFrequency_shouldNotAllowEditingAnExistingOrderFrequencyThatIsInUse() throws Exception {
    expectedException.expect(APIException.class);
    expectedException.expectMessage("Order.frequency.cannot.edit");

    OrderFrequency orderFrequency = Context.getOrderService().getOrderFrequency(1);
    assertNotNull(orderFrequency);
    
    orderFrequency.setFrequencyPerDay(4d);
    Context.getOrderService().saveOrderFrequency(orderFrequency);
}
//
----------------------------------------------------------------
old generated diff test
--- 

+++ 

@@ -1,9 +1,12 @@

-@Test(expected = APIException.class)
-	@Verifies(value = "should not allow editing an existing order frequency that is in use", method = "saveOrderFrequency(OrderFrequency)")
-	public void saveOrderFrequency_shouldNotAllowEditingAnExistingOrderFrequencyThatIsInUse() throws Exception {
-		OrderFrequency orderFrequency = Context.getOrderService().getOrderFrequency(1);
-		assertNotNull(orderFrequency);
-		
-		orderFrequency.setFrequencyPerDay(4d);
-		Context.getOrderService().saveOrderFrequency(orderFrequency);
-	}
+@Test
+public void saveOrderFrequency_shouldNotAllowEditingAnExistingOrderFrequencyThatIsInUse() throws Exception {
+    expectedException.expect(APIException.class);
+    expectedException.expectMessage("Order.frequency.cannot.edit");
+
+    OrderFrequency orderFrequency = Context.getOrderService().getOrderFrequency(1);
+    assertNotNull(orderFrequency);
+    
+    orderFrequency.setFrequencyPerDay(4d);
+    Context.getOrderService().saveOrderFrequency(orderFrequency);
+}
+//

----------------------------------------------------------------
generated new diff test
--- 

+++ 

@@ -1,12 +1,11 @@

 @Test
-public void saveOrderFrequency_shouldNotAllowEditingAnExistingOrderFrequencyThatIsInUse() throws Exception {
-    expectedException.expect(APIException.class);
-    expectedException.expectMessage("Order.frequency.cannot.edit");
-
-    OrderFrequency orderFrequency = Context.getOrderService().getOrderFrequency(1);
-    assertNotNull(orderFrequency);
-    
-    orderFrequency.setFrequencyPerDay(4d);
-    Context.getOrderService().saveOrderFrequency(orderFrequency);
-}
-//
+	@Verifies(value = "should not allow editing an existing order frequency that is in use", method = "saveOrderFrequency(OrderFrequency)")
+	public void saveOrderFrequency_shouldNotAllowEditingAnExistingOrderFrequencyThatIsInUse() throws Exception {
+		OrderFrequency orderFrequency = Context.getOrderService().getOrderFrequency(1);
+		assertNotNull(orderFrequency);
+		
+		orderFrequency.setFrequencyPerDay(4d);
+		expectedException.expect(APIException.class);
+		expectedException.expectMessage("This order frequency cannot be edited because it is already in use");
+		Context.getOrderService().saveOrderFrequency(orderFrequency);
+	}

----------------------------------------------------------------
state: 1
----------------------------------------------------------------
description: 单元测试不通过
--------------------------------------------------------------------------------------------------------------------------------
