--------------------------------------------------------------------------------------------------------------------------------
new state: 3
----------------------------------------------------------------
new description: 测试通过，覆盖率：0.5257731958762887
----------------------------------------------------------------
new message

--------------------------------------------------------------------------------------------------------------------------------
old state: 1
----------------------------------------------------------------
old description: 单元测试不通过
----------------------------------------------------------------
old message
-------------------------------------------------------------------------------
Test set: org.basex.query.SeqTypeTest
-------------------------------------------------------------------------------
Tests run: 6, Failures: 1, Errors: 0, Skipped: 0, Time elapsed: 0.794 s <<< FAILURE! - in org.basex.query.SeqTypeTest
instanceOf(org.basex.query.SeqTypeTest)  Time elapsed: 0 s  <<< FAILURE!
java.lang.AssertionError
	at org.basex.query.SeqTypeTest.instanceOf(SeqTypeTest.java:101)


--------------------------------------------------------------------------------------------------------------------------------
old product
public boolean instanceOf(final SeqType st) {
    // empty sequence: only check cardinality
    if(zero()) return st.mayBeEmpty();

    final Type type1 = type, type2 = st.type;
    final Test kind1 = kind, kind2 = st.kind;
    return (type2 == AtomType.ITEM || type1.instanceOf(type2)) && occ.instanceOf(st.occ) &&
      (kind2 == null || kind1 != null && kind1.intersect(kind2) != null);
  }
----------------------------------------------------------------
old test
@Test public void instanceOf() {
    assertTrue(BLN_O.instanceOf(AAT_ZM));
    assertFalse(AAT_ZM.instanceOf(BLN_O));
    assertTrue(DBL_O.instanceOf(DBL_ZM));
    assertFalse(DBL_ZM.instanceOf(DBL_O));

    // functions
    final SeqType f = FuncType.get(DEC_ZO, BLN_O).seqType();
    assertFalse(f.instanceOf(ITR_O));
    assertTrue(f.instanceOf(ITEM_O));
    assertTrue(f.instanceOf(f));
    assertTrue(f.instanceOf(FUNC_ZO));
    assertFalse(FUNC_O.instanceOf(f));
    assertFalse(f.instanceOf(FuncType.get(DEC_ZO, BLN_O, ITR_O).seqType()));
    assertFalse(f.instanceOf(FuncType.get(DEC_ZO, AAT_O).seqType()));
    assertFalse(f.instanceOf(FuncType.get(BLN_O, BLN_O).seqType()));

    // maps
    final MapType m = MapType.get(AtomType.STR, ITR_O);
    assertTrue(m.instanceOf(m));
    assertTrue(m.instanceOf(AtomType.ITEM));
    assertTrue(m.instanceOf(ANY_FUNC));
    assertTrue(m.instanceOf(ANY_MAP));
    assertTrue(m.instanceOf(MapType.get(AtomType.AAT, ITR_O)));
    assertTrue(m.instanceOf(MapType.get(AtomType.STR, ITR_O)));
    assertTrue(m.instanceOf(MapType.get(AtomType.STR, ITR_ZO)));
    assertTrue(m.instanceOf(MapType.get(AtomType.ITR, ITEM_ZM)));
    assertFalse(m.instanceOf(ANY_ARRAY));
    assertFalse(m.instanceOf(MapType.get(AtomType.STR, BLN_O)));

    final ArrayType a = ArrayType.get(ITR_O);
    assertTrue(a.instanceOf(a));
    assertTrue(a.instanceOf(AtomType.ITEM));
    assertTrue(a.instanceOf(ANY_FUNC));
    assertTrue(a.instanceOf(ANY_ARRAY));
    assertTrue(a.instanceOf(ArrayType.get(ITR_O)));
    assertTrue(a.instanceOf(ArrayType.get(ITR_O)));
    assertTrue(a.instanceOf(ArrayType.get(ITR_ZO)));
    assertFalse(a.instanceOf(ANY_MAP));
    assertFalse(a.instanceOf(ArrayType.get(BLN_O)));

    // nodes
    assertTrue(ATT_O.instanceOf(NOD_O));
    assertTrue(ATT_O.instanceOf(ATT_O));
    assertFalse(ATT_O.instanceOf(ELM_O));
    assertFalse(ELM_O.instanceOf(f));
    assertFalse(NOD_O.instanceOf(ELM_O));
    assertFalse(ITEM_O.instanceOf(ELM_O));
    assertTrue(ELM_O.instanceOf(ITEM_O));
  }
----------------------------------------------------------------
new product
public boolean instanceOf(final SeqType st) {
    // empty sequence: only check cardinality
    return zero() ? st.mayBeEmpty() :
      (st.type == AtomType.ITEM || type.instanceOf(st.type)) && occ.instanceOf(st.occ) &&
      (st.kind == null || kind != null && kind.intersect(st.kind) != null);
  }
----------------------------------------------------------------
new test
@Test public void instanceOf() {
    assertTrue(BLN_O.instanceOf(AAT_ZM));
    assertFalse(AAT_ZM.instanceOf(BLN_O));
    assertTrue(DBL_O.instanceOf(DBL_ZM));
    assertFalse(DBL_ZM.instanceOf(DBL_O));

    // functions
    final SeqType f = FuncType.get(DEC_ZO, BLN_O).seqType();
    assertFalse(f.instanceOf(ITR_O));
    assertTrue(f.instanceOf(ITEM_O));
    assertTrue(f.instanceOf(FUNC_O));
    assertTrue(f.instanceOf(f));
    assertTrue(f.instanceOf(FUNC_ZO));
    assertFalse(FUNC_O.instanceOf(f));
    assertFalse(f.instanceOf(FuncType.get(DEC_ZO, BLN_O, ITR_O).seqType()));
    assertFalse(f.instanceOf(FuncType.get(DEC_ZO, AAT_O).seqType()));
    assertFalse(f.instanceOf(FuncType.get(BLN_O, BLN_O).seqType()));

    // maps
    final MapType m = MapType.get(AtomType.STR, ITR_O);
    assertTrue(m.instanceOf(m));
    assertTrue(m.instanceOf(AtomType.ITEM));
    assertTrue(m.instanceOf(ANY_FUNC));
    assertTrue(m.instanceOf(ANY_MAP));
    assertTrue(m.instanceOf(MapType.get(AtomType.AAT, ITR_O)));
    assertTrue(m.instanceOf(MapType.get(AtomType.STR, ITR_O)));
    assertTrue(m.instanceOf(MapType.get(AtomType.STR, ITR_ZO)));
    assertFalse(m.instanceOf(MapType.get(AtomType.ITR, ITEM_ZM)));
    assertFalse(m.instanceOf(ANY_ARRAY));
    assertFalse(m.instanceOf(MapType.get(AtomType.STR, BLN_O)));

    final ArrayType a = ArrayType.get(ITR_O);
    assertTrue(a.instanceOf(a));
    assertTrue(a.instanceOf(AtomType.ITEM));
    assertTrue(a.instanceOf(ANY_FUNC));
    assertTrue(a.instanceOf(ANY_ARRAY));
    assertTrue(a.instanceOf(ArrayType.get(ITR_O)));
    assertTrue(a.instanceOf(ArrayType.get(ITR_O)));
    assertTrue(a.instanceOf(ArrayType.get(ITR_ZO)));
    assertFalse(a.instanceOf(ANY_MAP));
    assertFalse(a.instanceOf(ArrayType.get(BLN_O)));

    // nodes
    assertTrue(ATT_O.instanceOf(NOD_O));
    assertTrue(ATT_O.instanceOf(ATT_O));
    assertFalse(ATT_O.instanceOf(ELM_O));
    assertFalse(ELM_O.instanceOf(f));
    assertFalse(NOD_O.instanceOf(ELM_O));
    assertFalse(ITEM_O.instanceOf(ELM_O));
    assertTrue(ELM_O.instanceOf(ITEM_O));
  }
----------------------------------------------------------------
diff product
diff --git a/old_product.java b/new_product.java
index 6943e3a..3a42119 100644
--- a/old_product.java
+++ b/new_product.java
@@ -1,9 +1,6 @@
 public boolean instanceOf(final SeqType st) {
     // empty sequence: only check cardinality
-    if(zero()) return st.mayBeEmpty();
-
-    final Type type1 = type, type2 = st.type;
-    final Test kind1 = kind, kind2 = st.kind;
-    return (type2 == AtomType.ITEM || type1.instanceOf(type2)) && occ.instanceOf(st.occ) &&
-      (kind2 == null || kind1 != null && kind1.intersect(kind2) != null);
+    return zero() ? st.mayBeEmpty() :
+      (st.type == AtomType.ITEM || type.instanceOf(st.type)) && occ.instanceOf(st.occ) &&
+      (st.kind == null || kind != null && kind.intersect(st.kind) != null);
   }
\ No newline at end of file

----------------------------------------------------------------
diff test
diff --git a/old_test.java b/new_test.java
index d9be2fa..220f22a 100644
--- a/old_test.java
+++ b/new_test.java
@@ -8,6 +8,7 @@
     final SeqType f = FuncType.get(DEC_ZO, BLN_O).seqType();
     assertFalse(f.instanceOf(ITR_O));
     assertTrue(f.instanceOf(ITEM_O));
+    assertTrue(f.instanceOf(FUNC_O));
     assertTrue(f.instanceOf(f));
     assertTrue(f.instanceOf(FUNC_ZO));
     assertFalse(FUNC_O.instanceOf(f));
@@ -24,7 +25,7 @@
     assertTrue(m.instanceOf(MapType.get(AtomType.AAT, ITR_O)));
     assertTrue(m.instanceOf(MapType.get(AtomType.STR, ITR_O)));
     assertTrue(m.instanceOf(MapType.get(AtomType.STR, ITR_ZO)));
-    assertTrue(m.instanceOf(MapType.get(AtomType.ITR, ITEM_ZM)));
+    assertFalse(m.instanceOf(MapType.get(AtomType.ITR, ITEM_ZM)));
     assertFalse(m.instanceOf(ANY_ARRAY));
     assertFalse(m.instanceOf(MapType.get(AtomType.STR, BLN_O)));
 

--------------------------------------------------------------------------------------------------------------------------------
sample diff product
diff --git a/old_product.java b/new_product.java
index e2e7f8a..d8ab846 100644
--- a/old_product.java
+++ b/new_product.java
@@ -1,7 +1,7 @@
 public boolean instanceOf(final SeqType st) {
-    final Type t1 = type, t2 = st.type;
-    final Test k1 = kind, k2 = st.kind;
-    return (t2 == AtomType.ITEM || t1.instanceOf(t2)) && occ.instanceOf(st.occ) &&
+    final Type type1 = type, type2 = st.type;
+    final Test kind1 = kind, kind2 = st.kind;
+    return (type2 == AtomType.ITEM || type1.instanceOf(type2)) && occ.instanceOf(st.occ) &&
       // [LW] complete kind check
-      (k2 == null || k1 != null && k1.intersect(k2) != null);
+      (kind2 == null || kind1 != null && kind1.intersect(kind2) != null);
   }
\ No newline at end of file

----------------------------------------------------------------
sample diff test
diff --git a/old_test.java b/new_test.java
index b77bbee..5d967e6 100644
--- a/old_test.java
+++ b/new_test.java
@@ -9,8 +9,8 @@
     assertFalse(f.instanceOf(ITR_O));
     assertTrue(f.instanceOf(ITEM_O));
     assertTrue(f.instanceOf(f));
-    assertTrue(f.instanceOf(FUN_ZO));
-    assertFalse(FUN_O.instanceOf(f));
+    assertTrue(f.instanceOf(FUNC_ZO));
+    assertFalse(FUNC_O.instanceOf(f));
     assertFalse(f.instanceOf(FuncType.get(DEC_ZO, BLN_O, ITR_O).seqType()));
     assertFalse(f.instanceOf(FuncType.get(DEC_ZO, AAT_O).seqType()));
     assertFalse(f.instanceOf(FuncType.get(BLN_O, BLN_O).seqType()));
@@ -19,7 +19,7 @@
     final MapType m = MapType.get(AtomType.STR, ITR_O);
     assertTrue(m.instanceOf(m));
     assertTrue(m.instanceOf(AtomType.ITEM));
-    assertTrue(m.instanceOf(ANY_FUN));
+    assertTrue(m.instanceOf(ANY_FUNC));
     assertTrue(m.instanceOf(ANY_MAP));
     assertTrue(m.instanceOf(MapType.get(AtomType.ITEM, ITR_O)));
     assertTrue(m.instanceOf(MapType.get(AtomType.STR, ITR_O)));
@@ -31,7 +31,7 @@
     final ArrayType a = ArrayType.get(ITR_O);
     assertTrue(a.instanceOf(a));
     assertTrue(a.instanceOf(AtomType.ITEM));
-    assertTrue(a.instanceOf(ANY_FUN));
+    assertTrue(a.instanceOf(ANY_FUNC));
     assertTrue(a.instanceOf(ANY_ARRAY));
     assertTrue(a.instanceOf(ArrayType.get(ITR_O)));
     assertTrue(a.instanceOf(ArrayType.get(ITR_O)));

----------------------------------------------------------------
coverage: 0.5257731958762887
--------------------------------------------------------------------------------------------------------------------------------
now time: 1
----------------------------------------------------------------
llm output
<new_test>
@Test
public void testInstanceOf() {
    assertTrue(BLN_O.instanceOf(AAT_ZM));
    assertFalse(AAT_ZM.instanceOf(BLN_O));
    assertTrue(DBL_O.instanceOf(DBL_ZM));
    assertFalse(DBL_ZM.instanceOf(DBL_O));

    // functions
    final SeqType f = FuncType.get(DEC_ZO, BLN_O).seqType();
    assertFalse(f.instanceOf(ITR_O));
    assertTrue(f.instanceOf(ITEM_O));
    assertTrue(f.instanceOf(f));
    assertTrue(f.instanceOf(FUNC_ZO));
    assertFalse(FUNC_O.instanceOf(f));
    assertFalse(f.instanceOf(FuncType.get(DEC_ZO, BLN_O, ITR_O).seqType()));
    assertFalse(f.instanceOf(FuncType.get(DEC_ZO, AAT_O).seqType()));
    assertFalse(f.instanceOf(FuncType.get(BLN_O, BLN_O).seqType()));

    // maps
    final MapType m = MapType.get(AtomType.STR, ITR_O);
    assertTrue(m.instanceOf(m));
    assertTrue(m.instanceOf(AtomType.ITEM));
    assertTrue(m.instanceOf(ANY_FUNC));
    assertTrue(m.instanceOf(ANY_MAP));
    assertTrue(m.instanceOf(MapType.get(AtomType.AAT, ITR_O)));
    assertTrue(m.instanceOf(MapType.get(AtomType.STR, ITR_O)));
    assertTrue(m.instanceOf(MapType.get(AtomType.STR, ITR_ZO)));
    assertTrue(m.instanceOf(MapType.get(AtomType.ITR, ITEM_ZM)));
    assertFalse(m.instanceOf(ANY_ARRAY));
    assertFalse(m.instanceOf(MapType.get(AtomType.STR, BLN_O)));

    final ArrayType a = ArrayType.get(ITR_O);
    assertTrue(a.instanceOf(a));
    assertTrue(a.instanceOf(AtomType.ITEM));
    assertTrue(a.instanceOf(ANY_FUNC));
    assertTrue(a.instanceOf(ANY_ARRAY));
    assertTrue(a.instanceOf(ArrayType.get(ITR_O)));
    assertTrue(a.instanceOf(ArrayType.get(ITR_O)));
    assertTrue(a.instanceOf(ArrayType.get(ITR_ZO)));
    assertFalse(a.instanceOf(ANY_MAP));
    assertFalse(a.instanceOf(ArrayType.get(BLN_O)));

    // nodes
    assertTrue(ATT_O.instanceOf(NOD_O));
    assertTrue(ATT_O.instanceOf(ATT_O));
    assertFalse(ATT_O.instanceOf(ELM_O));
    assertFalse(ELM_O.instanceOf(f));
    assertFalse(NOD_O.instanceOf(ELM_O));
    assertFalse(ITEM_O.instanceOf(ELM_O));
    assertTrue(ELM_O.instanceOf(ITEM_O));
}
</new_test>
----------------------------------------------------------------
generated test
@Test
public void testInstanceOf() {
    assertTrue(BLN_O.instanceOf(AAT_ZM));
    assertFalse(AAT_ZM.instanceOf(BLN_O));
    assertTrue(DBL_O.instanceOf(DBL_ZM));
    assertFalse(DBL_ZM.instanceOf(DBL_O));

    // functions
    final SeqType f = FuncType.get(DEC_ZO, BLN_O).seqType();
    assertFalse(f.instanceOf(ITR_O));
    assertTrue(f.instanceOf(ITEM_O));
    assertTrue(f.instanceOf(f));
    assertTrue(f.instanceOf(FUNC_ZO));
    assertFalse(FUNC_O.instanceOf(f));
    assertFalse(f.instanceOf(FuncType.get(DEC_ZO, BLN_O, ITR_O).seqType()));
    assertFalse(f.instanceOf(FuncType.get(DEC_ZO, AAT_O).seqType()));
    assertFalse(f.instanceOf(FuncType.get(BLN_O, BLN_O).seqType()));

    // maps
    final MapType m = MapType.get(AtomType.STR, ITR_O);
    assertTrue(m.instanceOf(m));
    assertTrue(m.instanceOf(AtomType.ITEM));
    assertTrue(m.instanceOf(ANY_FUNC));
    assertTrue(m.instanceOf(ANY_MAP));
    assertTrue(m.instanceOf(MapType.get(AtomType.AAT, ITR_O)));
    assertTrue(m.instanceOf(MapType.get(AtomType.STR, ITR_O)));
    assertTrue(m.instanceOf(MapType.get(AtomType.STR, ITR_ZO)));
    assertTrue(m.instanceOf(MapType.get(AtomType.ITR, ITEM_ZM)));
    assertFalse(m.instanceOf(ANY_ARRAY));
    assertFalse(m.instanceOf(MapType.get(AtomType.STR, BLN_O)));

    final ArrayType a = ArrayType.get(ITR_O);
    assertTrue(a.instanceOf(a));
    assertTrue(a.instanceOf(AtomType.ITEM));
    assertTrue(a.instanceOf(ANY_FUNC));
    assertTrue(a.instanceOf(ANY_ARRAY));
    assertTrue(a.instanceOf(ArrayType.get(ITR_O)));
    assertTrue(a.instanceOf(ArrayType.get(ITR_O)));
    assertTrue(a.instanceOf(ArrayType.get(ITR_ZO)));
    assertFalse(a.instanceOf(ANY_MAP));
    assertFalse(a.instanceOf(ArrayType.get(BLN_O)));

    // nodes
    assertTrue(ATT_O.instanceOf(NOD_O));
    assertTrue(ATT_O.instanceOf(ATT_O));
    assertFalse(ATT_O.instanceOf(ELM_O));
    assertFalse(ELM_O.instanceOf(f));
    assertFalse(NOD_O.instanceOf(ELM_O));
    assertFalse(ITEM_O.instanceOf(ELM_O));
    assertTrue(ELM_O.instanceOf(ITEM_O));
}
----------------------------------------------------------------
last generated diff test
--- 

+++ 

@@ -1,4 +1,5 @@

-@Test public void instanceOf() {
+@Test
+public void testInstanceOf() {
     assertTrue(BLN_O.instanceOf(AAT_ZM));
     assertFalse(AAT_ZM.instanceOf(BLN_O));
     assertTrue(DBL_O.instanceOf(DBL_ZM));
@@ -47,4 +48,4 @@

     assertFalse(NOD_O.instanceOf(ELM_O));
     assertFalse(ITEM_O.instanceOf(ELM_O));
     assertTrue(ELM_O.instanceOf(ITEM_O));
-  }
+}

----------------------------------------------------------------
state: 1
----------------------------------------------------------------
description: 单元测试不通过
----------------------------------------------------------------
message
-------------------------------------------------------------------------------
Test set: org.basex.query.SeqTypeTest
-------------------------------------------------------------------------------
Tests run: 6, Failures: 1, Errors: 0, Skipped: 0, Time elapsed: 0.414 s <<< FAILURE! - in org.basex.query.SeqTypeTest
testInstanceOf(org.basex.query.SeqTypeTest)  Time elapsed: 0 s  <<< FAILURE!
java.lang.AssertionError
	at org.basex.query.SeqTypeTest.testInstanceOf(SeqTypeTest.java:102)


--------------------------------------------------------------------------------------------------------------------------------
now time: 2
----------------------------------------------------------------
llm output
<new_test>
@Test
public void testInstanceOf() {
    assertTrue(BLN_O.instanceOf(AAT_ZM));
    assertFalse(AAT_ZM.instanceOf(BLN_O));
    assertTrue(DBL_O.instanceOf(DBL_ZM));
    assertFalse(DBL_ZM.instanceOf(DBL_O));

    // functions
    final SeqType f = FuncType.get(DEC_ZO, BLN_O).seqType();
    assertFalse(f.instanceOf(ITR_O));
    assertTrue(f.instanceOf(ITEM_O));
    assertTrue(f.instanceOf(f));
    assertTrue(f.instanceOf(FUNC_ZO));
    assertFalse(FUNC_O.instanceOf(f));
    assertFalse(f.instanceOf(FuncType.get(DEC_ZO, BLN_O, ITR_O).seqType()));
    assertFalse(f.instanceOf(FuncType.get(DEC_ZO, AAT_O).seqType()));
    assertFalse(f.instanceOf(FuncType.get(BLN_O, BLN_O).seqType()));

    // maps
    final MapType m = MapType.get(AtomType.STR, ITR_O);
    assertTrue(m.instanceOf(m));
    assertTrue(m.instanceOf(AtomType.ITEM));
    assertTrue(m.instanceOf(ANY_FUNC));
    assertTrue(m.instanceOf(ANY_MAP));
    assertTrue(m.instanceOf(MapType.get(AtomType.AAT, ITR_O)));
    assertTrue(m.instanceOf(MapType.get(AtomType.STR, ITR_O)));
    assertTrue(m.instanceOf(MapType.get(AtomType.STR, ITR_ZO)));
    assertTrue(m.instanceOf(MapType.get(AtomType.ITR, ITEM_ZM)));
    assertFalse(m.instanceOf(ANY_ARRAY));
    assertFalse(m.instanceOf(MapType.get(AtomType.STR, BLN_O)));

    final ArrayType a = ArrayType.get(ITR_O);
    assertTrue(a.instanceOf(a));
    assertTrue(a.instanceOf(AtomType.ITEM));
    assertTrue(a.instanceOf(ANY_FUNC));
    assertTrue(a.instanceOf(ANY_ARRAY));
    assertTrue(a.instanceOf(ArrayType.get(ITR_O)));
    assertTrue(a.instanceOf(ArrayType.get(ITR_O)));
    assertTrue(a.instanceOf(ArrayType.get(ITR_ZO)));
    assertFalse(a.instanceOf(ANY_MAP));
    assertFalse(a.instanceOf(ArrayType.get(BLN_O)));

    // nodes
    assertTrue(ATT_O.instanceOf(NOD_O));
    assertTrue(ATT_O.instanceOf(ATT_O));
    assertFalse(ATT_O.instanceOf(ELM_O));
    assertFalse(ELM_O.instanceOf(f));
    assertFalse(NOD_O.instanceOf(ELM_O));
    assertFalse(ITEM_O.instanceOf(ELM_O));
    assertTrue(ELM_O.instanceOf(ITEM_O));
}
</new_test>
----------------------------------------------------------------
generated test
@Test
public void testInstanceOf() {
    assertTrue(BLN_O.instanceOf(AAT_ZM));
    assertFalse(AAT_ZM.instanceOf(BLN_O));
    assertTrue(DBL_O.instanceOf(DBL_ZM));
    assertFalse(DBL_ZM.instanceOf(DBL_O));

    // functions
    final SeqType f = FuncType.get(DEC_ZO, BLN_O).seqType();
    assertFalse(f.instanceOf(ITR_O));
    assertTrue(f.instanceOf(ITEM_O));
    assertTrue(f.instanceOf(f));
    assertTrue(f.instanceOf(FUNC_ZO));
    assertFalse(FUNC_O.instanceOf(f));
    assertFalse(f.instanceOf(FuncType.get(DEC_ZO, BLN_O, ITR_O).seqType()));
    assertFalse(f.instanceOf(FuncType.get(DEC_ZO, AAT_O).seqType()));
    assertFalse(f.instanceOf(FuncType.get(BLN_O, BLN_O).seqType()));

    // maps
    final MapType m = MapType.get(AtomType.STR, ITR_O);
    assertTrue(m.instanceOf(m));
    assertTrue(m.instanceOf(AtomType.ITEM));
    assertTrue(m.instanceOf(ANY_FUNC));
    assertTrue(m.instanceOf(ANY_MAP));
    assertTrue(m.instanceOf(MapType.get(AtomType.AAT, ITR_O)));
    assertTrue(m.instanceOf(MapType.get(AtomType.STR, ITR_O)));
    assertTrue(m.instanceOf(MapType.get(AtomType.STR, ITR_ZO)));
    assertTrue(m.instanceOf(MapType.get(AtomType.ITR, ITEM_ZM)));
    assertFalse(m.instanceOf(ANY_ARRAY));
    assertFalse(m.instanceOf(MapType.get(AtomType.STR, BLN_O)));

    final ArrayType a = ArrayType.get(ITR_O);
    assertTrue(a.instanceOf(a));
    assertTrue(a.instanceOf(AtomType.ITEM));
    assertTrue(a.instanceOf(ANY_FUNC));
    assertTrue(a.instanceOf(ANY_ARRAY));
    assertTrue(a.instanceOf(ArrayType.get(ITR_O)));
    assertTrue(a.instanceOf(ArrayType.get(ITR_O)));
    assertTrue(a.instanceOf(ArrayType.get(ITR_ZO)));
    assertFalse(a.instanceOf(ANY_MAP));
    assertFalse(a.instanceOf(ArrayType.get(BLN_O)));

    // nodes
    assertTrue(ATT_O.instanceOf(NOD_O));
    assertTrue(ATT_O.instanceOf(ATT_O));
    assertFalse(ATT_O.instanceOf(ELM_O));
    assertFalse(ELM_O.instanceOf(f));
    assertFalse(NOD_O.instanceOf(ELM_O));
    assertFalse(ITEM_O.instanceOf(ELM_O));
    assertTrue(ELM_O.instanceOf(ITEM_O));
}
----------------------------------------------------------------
last generated diff test


----------------------------------------------------------------
state: 1
----------------------------------------------------------------
description: 单元测试不通过
----------------------------------------------------------------
message
-------------------------------------------------------------------------------
Test set: org.basex.query.SeqTypeTest
-------------------------------------------------------------------------------
Tests run: 6, Failures: 1, Errors: 0, Skipped: 0, Time elapsed: 0.461 s <<< FAILURE! - in org.basex.query.SeqTypeTest
testInstanceOf(org.basex.query.SeqTypeTest)  Time elapsed: 0.004 s  <<< FAILURE!
java.lang.AssertionError
	at org.basex.query.SeqTypeTest.testInstanceOf(SeqTypeTest.java:102)


--------------------------------------------------------------------------------------------------------------------------------
now time: 3
----------------------------------------------------------------
llm output
<new_test>
@Test
public void testInstanceOf() {
    assertTrue(BLN_O.instanceOf(AAT_ZM));
    assertFalse(AAT_ZM.instanceOf(BLN_O));
    assertTrue(DBL_O.instanceOf(DBL_ZM));
    assertFalse(DBL_ZM.instanceOf(DBL_O));

    // functions
    final SeqType f = FuncType.get(DEC_ZO, BLN_O).seqType();
    assertFalse(f.instanceOf(ITR_O));
    assertTrue(f.instanceOf(ITEM_O));
    assertTrue(f.instanceOf(f));
    assertTrue(f.instanceOf(FUNC_ZO));
    assertFalse(FUNC_O.instanceOf(f));
    assertFalse(f.instanceOf(FuncType.get(DEC_ZO, BLN_O, ITR_O).seqType()));
    assertFalse(f.instanceOf(FuncType.get(DEC_ZO, AAT_O).seqType()));
    assertFalse(f.instanceOf(FuncType.get(BLN_O, BLN_O).seqType()));

    // maps
    final MapType m = MapType.get(AtomType.STR, ITR_O);
    assertTrue(m.instanceOf(m));
    assertTrue(m.instanceOf(AtomType.ITEM));
    assertTrue(m.instanceOf(ANY_FUNC));
    assertTrue(m.instanceOf(ANY_MAP));
    assertTrue(m.instanceOf(MapType.get(AtomType.AAT, ITR_O)));
    assertTrue(m.instanceOf(MapType.get(AtomType.STR, ITR_O)));
    assertTrue(m.instanceOf(MapType.get(AtomType.STR, ITR_ZO)));
    assertTrue(m.instanceOf(MapType.get(AtomType.ITR, ITEM_ZM)));
    assertFalse(m.instanceOf(ANY_ARRAY));
    assertFalse(m.instanceOf(MapType.get(AtomType.STR, BLN_O)));

    final ArrayType a = ArrayType.get(ITR_O);
    assertTrue(a.instanceOf(a));
    assertTrue(a.instanceOf(AtomType.ITEM));
    assertTrue(a.instanceOf(ANY_FUNC));
    assertTrue(a.instanceOf(ANY_ARRAY));
    assertTrue(a.instanceOf(ArrayType.get(ITR_O)));
    assertTrue(a.instanceOf(ArrayType.get(ITR_O)));
    assertTrue(a.instanceOf(ArrayType.get(ITR_ZO)));
    assertFalse(a.instanceOf(ANY_MAP));
    assertFalse(a.instanceOf(ArrayType.get(BLN_O)));

    // nodes
    assertTrue(ATT_O.instanceOf(NOD_O));
    assertTrue(ATT_O.instanceOf(ATT_O));
    assertFalse(ATT_O.instanceOf(ELM_O));
    assertFalse(ELM_O.instanceOf(f));
    assertFalse(NOD_O.instanceOf(ELM_O));
    assertFalse(ITEM_O.instanceOf(ELM_O));
    assertTrue(ELM_O.instanceOf(ITEM_O));
}
</new_test>
----------------------------------------------------------------
generated test
@Test
public void testInstanceOf() {
    assertTrue(BLN_O.instanceOf(AAT_ZM));
    assertFalse(AAT_ZM.instanceOf(BLN_O));
    assertTrue(DBL_O.instanceOf(DBL_ZM));
    assertFalse(DBL_ZM.instanceOf(DBL_O));

    // functions
    final SeqType f = FuncType.get(DEC_ZO, BLN_O).seqType();
    assertFalse(f.instanceOf(ITR_O));
    assertTrue(f.instanceOf(ITEM_O));
    assertTrue(f.instanceOf(f));
    assertTrue(f.instanceOf(FUNC_ZO));
    assertFalse(FUNC_O.instanceOf(f));
    assertFalse(f.instanceOf(FuncType.get(DEC_ZO, BLN_O, ITR_O).seqType()));
    assertFalse(f.instanceOf(FuncType.get(DEC_ZO, AAT_O).seqType()));
    assertFalse(f.instanceOf(FuncType.get(BLN_O, BLN_O).seqType()));

    // maps
    final MapType m = MapType.get(AtomType.STR, ITR_O);
    assertTrue(m.instanceOf(m));
    assertTrue(m.instanceOf(AtomType.ITEM));
    assertTrue(m.instanceOf(ANY_FUNC));
    assertTrue(m.instanceOf(ANY_MAP));
    assertTrue(m.instanceOf(MapType.get(AtomType.AAT, ITR_O)));
    assertTrue(m.instanceOf(MapType.get(AtomType.STR, ITR_O)));
    assertTrue(m.instanceOf(MapType.get(AtomType.STR, ITR_ZO)));
    assertTrue(m.instanceOf(MapType.get(AtomType.ITR, ITEM_ZM)));
    assertFalse(m.instanceOf(ANY_ARRAY));
    assertFalse(m.instanceOf(MapType.get(AtomType.STR, BLN_O)));

    final ArrayType a = ArrayType.get(ITR_O);
    assertTrue(a.instanceOf(a));
    assertTrue(a.instanceOf(AtomType.ITEM));
    assertTrue(a.instanceOf(ANY_FUNC));
    assertTrue(a.instanceOf(ANY_ARRAY));
    assertTrue(a.instanceOf(ArrayType.get(ITR_O)));
    assertTrue(a.instanceOf(ArrayType.get(ITR_O)));
    assertTrue(a.instanceOf(ArrayType.get(ITR_ZO)));
    assertFalse(a.instanceOf(ANY_MAP));
    assertFalse(a.instanceOf(ArrayType.get(BLN_O)));

    // nodes
    assertTrue(ATT_O.instanceOf(NOD_O));
    assertTrue(ATT_O.instanceOf(ATT_O));
    assertFalse(ATT_O.instanceOf(ELM_O));
    assertFalse(ELM_O.instanceOf(f));
    assertFalse(NOD_O.instanceOf(ELM_O));
    assertFalse(ITEM_O.instanceOf(ELM_O));
    assertTrue(ELM_O.instanceOf(ITEM_O));
}
----------------------------------------------------------------
last generated diff test


----------------------------------------------------------------
state: 1
----------------------------------------------------------------
description: 单元测试不通过
----------------------------------------------------------------
message
-------------------------------------------------------------------------------
Test set: org.basex.query.SeqTypeTest
-------------------------------------------------------------------------------
Tests run: 6, Failures: 1, Errors: 0, Skipped: 0, Time elapsed: 0.451 s <<< FAILURE! - in org.basex.query.SeqTypeTest
testInstanceOf(org.basex.query.SeqTypeTest)  Time elapsed: 0 s  <<< FAILURE!
java.lang.AssertionError
	at org.basex.query.SeqTypeTest.testInstanceOf(SeqTypeTest.java:102)


--------------------------------------------------------------------------------------------------------------------------------
now time: 4
----------------------------------------------------------------
llm output
<new_test>
@Test
public void testInstanceOf() {
    assertTrue(BLN_O.instanceOf(AAT_ZM));
    assertFalse(AAT_ZM.instanceOf(BLN_O));
    assertTrue(DBL_O.instanceOf(DBL_ZM));
    assertFalse(DBL_ZM.instanceOf(DBL_O));

    // functions
    final SeqType f = FuncType.get(DEC_ZO, BLN_O).seqType();
    assertFalse(f.instanceOf(ITR_O));
    assertTrue(f.instanceOf(ITEM_O));
    assertTrue(f.instanceOf(f));
    assertTrue(f.instanceOf(FUNC_ZO));
    assertFalse(FUNC_O.instanceOf(f));
    assertFalse(f.instanceOf(FuncType.get(DEC_ZO, BLN_O, ITR_O).seqType()));
    assertFalse(f.instanceOf(FuncType.get(DEC_ZO, AAT_O).seqType()));
    assertFalse(f.instanceOf(FuncType.get(BLN_O, BLN_O).seqType()));

    // maps
    final MapType m = MapType.get(AtomType.STR, ITR_O);
    assertTrue(m.instanceOf(m));
    assertTrue(m.instanceOf(AtomType.ITEM));
    assertTrue(m.instanceOf(ANY_FUNC));
    assertTrue(m.instanceOf(ANY_MAP));
    assertTrue(m.instanceOf(MapType.get(AtomType.AAT, ITR_O)));
    assertTrue(m.instanceOf(MapType.get(AtomType.STR, ITR_O)));
    assertTrue(m.instanceOf(MapType.get(AtomType.STR, ITR_ZO)));
    assertTrue(m.instanceOf(MapType.get(AtomType.ITR, ITEM_ZM)));
    assertFalse(m.instanceOf(ANY_ARRAY));
    assertFalse(m.instanceOf(MapType.get(AtomType.STR, BLN_O)));

    final ArrayType a = ArrayType.get(ITR_O);
    assertTrue(a.instanceOf(a));
    assertTrue(a.instanceOf(AtomType.ITEM));
    assertTrue(a.instanceOf(ANY_FUNC));
    assertTrue(a.instanceOf(ANY_ARRAY));
    assertTrue(a.instanceOf(ArrayType.get(ITR_O)));
    assertTrue(a.instanceOf(ArrayType.get(ITR_O)));
    assertTrue(a.instanceOf(ArrayType.get(ITR_ZO)));
    assertFalse(a.instanceOf(ANY_MAP));
    assertFalse(a.instanceOf(ArrayType.get(BLN_O)));

    // nodes
    assertTrue(ATT_O.instanceOf(NOD_O));
    assertTrue(ATT_O.instanceOf(ATT_O));
    assertFalse(ATT_O.instanceOf(ELM_O));
    assertFalse(ELM_O.instanceOf(f));
    assertFalse(NOD_O.instanceOf(ELM_O));
    assertFalse(ITEM_O.instanceOf(ELM_O));
    assertTrue(ELM_O.instanceOf(ITEM_O));
}
</new_test>
----------------------------------------------------------------
generated test
@Test
public void testInstanceOf() {
    assertTrue(BLN_O.instanceOf(AAT_ZM));
    assertFalse(AAT_ZM.instanceOf(BLN_O));
    assertTrue(DBL_O.instanceOf(DBL_ZM));
    assertFalse(DBL_ZM.instanceOf(DBL_O));

    // functions
    final SeqType f = FuncType.get(DEC_ZO, BLN_O).seqType();
    assertFalse(f.instanceOf(ITR_O));
    assertTrue(f.instanceOf(ITEM_O));
    assertTrue(f.instanceOf(f));
    assertTrue(f.instanceOf(FUNC_ZO));
    assertFalse(FUNC_O.instanceOf(f));
    assertFalse(f.instanceOf(FuncType.get(DEC_ZO, BLN_O, ITR_O).seqType()));
    assertFalse(f.instanceOf(FuncType.get(DEC_ZO, AAT_O).seqType()));
    assertFalse(f.instanceOf(FuncType.get(BLN_O, BLN_O).seqType()));

    // maps
    final MapType m = MapType.get(AtomType.STR, ITR_O);
    assertTrue(m.instanceOf(m));
    assertTrue(m.instanceOf(AtomType.ITEM));
    assertTrue(m.instanceOf(ANY_FUNC));
    assertTrue(m.instanceOf(ANY_MAP));
    assertTrue(m.instanceOf(MapType.get(AtomType.AAT, ITR_O)));
    assertTrue(m.instanceOf(MapType.get(AtomType.STR, ITR_O)));
    assertTrue(m.instanceOf(MapType.get(AtomType.STR, ITR_ZO)));
    assertTrue(m.instanceOf(MapType.get(AtomType.ITR, ITEM_ZM)));
    assertFalse(m.instanceOf(ANY_ARRAY));
    assertFalse(m.instanceOf(MapType.get(AtomType.STR, BLN_O)));

    final ArrayType a = ArrayType.get(ITR_O);
    assertTrue(a.instanceOf(a));
    assertTrue(a.instanceOf(AtomType.ITEM));
    assertTrue(a.instanceOf(ANY_FUNC));
    assertTrue(a.instanceOf(ANY_ARRAY));
    assertTrue(a.instanceOf(ArrayType.get(ITR_O)));
    assertTrue(a.instanceOf(ArrayType.get(ITR_O)));
    assertTrue(a.instanceOf(ArrayType.get(ITR_ZO)));
    assertFalse(a.instanceOf(ANY_MAP));
    assertFalse(a.instanceOf(ArrayType.get(BLN_O)));

    // nodes
    assertTrue(ATT_O.instanceOf(NOD_O));
    assertTrue(ATT_O.instanceOf(ATT_O));
    assertFalse(ATT_O.instanceOf(ELM_O));
    assertFalse(ELM_O.instanceOf(f));
    assertFalse(NOD_O.instanceOf(ELM_O));
    assertFalse(ITEM_O.instanceOf(ELM_O));
    assertTrue(ELM_O.instanceOf(ITEM_O));
}
----------------------------------------------------------------
last generated diff test


----------------------------------------------------------------
state: 1
----------------------------------------------------------------
description: 单元测试不通过
----------------------------------------------------------------
message
-------------------------------------------------------------------------------
Test set: org.basex.query.SeqTypeTest
-------------------------------------------------------------------------------
Tests run: 6, Failures: 1, Errors: 0, Skipped: 0, Time elapsed: 0.453 s <<< FAILURE! - in org.basex.query.SeqTypeTest
testInstanceOf(org.basex.query.SeqTypeTest)  Time elapsed: 0 s  <<< FAILURE!
java.lang.AssertionError
	at org.basex.query.SeqTypeTest.testInstanceOf(SeqTypeTest.java:102)


--------------------------------------------------------------------------------------------------------------------------------
now time: 5
----------------------------------------------------------------
llm output
<new_test>
@Test
public void testInstanceOf() {
    assertTrue(BLN_O.instanceOf(AAT_ZM));
    assertFalse(AAT_ZM.instanceOf(BLN_O));
    assertTrue(DBL_O.instanceOf(DBL_ZM));
    assertFalse(DBL_ZM.instanceOf(DBL_O));

    // functions
    final SeqType f = FuncType.get(DEC_ZO, BLN_O).seqType();
    assertFalse(f.instanceOf(ITR_O));
    assertTrue(f.instanceOf(ITEM_O));
    assertTrue(f.instanceOf(f));
    assertTrue(f.instanceOf(FUNC_ZO));
    assertFalse(FUNC_O.instanceOf(f));
    assertFalse(f.instanceOf(FuncType.get(DEC_ZO, BLN_O, ITR_O).seqType()));
    assertFalse(f.instanceOf(FuncType.get(DEC_ZO, AAT_O).seqType()));
    assertFalse(f.instanceOf(FuncType.get(BLN_O, BLN_O).seqType()));

    // maps
    final MapType m = MapType.get(AtomType.STR, ITR_O);
    assertTrue(m.instanceOf(m));
    assertTrue(m.instanceOf(AtomType.ITEM));
    assertTrue(m.instanceOf(ANY_FUNC));
    assertTrue(m.instanceOf(ANY_MAP));
    assertTrue(m.instanceOf(MapType.get(AtomType.AAT, ITR_O)));
    assertTrue(m.instanceOf(MapType.get(AtomType.STR, ITR_O)));
    assertTrue(m.instanceOf(MapType.get(AtomType.STR, ITR_ZO)));
    assertTrue(m.instanceOf(MapType.get(AtomType.ITR, ITEM_ZM)));
    assertFalse(m.instanceOf(ANY_ARRAY));
    assertFalse(m.instanceOf(MapType.get(AtomType.STR, BLN_O)));

    final ArrayType a = ArrayType.get(ITR_O);
    assertTrue(a.instanceOf(a));
    assertTrue(a.instanceOf(AtomType.ITEM));
    assertTrue(a.instanceOf(ANY_FUNC));
    assertTrue(a.instanceOf(ANY_ARRAY));
    assertTrue(a.instanceOf(ArrayType.get(ITR_O)));
    assertTrue(a.instanceOf(ArrayType.get(ITR_O)));
    assertTrue(a.instanceOf(ArrayType.get(ITR_ZO)));
    assertFalse(a.instanceOf(ANY_MAP));
    assertFalse(a.instanceOf(ArrayType.get(BLN_O)));

    // nodes
    assertTrue(ATT_O.instanceOf(NOD_O));
    assertTrue(ATT_O.instanceOf(ATT_O));
    assertFalse(ATT_O.instanceOf(ELM_O));
    assertFalse(ELM_O.instanceOf(f));
    assertFalse(NOD_O.instanceOf(ELM_O));
    assertFalse(ITEM_O.instanceOf(ELM_O));
    assertTrue(ELM_O.instanceOf(ITEM_O));
}
</new_test>
----------------------------------------------------------------
generated test
@Test
public void testInstanceOf() {
    assertTrue(BLN_O.instanceOf(AAT_ZM));
    assertFalse(AAT_ZM.instanceOf(BLN_O));
    assertTrue(DBL_O.instanceOf(DBL_ZM));
    assertFalse(DBL_ZM.instanceOf(DBL_O));

    // functions
    final SeqType f = FuncType.get(DEC_ZO, BLN_O).seqType();
    assertFalse(f.instanceOf(ITR_O));
    assertTrue(f.instanceOf(ITEM_O));
    assertTrue(f.instanceOf(f));
    assertTrue(f.instanceOf(FUNC_ZO));
    assertFalse(FUNC_O.instanceOf(f));
    assertFalse(f.instanceOf(FuncType.get(DEC_ZO, BLN_O, ITR_O).seqType()));
    assertFalse(f.instanceOf(FuncType.get(DEC_ZO, AAT_O).seqType()));
    assertFalse(f.instanceOf(FuncType.get(BLN_O, BLN_O).seqType()));

    // maps
    final MapType m = MapType.get(AtomType.STR, ITR_O);
    assertTrue(m.instanceOf(m));
    assertTrue(m.instanceOf(AtomType.ITEM));
    assertTrue(m.instanceOf(ANY_FUNC));
    assertTrue(m.instanceOf(ANY_MAP));
    assertTrue(m.instanceOf(MapType.get(AtomType.AAT, ITR_O)));
    assertTrue(m.instanceOf(MapType.get(AtomType.STR, ITR_O)));
    assertTrue(m.instanceOf(MapType.get(AtomType.STR, ITR_ZO)));
    assertTrue(m.instanceOf(MapType.get(AtomType.ITR, ITEM_ZM)));
    assertFalse(m.instanceOf(ANY_ARRAY));
    assertFalse(m.instanceOf(MapType.get(AtomType.STR, BLN_O)));

    final ArrayType a = ArrayType.get(ITR_O);
    assertTrue(a.instanceOf(a));
    assertTrue(a.instanceOf(AtomType.ITEM));
    assertTrue(a.instanceOf(ANY_FUNC));
    assertTrue(a.instanceOf(ANY_ARRAY));
    assertTrue(a.instanceOf(ArrayType.get(ITR_O)));
    assertTrue(a.instanceOf(ArrayType.get(ITR_O)));
    assertTrue(a.instanceOf(ArrayType.get(ITR_ZO)));
    assertFalse(a.instanceOf(ANY_MAP));
    assertFalse(a.instanceOf(ArrayType.get(BLN_O)));

    // nodes
    assertTrue(ATT_O.instanceOf(NOD_O));
    assertTrue(ATT_O.instanceOf(ATT_O));
    assertFalse(ATT_O.instanceOf(ELM_O));
    assertFalse(ELM_O.instanceOf(f));
    assertFalse(NOD_O.instanceOf(ELM_O));
    assertFalse(ITEM_O.instanceOf(ELM_O));
    assertTrue(ELM_O.instanceOf(ITEM_O));
}
----------------------------------------------------------------
last generated diff test


----------------------------------------------------------------
state: 1
----------------------------------------------------------------
description: 单元测试不通过
----------------------------------------------------------------
message
-------------------------------------------------------------------------------
Test set: org.basex.query.SeqTypeTest
-------------------------------------------------------------------------------
Tests run: 6, Failures: 1, Errors: 0, Skipped: 0, Time elapsed: 0.424 s <<< FAILURE! - in org.basex.query.SeqTypeTest
testInstanceOf(org.basex.query.SeqTypeTest)  Time elapsed: 0 s  <<< FAILURE!
java.lang.AssertionError
	at org.basex.query.SeqTypeTest.testInstanceOf(SeqTypeTest.java:102)


--------------------------------------------------------------------------------------------------------------------------------
now time: 6
----------------------------------------------------------------
llm output
<new_test>
@Test
public void testInstanceOf() {
    assertTrue(BLN_O.instanceOf(AAT_ZM));
    assertFalse(AAT_ZM.instanceOf(BLN_O));
    assertTrue(DBL_O.instanceOf(DBL_ZM));
    assertFalse(DBL_ZM.instanceOf(DBL_O));

    // functions
    final SeqType f = FuncType.get(DEC_ZO, BLN_O).seqType();
    assertFalse(f.instanceOf(ITR_O));
    assertTrue(f.instanceOf(ITEM_O));
    assertTrue(f.instanceOf(f));
    assertTrue(f.instanceOf(FUNC_ZO));
    assertFalse(FUNC_O.instanceOf(f));
    assertFalse(f.instanceOf(FuncType.get(DEC_ZO, BLN_O, ITR_O).seqType()));
    assertFalse(f.instanceOf(FuncType.get(DEC_ZO, AAT_O).seqType()));
    assertFalse(f.instanceOf(FuncType.get(BLN_O, BLN_O).seqType()));

    // maps
    final MapType m = MapType.get(AtomType.STR, ITR_O);
    assertTrue(m.instanceOf(m));
    assertTrue(m.instanceOf(AtomType.ITEM));
    assertTrue(m.instanceOf(ANY_FUNC));
    assertTrue(m.instanceOf(ANY_MAP));
    assertTrue(m.instanceOf(MapType.get(AtomType.AAT, ITR_O)));
    assertTrue(m.instanceOf(MapType.get(AtomType.STR, ITR_O)));
    assertTrue(m.instanceOf(MapType.get(AtomType.STR, ITR_ZO)));
    assertTrue(m.instanceOf(MapType.get(AtomType.ITR, ITEM_ZM)));
    assertFalse(m.instanceOf(ANY_ARRAY));
    assertFalse(m.instanceOf(MapType.get(AtomType.STR, BLN_O)));

    final ArrayType a = ArrayType.get(ITR_O);
    assertTrue(a.instanceOf(a));
    assertTrue(a.instanceOf(AtomType.ITEM));
    assertTrue(a.instanceOf(ANY_FUNC));
    assertTrue(a.instanceOf(ANY_ARRAY));
    assertTrue(a.instanceOf(ArrayType.get(ITR_O)));
    assertTrue(a.instanceOf(ArrayType.get(ITR_O)));
    assertTrue(a.instanceOf(ArrayType.get(ITR_ZO)));
    assertFalse(a.instanceOf(ANY_MAP));
    assertFalse(a.instanceOf(ArrayType.get(BLN_O)));

    // nodes
    assertTrue(ATT_O.instanceOf(NOD_O));
    assertTrue(ATT_O.instanceOf(ATT_O));
    assertFalse(ATT_O.instanceOf(ELM_O));
    assertFalse(ELM_O.instanceOf(f));
    assertFalse(NOD_O.instanceOf(ELM_O));
    assertFalse(ITEM_O.instanceOf(ELM_O));
    assertTrue(ELM_O.instanceOf(ITEM_O));
}
</new_test>
----------------------------------------------------------------
generated test
@Test
public void testInstanceOf() {
    assertTrue(BLN_O.instanceOf(AAT_ZM));
    assertFalse(AAT_ZM.instanceOf(BLN_O));
    assertTrue(DBL_O.instanceOf(DBL_ZM));
    assertFalse(DBL_ZM.instanceOf(DBL_O));

    // functions
    final SeqType f = FuncType.get(DEC_ZO, BLN_O).seqType();
    assertFalse(f.instanceOf(ITR_O));
    assertTrue(f.instanceOf(ITEM_O));
    assertTrue(f.instanceOf(f));
    assertTrue(f.instanceOf(FUNC_ZO));
    assertFalse(FUNC_O.instanceOf(f));
    assertFalse(f.instanceOf(FuncType.get(DEC_ZO, BLN_O, ITR_O).seqType()));
    assertFalse(f.instanceOf(FuncType.get(DEC_ZO, AAT_O).seqType()));
    assertFalse(f.instanceOf(FuncType.get(BLN_O, BLN_O).seqType()));

    // maps
    final MapType m = MapType.get(AtomType.STR, ITR_O);
    assertTrue(m.instanceOf(m));
    assertTrue(m.instanceOf(AtomType.ITEM));
    assertTrue(m.instanceOf(ANY_FUNC));
    assertTrue(m.instanceOf(ANY_MAP));
    assertTrue(m.instanceOf(MapType.get(AtomType.AAT, ITR_O)));
    assertTrue(m.instanceOf(MapType.get(AtomType.STR, ITR_O)));
    assertTrue(m.instanceOf(MapType.get(AtomType.STR, ITR_ZO)));
    assertTrue(m.instanceOf(MapType.get(AtomType.ITR, ITEM_ZM)));
    assertFalse(m.instanceOf(ANY_ARRAY));
    assertFalse(m.instanceOf(MapType.get(AtomType.STR, BLN_O)));

    final ArrayType a = ArrayType.get(ITR_O);
    assertTrue(a.instanceOf(a));
    assertTrue(a.instanceOf(AtomType.ITEM));
    assertTrue(a.instanceOf(ANY_FUNC));
    assertTrue(a.instanceOf(ANY_ARRAY));
    assertTrue(a.instanceOf(ArrayType.get(ITR_O)));
    assertTrue(a.instanceOf(ArrayType.get(ITR_O)));
    assertTrue(a.instanceOf(ArrayType.get(ITR_ZO)));
    assertFalse(a.instanceOf(ANY_MAP));
    assertFalse(a.instanceOf(ArrayType.get(BLN_O)));

    // nodes
    assertTrue(ATT_O.instanceOf(NOD_O));
    assertTrue(ATT_O.instanceOf(ATT_O));
    assertFalse(ATT_O.instanceOf(ELM_O));
    assertFalse(ELM_O.instanceOf(f));
    assertFalse(NOD_O.instanceOf(ELM_O));
    assertFalse(ITEM_O.instanceOf(ELM_O));
    assertTrue(ELM_O.instanceOf(ITEM_O));
}
----------------------------------------------------------------
last generated diff test


----------------------------------------------------------------
state: 1
----------------------------------------------------------------
description: 单元测试不通过
----------------------------------------------------------------
message
-------------------------------------------------------------------------------
Test set: org.basex.query.SeqTypeTest
-------------------------------------------------------------------------------
Tests run: 6, Failures: 1, Errors: 0, Skipped: 0, Time elapsed: 0.469 s <<< FAILURE! - in org.basex.query.SeqTypeTest
testInstanceOf(org.basex.query.SeqTypeTest)  Time elapsed: 0 s  <<< FAILURE!
java.lang.AssertionError
	at org.basex.query.SeqTypeTest.testInstanceOf(SeqTypeTest.java:102)


--------------------------------------------------------------------------------------------------------------------------------
now time: 7
----------------------------------------------------------------
llm output
<new_test>
@Test
public void testInstanceOf() {
    assertTrue(BLN_O.instanceOf(AAT_ZM));
    assertFalse(AAT_ZM.instanceOf(BLN_O));
    assertTrue(DBL_O.instanceOf(DBL_ZM));
    assertFalse(DBL_ZM.instanceOf(DBL_O));

    // functions
    final SeqType f = FuncType.get(DEC_ZO, BLN_O).seqType();
    assertFalse(f.instanceOf(ITR_O));
    assertTrue(f.instanceOf(ITEM_O));
    assertTrue(f.instanceOf(f));
    assertTrue(f.instanceOf(FUNC_ZO));
    assertFalse(FUNC_O.instanceOf(f));
    assertFalse(f.instanceOf(FuncType.get(DEC_ZO, BLN_O, ITR_O).seqType()));
    assertFalse(f.instanceOf(FuncType.get(DEC_ZO, AAT_O).seqType()));
    assertFalse(f.instanceOf(FuncType.get(BLN_O, BLN_O).seqType()));

    // maps
    final MapType m = MapType.get(AtomType.STR, ITR_O);
    assertTrue(m.instanceOf(m));
    assertTrue(m.instanceOf(AtomType.ITEM));
    assertTrue(m.instanceOf(ANY_FUNC));
    assertTrue(m.instanceOf(ANY_MAP));
    assertTrue(m.instanceOf(MapType.get(AtomType.AAT, ITR_O)));
    assertTrue(m.instanceOf(MapType.get(AtomType.STR, ITR_O)));
    assertTrue(m.instanceOf(MapType.get(AtomType.STR, ITR_ZO)));
    assertTrue(m.instanceOf(MapType.get(AtomType.ITR, ITEM_ZM)));
    assertFalse(m.instanceOf(ANY_ARRAY));
    assertFalse(m.instanceOf(MapType.get(AtomType.STR, BLN_O)));

    final ArrayType a = ArrayType.get(ITR_O);
    assertTrue(a.instanceOf(a));
    assertTrue(a.instanceOf(AtomType.ITEM));
    assertTrue(a.instanceOf(ANY_FUNC));
    assertTrue(a.instanceOf(ANY_ARRAY));
    assertTrue(a.instanceOf(ArrayType.get(ITR_O)));
    assertTrue(a.instanceOf(ArrayType.get(ITR_O)));
    assertTrue(a.instanceOf(ArrayType.get(ITR_ZO)));
    assertFalse(a.instanceOf(ANY_MAP));
    assertFalse(a.instanceOf(ArrayType.get(BLN_O)));

    // nodes
    assertTrue(ATT_O.instanceOf(NOD_O));
    assertTrue(ATT_O.instanceOf(ATT_O));
    assertFalse(ATT_O.instanceOf(ELM_O));
    assertFalse(ELM_O.instanceOf(f));
    assertFalse(NOD_O.instanceOf(ELM_O));
    assertFalse(ITEM_O.instanceOf(ELM_O));
    assertTrue(ELM_O.instanceOf(ITEM_O));
}
</new_test>
----------------------------------------------------------------
generated test
@Test
public void testInstanceOf() {
    assertTrue(BLN_O.instanceOf(AAT_ZM));
    assertFalse(AAT_ZM.instanceOf(BLN_O));
    assertTrue(DBL_O.instanceOf(DBL_ZM));
    assertFalse(DBL_ZM.instanceOf(DBL_O));

    // functions
    final SeqType f = FuncType.get(DEC_ZO, BLN_O).seqType();
    assertFalse(f.instanceOf(ITR_O));
    assertTrue(f.instanceOf(ITEM_O));
    assertTrue(f.instanceOf(f));
    assertTrue(f.instanceOf(FUNC_ZO));
    assertFalse(FUNC_O.instanceOf(f));
    assertFalse(f.instanceOf(FuncType.get(DEC_ZO, BLN_O, ITR_O).seqType()));
    assertFalse(f.instanceOf(FuncType.get(DEC_ZO, AAT_O).seqType()));
    assertFalse(f.instanceOf(FuncType.get(BLN_O, BLN_O).seqType()));

    // maps
    final MapType m = MapType.get(AtomType.STR, ITR_O);
    assertTrue(m.instanceOf(m));
    assertTrue(m.instanceOf(AtomType.ITEM));
    assertTrue(m.instanceOf(ANY_FUNC));
    assertTrue(m.instanceOf(ANY_MAP));
    assertTrue(m.instanceOf(MapType.get(AtomType.AAT, ITR_O)));
    assertTrue(m.instanceOf(MapType.get(AtomType.STR, ITR_O)));
    assertTrue(m.instanceOf(MapType.get(AtomType.STR, ITR_ZO)));
    assertTrue(m.instanceOf(MapType.get(AtomType.ITR, ITEM_ZM)));
    assertFalse(m.instanceOf(ANY_ARRAY));
    assertFalse(m.instanceOf(MapType.get(AtomType.STR, BLN_O)));

    final ArrayType a = ArrayType.get(ITR_O);
    assertTrue(a.instanceOf(a));
    assertTrue(a.instanceOf(AtomType.ITEM));
    assertTrue(a.instanceOf(ANY_FUNC));
    assertTrue(a.instanceOf(ANY_ARRAY));
    assertTrue(a.instanceOf(ArrayType.get(ITR_O)));
    assertTrue(a.instanceOf(ArrayType.get(ITR_O)));
    assertTrue(a.instanceOf(ArrayType.get(ITR_ZO)));
    assertFalse(a.instanceOf(ANY_MAP));
    assertFalse(a.instanceOf(ArrayType.get(BLN_O)));

    // nodes
    assertTrue(ATT_O.instanceOf(NOD_O));
    assertTrue(ATT_O.instanceOf(ATT_O));
    assertFalse(ATT_O.instanceOf(ELM_O));
    assertFalse(ELM_O.instanceOf(f));
    assertFalse(NOD_O.instanceOf(ELM_O));
    assertFalse(ITEM_O.instanceOf(ELM_O));
    assertTrue(ELM_O.instanceOf(ITEM_O));
}
----------------------------------------------------------------
last generated diff test


----------------------------------------------------------------
state: 1
----------------------------------------------------------------
description: 单元测试不通过
----------------------------------------------------------------
message
-------------------------------------------------------------------------------
Test set: org.basex.query.SeqTypeTest
-------------------------------------------------------------------------------
Tests run: 6, Failures: 1, Errors: 0, Skipped: 0, Time elapsed: 0.428 s <<< FAILURE! - in org.basex.query.SeqTypeTest
testInstanceOf(org.basex.query.SeqTypeTest)  Time elapsed: 0.003 s  <<< FAILURE!
java.lang.AssertionError
	at org.basex.query.SeqTypeTest.testInstanceOf(SeqTypeTest.java:102)


--------------------------------------------------------------------------------------------------------------------------------
now time: 8
----------------------------------------------------------------
llm output
<new_test>
@Test
public void testInstanceOf() {
    assertTrue(BLN_O.instanceOf(AAT_ZM));
    assertFalse(AAT_ZM.instanceOf(BLN_O));
    assertTrue(DBL_O.instanceOf(DBL_ZM));
    assertFalse(DBL_ZM.instanceOf(DBL_O));

    // functions
    final SeqType f = FuncType.get(DEC_ZO, BLN_O).seqType();
    assertFalse(f.instanceOf(ITR_O));
    assertTrue(f.instanceOf(ITEM_O));
    assertTrue(f.instanceOf(f));
    assertTrue(f.instanceOf(FUNC_ZO));
    assertFalse(FUNC_O.instanceOf(f));
    assertFalse(f.instanceOf(FuncType.get(DEC_ZO, BLN_O, ITR_O).seqType()));
    assertFalse(f.instanceOf(FuncType.get(DEC_ZO, AAT_O).seqType()));
    assertFalse(f.instanceOf(FuncType.get(BLN_O, BLN_O).seqType()));

    // maps
    final MapType m = MapType.get(AtomType.STR, ITR_O);
    assertTrue(m.instanceOf(m));
    assertTrue(m.instanceOf(AtomType.ITEM));
    assertTrue(m.instanceOf(ANY_FUNC));
    assertTrue(m.instanceOf(ANY_MAP));
    assertTrue(m.instanceOf(MapType.get(AtomType.AAT, ITR_O)));
    assertTrue(m.instanceOf(MapType.get(AtomType.STR, ITR_O)));
    assertTrue(m.instanceOf(MapType.get(AtomType.STR, ITR_ZO)));
    assertTrue(m.instanceOf(MapType.get(AtomType.ITR, ITEM_ZM)));
    assertFalse(m.instanceOf(ANY_ARRAY));
    assertFalse(m.instanceOf(MapType.get(AtomType.STR, BLN_O)));

    final ArrayType a = ArrayType.get(ITR_O);
    assertTrue(a.instanceOf(a));
    assertTrue(a.instanceOf(AtomType.ITEM));
    assertTrue(a.instanceOf(ANY_FUNC));
    assertTrue(a.instanceOf(ANY_ARRAY));
    assertTrue(a.instanceOf(ArrayType.get(ITR_O)));
    assertTrue(a.instanceOf(ArrayType.get(ITR_O)));
    assertTrue(a.instanceOf(ArrayType.get(ITR_ZO)));
    assertFalse(a.instanceOf(ANY_MAP));
    assertFalse(a.instanceOf(ArrayType.get(BLN_O)));

    // nodes
    assertTrue(ATT_O.instanceOf(NOD_O));
    assertTrue(ATT_O.instanceOf(ATT_O));
    assertFalse(ATT_O.instanceOf(ELM_O));
    assertFalse(ELM_O.instanceOf(f));
    assertFalse(NOD_O.instanceOf(ELM_O));
    assertFalse(ITEM_O.instanceOf(ELM_O));
    assertTrue(ELM_O.instanceOf(ITEM_O));
}
</new_test>
----------------------------------------------------------------
generated test
@Test
public void testInstanceOf() {
    assertTrue(BLN_O.instanceOf(AAT_ZM));
    assertFalse(AAT_ZM.instanceOf(BLN_O));
    assertTrue(DBL_O.instanceOf(DBL_ZM));
    assertFalse(DBL_ZM.instanceOf(DBL_O));

    // functions
    final SeqType f = FuncType.get(DEC_ZO, BLN_O).seqType();
    assertFalse(f.instanceOf(ITR_O));
    assertTrue(f.instanceOf(ITEM_O));
    assertTrue(f.instanceOf(f));
    assertTrue(f.instanceOf(FUNC_ZO));
    assertFalse(FUNC_O.instanceOf(f));
    assertFalse(f.instanceOf(FuncType.get(DEC_ZO, BLN_O, ITR_O).seqType()));
    assertFalse(f.instanceOf(FuncType.get(DEC_ZO, AAT_O).seqType()));
    assertFalse(f.instanceOf(FuncType.get(BLN_O, BLN_O).seqType()));

    // maps
    final MapType m = MapType.get(AtomType.STR, ITR_O);
    assertTrue(m.instanceOf(m));
    assertTrue(m.instanceOf(AtomType.ITEM));
    assertTrue(m.instanceOf(ANY_FUNC));
    assertTrue(m.instanceOf(ANY_MAP));
    assertTrue(m.instanceOf(MapType.get(AtomType.AAT, ITR_O)));
    assertTrue(m.instanceOf(MapType.get(AtomType.STR, ITR_O)));
    assertTrue(m.instanceOf(MapType.get(AtomType.STR, ITR_ZO)));
    assertTrue(m.instanceOf(MapType.get(AtomType.ITR, ITEM_ZM)));
    assertFalse(m.instanceOf(ANY_ARRAY));
    assertFalse(m.instanceOf(MapType.get(AtomType.STR, BLN_O)));

    final ArrayType a = ArrayType.get(ITR_O);
    assertTrue(a.instanceOf(a));
    assertTrue(a.instanceOf(AtomType.ITEM));
    assertTrue(a.instanceOf(ANY_FUNC));
    assertTrue(a.instanceOf(ANY_ARRAY));
    assertTrue(a.instanceOf(ArrayType.get(ITR_O)));
    assertTrue(a.instanceOf(ArrayType.get(ITR_O)));
    assertTrue(a.instanceOf(ArrayType.get(ITR_ZO)));
    assertFalse(a.instanceOf(ANY_MAP));
    assertFalse(a.instanceOf(ArrayType.get(BLN_O)));

    // nodes
    assertTrue(ATT_O.instanceOf(NOD_O));
    assertTrue(ATT_O.instanceOf(ATT_O));
    assertFalse(ATT_O.instanceOf(ELM_O));
    assertFalse(ELM_O.instanceOf(f));
    assertFalse(NOD_O.instanceOf(ELM_O));
    assertFalse(ITEM_O.instanceOf(ELM_O));
    assertTrue(ELM_O.instanceOf(ITEM_O));
}
----------------------------------------------------------------
last generated diff test


----------------------------------------------------------------
state: 1
----------------------------------------------------------------
description: 单元测试不通过
----------------------------------------------------------------
message
-------------------------------------------------------------------------------
Test set: org.basex.query.SeqTypeTest
-------------------------------------------------------------------------------
Tests run: 6, Failures: 1, Errors: 0, Skipped: 0, Time elapsed: 0.488 s <<< FAILURE! - in org.basex.query.SeqTypeTest
testInstanceOf(org.basex.query.SeqTypeTest)  Time elapsed: 0 s  <<< FAILURE!
java.lang.AssertionError
	at org.basex.query.SeqTypeTest.testInstanceOf(SeqTypeTest.java:102)


--------------------------------------------------------------------------------------------------------------------------------
total times: 1
----------------------------------------------------------------
generated test
@Test
public void testInstanceOf() {
    assertTrue(BLN_O.instanceOf(AAT_ZM));
    assertFalse(AAT_ZM.instanceOf(BLN_O));
    assertTrue(DBL_O.instanceOf(DBL_ZM));
    assertFalse(DBL_ZM.instanceOf(DBL_O));

    // functions
    final SeqType f = FuncType.get(DEC_ZO, BLN_O).seqType();
    assertFalse(f.instanceOf(ITR_O));
    assertTrue(f.instanceOf(ITEM_O));
    assertTrue(f.instanceOf(f));
    assertTrue(f.instanceOf(FUNC_ZO));
    assertFalse(FUNC_O.instanceOf(f));
    assertFalse(f.instanceOf(FuncType.get(DEC_ZO, BLN_O, ITR_O).seqType()));
    assertFalse(f.instanceOf(FuncType.get(DEC_ZO, AAT_O).seqType()));
    assertFalse(f.instanceOf(FuncType.get(BLN_O, BLN_O).seqType()));

    // maps
    final MapType m = MapType.get(AtomType.STR, ITR_O);
    assertTrue(m.instanceOf(m));
    assertTrue(m.instanceOf(AtomType.ITEM));
    assertTrue(m.instanceOf(ANY_FUNC));
    assertTrue(m.instanceOf(ANY_MAP));
    assertTrue(m.instanceOf(MapType.get(AtomType.AAT, ITR_O)));
    assertTrue(m.instanceOf(MapType.get(AtomType.STR, ITR_O)));
    assertTrue(m.instanceOf(MapType.get(AtomType.STR, ITR_ZO)));
    assertTrue(m.instanceOf(MapType.get(AtomType.ITR, ITEM_ZM)));
    assertFalse(m.instanceOf(ANY_ARRAY));
    assertFalse(m.instanceOf(MapType.get(AtomType.STR, BLN_O)));

    final ArrayType a = ArrayType.get(ITR_O);
    assertTrue(a.instanceOf(a));
    assertTrue(a.instanceOf(AtomType.ITEM));
    assertTrue(a.instanceOf(ANY_FUNC));
    assertTrue(a.instanceOf(ANY_ARRAY));
    assertTrue(a.instanceOf(ArrayType.get(ITR_O)));
    assertTrue(a.instanceOf(ArrayType.get(ITR_O)));
    assertTrue(a.instanceOf(ArrayType.get(ITR_ZO)));
    assertFalse(a.instanceOf(ANY_MAP));
    assertFalse(a.instanceOf(ArrayType.get(BLN_O)));

    // nodes
    assertTrue(ATT_O.instanceOf(NOD_O));
    assertTrue(ATT_O.instanceOf(ATT_O));
    assertFalse(ATT_O.instanceOf(ELM_O));
    assertFalse(ELM_O.instanceOf(f));
    assertFalse(NOD_O.instanceOf(ELM_O));
    assertFalse(ITEM_O.instanceOf(ELM_O));
    assertTrue(ELM_O.instanceOf(ITEM_O));
}
----------------------------------------------------------------
old generated diff test
--- 

+++ 

@@ -1,4 +1,5 @@

-@Test public void instanceOf() {
+@Test
+public void testInstanceOf() {
     assertTrue(BLN_O.instanceOf(AAT_ZM));
     assertFalse(AAT_ZM.instanceOf(BLN_O));
     assertTrue(DBL_O.instanceOf(DBL_ZM));
@@ -47,4 +48,4 @@

     assertFalse(NOD_O.instanceOf(ELM_O));
     assertFalse(ITEM_O.instanceOf(ELM_O));
     assertTrue(ELM_O.instanceOf(ITEM_O));
-  }
+}

----------------------------------------------------------------
generated new diff test
--- 

+++ 

@@ -1,5 +1,4 @@

-@Test
-public void testInstanceOf() {
+@Test public void instanceOf() {
     assertTrue(BLN_O.instanceOf(AAT_ZM));
     assertFalse(AAT_ZM.instanceOf(BLN_O));
     assertTrue(DBL_O.instanceOf(DBL_ZM));
@@ -9,6 +8,7 @@

     final SeqType f = FuncType.get(DEC_ZO, BLN_O).seqType();
     assertFalse(f.instanceOf(ITR_O));
     assertTrue(f.instanceOf(ITEM_O));
+    assertTrue(f.instanceOf(FUNC_O));
     assertTrue(f.instanceOf(f));
     assertTrue(f.instanceOf(FUNC_ZO));
     assertFalse(FUNC_O.instanceOf(f));
@@ -25,7 +25,7 @@

     assertTrue(m.instanceOf(MapType.get(AtomType.AAT, ITR_O)));
     assertTrue(m.instanceOf(MapType.get(AtomType.STR, ITR_O)));
     assertTrue(m.instanceOf(MapType.get(AtomType.STR, ITR_ZO)));
-    assertTrue(m.instanceOf(MapType.get(AtomType.ITR, ITEM_ZM)));
+    assertFalse(m.instanceOf(MapType.get(AtomType.ITR, ITEM_ZM)));
     assertFalse(m.instanceOf(ANY_ARRAY));
     assertFalse(m.instanceOf(MapType.get(AtomType.STR, BLN_O)));
 
@@ -48,4 +48,4 @@

     assertFalse(NOD_O.instanceOf(ELM_O));
     assertFalse(ITEM_O.instanceOf(ELM_O));
     assertTrue(ELM_O.instanceOf(ITEM_O));
-}
+  }

----------------------------------------------------------------
state: 1
----------------------------------------------------------------
description: 单元测试不通过
--------------------------------------------------------------------------------------------------------------------------------
