--------------------------------------------------------------------------------------------------------------------------------
new state: 3
----------------------------------------------------------------
new description: 测试通过，覆盖率：0.6612466124661247
----------------------------------------------------------------
new message

--------------------------------------------------------------------------------------------------------------------------------
old state: 1
----------------------------------------------------------------
old description: 单元测试不通过
----------------------------------------------------------------
old message
-------------------------------------------------------------------------------
Test set: org.openmrs.ObsTest
-------------------------------------------------------------------------------
Tests run: 53, Failures: 1, Errors: 0, Skipped: 0, Time elapsed: 0.525 sec <<< FAILURE! - in org.openmrs.ObsTest
removeGroupMember_shouldReturnTrueWhenAnObsIsRemoved(org.openmrs.ObsTest)  Time elapsed: 0 sec  <<< FAILURE!
java.lang.AssertionError: null
	at org.junit.Assert.fail(Assert.java:86)
	at org.junit.Assert.assertTrue(Assert.java:41)
	at org.junit.Assert.assertTrue(Assert.java:52)
	at org.openmrs.ObsTest.removeGroupMember_shouldReturnTrueWhenAnObsIsRemoved(ObsTest.java:917)


--------------------------------------------------------------------------------------------------------------------------------
old product
public void removeGroupMember(Obs member) {
		if (member == null || getGroupMembers() == null) {
			return;
		}
		
		if (groupMembers.remove(member)) {
			member.setObsGroup(null);
			dirty = true;
		}
	}
----------------------------------------------------------------
old test
@Test
	public void removeGroupMember_shouldReturnTrueWhenAnObsIsRemoved() throws Exception {
		Obs obs = new Obs();
		Obs member = new Obs();
		obs.addGroupMember(member);
		assertTrue(obs.isDirty());
		resetObs(obs);
		obs.removeGroupMember(member);
		assertTrue(obs.isDirty());
	}
----------------------------------------------------------------
new product
public void removeGroupMember(Obs member) {
		if (member == null || getGroupMembers() == null) {
			return;
		}
		
		if (groupMembers.remove(member)) {
			member.setObsGroup(null);
			setDirty(true);
		}
	}
----------------------------------------------------------------
new test
@Test
	public void removeGroupMember_shouldReturnTrueWhenAnObsIsRemoved() throws Exception {
		Obs obs = new Obs(2);
		Obs member = new Obs();
		obs.addGroupMember(member);
		assertTrue(obs.isDirty());
		resetObs(obs);
		obs.removeGroupMember(member);
		assertTrue(obs.isDirty());
	}
----------------------------------------------------------------
diff product
diff --git a/old_product.java b/new_product.java
index c5ea7fc..43ec789 100644
--- a/old_product.java
+++ b/new_product.java
@@ -5,6 +5,6 @@ public void removeGroupMember(Obs member) {
 		
 		if (groupMembers.remove(member)) {
 			member.setObsGroup(null);
-			dirty = true;
+			setDirty(true);
 		}
 	}
\ No newline at end of file

----------------------------------------------------------------
diff test
diff --git a/old_test.java b/new_test.java
index 9a11679..3b0548b 100644
--- a/old_test.java
+++ b/new_test.java
@@ -1,6 +1,6 @@
 @Test
 	public void removeGroupMember_shouldReturnTrueWhenAnObsIsRemoved() throws Exception {
-		Obs obs = new Obs();
+		Obs obs = new Obs(2);
 		Obs member = new Obs();
 		obs.addGroupMember(member);
 		assertTrue(obs.isDirty());

--------------------------------------------------------------------------------------------------------------------------------
sample diff product
diff --git a/old_product.java b/new_product.java
index 43ec789..c40bebc 100644
--- a/old_product.java
+++ b/new_product.java
@@ -5,6 +5,5 @@ public void removeGroupMember(Obs member) {
 		
 		if (groupMembers.remove(member)) {
 			member.setObsGroup(null);
-			setDirty(true);
 		}
 	}
\ No newline at end of file

----------------------------------------------------------------
sample diff test
diff --git a/old_test.java b/new_test.java
index 3b0548b..f56a955 100644
--- a/old_test.java
+++ b/new_test.java
@@ -1,10 +1,10 @@
 @Test
-	public void removeGroupMember_shouldReturnTrueWhenAnObsIsRemoved() throws Exception {
+	public void removeGroupMember_shouldReturnDirtyFalseWhenAnObsIsRemoved() throws Exception {
 		Obs obs = new Obs(2);
 		Obs member = new Obs();
 		obs.addGroupMember(member);
-		assertTrue(obs.isDirty());
+		assertFalse(obs.isDirty());
 		resetObs(obs);
 		obs.removeGroupMember(member);
-		assertTrue(obs.isDirty());
+		assertFalse(obs.isDirty());
 	}
\ No newline at end of file

----------------------------------------------------------------
coverage: 0.6612466124661247
--------------------------------------------------------------------------------------------------------------------------------
now time: 1
----------------------------------------------------------------
llm output
<new_test>
@Test
public void removeGroupMember_shouldReturnDirtyFalseWhenAnObsIsRemoved() throws Exception {
    Obs obs = new Obs(2);
    Obs member = new Obs();
    obs.addGroupMember(member);
    assertFalse(obs.isDirty());
    resetObs(obs);
    obs.removeGroupMember(member);
    assertFalse(obs.isDirty());
}
</new_test>
----------------------------------------------------------------
generated test
@Test
public void removeGroupMember_shouldReturnDirtyFalseWhenAnObsIsRemoved() throws Exception {
    Obs obs = new Obs(2);
    Obs member = new Obs();
    obs.addGroupMember(member);
    assertFalse(obs.isDirty());
    resetObs(obs);
    obs.removeGroupMember(member);
    assertFalse(obs.isDirty());
}
----------------------------------------------------------------
last generated diff test
--- 

+++ 

@@ -1,10 +1,10 @@

 @Test
-	public void removeGroupMember_shouldReturnTrueWhenAnObsIsRemoved() throws Exception {
-		Obs obs = new Obs();
-		Obs member = new Obs();
-		obs.addGroupMember(member);
-		assertTrue(obs.isDirty());
-		resetObs(obs);
-		obs.removeGroupMember(member);
-		assertTrue(obs.isDirty());
-	}
+public void removeGroupMember_shouldReturnDirtyFalseWhenAnObsIsRemoved() throws Exception {
+    Obs obs = new Obs(2);
+    Obs member = new Obs();
+    obs.addGroupMember(member);
+    assertFalse(obs.isDirty());
+    resetObs(obs);
+    obs.removeGroupMember(member);
+    assertFalse(obs.isDirty());
+}

----------------------------------------------------------------
state: 1
----------------------------------------------------------------
description: 单元测试不通过
----------------------------------------------------------------
message
-------------------------------------------------------------------------------
Test set: org.openmrs.ObsTest
-------------------------------------------------------------------------------
Tests run: 53, Failures: 1, Errors: 0, Skipped: 0, Time elapsed: 0.536 sec <<< FAILURE! - in org.openmrs.ObsTest
removeGroupMember_shouldReturnDirtyFalseWhenAnObsIsRemoved(org.openmrs.ObsTest)  Time elapsed: 0.006 sec  <<< FAILURE!
java.lang.AssertionError: null
	at org.junit.Assert.fail(Assert.java:86)
	at org.junit.Assert.assertTrue(Assert.java:41)
	at org.junit.Assert.assertFalse(Assert.java:64)
	at org.junit.Assert.assertFalse(Assert.java:74)
	at org.openmrs.ObsTest.removeGroupMember_shouldReturnDirtyFalseWhenAnObsIsRemoved(ObsTest.java:917)


--------------------------------------------------------------------------------------------------------------------------------
now time: 2
----------------------------------------------------------------
llm output
<new_test>
@Test
public void removeGroupMember_shouldReturnDirtyFalseWhenAnObsIsRemoved() throws Exception {
    Obs obs = new Obs(2);
    Obs member = new Obs();
    obs.addGroupMember(member);
    assertFalse("Initial state should not be dirty", obs.isDirty());
    resetObs(obs);
    obs.removeGroupMember(member);
    assertFalse("Obs should not be dirty after removing group member", obs.isDirty());
}
</new_test>
----------------------------------------------------------------
generated test
@Test
public void removeGroupMember_shouldReturnDirtyFalseWhenAnObsIsRemoved() throws Exception {
    Obs obs = new Obs(2);
    Obs member = new Obs();
    obs.addGroupMember(member);
    assertFalse("Initial state should not be dirty", obs.isDirty());
    resetObs(obs);
    obs.removeGroupMember(member);
    assertFalse("Obs should not be dirty after removing group member", obs.isDirty());
}
----------------------------------------------------------------
last generated diff test
--- 

+++ 

@@ -3,8 +3,8 @@

     Obs obs = new Obs(2);
     Obs member = new Obs();
     obs.addGroupMember(member);
-    assertFalse(obs.isDirty());
+    assertFalse("Initial state should not be dirty", obs.isDirty());
     resetObs(obs);
     obs.removeGroupMember(member);
-    assertFalse(obs.isDirty());
+    assertFalse("Obs should not be dirty after removing group member", obs.isDirty());
 }

----------------------------------------------------------------
state: 1
----------------------------------------------------------------
description: 单元测试不通过
----------------------------------------------------------------
message
-------------------------------------------------------------------------------
Test set: org.openmrs.ObsTest
-------------------------------------------------------------------------------
Tests run: 53, Failures: 1, Errors: 0, Skipped: 0, Time elapsed: 0.497 sec <<< FAILURE! - in org.openmrs.ObsTest
removeGroupMember_shouldReturnDirtyFalseWhenAnObsIsRemoved(org.openmrs.ObsTest)  Time elapsed: 0.004 sec  <<< FAILURE!
java.lang.AssertionError: Initial state should not be dirty
	at org.junit.Assert.fail(Assert.java:88)
	at org.junit.Assert.assertTrue(Assert.java:41)
	at org.junit.Assert.assertFalse(Assert.java:64)
	at org.openmrs.ObsTest.removeGroupMember_shouldReturnDirtyFalseWhenAnObsIsRemoved(ObsTest.java:917)


--------------------------------------------------------------------------------------------------------------------------------
now time: 3
----------------------------------------------------------------
llm output
<new_test>
@Test
public void removeGroupMember_shouldReturnDirtyFalseWhenAnObsIsRemoved() throws Exception {
    Obs obs = new Obs(2);
    Obs member = new Obs();
    obs.addGroupMember(member);
    assertFalse("Initial state should not be dirty", obs.isDirty());
    resetObs(obs);
    obs.removeGroupMember(member);
    assertFalse("Obs should not be dirty after removing group member", obs.isDirty());
}
</new_test>
----------------------------------------------------------------
generated test
@Test
public void removeGroupMember_shouldReturnDirtyFalseWhenAnObsIsRemoved() throws Exception {
    Obs obs = new Obs(2);
    Obs member = new Obs();
    obs.addGroupMember(member);
    assertFalse("Initial state should not be dirty", obs.isDirty());
    resetObs(obs);
    obs.removeGroupMember(member);
    assertFalse("Obs should not be dirty after removing group member", obs.isDirty());
}
----------------------------------------------------------------
last generated diff test


----------------------------------------------------------------
state: 1
----------------------------------------------------------------
description: 单元测试不通过
----------------------------------------------------------------
message
-------------------------------------------------------------------------------
Test set: org.openmrs.ObsTest
-------------------------------------------------------------------------------
Tests run: 53, Failures: 1, Errors: 0, Skipped: 0, Time elapsed: 0.533 sec <<< FAILURE! - in org.openmrs.ObsTest
removeGroupMember_shouldReturnDirtyFalseWhenAnObsIsRemoved(org.openmrs.ObsTest)  Time elapsed: 0.004 sec  <<< FAILURE!
java.lang.AssertionError: Initial state should not be dirty
	at org.junit.Assert.fail(Assert.java:88)
	at org.junit.Assert.assertTrue(Assert.java:41)
	at org.junit.Assert.assertFalse(Assert.java:64)
	at org.openmrs.ObsTest.removeGroupMember_shouldReturnDirtyFalseWhenAnObsIsRemoved(ObsTest.java:917)


--------------------------------------------------------------------------------------------------------------------------------
now time: 4
----------------------------------------------------------------
llm output
<new_test>
@Test
public void removeGroupMember_shouldReturnDirtyFalseWhenAnObsIsRemoved() throws Exception {
    Obs obs = new Obs(2);
    Obs member = new Obs();
    obs.addGroupMember(member);
    assertFalse("Initial state should not be dirty", obs.isDirty());
    resetObs(obs);
    obs.removeGroupMember(member);
    assertFalse("Obs should not be dirty after removing group member", obs.isDirty());
}
</new_test>
----------------------------------------------------------------
generated test
@Test
public void removeGroupMember_shouldReturnDirtyFalseWhenAnObsIsRemoved() throws Exception {
    Obs obs = new Obs(2);
    Obs member = new Obs();
    obs.addGroupMember(member);
    assertFalse("Initial state should not be dirty", obs.isDirty());
    resetObs(obs);
    obs.removeGroupMember(member);
    assertFalse("Obs should not be dirty after removing group member", obs.isDirty());
}
----------------------------------------------------------------
last generated diff test


----------------------------------------------------------------
state: 1
----------------------------------------------------------------
description: 单元测试不通过
----------------------------------------------------------------
message
-------------------------------------------------------------------------------
Test set: org.openmrs.ObsTest
-------------------------------------------------------------------------------
Tests run: 53, Failures: 1, Errors: 0, Skipped: 0, Time elapsed: 0.514 sec <<< FAILURE! - in org.openmrs.ObsTest
removeGroupMember_shouldReturnDirtyFalseWhenAnObsIsRemoved(org.openmrs.ObsTest)  Time elapsed: 0.006 sec  <<< FAILURE!
java.lang.AssertionError: Initial state should not be dirty
	at org.junit.Assert.fail(Assert.java:88)
	at org.junit.Assert.assertTrue(Assert.java:41)
	at org.junit.Assert.assertFalse(Assert.java:64)
	at org.openmrs.ObsTest.removeGroupMember_shouldReturnDirtyFalseWhenAnObsIsRemoved(ObsTest.java:917)


--------------------------------------------------------------------------------------------------------------------------------
now time: 5
----------------------------------------------------------------
llm output
<new_test>
@Test
public void removeGroupMember_shouldReturnDirtyFalseWhenAnObsIsRemoved() throws Exception {
    Obs obs = new Obs(2);
    Obs member = new Obs();
    obs.addGroupMember(member);
    assertFalse("Initial state should not be dirty", obs.isDirty());
    resetObs(obs);
    obs.removeGroupMember(member);
    assertFalse("Obs should not be dirty after removing group member", obs.isDirty());
}
</new_test>
----------------------------------------------------------------
generated test
@Test
public void removeGroupMember_shouldReturnDirtyFalseWhenAnObsIsRemoved() throws Exception {
    Obs obs = new Obs(2);
    Obs member = new Obs();
    obs.addGroupMember(member);
    assertFalse("Initial state should not be dirty", obs.isDirty());
    resetObs(obs);
    obs.removeGroupMember(member);
    assertFalse("Obs should not be dirty after removing group member", obs.isDirty());
}
----------------------------------------------------------------
last generated diff test


----------------------------------------------------------------
state: 1
----------------------------------------------------------------
description: 单元测试不通过
----------------------------------------------------------------
message
-------------------------------------------------------------------------------
Test set: org.openmrs.ObsTest
-------------------------------------------------------------------------------
Tests run: 53, Failures: 1, Errors: 0, Skipped: 0, Time elapsed: 0.54 sec <<< FAILURE! - in org.openmrs.ObsTest
removeGroupMember_shouldReturnDirtyFalseWhenAnObsIsRemoved(org.openmrs.ObsTest)  Time elapsed: 0 sec  <<< FAILURE!
java.lang.AssertionError: Initial state should not be dirty
	at org.junit.Assert.fail(Assert.java:88)
	at org.junit.Assert.assertTrue(Assert.java:41)
	at org.junit.Assert.assertFalse(Assert.java:64)
	at org.openmrs.ObsTest.removeGroupMember_shouldReturnDirtyFalseWhenAnObsIsRemoved(ObsTest.java:917)


--------------------------------------------------------------------------------------------------------------------------------
now time: 6
----------------------------------------------------------------
llm output
<new_test>
@Test
public void removeGroupMember_shouldReturnDirtyFalseWhenAnObsIsRemoved() throws Exception {
    Obs obs = new Obs(2);
    Obs member = new Obs();
    obs.addGroupMember(member);
    assertFalse("Initial state should not be dirty", obs.isDirty());
    resetObs(obs);
    obs.removeGroupMember(member);
    assertFalse("Obs should not be dirty after removing group member", obs.isDirty());
}
</new_test>
----------------------------------------------------------------
generated test
@Test
public void removeGroupMember_shouldReturnDirtyFalseWhenAnObsIsRemoved() throws Exception {
    Obs obs = new Obs(2);
    Obs member = new Obs();
    obs.addGroupMember(member);
    assertFalse("Initial state should not be dirty", obs.isDirty());
    resetObs(obs);
    obs.removeGroupMember(member);
    assertFalse("Obs should not be dirty after removing group member", obs.isDirty());
}
----------------------------------------------------------------
last generated diff test


----------------------------------------------------------------
state: 1
----------------------------------------------------------------
description: 单元测试不通过
----------------------------------------------------------------
message
-------------------------------------------------------------------------------
Test set: org.openmrs.ObsTest
-------------------------------------------------------------------------------
Tests run: 53, Failures: 1, Errors: 0, Skipped: 0, Time elapsed: 0.516 sec <<< FAILURE! - in org.openmrs.ObsTest
removeGroupMember_shouldReturnDirtyFalseWhenAnObsIsRemoved(org.openmrs.ObsTest)  Time elapsed: 0.003 sec  <<< FAILURE!
java.lang.AssertionError: Initial state should not be dirty
	at org.junit.Assert.fail(Assert.java:88)
	at org.junit.Assert.assertTrue(Assert.java:41)
	at org.junit.Assert.assertFalse(Assert.java:64)
	at org.openmrs.ObsTest.removeGroupMember_shouldReturnDirtyFalseWhenAnObsIsRemoved(ObsTest.java:917)


--------------------------------------------------------------------------------------------------------------------------------
now time: 7
----------------------------------------------------------------
llm output
<new_test>
@Test
public void removeGroupMember_shouldReturnDirtyFalseWhenAnObsIsRemoved() throws Exception {
    Obs obs = new Obs(2);
    Obs member = new Obs();
    obs.addGroupMember(member);
    assertFalse("Initial state should not be dirty", obs.isDirty());
    resetObs(obs);
    obs.removeGroupMember(member);
    assertFalse("Obs should not be dirty after removing group member", obs.isDirty());
}
</new_test>
----------------------------------------------------------------
generated test
@Test
public void removeGroupMember_shouldReturnDirtyFalseWhenAnObsIsRemoved() throws Exception {
    Obs obs = new Obs(2);
    Obs member = new Obs();
    obs.addGroupMember(member);
    assertFalse("Initial state should not be dirty", obs.isDirty());
    resetObs(obs);
    obs.removeGroupMember(member);
    assertFalse("Obs should not be dirty after removing group member", obs.isDirty());
}
----------------------------------------------------------------
last generated diff test


----------------------------------------------------------------
state: 1
----------------------------------------------------------------
description: 单元测试不通过
----------------------------------------------------------------
message
-------------------------------------------------------------------------------
Test set: org.openmrs.ObsTest
-------------------------------------------------------------------------------
Tests run: 53, Failures: 1, Errors: 0, Skipped: 0, Time elapsed: 0.502 sec <<< FAILURE! - in org.openmrs.ObsTest
removeGroupMember_shouldReturnDirtyFalseWhenAnObsIsRemoved(org.openmrs.ObsTest)  Time elapsed: 0.003 sec  <<< FAILURE!
java.lang.AssertionError: Initial state should not be dirty
	at org.junit.Assert.fail(Assert.java:88)
	at org.junit.Assert.assertTrue(Assert.java:41)
	at org.junit.Assert.assertFalse(Assert.java:64)
	at org.openmrs.ObsTest.removeGroupMember_shouldReturnDirtyFalseWhenAnObsIsRemoved(ObsTest.java:917)


--------------------------------------------------------------------------------------------------------------------------------
now time: 8
----------------------------------------------------------------
llm output
<new_test>
@Test
public void removeGroupMember_shouldReturnDirtyFalseWhenAnObsIsRemoved() throws Exception {
    Obs obs = new Obs(2);
    Obs member = new Obs();
    obs.addGroupMember(member);
    assertFalse("Initial state should not be dirty", obs.isDirty());
    resetObs(obs);
    obs.removeGroupMember(member);
    assertFalse("Obs should not be dirty after removing group member", obs.isDirty());
}
</new_test>
----------------------------------------------------------------
generated test
@Test
public void removeGroupMember_shouldReturnDirtyFalseWhenAnObsIsRemoved() throws Exception {
    Obs obs = new Obs(2);
    Obs member = new Obs();
    obs.addGroupMember(member);
    assertFalse("Initial state should not be dirty", obs.isDirty());
    resetObs(obs);
    obs.removeGroupMember(member);
    assertFalse("Obs should not be dirty after removing group member", obs.isDirty());
}
----------------------------------------------------------------
last generated diff test


----------------------------------------------------------------
state: 1
----------------------------------------------------------------
description: 单元测试不通过
----------------------------------------------------------------
message
-------------------------------------------------------------------------------
Test set: org.openmrs.ObsTest
-------------------------------------------------------------------------------
Tests run: 53, Failures: 1, Errors: 0, Skipped: 0, Time elapsed: 0.49 sec <<< FAILURE! - in org.openmrs.ObsTest
removeGroupMember_shouldReturnDirtyFalseWhenAnObsIsRemoved(org.openmrs.ObsTest)  Time elapsed: 0.003 sec  <<< FAILURE!
java.lang.AssertionError: Initial state should not be dirty
	at org.junit.Assert.fail(Assert.java:88)
	at org.junit.Assert.assertTrue(Assert.java:41)
	at org.junit.Assert.assertFalse(Assert.java:64)
	at org.openmrs.ObsTest.removeGroupMember_shouldReturnDirtyFalseWhenAnObsIsRemoved(ObsTest.java:917)


--------------------------------------------------------------------------------------------------------------------------------
total times: 1
----------------------------------------------------------------
generated test
@Test
public void removeGroupMember_shouldReturnDirtyFalseWhenAnObsIsRemoved() throws Exception {
    Obs obs = new Obs(2);
    Obs member = new Obs();
    obs.addGroupMember(member);
    assertFalse(obs.isDirty());
    resetObs(obs);
    obs.removeGroupMember(member);
    assertFalse(obs.isDirty());
}
----------------------------------------------------------------
old generated diff test
--- 

+++ 

@@ -1,10 +1,10 @@

 @Test
-	public void removeGroupMember_shouldReturnTrueWhenAnObsIsRemoved() throws Exception {
-		Obs obs = new Obs();
-		Obs member = new Obs();
-		obs.addGroupMember(member);
-		assertTrue(obs.isDirty());
-		resetObs(obs);
-		obs.removeGroupMember(member);
-		assertTrue(obs.isDirty());
-	}
+public void removeGroupMember_shouldReturnDirtyFalseWhenAnObsIsRemoved() throws Exception {
+    Obs obs = new Obs(2);
+    Obs member = new Obs();
+    obs.addGroupMember(member);
+    assertFalse(obs.isDirty());
+    resetObs(obs);
+    obs.removeGroupMember(member);
+    assertFalse(obs.isDirty());
+}

----------------------------------------------------------------
generated new diff test
--- 

+++ 

@@ -1,10 +1,10 @@

 @Test
-public void removeGroupMember_shouldReturnDirtyFalseWhenAnObsIsRemoved() throws Exception {
-    Obs obs = new Obs(2);
-    Obs member = new Obs();
-    obs.addGroupMember(member);
-    assertFalse(obs.isDirty());
-    resetObs(obs);
-    obs.removeGroupMember(member);
-    assertFalse(obs.isDirty());
-}
+	public void removeGroupMember_shouldReturnTrueWhenAnObsIsRemoved() throws Exception {
+		Obs obs = new Obs(2);
+		Obs member = new Obs();
+		obs.addGroupMember(member);
+		assertTrue(obs.isDirty());
+		resetObs(obs);
+		obs.removeGroupMember(member);
+		assertTrue(obs.isDirty());
+	}

----------------------------------------------------------------
state: 1
----------------------------------------------------------------
description: 单元测试不通过
--------------------------------------------------------------------------------------------------------------------------------
