--------------------------------------------------------------------------------------------------------------------------------
new state: 3
----------------------------------------------------------------
new description: 测试通过，覆盖率：1.0
----------------------------------------------------------------
new message

--------------------------------------------------------------------------------------------------------------------------------
old state: 0
----------------------------------------------------------------
old description: 编译报错
----------------------------------------------------------------
old message
COMPILATION ERROR : 
\1\openmrs-core\api\src\test\java\org\openmrs\api\VisitServiceTest.java:[646,27] 找不到符号
Failed to execute goal org.apache.maven.plugins:maven-compiler-plugin:2.1:testCompile (default-testCompile) on project openmrs-api: Compilation failure
\1\openmrs-core\api\src\test\java\org\openmrs\api\VisitServiceTest.java:[646,27] 找不到符号
符号： 类 FreeText
位置： 类 org.openmrs.api.VisitServiceTest
-> [Help 1]

To see the full stack trace of the errors, re-run Maven with the -e switch.
Re-run Maven using the -X switch to enable full debug logging.

For more information about the errors and possible solutions, please read the following articles:
[Help 1] http://cwiki.apache.org/confluence/display/MAVEN/MojoFailureException

After correcting the problems, you can resume the build with the command
  mvn <goals> -rf :openmrs-api

--------------------------------------------------------------------------------------------------------------------------------
old product
@Override
	public VisitAttributeType saveVisitAttributeType(VisitAttributeType visitAttributeType) {
		getCurrentSession().saveOrUpdate(visitAttributeType);
		return visitAttributeType;
	}
----------------------------------------------------------------
old test
@Test
	public void saveVisitAttributeType_shouldCreateANewVisitAttributeType() throws Exception {
		executeDataSet(VISITS_ATTRIBUTES_XML);
		Assert.assertEquals(3, service.getAllVisitAttributeTypes().size());
		VisitAttributeType vat = new VisitAttributeType();
		vat.setName("Another one");
		vat.setDatatypeClassname(FreeText.class.getName());
		service.saveVisitAttributeType(vat);
		Assert.assertNotNull(vat.getId());
		Assert.assertEquals(4, service.getAllVisitAttributeTypes().size());
	}
----------------------------------------------------------------
new product
@Override
	@Transactional
	public VisitAttributeType saveVisitAttributeType(VisitAttributeType visitAttributeType) {
		getCurrentSession().saveOrUpdate(visitAttributeType);
		return visitAttributeType;
	}
----------------------------------------------------------------
new test
@Test
	public void saveVisitAttributeType_shouldCreateANewVisitAttributeType() throws Exception {
		executeDataSet(VISITS_ATTRIBUTES_XML);
		Assert.assertEquals(3, service.getAllVisitAttributeTypes().size());
		VisitAttributeType vat = new VisitAttributeType();
		vat.setName("Another one");
		vat.setDatatypeClassname(FreeTextDatatype.class.getName());
		service.saveVisitAttributeType(vat);
		Assert.assertNotNull(vat.getId());
		Assert.assertEquals(4, service.getAllVisitAttributeTypes().size());
	}
----------------------------------------------------------------
diff product
diff --git a/old_product.java b/new_product.java
index 7d6ef79..4e857a5 100644
--- a/old_product.java
+++ b/new_product.java
@@ -1,4 +1,5 @@
 @Override
+	@Transactional
 	public VisitAttributeType saveVisitAttributeType(VisitAttributeType visitAttributeType) {
 		getCurrentSession().saveOrUpdate(visitAttributeType);
 		return visitAttributeType;

----------------------------------------------------------------
diff test
diff --git a/old_test.java b/new_test.java
index 51dc691..4a184c6 100644
--- a/old_test.java
+++ b/new_test.java
@@ -4,7 +4,7 @@
 		Assert.assertEquals(3, service.getAllVisitAttributeTypes().size());
 		VisitAttributeType vat = new VisitAttributeType();
 		vat.setName("Another one");
-		vat.setDatatypeClassname(FreeText.class.getName());
+		vat.setDatatypeClassname(FreeTextDatatype.class.getName());
 		service.saveVisitAttributeType(vat);
 		Assert.assertNotNull(vat.getId());
 		Assert.assertEquals(4, service.getAllVisitAttributeTypes().size());

--------------------------------------------------------------------------------------------------------------------------------
sample diff product
diff --git a/old_product.java b/new_product.java
index 4baf51a..f1ce693 100644
--- a/old_product.java
+++ b/new_product.java
@@ -1,4 +1,5 @@
 @Override
+	@Transactional
 	public Visit saveVisit(Visit visit) throws DAOException {
 		getCurrentSession().saveOrUpdate(visit);
 		return visit;

----------------------------------------------------------------
sample diff test
diff --git a/old_test.java b/new_test.java
index 80ec1f0..588ffa5 100644
--- a/old_test.java
+++ b/new_test.java
@@ -1,10 +1,12 @@
 @Test
 	public void saveVisit_shouldBeAbleToAddAnAttributeToAVisit() throws Exception {
+		Date now = new Date();
 		Visit visit = service.getVisit(1);
 		VisitAttributeType attrType = service.getVisitAttributeType(1);
 		VisitAttribute attr = new VisitAttribute();
 		attr.setAttributeType(attrType);
-		attr.setValue(new Date());
+		attr.setValue(now);
 		visit.addAttribute(attr);
 		service.saveVisit(visit);
+		Assert.assertEquals(new SimpleDateFormat("yyyy-MM-dd").format(now), attr.getValueReference());
 	}
\ No newline at end of file

----------------------------------------------------------------
coverage: 1.0
--------------------------------------------------------------------------------------------------------------------------------
now time: 1
----------------------------------------------------------------
llm output
<new_test>
@Test
	public void saveVisitAttributeType_shouldCreateANewVisitAttributeType() throws Exception {
		executeDataSet(VISITS_ATTRIBUTES_XML);
		Assert.assertEquals(3, service.getAllVisitAttributeTypes().size());
		VisitAttributeType vat = new VisitAttributeType();
		vat.setName("Another one");
		vat.setDatatypeClassname(FreeText.class.getName());
		service.saveVisitAttributeType(vat);
		Assert.assertNotNull(vat.getId());
		Assert.assertEquals(4, service.getAllVisitAttributeTypes().size());
	}
</new_test>
----------------------------------------------------------------
generated test
@Test
	public void saveVisitAttributeType_shouldCreateANewVisitAttributeType() throws Exception {
		executeDataSet(VISITS_ATTRIBUTES_XML);
		Assert.assertEquals(3, service.getAllVisitAttributeTypes().size());
		VisitAttributeType vat = new VisitAttributeType();
		vat.setName("Another one");
		vat.setDatatypeClassname(FreeText.class.getName());
		service.saveVisitAttributeType(vat);
		Assert.assertNotNull(vat.getId());
		Assert.assertEquals(4, service.getAllVisitAttributeTypes().size());
	}
----------------------------------------------------------------
last generated diff test


----------------------------------------------------------------
state: 0
----------------------------------------------------------------
description: 编译报错
----------------------------------------------------------------
message
COMPILATION ERROR : 
\1\openmrs-core\api\src\test\java\org\openmrs\api\VisitServiceTest.java:[646,27] 找不到符号
Failed to execute goal org.apache.maven.plugins:maven-compiler-plugin:2.1:testCompile (default-testCompile) on project openmrs-api: Compilation failure
\1\openmrs-core\api\src\test\java\org\openmrs\api\VisitServiceTest.java:[646,27] 找不到符号
符号： 类 FreeText
位置： 类 org.openmrs.api.VisitServiceTest
-> [Help 1]

To see the full stack trace of the errors, re-run Maven with the -e switch.
Re-run Maven using the -X switch to enable full debug logging.

For more information about the errors and possible solutions, please read the following articles:
[Help 1] http://cwiki.apache.org/confluence/display/MAVEN/MojoFailureException

After correcting the problems, you can resume the build with the command
  mvn <goals> -rf :openmrs-api

--------------------------------------------------------------------------------------------------------------------------------
now time: 2
----------------------------------------------------------------
llm output
<new_test>
@Test
	public void saveVisitAttributeType_shouldCreateANewVisitAttributeType() throws Exception {
		executeDataSet(VISITS_ATTRIBUTES_XML);
		Assert.assertEquals(3, service.getAllVisitAttributeTypes().size());
		VisitAttributeType vat = new VisitAttributeType();
		vat.setName("Another one");
		vat.setDatatypeClassname("org.openmrs.customdatatype.datatype.FreeText");
		service.saveVisitAttributeType(vat);
		Assert.assertNotNull(vat.getId());
		Assert.assertEquals(4, service.getAllVisitAttributeTypes().size());
	}
</new_test>
----------------------------------------------------------------
generated test
@Test
	public void saveVisitAttributeType_shouldCreateANewVisitAttributeType() throws Exception {
		executeDataSet(VISITS_ATTRIBUTES_XML);
		Assert.assertEquals(3, service.getAllVisitAttributeTypes().size());
		VisitAttributeType vat = new VisitAttributeType();
		vat.setName("Another one");
		vat.setDatatypeClassname("org.openmrs.customdatatype.datatype.FreeText");
		service.saveVisitAttributeType(vat);
		Assert.assertNotNull(vat.getId());
		Assert.assertEquals(4, service.getAllVisitAttributeTypes().size());
	}
----------------------------------------------------------------
last generated diff test
--- 

+++ 

@@ -4,7 +4,7 @@

 		Assert.assertEquals(3, service.getAllVisitAttributeTypes().size());
 		VisitAttributeType vat = new VisitAttributeType();
 		vat.setName("Another one");
-		vat.setDatatypeClassname(FreeText.class.getName());
+		vat.setDatatypeClassname("org.openmrs.customdatatype.datatype.FreeText");
 		service.saveVisitAttributeType(vat);
 		Assert.assertNotNull(vat.getId());
 		Assert.assertEquals(4, service.getAllVisitAttributeTypes().size());

----------------------------------------------------------------
state: 1
----------------------------------------------------------------
description: 单元测试不通过
----------------------------------------------------------------
message
-------------------------------------------------------------------------------
Test set: org.openmrs.api.VisitServiceTest
-------------------------------------------------------------------------------
Tests run: 53, Failures: 0, Errors: 1, Skipped: 0, Time elapsed: 11.23 sec <<< FAILURE!
saveVisitAttributeType_shouldCreateANewVisitAttributeType(org.openmrs.api.VisitServiceTest)  Time elapsed: 0.043 sec  <<< ERROR!
org.openmrs.api.APIException: 'org.openmrs.VisitAttributeType[80690442-4f8d-4720-9a52-480d6580006a]' failed to validate with reason: datatypeConfig: AttributeType.datatypeConfig.invalid
	at org.openmrs.validator.ValidateUtil.validate(ValidateUtil.java:107)
	at org.openmrs.api.db.hibernate.HibernateAdministrationDAO.validateInManualFlushMode(HibernateAdministrationDAO.java:353)
	at org.openmrs.api.impl.AdministrationServiceImpl.validateInManualFlushMode(AdministrationServiceImpl.java:1223)
	at sun.reflect.GeneratedMethodAccessor98.invoke(Unknown Source)
	at sun.reflect.DelegatingMethodAccessorImpl.invoke(DelegatingMethodAccessorImpl.java:25)
	at java.lang.reflect.Method.invoke(Method.java:597)
	at org.springframework.aop.support.AopUtils.invokeJoinpointUsingReflection(AopUtils.java:309)
	at org.springframework.aop.framework.ReflectiveMethodInvocation.invokeJoinpoint(ReflectiveMethodInvocation.java:183)
	at org.springframework.aop.framework.ReflectiveMethodInvocation.proceed(ReflectiveMethodInvocation.java:150)
	at org.springframework.transaction.interceptor.TransactionInterceptor.invoke(TransactionInterceptor.java:110)
	at org.springframework.aop.framework.ReflectiveMethodInvocation.proceed(ReflectiveMethodInvocation.java:172)
	at org.springframework.aop.framework.JdkDynamicAopProxy.invoke(JdkDynamicAopProxy.java:202)
	at com.sun.proxy.$Proxy20.validateInManualFlushMode(Unknown Source)
	at sun.reflect.GeneratedMethodAccessor98.invoke(Unknown Source)
	at sun.reflect.DelegatingMethodAccessorImpl.invoke(DelegatingMethodAccessorImpl.java:25)
	at java.lang.reflect.Method.invoke(Method.java:597)
	at org.springframework.aop.support.AopUtils.invokeJoinpointUsingReflection(AopUtils.java:309)
	at org.springframework.aop.framework.ReflectiveMethodInvocation.invokeJoinpoint(ReflectiveMethodInvocation.java:183)
	at org.springframework.aop.framework.ReflectiveMethodInvocation.proceed(ReflectiveMethodInvocation.java:150)
	at org.springframework.transaction.interceptor.TransactionInterceptor.invoke(TransactionInterceptor.java:110)
	at org.springframework.aop.framework.ReflectiveMethodInvocation.proceed(ReflectiveMethodInvocation.java:172)
	at org.openmrs.aop.LoggingAdvice.invoke(LoggingAdvice.java:122)
	at org.springframework.aop.framework.ReflectiveMethodInvocation.proceed(ReflectiveMethodInvocation.java:172)
	at org.springframework.aop.framework.adapter.MethodBeforeAdviceInterceptor.invoke(MethodBeforeAdviceInterceptor.java:50)
	at org.springframework.aop.framework.ReflectiveMethodInvocation.proceed(ReflectiveMethodInvocation.java:172)
	at org.springframework.aop.framework.adapter.MethodBeforeAdviceInterceptor.invoke(MethodBeforeAdviceInterceptor.java:50)
	at org.springframework.aop.framework.ReflectiveMethodInvocation.proceed(ReflectiveMethodInvocation.java:172)
	at org.springframework.aop.framework.JdkDynamicAopProxy.invoke(JdkDynamicAopProxy.java:202)
	at com.sun.proxy.$Proxy40.validateInManualFlushMode(Unknown Source)
	at sun.reflect.GeneratedMethodAccessor98.invoke(Unknown Source)
	at sun.reflect.DelegatingMethodAccessorImpl.invoke(DelegatingMethodAccessorImpl.java:25)
	at java.lang.reflect.Method.invoke(Method.java:597)
	at org.springframework.aop.support.AopUtils.invokeJoinpointUsingReflection(AopUtils.java:309)
	at org.springframework.aop.framework.ReflectiveMethodInvocation.invokeJoinpoint(ReflectiveMethodInvocation.java:183)
	at org.springframework.aop.framework.ReflectiveMethodInvocation.proceed(ReflectiveMethodInvocation.java:150)
	at org.springframework.transaction.interceptor.TransactionInterceptor.invoke(TransactionInterceptor.java:110)
	at org.springframework.aop.framework.ReflectiveMethodInvocation.proceed(ReflectiveMethodInvocation.java:172)
	at org.springframework.aop.framework.JdkDynamicAopProxy.invoke(JdkDynamicAopProxy.java:202)
	at com.sun.proxy.$Proxy40.validateInManualFlushMode(Unknown Source)
	at org.openmrs.aop.RequiredDataAdvice.before(RequiredDataAdvice.java:132)
	at org.springframework.aop.framework.adapter.MethodBeforeAdviceInterceptor.invoke(MethodBeforeAdviceInterceptor.java:49)
	at org.springframework.aop.framework.ReflectiveMethodInvocation.proceed(ReflectiveMethodInvocation.java:172)
	at org.springframework.aop.framework.adapter.MethodBeforeAdviceInterceptor.invoke(MethodBeforeAdviceInterceptor.java:50)
	at org.springframework.aop.framework.ReflectiveMethodInvocation.proceed(ReflectiveMethodInvocation.java:172)
	at org.springframework.aop.framework.JdkDynamicAopProxy.invoke(JdkDynamicAopProxy.java:202)
	at com.sun.proxy.$Proxy65.saveVisitAttributeType(Unknown Source)
	at org.openmrs.api.VisitServiceTest.saveVisitAttributeType_shouldCreateANewVisitAttributeType(VisitServiceTest.java:647)
	at sun.reflect.NativeMethodAccessorImpl.invoke0(Native Method)
	at sun.reflect.NativeMethodAccessorImpl.invoke(NativeMethodAccessorImpl.java:39)
	at sun.reflect.DelegatingMethodAccessorImpl.invoke(DelegatingMethodAccessorImpl.java:25)
	at java.lang.reflect.Method.invoke(Method.java:597)
	at org.junit.runners.model.FrameworkMethod$1.runReflectiveCall(FrameworkMethod.java:44)
	at org.junit.internal.runners.model.ReflectiveCallable.run(ReflectiveCallable.java:15)
	at org.junit.runners.model.FrameworkMethod.invokeExplosively(FrameworkMethod.java:41)
	at org.junit.internal.runners.statements.InvokeMethod.evaluate(InvokeMethod.java:20)
	at org.junit.internal.runners.statements.RunBefores.evaluate(RunBefores.java:28)
	at org.springframework.test.context.junit4.statements.RunBeforeTestMethodCallbacks.evaluate(RunBeforeTestMethodCallbacks.java:74)
	at org.junit.internal.runners.statements.RunAfters.evaluate(RunAfters.java:31)
	at org.springframework.test.context.junit4.statements.RunAfterTestMethodCallbacks.evaluate(RunAfterTestMethodCallbacks.java:82)
	at org.springframework.test.context.junit4.statements.SpringRepeat.evaluate(SpringRepeat.java:72)
	at org.springframework.test.context.junit4.SpringJUnit4ClassRunner.runChild(SpringJUnit4ClassRunner.java:240)
	at org.junit.runners.BlockJUnit4ClassRunner.runChild(BlockJUnit4ClassRunner.java:50)
	at org.junit.runners.ParentRunner$3.run(ParentRunner.java:193)
	at org.junit.runners.ParentRunner$1.schedule(ParentRunner.java:52)
	at org.junit.runners.ParentRunner.runChildren(ParentRunner.java:191)
	at org.junit.runners.ParentRunner.access$000(ParentRunner.java:42)
	at org.junit.runners.ParentRunner$2.evaluate(ParentRunner.java:184)
	at org.springframework.test.context.junit4.statements.RunBeforeTestClassCallbacks.evaluate(RunBeforeTestClassCallbacks.java:61)
	at org.junit.internal.runners.statements.RunAfters.evaluate(RunAfters.java:31)
	at org.springframework.test.context.junit4.statements.RunAfterTestClassCallbacks.evaluate(RunAfterTestClassCallbacks.java:70)
	at org.junit.runners.ParentRunner.run(ParentRunner.java:236)
	at org.springframework.test.context.junit4.SpringJUnit4ClassRunner.run(SpringJUnit4ClassRunner.java:180)
	at org.apache.maven.surefire.junit4.JUnit4TestSet.execute(JUnit4TestSet.java:59)
	at org.apache.maven.surefire.suite.AbstractDirectoryTestSuite.executeTestSet(AbstractDirectoryTestSuite.java:115)
	at org.apache.maven.surefire.suite.AbstractDirectoryTestSuite.execute(AbstractDirectoryTestSuite.java:102)
	at org.apache.maven.surefire.Surefire.run(Surefire.java:180)
	at sun.reflect.NativeMethodAccessorImpl.invoke0(Native Method)
	at sun.reflect.NativeMethodAccessorImpl.invoke(NativeMethodAccessorImpl.java:39)
	at sun.reflect.DelegatingMethodAccessorImpl.invoke(DelegatingMethodAccessorImpl.java:25)
	at java.lang.reflect.Method.invoke(Method.java:597)
	at org.apache.maven.surefire.booter.SurefireBooter.runSuitesInProcess(SurefireBooter.java:350)
	at org.apache.maven.surefire.booter.SurefireBooter.main(SurefireBooter.java:1021)


--------------------------------------------------------------------------------------------------------------------------------
now time: 3
----------------------------------------------------------------
llm output
<new_test>
@Test
	public void saveVisitAttributeType_shouldCreateANewVisitAttributeType() throws Exception {
		executeDataSet(VISITS_ATTRIBUTES_XML);
		Assert.assertEquals(3, service.getAllVisitAttributeTypes().size());
		VisitAttributeType vat = new VisitAttributeType();
		vat.setName("Another one");
		vat.setDatatypeClassname("org.openmrs.customdatatype.datatype.FreeText");
		vat.setDatatypeConfig("valid_config_here"); // Update with a valid configuration
		service.saveVisitAttributeType(vat);
		Assert.assertNotNull(vat.getId());
		Assert.assertEquals(4, service.getAllVisitAttributeTypes().size());
	}
</new_test>
----------------------------------------------------------------
generated test
@Test
	public void saveVisitAttributeType_shouldCreateANewVisitAttributeType() throws Exception {
		executeDataSet(VISITS_ATTRIBUTES_XML);
		Assert.assertEquals(3, service.getAllVisitAttributeTypes().size());
		VisitAttributeType vat = new VisitAttributeType();
		vat.setName("Another one");
		vat.setDatatypeClassname("org.openmrs.customdatatype.datatype.FreeText");
		vat.setDatatypeConfig("valid_config_here"); // Update with a valid configuration
		service.saveVisitAttributeType(vat);
		Assert.assertNotNull(vat.getId());
		Assert.assertEquals(4, service.getAllVisitAttributeTypes().size());
	}
----------------------------------------------------------------
last generated diff test
--- 

+++ 

@@ -5,6 +5,7 @@

 		VisitAttributeType vat = new VisitAttributeType();
 		vat.setName("Another one");
 		vat.setDatatypeClassname("org.openmrs.customdatatype.datatype.FreeText");
+		vat.setDatatypeConfig("valid_config_here"); // Update with a valid configuration
 		service.saveVisitAttributeType(vat);
 		Assert.assertNotNull(vat.getId());
 		Assert.assertEquals(4, service.getAllVisitAttributeTypes().size());

----------------------------------------------------------------
state: 1
----------------------------------------------------------------
description: 单元测试不通过
----------------------------------------------------------------
message
-------------------------------------------------------------------------------
Test set: org.openmrs.api.VisitServiceTest
-------------------------------------------------------------------------------
Tests run: 53, Failures: 0, Errors: 1, Skipped: 0, Time elapsed: 11.692 sec <<< FAILURE!
saveVisitAttributeType_shouldCreateANewVisitAttributeType(org.openmrs.api.VisitServiceTest)  Time elapsed: 0.044 sec  <<< ERROR!
org.openmrs.api.APIException: 'org.openmrs.VisitAttributeType[9efc3fae-4152-4724-8411-8b79d19eaee3]' failed to validate with reason: datatypeConfig: AttributeType.datatypeConfig.invalid
	at org.openmrs.validator.ValidateUtil.validate(ValidateUtil.java:107)
	at org.openmrs.api.db.hibernate.HibernateAdministrationDAO.validateInManualFlushMode(HibernateAdministrationDAO.java:353)
	at org.openmrs.api.impl.AdministrationServiceImpl.validateInManualFlushMode(AdministrationServiceImpl.java:1223)
	at sun.reflect.GeneratedMethodAccessor98.invoke(Unknown Source)
	at sun.reflect.DelegatingMethodAccessorImpl.invoke(DelegatingMethodAccessorImpl.java:25)
	at java.lang.reflect.Method.invoke(Method.java:597)
	at org.springframework.aop.support.AopUtils.invokeJoinpointUsingReflection(AopUtils.java:309)
	at org.springframework.aop.framework.ReflectiveMethodInvocation.invokeJoinpoint(ReflectiveMethodInvocation.java:183)
	at org.springframework.aop.framework.ReflectiveMethodInvocation.proceed(ReflectiveMethodInvocation.java:150)
	at org.springframework.transaction.interceptor.TransactionInterceptor.invoke(TransactionInterceptor.java:110)
	at org.springframework.aop.framework.ReflectiveMethodInvocation.proceed(ReflectiveMethodInvocation.java:172)
	at org.springframework.aop.framework.JdkDynamicAopProxy.invoke(JdkDynamicAopProxy.java:202)
	at com.sun.proxy.$Proxy20.validateInManualFlushMode(Unknown Source)
	at sun.reflect.GeneratedMethodAccessor98.invoke(Unknown Source)
	at sun.reflect.DelegatingMethodAccessorImpl.invoke(DelegatingMethodAccessorImpl.java:25)
	at java.lang.reflect.Method.invoke(Method.java:597)
	at org.springframework.aop.support.AopUtils.invokeJoinpointUsingReflection(AopUtils.java:309)
	at org.springframework.aop.framework.ReflectiveMethodInvocation.invokeJoinpoint(ReflectiveMethodInvocation.java:183)
	at org.springframework.aop.framework.ReflectiveMethodInvocation.proceed(ReflectiveMethodInvocation.java:150)
	at org.springframework.transaction.interceptor.TransactionInterceptor.invoke(TransactionInterceptor.java:110)
	at org.springframework.aop.framework.ReflectiveMethodInvocation.proceed(ReflectiveMethodInvocation.java:172)
	at org.openmrs.aop.LoggingAdvice.invoke(LoggingAdvice.java:122)
	at org.springframework.aop.framework.ReflectiveMethodInvocation.proceed(ReflectiveMethodInvocation.java:172)
	at org.springframework.aop.framework.adapter.MethodBeforeAdviceInterceptor.invoke(MethodBeforeAdviceInterceptor.java:50)
	at org.springframework.aop.framework.ReflectiveMethodInvocation.proceed(ReflectiveMethodInvocation.java:172)
	at org.springframework.aop.framework.adapter.MethodBeforeAdviceInterceptor.invoke(MethodBeforeAdviceInterceptor.java:50)
	at org.springframework.aop.framework.ReflectiveMethodInvocation.proceed(ReflectiveMethodInvocation.java:172)
	at org.springframework.aop.framework.JdkDynamicAopProxy.invoke(JdkDynamicAopProxy.java:202)
	at com.sun.proxy.$Proxy40.validateInManualFlushMode(Unknown Source)
	at sun.reflect.GeneratedMethodAccessor98.invoke(Unknown Source)
	at sun.reflect.DelegatingMethodAccessorImpl.invoke(DelegatingMethodAccessorImpl.java:25)
	at java.lang.reflect.Method.invoke(Method.java:597)
	at org.springframework.aop.support.AopUtils.invokeJoinpointUsingReflection(AopUtils.java:309)
	at org.springframework.aop.framework.ReflectiveMethodInvocation.invokeJoinpoint(ReflectiveMethodInvocation.java:183)
	at org.springframework.aop.framework.ReflectiveMethodInvocation.proceed(ReflectiveMethodInvocation.java:150)
	at org.springframework.transaction.interceptor.TransactionInterceptor.invoke(TransactionInterceptor.java:110)
	at org.springframework.aop.framework.ReflectiveMethodInvocation.proceed(ReflectiveMethodInvocation.java:172)
	at org.springframework.aop.framework.JdkDynamicAopProxy.invoke(JdkDynamicAopProxy.java:202)
	at com.sun.proxy.$Proxy40.validateInManualFlushMode(Unknown Source)
	at org.openmrs.aop.RequiredDataAdvice.before(RequiredDataAdvice.java:132)
	at org.springframework.aop.framework.adapter.MethodBeforeAdviceInterceptor.invoke(MethodBeforeAdviceInterceptor.java:49)
	at org.springframework.aop.framework.ReflectiveMethodInvocation.proceed(ReflectiveMethodInvocation.java:172)
	at org.springframework.aop.framework.adapter.MethodBeforeAdviceInterceptor.invoke(MethodBeforeAdviceInterceptor.java:50)
	at org.springframework.aop.framework.ReflectiveMethodInvocation.proceed(ReflectiveMethodInvocation.java:172)
	at org.springframework.aop.framework.JdkDynamicAopProxy.invoke(JdkDynamicAopProxy.java:202)
	at com.sun.proxy.$Proxy65.saveVisitAttributeType(Unknown Source)
	at org.openmrs.api.VisitServiceTest.saveVisitAttributeType_shouldCreateANewVisitAttributeType(VisitServiceTest.java:648)
	at sun.reflect.NativeMethodAccessorImpl.invoke0(Native Method)
	at sun.reflect.NativeMethodAccessorImpl.invoke(NativeMethodAccessorImpl.java:39)
	at sun.reflect.DelegatingMethodAccessorImpl.invoke(DelegatingMethodAccessorImpl.java:25)
	at java.lang.reflect.Method.invoke(Method.java:597)
	at org.junit.runners.model.FrameworkMethod$1.runReflectiveCall(FrameworkMethod.java:44)
	at org.junit.internal.runners.model.ReflectiveCallable.run(ReflectiveCallable.java:15)
	at org.junit.runners.model.FrameworkMethod.invokeExplosively(FrameworkMethod.java:41)
	at org.junit.internal.runners.statements.InvokeMethod.evaluate(InvokeMethod.java:20)
	at org.junit.internal.runners.statements.RunBefores.evaluate(RunBefores.java:28)
	at org.springframework.test.context.junit4.statements.RunBeforeTestMethodCallbacks.evaluate(RunBeforeTestMethodCallbacks.java:74)
	at org.junit.internal.runners.statements.RunAfters.evaluate(RunAfters.java:31)
	at org.springframework.test.context.junit4.statements.RunAfterTestMethodCallbacks.evaluate(RunAfterTestMethodCallbacks.java:82)
	at org.springframework.test.context.junit4.statements.SpringRepeat.evaluate(SpringRepeat.java:72)
	at org.springframework.test.context.junit4.SpringJUnit4ClassRunner.runChild(SpringJUnit4ClassRunner.java:240)
	at org.junit.runners.BlockJUnit4ClassRunner.runChild(BlockJUnit4ClassRunner.java:50)
	at org.junit.runners.ParentRunner$3.run(ParentRunner.java:193)
	at org.junit.runners.ParentRunner$1.schedule(ParentRunner.java:52)
	at org.junit.runners.ParentRunner.runChildren(ParentRunner.java:191)
	at org.junit.runners.ParentRunner.access$000(ParentRunner.java:42)
	at org.junit.runners.ParentRunner$2.evaluate(ParentRunner.java:184)
	at org.springframework.test.context.junit4.statements.RunBeforeTestClassCallbacks.evaluate(RunBeforeTestClassCallbacks.java:61)
	at org.junit.internal.runners.statements.RunAfters.evaluate(RunAfters.java:31)
	at org.springframework.test.context.junit4.statements.RunAfterTestClassCallbacks.evaluate(RunAfterTestClassCallbacks.java:70)
	at org.junit.runners.ParentRunner.run(ParentRunner.java:236)
	at org.springframework.test.context.junit4.SpringJUnit4ClassRunner.run(SpringJUnit4ClassRunner.java:180)
	at org.apache.maven.surefire.junit4.JUnit4TestSet.execute(JUnit4TestSet.java:59)
	at org.apache.maven.surefire.suite.AbstractDirectoryTestSuite.executeTestSet(AbstractDirectoryTestSuite.java:115)
	at org.apache.maven.surefire.suite.AbstractDirectoryTestSuite.execute(AbstractDirectoryTestSuite.java:102)
	at org.apache.maven.surefire.Surefire.run(Surefire.java:180)
	at sun.reflect.NativeMethodAccessorImpl.invoke0(Native Method)
	at sun.reflect.NativeMethodAccessorImpl.invoke(NativeMethodAccessorImpl.java:39)
	at sun.reflect.DelegatingMethodAccessorImpl.invoke(DelegatingMethodAccessorImpl.java:25)
	at java.lang.reflect.Method.invoke(Method.java:597)
	at org.apache.maven.surefire.booter.SurefireBooter.runSuitesInProcess(SurefireBooter.java:350)
	at org.apache.maven.surefire.booter.SurefireBooter.main(SurefireBooter.java:1021)


--------------------------------------------------------------------------------------------------------------------------------
now time: 4
----------------------------------------------------------------
llm output
<new_test>
@Test
	public void saveVisitAttributeType_shouldCreateANewVisitAttributeType() throws Exception {
		executeDataSet(VISITS_ATTRIBUTES_XML);
		Assert.assertEquals(3, service.getAllVisitAttributeTypes().size());
		VisitAttributeType vat = new VisitAttributeType();
		vat.setName("Another one");
		vat.setDatatypeClassname("org.openmrs.customdatatype.datatype.FreeText");
		vat.setDatatypeConfig("valid_config_here"); // Update with a valid configuration
		service.saveVisitAttributeType(vat);
		Assert.assertNotNull(vat.getId());
		Assert.assertEquals(4, service.getAllVisitAttributeTypes().size());
	}
</new_test>
----------------------------------------------------------------
generated test
@Test
	public void saveVisitAttributeType_shouldCreateANewVisitAttributeType() throws Exception {
		executeDataSet(VISITS_ATTRIBUTES_XML);
		Assert.assertEquals(3, service.getAllVisitAttributeTypes().size());
		VisitAttributeType vat = new VisitAttributeType();
		vat.setName("Another one");
		vat.setDatatypeClassname("org.openmrs.customdatatype.datatype.FreeText");
		vat.setDatatypeConfig("valid_config_here"); // Update with a valid configuration
		service.saveVisitAttributeType(vat);
		Assert.assertNotNull(vat.getId());
		Assert.assertEquals(4, service.getAllVisitAttributeTypes().size());
	}
----------------------------------------------------------------
last generated diff test


----------------------------------------------------------------
state: 1
----------------------------------------------------------------
description: 单元测试不通过
----------------------------------------------------------------
message
-------------------------------------------------------------------------------
Test set: org.openmrs.api.VisitServiceTest
-------------------------------------------------------------------------------
Tests run: 53, Failures: 0, Errors: 1, Skipped: 0, Time elapsed: 11.59 sec <<< FAILURE!
saveVisitAttributeType_shouldCreateANewVisitAttributeType(org.openmrs.api.VisitServiceTest)  Time elapsed: 0.043 sec  <<< ERROR!
org.openmrs.api.APIException: 'org.openmrs.VisitAttributeType[0ec82928-1754-4221-b304-d17dbe45c968]' failed to validate with reason: datatypeConfig: AttributeType.datatypeConfig.invalid
	at org.openmrs.validator.ValidateUtil.validate(ValidateUtil.java:107)
	at org.openmrs.api.db.hibernate.HibernateAdministrationDAO.validateInManualFlushMode(HibernateAdministrationDAO.java:353)
	at org.openmrs.api.impl.AdministrationServiceImpl.validateInManualFlushMode(AdministrationServiceImpl.java:1223)
	at sun.reflect.GeneratedMethodAccessor98.invoke(Unknown Source)
	at sun.reflect.DelegatingMethodAccessorImpl.invoke(DelegatingMethodAccessorImpl.java:25)
	at java.lang.reflect.Method.invoke(Method.java:597)
	at org.springframework.aop.support.AopUtils.invokeJoinpointUsingReflection(AopUtils.java:309)
	at org.springframework.aop.framework.ReflectiveMethodInvocation.invokeJoinpoint(ReflectiveMethodInvocation.java:183)
	at org.springframework.aop.framework.ReflectiveMethodInvocation.proceed(ReflectiveMethodInvocation.java:150)
	at org.springframework.transaction.interceptor.TransactionInterceptor.invoke(TransactionInterceptor.java:110)
	at org.springframework.aop.framework.ReflectiveMethodInvocation.proceed(ReflectiveMethodInvocation.java:172)
	at org.springframework.aop.framework.JdkDynamicAopProxy.invoke(JdkDynamicAopProxy.java:202)
	at com.sun.proxy.$Proxy20.validateInManualFlushMode(Unknown Source)
	at sun.reflect.GeneratedMethodAccessor98.invoke(Unknown Source)
	at sun.reflect.DelegatingMethodAccessorImpl.invoke(DelegatingMethodAccessorImpl.java:25)
	at java.lang.reflect.Method.invoke(Method.java:597)
	at org.springframework.aop.support.AopUtils.invokeJoinpointUsingReflection(AopUtils.java:309)
	at org.springframework.aop.framework.ReflectiveMethodInvocation.invokeJoinpoint(ReflectiveMethodInvocation.java:183)
	at org.springframework.aop.framework.ReflectiveMethodInvocation.proceed(ReflectiveMethodInvocation.java:150)
	at org.springframework.transaction.interceptor.TransactionInterceptor.invoke(TransactionInterceptor.java:110)
	at org.springframework.aop.framework.ReflectiveMethodInvocation.proceed(ReflectiveMethodInvocation.java:172)
	at org.openmrs.aop.LoggingAdvice.invoke(LoggingAdvice.java:122)
	at org.springframework.aop.framework.ReflectiveMethodInvocation.proceed(ReflectiveMethodInvocation.java:172)
	at org.springframework.aop.framework.adapter.MethodBeforeAdviceInterceptor.invoke(MethodBeforeAdviceInterceptor.java:50)
	at org.springframework.aop.framework.ReflectiveMethodInvocation.proceed(ReflectiveMethodInvocation.java:172)
	at org.springframework.aop.framework.adapter.MethodBeforeAdviceInterceptor.invoke(MethodBeforeAdviceInterceptor.java:50)
	at org.springframework.aop.framework.ReflectiveMethodInvocation.proceed(ReflectiveMethodInvocation.java:172)
	at org.springframework.aop.framework.JdkDynamicAopProxy.invoke(JdkDynamicAopProxy.java:202)
	at com.sun.proxy.$Proxy40.validateInManualFlushMode(Unknown Source)
	at sun.reflect.GeneratedMethodAccessor98.invoke(Unknown Source)
	at sun.reflect.DelegatingMethodAccessorImpl.invoke(DelegatingMethodAccessorImpl.java:25)
	at java.lang.reflect.Method.invoke(Method.java:597)
	at org.springframework.aop.support.AopUtils.invokeJoinpointUsingReflection(AopUtils.java:309)
	at org.springframework.aop.framework.ReflectiveMethodInvocation.invokeJoinpoint(ReflectiveMethodInvocation.java:183)
	at org.springframework.aop.framework.ReflectiveMethodInvocation.proceed(ReflectiveMethodInvocation.java:150)
	at org.springframework.transaction.interceptor.TransactionInterceptor.invoke(TransactionInterceptor.java:110)
	at org.springframework.aop.framework.ReflectiveMethodInvocation.proceed(ReflectiveMethodInvocation.java:172)
	at org.springframework.aop.framework.JdkDynamicAopProxy.invoke(JdkDynamicAopProxy.java:202)
	at com.sun.proxy.$Proxy40.validateInManualFlushMode(Unknown Source)
	at org.openmrs.aop.RequiredDataAdvice.before(RequiredDataAdvice.java:132)
	at org.springframework.aop.framework.adapter.MethodBeforeAdviceInterceptor.invoke(MethodBeforeAdviceInterceptor.java:49)
	at org.springframework.aop.framework.ReflectiveMethodInvocation.proceed(ReflectiveMethodInvocation.java:172)
	at org.springframework.aop.framework.adapter.MethodBeforeAdviceInterceptor.invoke(MethodBeforeAdviceInterceptor.java:50)
	at org.springframework.aop.framework.ReflectiveMethodInvocation.proceed(ReflectiveMethodInvocation.java:172)
	at org.springframework.aop.framework.JdkDynamicAopProxy.invoke(JdkDynamicAopProxy.java:202)
	at com.sun.proxy.$Proxy65.saveVisitAttributeType(Unknown Source)
	at org.openmrs.api.VisitServiceTest.saveVisitAttributeType_shouldCreateANewVisitAttributeType(VisitServiceTest.java:648)
	at sun.reflect.NativeMethodAccessorImpl.invoke0(Native Method)
	at sun.reflect.NativeMethodAccessorImpl.invoke(NativeMethodAccessorImpl.java:39)
	at sun.reflect.DelegatingMethodAccessorImpl.invoke(DelegatingMethodAccessorImpl.java:25)
	at java.lang.reflect.Method.invoke(Method.java:597)
	at org.junit.runners.model.FrameworkMethod$1.runReflectiveCall(FrameworkMethod.java:44)
	at org.junit.internal.runners.model.ReflectiveCallable.run(ReflectiveCallable.java:15)
	at org.junit.runners.model.FrameworkMethod.invokeExplosively(FrameworkMethod.java:41)
	at org.junit.internal.runners.statements.InvokeMethod.evaluate(InvokeMethod.java:20)
	at org.junit.internal.runners.statements.RunBefores.evaluate(RunBefores.java:28)
	at org.springframework.test.context.junit4.statements.RunBeforeTestMethodCallbacks.evaluate(RunBeforeTestMethodCallbacks.java:74)
	at org.junit.internal.runners.statements.RunAfters.evaluate(RunAfters.java:31)
	at org.springframework.test.context.junit4.statements.RunAfterTestMethodCallbacks.evaluate(RunAfterTestMethodCallbacks.java:82)
	at org.springframework.test.context.junit4.statements.SpringRepeat.evaluate(SpringRepeat.java:72)
	at org.springframework.test.context.junit4.SpringJUnit4ClassRunner.runChild(SpringJUnit4ClassRunner.java:240)
	at org.junit.runners.BlockJUnit4ClassRunner.runChild(BlockJUnit4ClassRunner.java:50)
	at org.junit.runners.ParentRunner$3.run(ParentRunner.java:193)
	at org.junit.runners.ParentRunner$1.schedule(ParentRunner.java:52)
	at org.junit.runners.ParentRunner.runChildren(ParentRunner.java:191)
	at org.junit.runners.ParentRunner.access$000(ParentRunner.java:42)
	at org.junit.runners.ParentRunner$2.evaluate(ParentRunner.java:184)
	at org.springframework.test.context.junit4.statements.RunBeforeTestClassCallbacks.evaluate(RunBeforeTestClassCallbacks.java:61)
	at org.junit.internal.runners.statements.RunAfters.evaluate(RunAfters.java:31)
	at org.springframework.test.context.junit4.statements.RunAfterTestClassCallbacks.evaluate(RunAfterTestClassCallbacks.java:70)
	at org.junit.runners.ParentRunner.run(ParentRunner.java:236)
	at org.springframework.test.context.junit4.SpringJUnit4ClassRunner.run(SpringJUnit4ClassRunner.java:180)
	at org.apache.maven.surefire.junit4.JUnit4TestSet.execute(JUnit4TestSet.java:59)
	at org.apache.maven.surefire.suite.AbstractDirectoryTestSuite.executeTestSet(AbstractDirectoryTestSuite.java:115)
	at org.apache.maven.surefire.suite.AbstractDirectoryTestSuite.execute(AbstractDirectoryTestSuite.java:102)
	at org.apache.maven.surefire.Surefire.run(Surefire.java:180)
	at sun.reflect.NativeMethodAccessorImpl.invoke0(Native Method)
	at sun.reflect.NativeMethodAccessorImpl.invoke(NativeMethodAccessorImpl.java:39)
	at sun.reflect.DelegatingMethodAccessorImpl.invoke(DelegatingMethodAccessorImpl.java:25)
	at java.lang.reflect.Method.invoke(Method.java:597)
	at org.apache.maven.surefire.booter.SurefireBooter.runSuitesInProcess(SurefireBooter.java:350)
	at org.apache.maven.surefire.booter.SurefireBooter.main(SurefireBooter.java:1021)


--------------------------------------------------------------------------------------------------------------------------------
now time: 5
----------------------------------------------------------------
llm output
<new_test>
@Test
	public void saveVisitAttributeType_shouldCreateANewVisitAttributeType() throws Exception {
		executeDataSet(VISITS_ATTRIBUTES_XML);
		Assert.assertEquals(3, service.getAllVisitAttributeTypes().size());
		VisitAttributeType vat = new VisitAttributeType();
		vat.setName("Another one");
		vat.setDatatypeClassname("org.openmrs.customdatatype.datatype.FreeText");
		vat.setDatatypeConfig("valid_config_here"); // Update with a valid configuration
		service.saveVisitAttributeType(vat);
		Assert.assertNotNull(vat.getId());
		Assert.assertEquals(4, service.getAllVisitAttributeTypes().size());
	}
</new_test>
----------------------------------------------------------------
generated test
@Test
	public void saveVisitAttributeType_shouldCreateANewVisitAttributeType() throws Exception {
		executeDataSet(VISITS_ATTRIBUTES_XML);
		Assert.assertEquals(3, service.getAllVisitAttributeTypes().size());
		VisitAttributeType vat = new VisitAttributeType();
		vat.setName("Another one");
		vat.setDatatypeClassname("org.openmrs.customdatatype.datatype.FreeText");
		vat.setDatatypeConfig("valid_config_here"); // Update with a valid configuration
		service.saveVisitAttributeType(vat);
		Assert.assertNotNull(vat.getId());
		Assert.assertEquals(4, service.getAllVisitAttributeTypes().size());
	}
----------------------------------------------------------------
last generated diff test


----------------------------------------------------------------
state: 1
----------------------------------------------------------------
description: 单元测试不通过
----------------------------------------------------------------
message
-------------------------------------------------------------------------------
Test set: org.openmrs.api.VisitServiceTest
-------------------------------------------------------------------------------
Tests run: 53, Failures: 0, Errors: 1, Skipped: 0, Time elapsed: 11.447 sec <<< FAILURE!
saveVisitAttributeType_shouldCreateANewVisitAttributeType(org.openmrs.api.VisitServiceTest)  Time elapsed: 0.045 sec  <<< ERROR!
org.openmrs.api.APIException: 'org.openmrs.VisitAttributeType[5d1f3653-0e99-4c0c-81e2-58de7782ac30]' failed to validate with reason: datatypeConfig: AttributeType.datatypeConfig.invalid
	at org.openmrs.validator.ValidateUtil.validate(ValidateUtil.java:107)
	at org.openmrs.api.db.hibernate.HibernateAdministrationDAO.validateInManualFlushMode(HibernateAdministrationDAO.java:353)
	at org.openmrs.api.impl.AdministrationServiceImpl.validateInManualFlushMode(AdministrationServiceImpl.java:1223)
	at sun.reflect.GeneratedMethodAccessor98.invoke(Unknown Source)
	at sun.reflect.DelegatingMethodAccessorImpl.invoke(DelegatingMethodAccessorImpl.java:25)
	at java.lang.reflect.Method.invoke(Method.java:597)
	at org.springframework.aop.support.AopUtils.invokeJoinpointUsingReflection(AopUtils.java:309)
	at org.springframework.aop.framework.ReflectiveMethodInvocation.invokeJoinpoint(ReflectiveMethodInvocation.java:183)
	at org.springframework.aop.framework.ReflectiveMethodInvocation.proceed(ReflectiveMethodInvocation.java:150)
	at org.springframework.transaction.interceptor.TransactionInterceptor.invoke(TransactionInterceptor.java:110)
	at org.springframework.aop.framework.ReflectiveMethodInvocation.proceed(ReflectiveMethodInvocation.java:172)
	at org.springframework.aop.framework.JdkDynamicAopProxy.invoke(JdkDynamicAopProxy.java:202)
	at com.sun.proxy.$Proxy20.validateInManualFlushMode(Unknown Source)
	at sun.reflect.GeneratedMethodAccessor98.invoke(Unknown Source)
	at sun.reflect.DelegatingMethodAccessorImpl.invoke(DelegatingMethodAccessorImpl.java:25)
	at java.lang.reflect.Method.invoke(Method.java:597)
	at org.springframework.aop.support.AopUtils.invokeJoinpointUsingReflection(AopUtils.java:309)
	at org.springframework.aop.framework.ReflectiveMethodInvocation.invokeJoinpoint(ReflectiveMethodInvocation.java:183)
	at org.springframework.aop.framework.ReflectiveMethodInvocation.proceed(ReflectiveMethodInvocation.java:150)
	at org.springframework.transaction.interceptor.TransactionInterceptor.invoke(TransactionInterceptor.java:110)
	at org.springframework.aop.framework.ReflectiveMethodInvocation.proceed(ReflectiveMethodInvocation.java:172)
	at org.openmrs.aop.LoggingAdvice.invoke(LoggingAdvice.java:122)
	at org.springframework.aop.framework.ReflectiveMethodInvocation.proceed(ReflectiveMethodInvocation.java:172)
	at org.springframework.aop.framework.adapter.MethodBeforeAdviceInterceptor.invoke(MethodBeforeAdviceInterceptor.java:50)
	at org.springframework.aop.framework.ReflectiveMethodInvocation.proceed(ReflectiveMethodInvocation.java:172)
	at org.springframework.aop.framework.adapter.MethodBeforeAdviceInterceptor.invoke(MethodBeforeAdviceInterceptor.java:50)
	at org.springframework.aop.framework.ReflectiveMethodInvocation.proceed(ReflectiveMethodInvocation.java:172)
	at org.springframework.aop.framework.JdkDynamicAopProxy.invoke(JdkDynamicAopProxy.java:202)
	at com.sun.proxy.$Proxy40.validateInManualFlushMode(Unknown Source)
	at sun.reflect.GeneratedMethodAccessor98.invoke(Unknown Source)
	at sun.reflect.DelegatingMethodAccessorImpl.invoke(DelegatingMethodAccessorImpl.java:25)
	at java.lang.reflect.Method.invoke(Method.java:597)
	at org.springframework.aop.support.AopUtils.invokeJoinpointUsingReflection(AopUtils.java:309)
	at org.springframework.aop.framework.ReflectiveMethodInvocation.invokeJoinpoint(ReflectiveMethodInvocation.java:183)
	at org.springframework.aop.framework.ReflectiveMethodInvocation.proceed(ReflectiveMethodInvocation.java:150)
	at org.springframework.transaction.interceptor.TransactionInterceptor.invoke(TransactionInterceptor.java:110)
	at org.springframework.aop.framework.ReflectiveMethodInvocation.proceed(ReflectiveMethodInvocation.java:172)
	at org.springframework.aop.framework.JdkDynamicAopProxy.invoke(JdkDynamicAopProxy.java:202)
	at com.sun.proxy.$Proxy40.validateInManualFlushMode(Unknown Source)
	at org.openmrs.aop.RequiredDataAdvice.before(RequiredDataAdvice.java:132)
	at org.springframework.aop.framework.adapter.MethodBeforeAdviceInterceptor.invoke(MethodBeforeAdviceInterceptor.java:49)
	at org.springframework.aop.framework.ReflectiveMethodInvocation.proceed(ReflectiveMethodInvocation.java:172)
	at org.springframework.aop.framework.adapter.MethodBeforeAdviceInterceptor.invoke(MethodBeforeAdviceInterceptor.java:50)
	at org.springframework.aop.framework.ReflectiveMethodInvocation.proceed(ReflectiveMethodInvocation.java:172)
	at org.springframework.aop.framework.JdkDynamicAopProxy.invoke(JdkDynamicAopProxy.java:202)
	at com.sun.proxy.$Proxy65.saveVisitAttributeType(Unknown Source)
	at org.openmrs.api.VisitServiceTest.saveVisitAttributeType_shouldCreateANewVisitAttributeType(VisitServiceTest.java:648)
	at sun.reflect.NativeMethodAccessorImpl.invoke0(Native Method)
	at sun.reflect.NativeMethodAccessorImpl.invoke(NativeMethodAccessorImpl.java:39)
	at sun.reflect.DelegatingMethodAccessorImpl.invoke(DelegatingMethodAccessorImpl.java:25)
	at java.lang.reflect.Method.invoke(Method.java:597)
	at org.junit.runners.model.FrameworkMethod$1.runReflectiveCall(FrameworkMethod.java:44)
	at org.junit.internal.runners.model.ReflectiveCallable.run(ReflectiveCallable.java:15)
	at org.junit.runners.model.FrameworkMethod.invokeExplosively(FrameworkMethod.java:41)
	at org.junit.internal.runners.statements.InvokeMethod.evaluate(InvokeMethod.java:20)
	at org.junit.internal.runners.statements.RunBefores.evaluate(RunBefores.java:28)
	at org.springframework.test.context.junit4.statements.RunBeforeTestMethodCallbacks.evaluate(RunBeforeTestMethodCallbacks.java:74)
	at org.junit.internal.runners.statements.RunAfters.evaluate(RunAfters.java:31)
	at org.springframework.test.context.junit4.statements.RunAfterTestMethodCallbacks.evaluate(RunAfterTestMethodCallbacks.java:82)
	at org.springframework.test.context.junit4.statements.SpringRepeat.evaluate(SpringRepeat.java:72)
	at org.springframework.test.context.junit4.SpringJUnit4ClassRunner.runChild(SpringJUnit4ClassRunner.java:240)
	at org.junit.runners.BlockJUnit4ClassRunner.runChild(BlockJUnit4ClassRunner.java:50)
	at org.junit.runners.ParentRunner$3.run(ParentRunner.java:193)
	at org.junit.runners.ParentRunner$1.schedule(ParentRunner.java:52)
	at org.junit.runners.ParentRunner.runChildren(ParentRunner.java:191)
	at org.junit.runners.ParentRunner.access$000(ParentRunner.java:42)
	at org.junit.runners.ParentRunner$2.evaluate(ParentRunner.java:184)
	at org.springframework.test.context.junit4.statements.RunBeforeTestClassCallbacks.evaluate(RunBeforeTestClassCallbacks.java:61)
	at org.junit.internal.runners.statements.RunAfters.evaluate(RunAfters.java:31)
	at org.springframework.test.context.junit4.statements.RunAfterTestClassCallbacks.evaluate(RunAfterTestClassCallbacks.java:70)
	at org.junit.runners.ParentRunner.run(ParentRunner.java:236)
	at org.springframework.test.context.junit4.SpringJUnit4ClassRunner.run(SpringJUnit4ClassRunner.java:180)
	at org.apache.maven.surefire.junit4.JUnit4TestSet.execute(JUnit4TestSet.java:59)
	at org.apache.maven.surefire.suite.AbstractDirectoryTestSuite.executeTestSet(AbstractDirectoryTestSuite.java:115)
	at org.apache.maven.surefire.suite.AbstractDirectoryTestSuite.execute(AbstractDirectoryTestSuite.java:102)
	at org.apache.maven.surefire.Surefire.run(Surefire.java:180)
	at sun.reflect.NativeMethodAccessorImpl.invoke0(Native Method)
	at sun.reflect.NativeMethodAccessorImpl.invoke(NativeMethodAccessorImpl.java:39)
	at sun.reflect.DelegatingMethodAccessorImpl.invoke(DelegatingMethodAccessorImpl.java:25)
	at java.lang.reflect.Method.invoke(Method.java:597)
	at org.apache.maven.surefire.booter.SurefireBooter.runSuitesInProcess(SurefireBooter.java:350)
	at org.apache.maven.surefire.booter.SurefireBooter.main(SurefireBooter.java:1021)


--------------------------------------------------------------------------------------------------------------------------------
now time: 6
----------------------------------------------------------------
llm output
<new_test>
@Test
	public void saveVisitAttributeType_shouldCreateANewVisitAttributeType() throws Exception {
		executeDataSet(VISITS_ATTRIBUTES_XML);
		Assert.assertEquals(3, service.getAllVisitAttributeTypes().size());
		VisitAttributeType vat = new VisitAttributeType();
		vat.setName("Another one");
		vat.setDatatypeClassname("org.openmrs.customdatatype.datatype.FreeText");
		vat.setDatatypeConfig("valid_config_here"); // Update with a valid configuration
		service.saveVisitAttributeType(vat);
		Assert.assertNotNull(vat.getId());
		Assert.assertEquals(4, service.getAllVisitAttributeTypes().size());
	}
</new_test>
----------------------------------------------------------------
generated test
@Test
	public void saveVisitAttributeType_shouldCreateANewVisitAttributeType() throws Exception {
		executeDataSet(VISITS_ATTRIBUTES_XML);
		Assert.assertEquals(3, service.getAllVisitAttributeTypes().size());
		VisitAttributeType vat = new VisitAttributeType();
		vat.setName("Another one");
		vat.setDatatypeClassname("org.openmrs.customdatatype.datatype.FreeText");
		vat.setDatatypeConfig("valid_config_here"); // Update with a valid configuration
		service.saveVisitAttributeType(vat);
		Assert.assertNotNull(vat.getId());
		Assert.assertEquals(4, service.getAllVisitAttributeTypes().size());
	}
----------------------------------------------------------------
last generated diff test


----------------------------------------------------------------
state: 1
----------------------------------------------------------------
description: 单元测试不通过
----------------------------------------------------------------
message
-------------------------------------------------------------------------------
Test set: org.openmrs.api.VisitServiceTest
-------------------------------------------------------------------------------
Tests run: 53, Failures: 0, Errors: 1, Skipped: 0, Time elapsed: 11.894 sec <<< FAILURE!
saveVisitAttributeType_shouldCreateANewVisitAttributeType(org.openmrs.api.VisitServiceTest)  Time elapsed: 0.047 sec  <<< ERROR!
org.openmrs.api.APIException: 'org.openmrs.VisitAttributeType[14864cb0-c95a-43be-9939-d8ab0bfcd2e6]' failed to validate with reason: datatypeConfig: AttributeType.datatypeConfig.invalid
	at org.openmrs.validator.ValidateUtil.validate(ValidateUtil.java:107)
	at org.openmrs.api.db.hibernate.HibernateAdministrationDAO.validateInManualFlushMode(HibernateAdministrationDAO.java:353)
	at org.openmrs.api.impl.AdministrationServiceImpl.validateInManualFlushMode(AdministrationServiceImpl.java:1223)
	at sun.reflect.GeneratedMethodAccessor98.invoke(Unknown Source)
	at sun.reflect.DelegatingMethodAccessorImpl.invoke(DelegatingMethodAccessorImpl.java:25)
	at java.lang.reflect.Method.invoke(Method.java:597)
	at org.springframework.aop.support.AopUtils.invokeJoinpointUsingReflection(AopUtils.java:309)
	at org.springframework.aop.framework.ReflectiveMethodInvocation.invokeJoinpoint(ReflectiveMethodInvocation.java:183)
	at org.springframework.aop.framework.ReflectiveMethodInvocation.proceed(ReflectiveMethodInvocation.java:150)
	at org.springframework.transaction.interceptor.TransactionInterceptor.invoke(TransactionInterceptor.java:110)
	at org.springframework.aop.framework.ReflectiveMethodInvocation.proceed(ReflectiveMethodInvocation.java:172)
	at org.springframework.aop.framework.JdkDynamicAopProxy.invoke(JdkDynamicAopProxy.java:202)
	at com.sun.proxy.$Proxy20.validateInManualFlushMode(Unknown Source)
	at sun.reflect.GeneratedMethodAccessor98.invoke(Unknown Source)
	at sun.reflect.DelegatingMethodAccessorImpl.invoke(DelegatingMethodAccessorImpl.java:25)
	at java.lang.reflect.Method.invoke(Method.java:597)
	at org.springframework.aop.support.AopUtils.invokeJoinpointUsingReflection(AopUtils.java:309)
	at org.springframework.aop.framework.ReflectiveMethodInvocation.invokeJoinpoint(ReflectiveMethodInvocation.java:183)
	at org.springframework.aop.framework.ReflectiveMethodInvocation.proceed(ReflectiveMethodInvocation.java:150)
	at org.springframework.transaction.interceptor.TransactionInterceptor.invoke(TransactionInterceptor.java:110)
	at org.springframework.aop.framework.ReflectiveMethodInvocation.proceed(ReflectiveMethodInvocation.java:172)
	at org.openmrs.aop.LoggingAdvice.invoke(LoggingAdvice.java:122)
	at org.springframework.aop.framework.ReflectiveMethodInvocation.proceed(ReflectiveMethodInvocation.java:172)
	at org.springframework.aop.framework.adapter.MethodBeforeAdviceInterceptor.invoke(MethodBeforeAdviceInterceptor.java:50)
	at org.springframework.aop.framework.ReflectiveMethodInvocation.proceed(ReflectiveMethodInvocation.java:172)
	at org.springframework.aop.framework.adapter.MethodBeforeAdviceInterceptor.invoke(MethodBeforeAdviceInterceptor.java:50)
	at org.springframework.aop.framework.ReflectiveMethodInvocation.proceed(ReflectiveMethodInvocation.java:172)
	at org.springframework.aop.framework.JdkDynamicAopProxy.invoke(JdkDynamicAopProxy.java:202)
	at com.sun.proxy.$Proxy40.validateInManualFlushMode(Unknown Source)
	at sun.reflect.GeneratedMethodAccessor98.invoke(Unknown Source)
	at sun.reflect.DelegatingMethodAccessorImpl.invoke(DelegatingMethodAccessorImpl.java:25)
	at java.lang.reflect.Method.invoke(Method.java:597)
	at org.springframework.aop.support.AopUtils.invokeJoinpointUsingReflection(AopUtils.java:309)
	at org.springframework.aop.framework.ReflectiveMethodInvocation.invokeJoinpoint(ReflectiveMethodInvocation.java:183)
	at org.springframework.aop.framework.ReflectiveMethodInvocation.proceed(ReflectiveMethodInvocation.java:150)
	at org.springframework.transaction.interceptor.TransactionInterceptor.invoke(TransactionInterceptor.java:110)
	at org.springframework.aop.framework.ReflectiveMethodInvocation.proceed(ReflectiveMethodInvocation.java:172)
	at org.springframework.aop.framework.JdkDynamicAopProxy.invoke(JdkDynamicAopProxy.java:202)
	at com.sun.proxy.$Proxy40.validateInManualFlushMode(Unknown Source)
	at org.openmrs.aop.RequiredDataAdvice.before(RequiredDataAdvice.java:132)
	at org.springframework.aop.framework.adapter.MethodBeforeAdviceInterceptor.invoke(MethodBeforeAdviceInterceptor.java:49)
	at org.springframework.aop.framework.ReflectiveMethodInvocation.proceed(ReflectiveMethodInvocation.java:172)
	at org.springframework.aop.framework.adapter.MethodBeforeAdviceInterceptor.invoke(MethodBeforeAdviceInterceptor.java:50)
	at org.springframework.aop.framework.ReflectiveMethodInvocation.proceed(ReflectiveMethodInvocation.java:172)
	at org.springframework.aop.framework.JdkDynamicAopProxy.invoke(JdkDynamicAopProxy.java:202)
	at com.sun.proxy.$Proxy65.saveVisitAttributeType(Unknown Source)
	at org.openmrs.api.VisitServiceTest.saveVisitAttributeType_shouldCreateANewVisitAttributeType(VisitServiceTest.java:648)
	at sun.reflect.NativeMethodAccessorImpl.invoke0(Native Method)
	at sun.reflect.NativeMethodAccessorImpl.invoke(NativeMethodAccessorImpl.java:39)
	at sun.reflect.DelegatingMethodAccessorImpl.invoke(DelegatingMethodAccessorImpl.java:25)
	at java.lang.reflect.Method.invoke(Method.java:597)
	at org.junit.runners.model.FrameworkMethod$1.runReflectiveCall(FrameworkMethod.java:44)
	at org.junit.internal.runners.model.ReflectiveCallable.run(ReflectiveCallable.java:15)
	at org.junit.runners.model.FrameworkMethod.invokeExplosively(FrameworkMethod.java:41)
	at org.junit.internal.runners.statements.InvokeMethod.evaluate(InvokeMethod.java:20)
	at org.junit.internal.runners.statements.RunBefores.evaluate(RunBefores.java:28)
	at org.springframework.test.context.junit4.statements.RunBeforeTestMethodCallbacks.evaluate(RunBeforeTestMethodCallbacks.java:74)
	at org.junit.internal.runners.statements.RunAfters.evaluate(RunAfters.java:31)
	at org.springframework.test.context.junit4.statements.RunAfterTestMethodCallbacks.evaluate(RunAfterTestMethodCallbacks.java:82)
	at org.springframework.test.context.junit4.statements.SpringRepeat.evaluate(SpringRepeat.java:72)
	at org.springframework.test.context.junit4.SpringJUnit4ClassRunner.runChild(SpringJUnit4ClassRunner.java:240)
	at org.junit.runners.BlockJUnit4ClassRunner.runChild(BlockJUnit4ClassRunner.java:50)
	at org.junit.runners.ParentRunner$3.run(ParentRunner.java:193)
	at org.junit.runners.ParentRunner$1.schedule(ParentRunner.java:52)
	at org.junit.runners.ParentRunner.runChildren(ParentRunner.java:191)
	at org.junit.runners.ParentRunner.access$000(ParentRunner.java:42)
	at org.junit.runners.ParentRunner$2.evaluate(ParentRunner.java:184)
	at org.springframework.test.context.junit4.statements.RunBeforeTestClassCallbacks.evaluate(RunBeforeTestClassCallbacks.java:61)
	at org.junit.internal.runners.statements.RunAfters.evaluate(RunAfters.java:31)
	at org.springframework.test.context.junit4.statements.RunAfterTestClassCallbacks.evaluate(RunAfterTestClassCallbacks.java:70)
	at org.junit.runners.ParentRunner.run(ParentRunner.java:236)
	at org.springframework.test.context.junit4.SpringJUnit4ClassRunner.run(SpringJUnit4ClassRunner.java:180)
	at org.apache.maven.surefire.junit4.JUnit4TestSet.execute(JUnit4TestSet.java:59)
	at org.apache.maven.surefire.suite.AbstractDirectoryTestSuite.executeTestSet(AbstractDirectoryTestSuite.java:115)
	at org.apache.maven.surefire.suite.AbstractDirectoryTestSuite.execute(AbstractDirectoryTestSuite.java:102)
	at org.apache.maven.surefire.Surefire.run(Surefire.java:180)
	at sun.reflect.NativeMethodAccessorImpl.invoke0(Native Method)
	at sun.reflect.NativeMethodAccessorImpl.invoke(NativeMethodAccessorImpl.java:39)
	at sun.reflect.DelegatingMethodAccessorImpl.invoke(DelegatingMethodAccessorImpl.java:25)
	at java.lang.reflect.Method.invoke(Method.java:597)
	at org.apache.maven.surefire.booter.SurefireBooter.runSuitesInProcess(SurefireBooter.java:350)
	at org.apache.maven.surefire.booter.SurefireBooter.main(SurefireBooter.java:1021)


--------------------------------------------------------------------------------------------------------------------------------
now time: 7
----------------------------------------------------------------
llm output
<new_test>
@Test
	public void saveVisitAttributeType_shouldCreateANewVisitAttributeType() throws Exception {
		executeDataSet(VISITS_ATTRIBUTES_XML);
		Assert.assertEquals(3, service.getAllVisitAttributeTypes().size());
		VisitAttributeType vat = new VisitAttributeType();
		vat.setName("Another one");
		vat.setDatatypeClassname("org.openmrs.customdatatype.datatype.FreeText");
		vat.setDatatypeConfig("valid_config_here"); // Update with a valid configuration
		service.saveVisitAttributeType(vat);
		Assert.assertNotNull(vat.getId());
		Assert.assertEquals(4, service.getAllVisitAttributeTypes().size());
	}
</new_test>
----------------------------------------------------------------
generated test
@Test
	public void saveVisitAttributeType_shouldCreateANewVisitAttributeType() throws Exception {
		executeDataSet(VISITS_ATTRIBUTES_XML);
		Assert.assertEquals(3, service.getAllVisitAttributeTypes().size());
		VisitAttributeType vat = new VisitAttributeType();
		vat.setName("Another one");
		vat.setDatatypeClassname("org.openmrs.customdatatype.datatype.FreeText");
		vat.setDatatypeConfig("valid_config_here"); // Update with a valid configuration
		service.saveVisitAttributeType(vat);
		Assert.assertNotNull(vat.getId());
		Assert.assertEquals(4, service.getAllVisitAttributeTypes().size());
	}
----------------------------------------------------------------
last generated diff test


----------------------------------------------------------------
state: 1
----------------------------------------------------------------
description: 单元测试不通过
----------------------------------------------------------------
message
-------------------------------------------------------------------------------
Test set: org.openmrs.api.VisitServiceTest
-------------------------------------------------------------------------------
Tests run: 53, Failures: 0, Errors: 1, Skipped: 0, Time elapsed: 11.229 sec <<< FAILURE!
saveVisitAttributeType_shouldCreateANewVisitAttributeType(org.openmrs.api.VisitServiceTest)  Time elapsed: 0.043 sec  <<< ERROR!
org.openmrs.api.APIException: 'org.openmrs.VisitAttributeType[b09195c5-719b-4995-a00d-e592035d7864]' failed to validate with reason: datatypeConfig: AttributeType.datatypeConfig.invalid
	at org.openmrs.validator.ValidateUtil.validate(ValidateUtil.java:107)
	at org.openmrs.api.db.hibernate.HibernateAdministrationDAO.validateInManualFlushMode(HibernateAdministrationDAO.java:353)
	at org.openmrs.api.impl.AdministrationServiceImpl.validateInManualFlushMode(AdministrationServiceImpl.java:1223)
	at sun.reflect.GeneratedMethodAccessor98.invoke(Unknown Source)
	at sun.reflect.DelegatingMethodAccessorImpl.invoke(DelegatingMethodAccessorImpl.java:25)
	at java.lang.reflect.Method.invoke(Method.java:597)
	at org.springframework.aop.support.AopUtils.invokeJoinpointUsingReflection(AopUtils.java:309)
	at org.springframework.aop.framework.ReflectiveMethodInvocation.invokeJoinpoint(ReflectiveMethodInvocation.java:183)
	at org.springframework.aop.framework.ReflectiveMethodInvocation.proceed(ReflectiveMethodInvocation.java:150)
	at org.springframework.transaction.interceptor.TransactionInterceptor.invoke(TransactionInterceptor.java:110)
	at org.springframework.aop.framework.ReflectiveMethodInvocation.proceed(ReflectiveMethodInvocation.java:172)
	at org.springframework.aop.framework.JdkDynamicAopProxy.invoke(JdkDynamicAopProxy.java:202)
	at com.sun.proxy.$Proxy20.validateInManualFlushMode(Unknown Source)
	at sun.reflect.GeneratedMethodAccessor98.invoke(Unknown Source)
	at sun.reflect.DelegatingMethodAccessorImpl.invoke(DelegatingMethodAccessorImpl.java:25)
	at java.lang.reflect.Method.invoke(Method.java:597)
	at org.springframework.aop.support.AopUtils.invokeJoinpointUsingReflection(AopUtils.java:309)
	at org.springframework.aop.framework.ReflectiveMethodInvocation.invokeJoinpoint(ReflectiveMethodInvocation.java:183)
	at org.springframework.aop.framework.ReflectiveMethodInvocation.proceed(ReflectiveMethodInvocation.java:150)
	at org.springframework.transaction.interceptor.TransactionInterceptor.invoke(TransactionInterceptor.java:110)
	at org.springframework.aop.framework.ReflectiveMethodInvocation.proceed(ReflectiveMethodInvocation.java:172)
	at org.openmrs.aop.LoggingAdvice.invoke(LoggingAdvice.java:122)
	at org.springframework.aop.framework.ReflectiveMethodInvocation.proceed(ReflectiveMethodInvocation.java:172)
	at org.springframework.aop.framework.adapter.MethodBeforeAdviceInterceptor.invoke(MethodBeforeAdviceInterceptor.java:50)
	at org.springframework.aop.framework.ReflectiveMethodInvocation.proceed(ReflectiveMethodInvocation.java:172)
	at org.springframework.aop.framework.adapter.MethodBeforeAdviceInterceptor.invoke(MethodBeforeAdviceInterceptor.java:50)
	at org.springframework.aop.framework.ReflectiveMethodInvocation.proceed(ReflectiveMethodInvocation.java:172)
	at org.springframework.aop.framework.JdkDynamicAopProxy.invoke(JdkDynamicAopProxy.java:202)
	at com.sun.proxy.$Proxy40.validateInManualFlushMode(Unknown Source)
	at sun.reflect.GeneratedMethodAccessor98.invoke(Unknown Source)
	at sun.reflect.DelegatingMethodAccessorImpl.invoke(DelegatingMethodAccessorImpl.java:25)
	at java.lang.reflect.Method.invoke(Method.java:597)
	at org.springframework.aop.support.AopUtils.invokeJoinpointUsingReflection(AopUtils.java:309)
	at org.springframework.aop.framework.ReflectiveMethodInvocation.invokeJoinpoint(ReflectiveMethodInvocation.java:183)
	at org.springframework.aop.framework.ReflectiveMethodInvocation.proceed(ReflectiveMethodInvocation.java:150)
	at org.springframework.transaction.interceptor.TransactionInterceptor.invoke(TransactionInterceptor.java:110)
	at org.springframework.aop.framework.ReflectiveMethodInvocation.proceed(ReflectiveMethodInvocation.java:172)
	at org.springframework.aop.framework.JdkDynamicAopProxy.invoke(JdkDynamicAopProxy.java:202)
	at com.sun.proxy.$Proxy40.validateInManualFlushMode(Unknown Source)
	at org.openmrs.aop.RequiredDataAdvice.before(RequiredDataAdvice.java:132)
	at org.springframework.aop.framework.adapter.MethodBeforeAdviceInterceptor.invoke(MethodBeforeAdviceInterceptor.java:49)
	at org.springframework.aop.framework.ReflectiveMethodInvocation.proceed(ReflectiveMethodInvocation.java:172)
	at org.springframework.aop.framework.adapter.MethodBeforeAdviceInterceptor.invoke(MethodBeforeAdviceInterceptor.java:50)
	at org.springframework.aop.framework.ReflectiveMethodInvocation.proceed(ReflectiveMethodInvocation.java:172)
	at org.springframework.aop.framework.JdkDynamicAopProxy.invoke(JdkDynamicAopProxy.java:202)
	at com.sun.proxy.$Proxy65.saveVisitAttributeType(Unknown Source)
	at org.openmrs.api.VisitServiceTest.saveVisitAttributeType_shouldCreateANewVisitAttributeType(VisitServiceTest.java:648)
	at sun.reflect.NativeMethodAccessorImpl.invoke0(Native Method)
	at sun.reflect.NativeMethodAccessorImpl.invoke(NativeMethodAccessorImpl.java:39)
	at sun.reflect.DelegatingMethodAccessorImpl.invoke(DelegatingMethodAccessorImpl.java:25)
	at java.lang.reflect.Method.invoke(Method.java:597)
	at org.junit.runners.model.FrameworkMethod$1.runReflectiveCall(FrameworkMethod.java:44)
	at org.junit.internal.runners.model.ReflectiveCallable.run(ReflectiveCallable.java:15)
	at org.junit.runners.model.FrameworkMethod.invokeExplosively(FrameworkMethod.java:41)
	at org.junit.internal.runners.statements.InvokeMethod.evaluate(InvokeMethod.java:20)
	at org.junit.internal.runners.statements.RunBefores.evaluate(RunBefores.java:28)
	at org.springframework.test.context.junit4.statements.RunBeforeTestMethodCallbacks.evaluate(RunBeforeTestMethodCallbacks.java:74)
	at org.junit.internal.runners.statements.RunAfters.evaluate(RunAfters.java:31)
	at org.springframework.test.context.junit4.statements.RunAfterTestMethodCallbacks.evaluate(RunAfterTestMethodCallbacks.java:82)
	at org.springframework.test.context.junit4.statements.SpringRepeat.evaluate(SpringRepeat.java:72)
	at org.springframework.test.context.junit4.SpringJUnit4ClassRunner.runChild(SpringJUnit4ClassRunner.java:240)
	at org.junit.runners.BlockJUnit4ClassRunner.runChild(BlockJUnit4ClassRunner.java:50)
	at org.junit.runners.ParentRunner$3.run(ParentRunner.java:193)
	at org.junit.runners.ParentRunner$1.schedule(ParentRunner.java:52)
	at org.junit.runners.ParentRunner.runChildren(ParentRunner.java:191)
	at org.junit.runners.ParentRunner.access$000(ParentRunner.java:42)
	at org.junit.runners.ParentRunner$2.evaluate(ParentRunner.java:184)
	at org.springframework.test.context.junit4.statements.RunBeforeTestClassCallbacks.evaluate(RunBeforeTestClassCallbacks.java:61)
	at org.junit.internal.runners.statements.RunAfters.evaluate(RunAfters.java:31)
	at org.springframework.test.context.junit4.statements.RunAfterTestClassCallbacks.evaluate(RunAfterTestClassCallbacks.java:70)
	at org.junit.runners.ParentRunner.run(ParentRunner.java:236)
	at org.springframework.test.context.junit4.SpringJUnit4ClassRunner.run(SpringJUnit4ClassRunner.java:180)
	at org.apache.maven.surefire.junit4.JUnit4TestSet.execute(JUnit4TestSet.java:59)
	at org.apache.maven.surefire.suite.AbstractDirectoryTestSuite.executeTestSet(AbstractDirectoryTestSuite.java:115)
	at org.apache.maven.surefire.suite.AbstractDirectoryTestSuite.execute(AbstractDirectoryTestSuite.java:102)
	at org.apache.maven.surefire.Surefire.run(Surefire.java:180)
	at sun.reflect.NativeMethodAccessorImpl.invoke0(Native Method)
	at sun.reflect.NativeMethodAccessorImpl.invoke(NativeMethodAccessorImpl.java:39)
	at sun.reflect.DelegatingMethodAccessorImpl.invoke(DelegatingMethodAccessorImpl.java:25)
	at java.lang.reflect.Method.invoke(Method.java:597)
	at org.apache.maven.surefire.booter.SurefireBooter.runSuitesInProcess(SurefireBooter.java:350)
	at org.apache.maven.surefire.booter.SurefireBooter.main(SurefireBooter.java:1021)


--------------------------------------------------------------------------------------------------------------------------------
now time: 8
----------------------------------------------------------------
llm output
<new_test>
@Test
	public void saveVisitAttributeType_shouldCreateANewVisitAttributeType() throws Exception {
		executeDataSet(VISITS_ATTRIBUTES_XML);
		Assert.assertEquals(3, service.getAllVisitAttributeTypes().size());
		VisitAttributeType vat = new VisitAttributeType();
		vat.setName("Another one");
		vat.setDatatypeClassname("org.openmrs.customdatatype.datatype.FreeText");
		vat.setDatatypeConfig("valid_config_here"); // Update with a valid configuration
		service.saveVisitAttributeType(vat);
		Assert.assertNotNull(vat.getId());
		Assert.assertEquals(4, service.getAllVisitAttributeTypes().size());
	}
</new_test>
----------------------------------------------------------------
generated test
@Test
	public void saveVisitAttributeType_shouldCreateANewVisitAttributeType() throws Exception {
		executeDataSet(VISITS_ATTRIBUTES_XML);
		Assert.assertEquals(3, service.getAllVisitAttributeTypes().size());
		VisitAttributeType vat = new VisitAttributeType();
		vat.setName("Another one");
		vat.setDatatypeClassname("org.openmrs.customdatatype.datatype.FreeText");
		vat.setDatatypeConfig("valid_config_here"); // Update with a valid configuration
		service.saveVisitAttributeType(vat);
		Assert.assertNotNull(vat.getId());
		Assert.assertEquals(4, service.getAllVisitAttributeTypes().size());
	}
----------------------------------------------------------------
last generated diff test


----------------------------------------------------------------
state: 1
----------------------------------------------------------------
description: 单元测试不通过
----------------------------------------------------------------
message
-------------------------------------------------------------------------------
Test set: org.openmrs.api.VisitServiceTest
-------------------------------------------------------------------------------
Tests run: 53, Failures: 0, Errors: 1, Skipped: 0, Time elapsed: 11.458 sec <<< FAILURE!
saveVisitAttributeType_shouldCreateANewVisitAttributeType(org.openmrs.api.VisitServiceTest)  Time elapsed: 0.045 sec  <<< ERROR!
org.openmrs.api.APIException: 'org.openmrs.VisitAttributeType[cc8337a6-322a-421c-aa2e-ce5532df6cfd]' failed to validate with reason: datatypeConfig: AttributeType.datatypeConfig.invalid
	at org.openmrs.validator.ValidateUtil.validate(ValidateUtil.java:107)
	at org.openmrs.api.db.hibernate.HibernateAdministrationDAO.validateInManualFlushMode(HibernateAdministrationDAO.java:353)
	at org.openmrs.api.impl.AdministrationServiceImpl.validateInManualFlushMode(AdministrationServiceImpl.java:1223)
	at sun.reflect.GeneratedMethodAccessor98.invoke(Unknown Source)
	at sun.reflect.DelegatingMethodAccessorImpl.invoke(DelegatingMethodAccessorImpl.java:25)
	at java.lang.reflect.Method.invoke(Method.java:597)
	at org.springframework.aop.support.AopUtils.invokeJoinpointUsingReflection(AopUtils.java:309)
	at org.springframework.aop.framework.ReflectiveMethodInvocation.invokeJoinpoint(ReflectiveMethodInvocation.java:183)
	at org.springframework.aop.framework.ReflectiveMethodInvocation.proceed(ReflectiveMethodInvocation.java:150)
	at org.springframework.transaction.interceptor.TransactionInterceptor.invoke(TransactionInterceptor.java:110)
	at org.springframework.aop.framework.ReflectiveMethodInvocation.proceed(ReflectiveMethodInvocation.java:172)
	at org.springframework.aop.framework.JdkDynamicAopProxy.invoke(JdkDynamicAopProxy.java:202)
	at com.sun.proxy.$Proxy20.validateInManualFlushMode(Unknown Source)
	at sun.reflect.GeneratedMethodAccessor98.invoke(Unknown Source)
	at sun.reflect.DelegatingMethodAccessorImpl.invoke(DelegatingMethodAccessorImpl.java:25)
	at java.lang.reflect.Method.invoke(Method.java:597)
	at org.springframework.aop.support.AopUtils.invokeJoinpointUsingReflection(AopUtils.java:309)
	at org.springframework.aop.framework.ReflectiveMethodInvocation.invokeJoinpoint(ReflectiveMethodInvocation.java:183)
	at org.springframework.aop.framework.ReflectiveMethodInvocation.proceed(ReflectiveMethodInvocation.java:150)
	at org.springframework.transaction.interceptor.TransactionInterceptor.invoke(TransactionInterceptor.java:110)
	at org.springframework.aop.framework.ReflectiveMethodInvocation.proceed(ReflectiveMethodInvocation.java:172)
	at org.openmrs.aop.LoggingAdvice.invoke(LoggingAdvice.java:122)
	at org.springframework.aop.framework.ReflectiveMethodInvocation.proceed(ReflectiveMethodInvocation.java:172)
	at org.springframework.aop.framework.adapter.MethodBeforeAdviceInterceptor.invoke(MethodBeforeAdviceInterceptor.java:50)
	at org.springframework.aop.framework.ReflectiveMethodInvocation.proceed(ReflectiveMethodInvocation.java:172)
	at org.springframework.aop.framework.adapter.MethodBeforeAdviceInterceptor.invoke(MethodBeforeAdviceInterceptor.java:50)
	at org.springframework.aop.framework.ReflectiveMethodInvocation.proceed(ReflectiveMethodInvocation.java:172)
	at org.springframework.aop.framework.JdkDynamicAopProxy.invoke(JdkDynamicAopProxy.java:202)
	at com.sun.proxy.$Proxy40.validateInManualFlushMode(Unknown Source)
	at sun.reflect.GeneratedMethodAccessor98.invoke(Unknown Source)
	at sun.reflect.DelegatingMethodAccessorImpl.invoke(DelegatingMethodAccessorImpl.java:25)
	at java.lang.reflect.Method.invoke(Method.java:597)
	at org.springframework.aop.support.AopUtils.invokeJoinpointUsingReflection(AopUtils.java:309)
	at org.springframework.aop.framework.ReflectiveMethodInvocation.invokeJoinpoint(ReflectiveMethodInvocation.java:183)
	at org.springframework.aop.framework.ReflectiveMethodInvocation.proceed(ReflectiveMethodInvocation.java:150)
	at org.springframework.transaction.interceptor.TransactionInterceptor.invoke(TransactionInterceptor.java:110)
	at org.springframework.aop.framework.ReflectiveMethodInvocation.proceed(ReflectiveMethodInvocation.java:172)
	at org.springframework.aop.framework.JdkDynamicAopProxy.invoke(JdkDynamicAopProxy.java:202)
	at com.sun.proxy.$Proxy40.validateInManualFlushMode(Unknown Source)
	at org.openmrs.aop.RequiredDataAdvice.before(RequiredDataAdvice.java:132)
	at org.springframework.aop.framework.adapter.MethodBeforeAdviceInterceptor.invoke(MethodBeforeAdviceInterceptor.java:49)
	at org.springframework.aop.framework.ReflectiveMethodInvocation.proceed(ReflectiveMethodInvocation.java:172)
	at org.springframework.aop.framework.adapter.MethodBeforeAdviceInterceptor.invoke(MethodBeforeAdviceInterceptor.java:50)
	at org.springframework.aop.framework.ReflectiveMethodInvocation.proceed(ReflectiveMethodInvocation.java:172)
	at org.springframework.aop.framework.JdkDynamicAopProxy.invoke(JdkDynamicAopProxy.java:202)
	at com.sun.proxy.$Proxy65.saveVisitAttributeType(Unknown Source)
	at org.openmrs.api.VisitServiceTest.saveVisitAttributeType_shouldCreateANewVisitAttributeType(VisitServiceTest.java:648)
	at sun.reflect.NativeMethodAccessorImpl.invoke0(Native Method)
	at sun.reflect.NativeMethodAccessorImpl.invoke(NativeMethodAccessorImpl.java:39)
	at sun.reflect.DelegatingMethodAccessorImpl.invoke(DelegatingMethodAccessorImpl.java:25)
	at java.lang.reflect.Method.invoke(Method.java:597)
	at org.junit.runners.model.FrameworkMethod$1.runReflectiveCall(FrameworkMethod.java:44)
	at org.junit.internal.runners.model.ReflectiveCallable.run(ReflectiveCallable.java:15)
	at org.junit.runners.model.FrameworkMethod.invokeExplosively(FrameworkMethod.java:41)
	at org.junit.internal.runners.statements.InvokeMethod.evaluate(InvokeMethod.java:20)
	at org.junit.internal.runners.statements.RunBefores.evaluate(RunBefores.java:28)
	at org.springframework.test.context.junit4.statements.RunBeforeTestMethodCallbacks.evaluate(RunBeforeTestMethodCallbacks.java:74)
	at org.junit.internal.runners.statements.RunAfters.evaluate(RunAfters.java:31)
	at org.springframework.test.context.junit4.statements.RunAfterTestMethodCallbacks.evaluate(RunAfterTestMethodCallbacks.java:82)
	at org.springframework.test.context.junit4.statements.SpringRepeat.evaluate(SpringRepeat.java:72)
	at org.springframework.test.context.junit4.SpringJUnit4ClassRunner.runChild(SpringJUnit4ClassRunner.java:240)
	at org.junit.runners.BlockJUnit4ClassRunner.runChild(BlockJUnit4ClassRunner.java:50)
	at org.junit.runners.ParentRunner$3.run(ParentRunner.java:193)
	at org.junit.runners.ParentRunner$1.schedule(ParentRunner.java:52)
	at org.junit.runners.ParentRunner.runChildren(ParentRunner.java:191)
	at org.junit.runners.ParentRunner.access$000(ParentRunner.java:42)
	at org.junit.runners.ParentRunner$2.evaluate(ParentRunner.java:184)
	at org.springframework.test.context.junit4.statements.RunBeforeTestClassCallbacks.evaluate(RunBeforeTestClassCallbacks.java:61)
	at org.junit.internal.runners.statements.RunAfters.evaluate(RunAfters.java:31)
	at org.springframework.test.context.junit4.statements.RunAfterTestClassCallbacks.evaluate(RunAfterTestClassCallbacks.java:70)
	at org.junit.runners.ParentRunner.run(ParentRunner.java:236)
	at org.springframework.test.context.junit4.SpringJUnit4ClassRunner.run(SpringJUnit4ClassRunner.java:180)
	at org.apache.maven.surefire.junit4.JUnit4TestSet.execute(JUnit4TestSet.java:59)
	at org.apache.maven.surefire.suite.AbstractDirectoryTestSuite.executeTestSet(AbstractDirectoryTestSuite.java:115)
	at org.apache.maven.surefire.suite.AbstractDirectoryTestSuite.execute(AbstractDirectoryTestSuite.java:102)
	at org.apache.maven.surefire.Surefire.run(Surefire.java:180)
	at sun.reflect.NativeMethodAccessorImpl.invoke0(Native Method)
	at sun.reflect.NativeMethodAccessorImpl.invoke(NativeMethodAccessorImpl.java:39)
	at sun.reflect.DelegatingMethodAccessorImpl.invoke(DelegatingMethodAccessorImpl.java:25)
	at java.lang.reflect.Method.invoke(Method.java:597)
	at org.apache.maven.surefire.booter.SurefireBooter.runSuitesInProcess(SurefireBooter.java:350)
	at org.apache.maven.surefire.booter.SurefireBooter.main(SurefireBooter.java:1021)


--------------------------------------------------------------------------------------------------------------------------------
total times: 2
----------------------------------------------------------------
generated test
@Test
	public void saveVisitAttributeType_shouldCreateANewVisitAttributeType() throws Exception {
		executeDataSet(VISITS_ATTRIBUTES_XML);
		Assert.assertEquals(3, service.getAllVisitAttributeTypes().size());
		VisitAttributeType vat = new VisitAttributeType();
		vat.setName("Another one");
		vat.setDatatypeClassname("org.openmrs.customdatatype.datatype.FreeText");
		service.saveVisitAttributeType(vat);
		Assert.assertNotNull(vat.getId());
		Assert.assertEquals(4, service.getAllVisitAttributeTypes().size());
	}
----------------------------------------------------------------
old generated diff test
--- 

+++ 

@@ -4,7 +4,7 @@

 		Assert.assertEquals(3, service.getAllVisitAttributeTypes().size());
 		VisitAttributeType vat = new VisitAttributeType();
 		vat.setName("Another one");
-		vat.setDatatypeClassname(FreeText.class.getName());
+		vat.setDatatypeClassname("org.openmrs.customdatatype.datatype.FreeText");
 		service.saveVisitAttributeType(vat);
 		Assert.assertNotNull(vat.getId());
 		Assert.assertEquals(4, service.getAllVisitAttributeTypes().size());

----------------------------------------------------------------
generated new diff test
--- 

+++ 

@@ -4,7 +4,7 @@

 		Assert.assertEquals(3, service.getAllVisitAttributeTypes().size());
 		VisitAttributeType vat = new VisitAttributeType();
 		vat.setName("Another one");
-		vat.setDatatypeClassname("org.openmrs.customdatatype.datatype.FreeText");
+		vat.setDatatypeClassname(FreeTextDatatype.class.getName());
 		service.saveVisitAttributeType(vat);
 		Assert.assertNotNull(vat.getId());
 		Assert.assertEquals(4, service.getAllVisitAttributeTypes().size());

----------------------------------------------------------------
state: 1
----------------------------------------------------------------
description: 单元测试不通过
--------------------------------------------------------------------------------------------------------------------------------
