--------------------------------------------------------------------------------------------------------------------------------
new state: 3
----------------------------------------------------------------
new description: 测试通过，覆盖率：0.8604651162790697
----------------------------------------------------------------
new message

--------------------------------------------------------------------------------------------------------------------------------
old state: 3
----------------------------------------------------------------
old description: 测试通过，覆盖率：0.8604651162790697
----------------------------------------------------------------
old message

--------------------------------------------------------------------------------------------------------------------------------
old product
public Location getDefaultLocation() throws APIException {
		
		// TODO The name of the default location should be configured using global properties 
		Location location = getLocation("Unknown Location");
		
		// If Unknown Location does not exist, try Unknown
		if (location == null) {
			location = getLocation("Unknown");
		}
		
		// If neither exist, get the first available location
		if (location == null) {
			location = getLocation(Integer.valueOf(1));
		}
		
		// TODO Figure out if we should/could throw an exception if there's  
		// no location to fall back on.
		//if (location == null) { 
		//	throw new APIException("Default location does not exist");
		//}
		
		return location;
	}
----------------------------------------------------------------
old test
@Test
	@Verifies(value = "should return default location for the implementation", method = "getDefaultLocation()")
	public void getDefaultLocation_shouldReturnDefaultLocationForTheImplementation() throws Exception {
		Assert.assertNotNull(Context.getLocationService().getDefaultLocation());
	}
----------------------------------------------------------------
new product
public Location getDefaultLocation() throws APIException {
		Location location = null;
		String locationGP = Context.getAdministrationService().getGlobalProperty(
		    OpenmrsConstants.GLOBAL_PROPERTY_DEFAULT_LOCATION_NAME);
		
		if (StringUtils.hasText(locationGP))
			location = getLocation(locationGP);
		
		//Try to look up 'Unknown Location' in case the global property is something else
		if (location == null && (!StringUtils.hasText(locationGP) || !locationGP.equalsIgnoreCase("Unknown Location")))
			location = getLocation("Unknown Location");
		
		// If Unknown Location does not exist, try Unknown if the global property was different
		if (location == null && (!StringUtils.hasText(locationGP) || !locationGP.equalsIgnoreCase("Unknown"))) {
			location = getLocation("Unknown");
		}
		
		// If neither exist, get the first available location
		if (location == null) {
			location = getLocation(Integer.valueOf(1));
		}
		
		// TODO Figure out if we should/could throw an exception if there's  
		// no location to fall back on.
		//if (location == null) { 
		//	throw new APIException("Default location does not exist");
		//}
		
		return location;
	}
----------------------------------------------------------------
new test
@Test
	@Verifies(value = "should return default location for the implementation", method = "getDefaultLocation()")
	public void getDefaultLocation_shouldReturnDefaultLocationForTheImplementation() throws Exception {
		//set the global property for default location to something other than Unknown Location
		GlobalProperty gp = new GlobalProperty(OpenmrsConstants.GLOBAL_PROPERTY_DEFAULT_LOCATION_NAME,
		        "Test Parent Location", "Testing default Location");
		Context.getAdministrationService().saveGlobalProperty(gp);
		Assert.assertEquals("Test Parent Location", Context.getLocationService().getDefaultLocation().getName());
	}
----------------------------------------------------------------
diff product
diff --git a/old_product.java b/new_product.java
index 71b9d2e..40574fa 100644
--- a/old_product.java
+++ b/new_product.java
@@ -1,10 +1,17 @@
 public Location getDefaultLocation() throws APIException {
+		Location location = null;
+		String locationGP = Context.getAdministrationService().getGlobalProperty(
+		    OpenmrsConstants.GLOBAL_PROPERTY_DEFAULT_LOCATION_NAME);
 		
-		// TODO The name of the default location should be configured using global properties 
-		Location location = getLocation("Unknown Location");
+		if (StringUtils.hasText(locationGP))
+			location = getLocation(locationGP);
 		
-		// If Unknown Location does not exist, try Unknown
-		if (location == null) {
+		//Try to look up 'Unknown Location' in case the global property is something else
+		if (location == null && (!StringUtils.hasText(locationGP) || !locationGP.equalsIgnoreCase("Unknown Location")))
+			location = getLocation("Unknown Location");
+		
+		// If Unknown Location does not exist, try Unknown if the global property was different
+		if (location == null && (!StringUtils.hasText(locationGP) || !locationGP.equalsIgnoreCase("Unknown"))) {
 			location = getLocation("Unknown");
 		}
 		

----------------------------------------------------------------
diff test
diff --git a/old_test.java b/new_test.java
index 3e83dfe..13fd708 100644
--- a/old_test.java
+++ b/new_test.java
@@ -1,5 +1,9 @@
 @Test
 	@Verifies(value = "should return default location for the implementation", method = "getDefaultLocation()")
 	public void getDefaultLocation_shouldReturnDefaultLocationForTheImplementation() throws Exception {
-		Assert.assertNotNull(Context.getLocationService().getDefaultLocation());
+		//set the global property for default location to something other than Unknown Location
+		GlobalProperty gp = new GlobalProperty(OpenmrsConstants.GLOBAL_PROPERTY_DEFAULT_LOCATION_NAME,
+		        "Test Parent Location", "Testing default Location");
+		Context.getAdministrationService().saveGlobalProperty(gp);
+		Assert.assertEquals("Test Parent Location", Context.getLocationService().getDefaultLocation().getName());
 	}
\ No newline at end of file

--------------------------------------------------------------------------------------------------------------------------------
sample diff product
diff --git a/old_product.java b/new_product.java
index 1fde32a..9bb5b68 100644
--- a/old_product.java
+++ b/new_product.java
@@ -23,5 +23,7 @@ public Location saveLocation(Location location) throws APIException {
 			}
 		}
 		
+		CustomDatatypeUtil.saveAttributesIfNecessary(location);
+		
 		return dao.saveLocation(location);
 	}
\ No newline at end of file

----------------------------------------------------------------
sample diff test
diff --git a/old_test.java b/new_test.java
index ab1060f..9b936ae 100644
--- a/old_test.java
+++ b/new_test.java
@@ -6,6 +6,7 @@
 		// First, create a new Location
 		Location location = new Location();
 		location.setName("name");
+		location.setDescription("is a location");
 		ls.saveLocation(location);
 		
 		// Create a tag

----------------------------------------------------------------
coverage: 0.8604651162790697
--------------------------------------------------------------------------------------------------------------------------------
now time: 1
----------------------------------------------------------------
llm output
Based on the changes in the production method as indicated by the diff, the new test method should verify that the `getDefaultLocation` method now correctly utilizes the global property for the default location name, and falls back to "Unknown Location" or "Unknown" if necessary. Here's how the updated test method would look:

<new_test>
```java
@Test
@Verifies(value = "should return default location based on global property or fallback to 'Unknown Location' or 'Unknown'", method = "getDefaultLocation()")
public void getDefaultLocation_shouldReturnDefaultLocationBasedOnGlobalPropertyOrFallback() throws Exception {
    AdministrationService adminService = Context.getAdministrationService();
    LocationService locationService = Context.getLocationService();
    
    // Set a global property for the default location name
    final String defaultLocationName = "Test Default Location";
    adminService.saveGlobalProperty(new GlobalProperty(OpenmrsConstants.GLOBAL_PROPERTY_DEFAULT_LOCATION_NAME, defaultLocationName));
    
    // Ensure a location with the name set in the global property exists
    Location defaultLocation = new Location();
    defaultLocation.setName(defaultLocationName);
    locationService.saveLocation(defaultLocation);
    
    // Test that the default location is returned based on the global property
    Location retrievedLocation = locationService.getDefaultLocation();
    Assert.assertNotNull("The default location should not be null", retrievedLocation);
    Assert.assertEquals("The retrieved location should match the global property value", defaultLocationName, retrievedLocation.getName());
    
    // Change the global property to a non-existent location name to test fallback
    adminService.saveGlobalProperty(new GlobalProperty(OpenmrsConstants.GLOBAL_PROPERTY_DEFAULT_LOCATION_NAME, "Non Existent Location"));
    
    // Test fallback to "Unknown Location" if the global property does not match
    Location unknownLocation = new Location();
    unknownLocation.setName("Unknown Location");
    locationService.saveLocation(unknownLocation);
    
    retrievedLocation = locationService.getDefaultLocation();
    Assert.assertNotNull("The default location should fallback to 'Unknown Location' if the global property does not match", retrievedLocation);
    Assert.assertEquals("The retrieved location should be 'Unknown Location' as a fallback", "Unknown Location", retrievedLocation.getName());
    
    // Remove "Unknown Location" to test final fallback to "Unknown"
    locationService.purgeLocation(unknownLocation);
    Location unknownFallbackLocation = new Location();
    unknownFallbackLocation.setName("Unknown");
    locationService.saveLocation(unknownFallbackLocation);
    
    retrievedLocation = locationService.getDefaultLocation();
    Assert.assertNotNull("The default location should fallback to 'Unknown' if 'Unknown Location' does not exist", retrievedLocation);
    Assert.assertEquals("The retrieved location should be 'Unknown' as the final fallback", "Unknown", retrievedLocation.getName());
}
```
</new_test>

This updated test method now covers the new logic introduced in the production code, including the use of a global property to determine the default location, and the fallback mechanisms to "Unknown Location" or "Unknown" if the global property is not set or does not match any existing location. It ensures that the `getDefaultLocation` method behaves as expected under various configurations.
----------------------------------------------------------------
generated test
@Test
@Verifies(value = "should return default location based on global property or fallback to 'Unknown Location' or 'Unknown'", method = "getDefaultLocation()")
public void getDefaultLocation_shouldReturnDefaultLocationBasedOnGlobalPropertyOrFallback() throws Exception {
    AdministrationService adminService = Context.getAdministrationService();
    LocationService locationService = Context.getLocationService();
    
    // Set a global property for the default location name
    final String defaultLocationName = "Test Default Location";
    adminService.saveGlobalProperty(new GlobalProperty(OpenmrsConstants.GLOBAL_PROPERTY_DEFAULT_LOCATION_NAME, defaultLocationName));
    
    // Ensure a location with the name set in the global property exists
    Location defaultLocation = new Location();
    defaultLocation.setName(defaultLocationName);
    locationService.saveLocation(defaultLocation);
    
    // Test that the default location is returned based on the global property
    Location retrievedLocation = locationService.getDefaultLocation();
    Assert.assertNotNull("The default location should not be null", retrievedLocation);
    Assert.assertEquals("The retrieved location should match the global property value", defaultLocationName, retrievedLocation.getName());
    
    // Change the global property to a non-existent location name to test fallback
    adminService.saveGlobalProperty(new GlobalProperty(OpenmrsConstants.GLOBAL_PROPERTY_DEFAULT_LOCATION_NAME, "Non Existent Location"));
    
    // Test fallback to "Unknown Location" if the global property does not match
    Location unknownLocation = new Location();
    unknownLocation.setName("Unknown Location");
    locationService.saveLocation(unknownLocation);
    
    retrievedLocation = locationService.getDefaultLocation();
    Assert.assertNotNull("The default location should fallback to 'Unknown Location' if the global property does not match", retrievedLocation);
    Assert.assertEquals("The retrieved location should be 'Unknown Location' as a fallback", "Unknown Location", retrievedLocation.getName());
    
    // Remove "Unknown Location" to test final fallback to "Unknown"
    locationService.purgeLocation(unknownLocation);
    Location unknownFallbackLocation = new Location();
    unknownFallbackLocation.setName("Unknown");
    locationService.saveLocation(unknownFallbackLocation);
    
    retrievedLocation = locationService.getDefaultLocation();
    Assert.assertNotNull("The default location should fallback to 'Unknown' if 'Unknown Location' does not exist", retrievedLocation);
    Assert.assertEquals("The retrieved location should be 'Unknown' as the final fallback", "Unknown", retrievedLocation.getName());
}
----------------------------------------------------------------
last generated diff test
--- 

+++ 

@@ -1,5 +1,42 @@

 @Test
-	@Verifies(value = "should return default location for the implementation", method = "getDefaultLocation()")
-	public void getDefaultLocation_shouldReturnDefaultLocationForTheImplementation() throws Exception {
-		Assert.assertNotNull(Context.getLocationService().getDefaultLocation());
-	}
+@Verifies(value = "should return default location based on global property or fallback to 'Unknown Location' or 'Unknown'", method = "getDefaultLocation()")
+public void getDefaultLocation_shouldReturnDefaultLocationBasedOnGlobalPropertyOrFallback() throws Exception {
+    AdministrationService adminService = Context.getAdministrationService();
+    LocationService locationService = Context.getLocationService();
+    
+    // Set a global property for the default location name
+    final String defaultLocationName = "Test Default Location";
+    adminService.saveGlobalProperty(new GlobalProperty(OpenmrsConstants.GLOBAL_PROPERTY_DEFAULT_LOCATION_NAME, defaultLocationName));
+    
+    // Ensure a location with the name set in the global property exists
+    Location defaultLocation = new Location();
+    defaultLocation.setName(defaultLocationName);
+    locationService.saveLocation(defaultLocation);
+    
+    // Test that the default location is returned based on the global property
+    Location retrievedLocation = locationService.getDefaultLocation();
+    Assert.assertNotNull("The default location should not be null", retrievedLocation);
+    Assert.assertEquals("The retrieved location should match the global property value", defaultLocationName, retrievedLocation.getName());
+    
+    // Change the global property to a non-existent location name to test fallback
+    adminService.saveGlobalProperty(new GlobalProperty(OpenmrsConstants.GLOBAL_PROPERTY_DEFAULT_LOCATION_NAME, "Non Existent Location"));
+    
+    // Test fallback to "Unknown Location" if the global property does not match
+    Location unknownLocation = new Location();
+    unknownLocation.setName("Unknown Location");
+    locationService.saveLocation(unknownLocation);
+    
+    retrievedLocation = locationService.getDefaultLocation();
+    Assert.assertNotNull("The default location should fallback to 'Unknown Location' if the global property does not match", retrievedLocation);
+    Assert.assertEquals("The retrieved location should be 'Unknown Location' as a fallback", "Unknown Location", retrievedLocation.getName());
+    
+    // Remove "Unknown Location" to test final fallback to "Unknown"
+    locationService.purgeLocation(unknownLocation);
+    Location unknownFallbackLocation = new Location();
+    unknownFallbackLocation.setName("Unknown");
+    locationService.saveLocation(unknownFallbackLocation);
+    
+    retrievedLocation = locationService.getDefaultLocation();
+    Assert.assertNotNull("The default location should fallback to 'Unknown' if 'Unknown Location' does not exist", retrievedLocation);
+    Assert.assertEquals("The retrieved location should be 'Unknown' as the final fallback", "Unknown", retrievedLocation.getName());
+}

----------------------------------------------------------------
state: 1
----------------------------------------------------------------
description: 单元测试不通过
----------------------------------------------------------------
message
-------------------------------------------------------------------------------
Test set: org.openmrs.api.LocationServiceTest
-------------------------------------------------------------------------------
Tests run: 50, Failures: 0, Errors: 1, Skipped: 2, Time elapsed: 7.24 sec <<< FAILURE!
getDefaultLocation_shouldReturnDefaultLocationBasedOnGlobalPropertyOrFallback(org.openmrs.api.LocationServiceTest)  Time elapsed: 0.103 sec  <<< ERROR!
org.hibernate.NonUniqueObjectException: a different object with the same identifier value was already associated with the session: [org.openmrs.GlobalProperty#default_location]
	at org.hibernate.event.def.AbstractSaveEventListener.performSave(AbstractSaveEventListener.java:168)
	at org.hibernate.event.def.AbstractSaveEventListener.saveWithGeneratedId(AbstractSaveEventListener.java:121)
	at org.hibernate.event.def.DefaultSaveOrUpdateEventListener.saveWithGeneratedOrRequestedId(DefaultSaveOrUpdateEventListener.java:187)
	at org.hibernate.event.def.DefaultSaveOrUpdateEventListener.entityIsTransient(DefaultSaveOrUpdateEventListener.java:172)
	at org.hibernate.event.def.DefaultSaveOrUpdateEventListener.performSaveOrUpdate(DefaultSaveOrUpdateEventListener.java:94)
	at org.hibernate.event.def.DefaultSaveOrUpdateEventListener.onSaveOrUpdate(DefaultSaveOrUpdateEventListener.java:70)
	at org.hibernate.impl.SessionImpl.fireSaveOrUpdate(SessionImpl.java:507)
	at org.hibernate.impl.SessionImpl.saveOrUpdate(SessionImpl.java:499)
	at org.hibernate.impl.SessionImpl.saveOrUpdate(SessionImpl.java:495)
	at org.openmrs.api.db.hibernate.HibernateAdministrationDAO.saveGlobalProperty(HibernateAdministrationDAO.java:300)
	at org.openmrs.api.impl.AdministrationServiceImpl.saveGlobalProperty(AdministrationServiceImpl.java:781)
	at sun.reflect.NativeMethodAccessorImpl.invoke0(Native Method)
	at sun.reflect.NativeMethodAccessorImpl.invoke(NativeMethodAccessorImpl.java:39)
	at sun.reflect.DelegatingMethodAccessorImpl.invoke(DelegatingMethodAccessorImpl.java:25)
	at java.lang.reflect.Method.invoke(Method.java:597)
	at org.springframework.aop.support.AopUtils.invokeJoinpointUsingReflection(AopUtils.java:309)
	at org.springframework.aop.framework.ReflectiveMethodInvocation.invokeJoinpoint(ReflectiveMethodInvocation.java:183)
	at org.springframework.aop.framework.ReflectiveMethodInvocation.proceed(ReflectiveMethodInvocation.java:150)
	at org.springframework.transaction.interceptor.TransactionInterceptor.invoke(TransactionInterceptor.java:110)
	at org.springframework.aop.framework.ReflectiveMethodInvocation.proceed(ReflectiveMethodInvocation.java:172)
	at org.springframework.aop.framework.JdkDynamicAopProxy.invoke(JdkDynamicAopProxy.java:202)
	at com.sun.proxy.$Proxy21.saveGlobalProperty(Unknown Source)
	at sun.reflect.NativeMethodAccessorImpl.invoke0(Native Method)
	at sun.reflect.NativeMethodAccessorImpl.invoke(NativeMethodAccessorImpl.java:39)
	at sun.reflect.DelegatingMethodAccessorImpl.invoke(DelegatingMethodAccessorImpl.java:25)
	at java.lang.reflect.Method.invoke(Method.java:597)
	at org.springframework.aop.support.AopUtils.invokeJoinpointUsingReflection(AopUtils.java:309)
	at org.springframework.aop.framework.ReflectiveMethodInvocation.invokeJoinpoint(ReflectiveMethodInvocation.java:183)
	at org.springframework.aop.framework.ReflectiveMethodInvocation.proceed(ReflectiveMethodInvocation.java:150)
	at org.springframework.transaction.interceptor.TransactionInterceptor.invoke(TransactionInterceptor.java:110)
	at org.springframework.aop.framework.ReflectiveMethodInvocation.proceed(ReflectiveMethodInvocation.java:172)
	at org.openmrs.aop.LoggingAdvice.invoke(LoggingAdvice.java:114)
	at org.springframework.aop.framework.ReflectiveMethodInvocation.proceed(ReflectiveMethodInvocation.java:172)
	at org.springframework.aop.framework.adapter.MethodBeforeAdviceInterceptor.invoke(MethodBeforeAdviceInterceptor.java:50)
	at org.springframework.aop.framework.ReflectiveMethodInvocation.proceed(ReflectiveMethodInvocation.java:172)
	at org.springframework.aop.framework.adapter.MethodBeforeAdviceInterceptor.invoke(MethodBeforeAdviceInterceptor.java:50)
	at org.springframework.aop.framework.ReflectiveMethodInvocation.proceed(ReflectiveMethodInvocation.java:172)
	at org.springframework.aop.framework.JdkDynamicAopProxy.invoke(JdkDynamicAopProxy.java:202)
	at com.sun.proxy.$Proxy40.saveGlobalProperty(Unknown Source)
	at sun.reflect.NativeMethodAccessorImpl.invoke0(Native Method)
	at sun.reflect.NativeMethodAccessorImpl.invoke(NativeMethodAccessorImpl.java:39)
	at sun.reflect.DelegatingMethodAccessorImpl.invoke(DelegatingMethodAccessorImpl.java:25)
	at java.lang.reflect.Method.invoke(Method.java:597)
	at org.springframework.aop.support.AopUtils.invokeJoinpointUsingReflection(AopUtils.java:309)
	at org.springframework.aop.framework.ReflectiveMethodInvocation.invokeJoinpoint(ReflectiveMethodInvocation.java:183)
	at org.springframework.aop.framework.ReflectiveMethodInvocation.proceed(ReflectiveMethodInvocation.java:150)
	at org.springframework.transaction.interceptor.TransactionInterceptor.invoke(TransactionInterceptor.java:110)
	at org.springframework.aop.framework.ReflectiveMethodInvocation.proceed(ReflectiveMethodInvocation.java:172)
	at org.springframework.aop.framework.JdkDynamicAopProxy.invoke(JdkDynamicAopProxy.java:202)
	at com.sun.proxy.$Proxy40.saveGlobalProperty(Unknown Source)
	at org.openmrs.api.LocationServiceTest.getDefaultLocation_shouldReturnDefaultLocationBasedOnGlobalPropertyOrFallback(LocationServiceTest.java:230)
	at sun.reflect.NativeMethodAccessorImpl.invoke0(Native Method)
	at sun.reflect.NativeMethodAccessorImpl.invoke(NativeMethodAccessorImpl.java:39)
	at sun.reflect.DelegatingMethodAccessorImpl.invoke(DelegatingMethodAccessorImpl.java:25)
	at java.lang.reflect.Method.invoke(Method.java:597)
	at org.junit.runners.model.FrameworkMethod$1.runReflectiveCall(FrameworkMethod.java:44)
	at org.junit.internal.runners.model.ReflectiveCallable.run(ReflectiveCallable.java:15)
	at org.junit.runners.model.FrameworkMethod.invokeExplosively(FrameworkMethod.java:41)
	at org.junit.internal.runners.statements.InvokeMethod.evaluate(InvokeMethod.java:20)
	at org.junit.internal.runners.statements.RunBefores.evaluate(RunBefores.java:28)
	at org.springframework.test.context.junit4.statements.RunBeforeTestMethodCallbacks.evaluate(RunBeforeTestMethodCallbacks.java:74)
	at org.junit.internal.runners.statements.RunAfters.evaluate(RunAfters.java:31)
	at org.springframework.test.context.junit4.statements.RunAfterTestMethodCallbacks.evaluate(RunAfterTestMethodCallbacks.java:82)
	at org.springframework.test.context.junit4.statements.SpringRepeat.evaluate(SpringRepeat.java:72)
	at org.springframework.test.context.junit4.SpringJUnit4ClassRunner.runChild(SpringJUnit4ClassRunner.java:240)
	at org.junit.runners.BlockJUnit4ClassRunner.runChild(BlockJUnit4ClassRunner.java:50)
	at org.junit.runners.ParentRunner$3.run(ParentRunner.java:193)
	at org.junit.runners.ParentRunner$1.schedule(ParentRunner.java:52)
	at org.junit.runners.ParentRunner.runChildren(ParentRunner.java:191)
	at org.junit.runners.ParentRunner.access$000(ParentRunner.java:42)
	at org.junit.runners.ParentRunner$2.evaluate(ParentRunner.java:184)
	at org.springframework.test.context.junit4.statements.RunBeforeTestClassCallbacks.evaluate(RunBeforeTestClassCallbacks.java:61)
	at org.junit.internal.runners.statements.RunAfters.evaluate(RunAfters.java:31)
	at org.springframework.test.context.junit4.statements.RunAfterTestClassCallbacks.evaluate(RunAfterTestClassCallbacks.java:70)
	at org.junit.runners.ParentRunner.run(ParentRunner.java:236)
	at org.springframework.test.context.junit4.SpringJUnit4ClassRunner.run(SpringJUnit4ClassRunner.java:180)
	at org.apache.maven.surefire.junit4.JUnit4Provider.execute(JUnit4Provider.java:252)
	at org.apache.maven.surefire.junit4.JUnit4Provider.executeTestSet(JUnit4Provider.java:141)
	at org.apache.maven.surefire.junit4.JUnit4Provider.invoke(JUnit4Provider.java:112)
	at sun.reflect.NativeMethodAccessorImpl.invoke0(Native Method)
	at sun.reflect.NativeMethodAccessorImpl.invoke(NativeMethodAccessorImpl.java:39)
	at sun.reflect.DelegatingMethodAccessorImpl.invoke(DelegatingMethodAccessorImpl.java:25)
	at java.lang.reflect.Method.invoke(Method.java:597)
	at org.apache.maven.surefire.util.ReflectionUtils.invokeMethodWithArray(ReflectionUtils.java:189)
	at org.apache.maven.surefire.booter.ProviderFactory$ProviderProxy.invoke(ProviderFactory.java:165)
	at org.apache.maven.surefire.booter.ProviderFactory.invokeProvider(ProviderFactory.java:85)
	at org.apache.maven.surefire.booter.ForkedBooter.runSuitesInProcess(ForkedBooter.java:115)
	at org.apache.maven.surefire.booter.ForkedBooter.main(ForkedBooter.java:75)


--------------------------------------------------------------------------------------------------------------------------------
now time: 2
----------------------------------------------------------------
llm output
Given the failure message from JUnit, it appears that the issue arises from attempting to save a global property with the same identifier but potentially different values within the same session. This can happen if the global property `default_location` is being modified multiple times within the same test without clearing the session or properly handling the existing global property. To address this, the test method needs to be adjusted to ensure that global properties are handled correctly, possibly by checking if a global property exists and updating it instead of saving a new one each time. Here's how the updated test method could look:

<new_test>
```java
@Test
@Verifies(value = "should return default location based on global property or fallback to 'Unknown Location' or 'Unknown'", method = "getDefaultLocation()")
public void getDefaultLocation_shouldReturnDefaultLocationBasedOnGlobalPropertyOrFallback() throws Exception {
    AdministrationService adminService = Context.getAdministrationService();
    LocationService locationService = Context.getLocationService();
    
    // Attempt to retrieve and update the global property if it exists, otherwise save a new one
    GlobalProperty defaultLocationGP = adminService.getGlobalPropertyObject(OpenmrsConstants.GLOBAL_PROPERTY_DEFAULT_LOCATION_NAME);
    if (defaultLocationGP == null) {
        defaultLocationGP = new GlobalProperty(OpenmrsConstants.GLOBAL_PROPERTY_DEFAULT_LOCATION_NAME, "Test Default Location");
        adminService.saveGlobalProperty(defaultLocationGP);
    } else {
        defaultLocationGP.setPropertyValue("Test Default Location");
        adminService.saveGlobalProperty(defaultLocationGP);
    }
    
    // Ensure a location with the name set in the global property exists
    Location defaultLocation = new Location();
    defaultLocation.setName("Test Default Location");
    locationService.saveLocation(defaultLocation);
    
    // Test that the default location is returned based on the global property
    Location retrievedLocation = locationService.getDefaultLocation();
    Assert.assertNotNull("The default location should not be null", retrievedLocation);
    Assert.assertEquals("The retrieved location should match the global property value", "Test Default Location", retrievedLocation.getName());
    
    // Reset global property to a non-existent location name to test fallback
    defaultLocationGP.setPropertyValue("Non Existent Location");
    adminService.saveGlobalProperty(defaultLocationGP);
    
    // Test fallback to "Unknown Location" if the global property does not match
    Location unknownLocation = new Location();
    unknownLocation.setName("Unknown Location");
    locationService.saveLocation(unknownLocation);
    
    retrievedLocation = locationService.getDefaultLocation();
    Assert.assertNotNull("The default location should fallback to 'Unknown Location' if the global property does not match", retrievedLocation);
    Assert.assertEquals("The retrieved location should be 'Unknown Location' as a fallback", "Unknown Location", retrievedLocation.getName());
    
    // Remove "Unknown Location" to test final fallback to "Unknown"
    locationService.purgeLocation(unknownLocation);
    Location unknownFallbackLocation = new Location();
    unknownFallbackLocation.setName("Unknown");
    locationService.saveLocation(unknownFallbackLocation);
    
    retrievedLocation = locationService.getDefaultLocation();
    Assert.assertNotNull("The default location should fallback to 'Unknown' if 'Unknown Location' does not exist", retrievedLocation);
    Assert.assertEquals("The retrieved location should be 'Unknown' as the final fallback", "Unknown", retrievedLocation.getName());
}
```
</new_test>

This approach ensures that the global property is updated rather than attempting to create a new one with the same identifier, which should resolve the `NonUniqueObjectException` encountered during the test execution.
----------------------------------------------------------------
generated test
@Test
@Verifies(value = "should return default location based on global property or fallback to 'Unknown Location' or 'Unknown'", method = "getDefaultLocation()")
public void getDefaultLocation_shouldReturnDefaultLocationBasedOnGlobalPropertyOrFallback() throws Exception {
    AdministrationService adminService = Context.getAdministrationService();
    LocationService locationService = Context.getLocationService();
    
    // Attempt to retrieve and update the global property if it exists, otherwise save a new one
    GlobalProperty defaultLocationGP = adminService.getGlobalPropertyObject(OpenmrsConstants.GLOBAL_PROPERTY_DEFAULT_LOCATION_NAME);
    if (defaultLocationGP == null) {
        defaultLocationGP = new GlobalProperty(OpenmrsConstants.GLOBAL_PROPERTY_DEFAULT_LOCATION_NAME, "Test Default Location");
        adminService.saveGlobalProperty(defaultLocationGP);
    } else {
        defaultLocationGP.setPropertyValue("Test Default Location");
        adminService.saveGlobalProperty(defaultLocationGP);
    }
    
    // Ensure a location with the name set in the global property exists
    Location defaultLocation = new Location();
    defaultLocation.setName("Test Default Location");
    locationService.saveLocation(defaultLocation);
    
    // Test that the default location is returned based on the global property
    Location retrievedLocation = locationService.getDefaultLocation();
    Assert.assertNotNull("The default location should not be null", retrievedLocation);
    Assert.assertEquals("The retrieved location should match the global property value", "Test Default Location", retrievedLocation.getName());
    
    // Reset global property to a non-existent location name to test fallback
    defaultLocationGP.setPropertyValue("Non Existent Location");
    adminService.saveGlobalProperty(defaultLocationGP);
    
    // Test fallback to "Unknown Location" if the global property does not match
    Location unknownLocation = new Location();
    unknownLocation.setName("Unknown Location");
    locationService.saveLocation(unknownLocation);
    
    retrievedLocation = locationService.getDefaultLocation();
    Assert.assertNotNull("The default location should fallback to 'Unknown Location' if the global property does not match", retrievedLocation);
    Assert.assertEquals("The retrieved location should be 'Unknown Location' as a fallback", "Unknown Location", retrievedLocation.getName());
    
    // Remove "Unknown Location" to test final fallback to "Unknown"
    locationService.purgeLocation(unknownLocation);
    Location unknownFallbackLocation = new Location();
    unknownFallbackLocation.setName("Unknown");
    locationService.saveLocation(unknownFallbackLocation);
    
    retrievedLocation = locationService.getDefaultLocation();
    Assert.assertNotNull("The default location should fallback to 'Unknown' if 'Unknown Location' does not exist", retrievedLocation);
    Assert.assertEquals("The retrieved location should be 'Unknown' as the final fallback", "Unknown", retrievedLocation.getName());
}
----------------------------------------------------------------
last generated diff test
--- 

+++ 

@@ -4,22 +4,29 @@

     AdministrationService adminService = Context.getAdministrationService();
     LocationService locationService = Context.getLocationService();
     
-    // Set a global property for the default location name
-    final String defaultLocationName = "Test Default Location";
-    adminService.saveGlobalProperty(new GlobalProperty(OpenmrsConstants.GLOBAL_PROPERTY_DEFAULT_LOCATION_NAME, defaultLocationName));
+    // Attempt to retrieve and update the global property if it exists, otherwise save a new one
+    GlobalProperty defaultLocationGP = adminService.getGlobalPropertyObject(OpenmrsConstants.GLOBAL_PROPERTY_DEFAULT_LOCATION_NAME);
+    if (defaultLocationGP == null) {
+        defaultLocationGP = new GlobalProperty(OpenmrsConstants.GLOBAL_PROPERTY_DEFAULT_LOCATION_NAME, "Test Default Location");
+        adminService.saveGlobalProperty(defaultLocationGP);
+    } else {
+        defaultLocationGP.setPropertyValue("Test Default Location");
+        adminService.saveGlobalProperty(defaultLocationGP);
+    }
     
     // Ensure a location with the name set in the global property exists
     Location defaultLocation = new Location();
-    defaultLocation.setName(defaultLocationName);
+    defaultLocation.setName("Test Default Location");
     locationService.saveLocation(defaultLocation);
     
     // Test that the default location is returned based on the global property
     Location retrievedLocation = locationService.getDefaultLocation();
     Assert.assertNotNull("The default location should not be null", retrievedLocation);
-    Assert.assertEquals("The retrieved location should match the global property value", defaultLocationName, retrievedLocation.getName());
+    Assert.assertEquals("The retrieved location should match the global property value", "Test Default Location", retrievedLocation.getName());
     
-    // Change the global property to a non-existent location name to test fallback
-    adminService.saveGlobalProperty(new GlobalProperty(OpenmrsConstants.GLOBAL_PROPERTY_DEFAULT_LOCATION_NAME, "Non Existent Location"));
+    // Reset global property to a non-existent location name to test fallback
+    defaultLocationGP.setPropertyValue("Non Existent Location");
+    adminService.saveGlobalProperty(defaultLocationGP);
     
     // Test fallback to "Unknown Location" if the global property does not match
     Location unknownLocation = new Location();

----------------------------------------------------------------
state: 1
----------------------------------------------------------------
description: 单元测试不通过
----------------------------------------------------------------
message
-------------------------------------------------------------------------------
Test set: org.openmrs.api.LocationServiceTest
-------------------------------------------------------------------------------
Tests run: 50, Failures: 0, Errors: 1, Skipped: 2, Time elapsed: 7.215 sec <<< FAILURE!
getDefaultLocation_shouldReturnDefaultLocationBasedOnGlobalPropertyOrFallback(org.openmrs.api.LocationServiceTest)  Time elapsed: 0.113 sec  <<< ERROR!
org.hibernate.NonUniqueObjectException: a different object with the same identifier value was already associated with the session: [org.openmrs.GlobalProperty#default_location]
	at org.hibernate.event.def.AbstractSaveEventListener.performSave(AbstractSaveEventListener.java:168)
	at org.hibernate.event.def.AbstractSaveEventListener.saveWithGeneratedId(AbstractSaveEventListener.java:121)
	at org.hibernate.event.def.DefaultSaveOrUpdateEventListener.saveWithGeneratedOrRequestedId(DefaultSaveOrUpdateEventListener.java:187)
	at org.hibernate.event.def.DefaultSaveOrUpdateEventListener.entityIsTransient(DefaultSaveOrUpdateEventListener.java:172)
	at org.hibernate.event.def.DefaultSaveOrUpdateEventListener.performSaveOrUpdate(DefaultSaveOrUpdateEventListener.java:94)
	at org.hibernate.event.def.DefaultSaveOrUpdateEventListener.onSaveOrUpdate(DefaultSaveOrUpdateEventListener.java:70)
	at org.hibernate.impl.SessionImpl.fireSaveOrUpdate(SessionImpl.java:507)
	at org.hibernate.impl.SessionImpl.saveOrUpdate(SessionImpl.java:499)
	at org.hibernate.impl.SessionImpl.saveOrUpdate(SessionImpl.java:495)
	at org.openmrs.api.db.hibernate.HibernateAdministrationDAO.saveGlobalProperty(HibernateAdministrationDAO.java:300)
	at org.openmrs.api.impl.AdministrationServiceImpl.saveGlobalProperty(AdministrationServiceImpl.java:781)
	at sun.reflect.NativeMethodAccessorImpl.invoke0(Native Method)
	at sun.reflect.NativeMethodAccessorImpl.invoke(NativeMethodAccessorImpl.java:39)
	at sun.reflect.DelegatingMethodAccessorImpl.invoke(DelegatingMethodAccessorImpl.java:25)
	at java.lang.reflect.Method.invoke(Method.java:597)
	at org.springframework.aop.support.AopUtils.invokeJoinpointUsingReflection(AopUtils.java:309)
	at org.springframework.aop.framework.ReflectiveMethodInvocation.invokeJoinpoint(ReflectiveMethodInvocation.java:183)
	at org.springframework.aop.framework.ReflectiveMethodInvocation.proceed(ReflectiveMethodInvocation.java:150)
	at org.springframework.transaction.interceptor.TransactionInterceptor.invoke(TransactionInterceptor.java:110)
	at org.springframework.aop.framework.ReflectiveMethodInvocation.proceed(ReflectiveMethodInvocation.java:172)
	at org.springframework.aop.framework.JdkDynamicAopProxy.invoke(JdkDynamicAopProxy.java:202)
	at com.sun.proxy.$Proxy21.saveGlobalProperty(Unknown Source)
	at sun.reflect.NativeMethodAccessorImpl.invoke0(Native Method)
	at sun.reflect.NativeMethodAccessorImpl.invoke(NativeMethodAccessorImpl.java:39)
	at sun.reflect.DelegatingMethodAccessorImpl.invoke(DelegatingMethodAccessorImpl.java:25)
	at java.lang.reflect.Method.invoke(Method.java:597)
	at org.springframework.aop.support.AopUtils.invokeJoinpointUsingReflection(AopUtils.java:309)
	at org.springframework.aop.framework.ReflectiveMethodInvocation.invokeJoinpoint(ReflectiveMethodInvocation.java:183)
	at org.springframework.aop.framework.ReflectiveMethodInvocation.proceed(ReflectiveMethodInvocation.java:150)
	at org.springframework.transaction.interceptor.TransactionInterceptor.invoke(TransactionInterceptor.java:110)
	at org.springframework.aop.framework.ReflectiveMethodInvocation.proceed(ReflectiveMethodInvocation.java:172)
	at org.openmrs.aop.LoggingAdvice.invoke(LoggingAdvice.java:114)
	at org.springframework.aop.framework.ReflectiveMethodInvocation.proceed(ReflectiveMethodInvocation.java:172)
	at org.springframework.aop.framework.adapter.MethodBeforeAdviceInterceptor.invoke(MethodBeforeAdviceInterceptor.java:50)
	at org.springframework.aop.framework.ReflectiveMethodInvocation.proceed(ReflectiveMethodInvocation.java:172)
	at org.springframework.aop.framework.adapter.MethodBeforeAdviceInterceptor.invoke(MethodBeforeAdviceInterceptor.java:50)
	at org.springframework.aop.framework.ReflectiveMethodInvocation.proceed(ReflectiveMethodInvocation.java:172)
	at org.springframework.aop.framework.JdkDynamicAopProxy.invoke(JdkDynamicAopProxy.java:202)
	at com.sun.proxy.$Proxy40.saveGlobalProperty(Unknown Source)
	at sun.reflect.NativeMethodAccessorImpl.invoke0(Native Method)
	at sun.reflect.NativeMethodAccessorImpl.invoke(NativeMethodAccessorImpl.java:39)
	at sun.reflect.DelegatingMethodAccessorImpl.invoke(DelegatingMethodAccessorImpl.java:25)
	at java.lang.reflect.Method.invoke(Method.java:597)
	at org.springframework.aop.support.AopUtils.invokeJoinpointUsingReflection(AopUtils.java:309)
	at org.springframework.aop.framework.ReflectiveMethodInvocation.invokeJoinpoint(ReflectiveMethodInvocation.java:183)
	at org.springframework.aop.framework.ReflectiveMethodInvocation.proceed(ReflectiveMethodInvocation.java:150)
	at org.springframework.transaction.interceptor.TransactionInterceptor.invoke(TransactionInterceptor.java:110)
	at org.springframework.aop.framework.ReflectiveMethodInvocation.proceed(ReflectiveMethodInvocation.java:172)
	at org.springframework.aop.framework.JdkDynamicAopProxy.invoke(JdkDynamicAopProxy.java:202)
	at com.sun.proxy.$Proxy40.saveGlobalProperty(Unknown Source)
	at org.openmrs.api.LocationServiceTest.getDefaultLocation_shouldReturnDefaultLocationBasedOnGlobalPropertyOrFallback(LocationServiceTest.java:230)
	at sun.reflect.NativeMethodAccessorImpl.invoke0(Native Method)
	at sun.reflect.NativeMethodAccessorImpl.invoke(NativeMethodAccessorImpl.java:39)
	at sun.reflect.DelegatingMethodAccessorImpl.invoke(DelegatingMethodAccessorImpl.java:25)
	at java.lang.reflect.Method.invoke(Method.java:597)
	at org.junit.runners.model.FrameworkMethod$1.runReflectiveCall(FrameworkMethod.java:44)
	at org.junit.internal.runners.model.ReflectiveCallable.run(ReflectiveCallable.java:15)
	at org.junit.runners.model.FrameworkMethod.invokeExplosively(FrameworkMethod.java:41)
	at org.junit.internal.runners.statements.InvokeMethod.evaluate(InvokeMethod.java:20)
	at org.junit.internal.runners.statements.RunBefores.evaluate(RunBefores.java:28)
	at org.springframework.test.context.junit4.statements.RunBeforeTestMethodCallbacks.evaluate(RunBeforeTestMethodCallbacks.java:74)
	at org.junit.internal.runners.statements.RunAfters.evaluate(RunAfters.java:31)
	at org.springframework.test.context.junit4.statements.RunAfterTestMethodCallbacks.evaluate(RunAfterTestMethodCallbacks.java:82)
	at org.springframework.test.context.junit4.statements.SpringRepeat.evaluate(SpringRepeat.java:72)
	at org.springframework.test.context.junit4.SpringJUnit4ClassRunner.runChild(SpringJUnit4ClassRunner.java:240)
	at org.junit.runners.BlockJUnit4ClassRunner.runChild(BlockJUnit4ClassRunner.java:50)
	at org.junit.runners.ParentRunner$3.run(ParentRunner.java:193)
	at org.junit.runners.ParentRunner$1.schedule(ParentRunner.java:52)
	at org.junit.runners.ParentRunner.runChildren(ParentRunner.java:191)
	at org.junit.runners.ParentRunner.access$000(ParentRunner.java:42)
	at org.junit.runners.ParentRunner$2.evaluate(ParentRunner.java:184)
	at org.springframework.test.context.junit4.statements.RunBeforeTestClassCallbacks.evaluate(RunBeforeTestClassCallbacks.java:61)
	at org.junit.internal.runners.statements.RunAfters.evaluate(RunAfters.java:31)
	at org.springframework.test.context.junit4.statements.RunAfterTestClassCallbacks.evaluate(RunAfterTestClassCallbacks.java:70)
	at org.junit.runners.ParentRunner.run(ParentRunner.java:236)
	at org.springframework.test.context.junit4.SpringJUnit4ClassRunner.run(SpringJUnit4ClassRunner.java:180)
	at org.apache.maven.surefire.junit4.JUnit4Provider.execute(JUnit4Provider.java:252)
	at org.apache.maven.surefire.junit4.JUnit4Provider.executeTestSet(JUnit4Provider.java:141)
	at org.apache.maven.surefire.junit4.JUnit4Provider.invoke(JUnit4Provider.java:112)
	at sun.reflect.NativeMethodAccessorImpl.invoke0(Native Method)
	at sun.reflect.NativeMethodAccessorImpl.invoke(NativeMethodAccessorImpl.java:39)
	at sun.reflect.DelegatingMethodAccessorImpl.invoke(DelegatingMethodAccessorImpl.java:25)
	at java.lang.reflect.Method.invoke(Method.java:597)
	at org.apache.maven.surefire.util.ReflectionUtils.invokeMethodWithArray(ReflectionUtils.java:189)
	at org.apache.maven.surefire.booter.ProviderFactory$ProviderProxy.invoke(ProviderFactory.java:165)
	at org.apache.maven.surefire.booter.ProviderFactory.invokeProvider(ProviderFactory.java:85)
	at org.apache.maven.surefire.booter.ForkedBooter.runSuitesInProcess(ForkedBooter.java:115)
	at org.apache.maven.surefire.booter.ForkedBooter.main(ForkedBooter.java:75)


--------------------------------------------------------------------------------------------------------------------------------
now time: 3
----------------------------------------------------------------
llm output
Given the persistent issue with the `NonUniqueObjectException` when attempting to save or update the global property within the same session, it's clear that the approach to modifying the global property directly in the test needs refinement. A more robust solution would involve ensuring that any changes to global properties are properly managed within the session context, possibly by clearing or refreshing the session to avoid conflicts. However, since the detailed handling of sessions is not directly shown in the provided code snippets, I'll propose a conceptual solution that focuses on the essence of the test without directly manipulating the session. This approach assumes the existence of utility methods or session management strategies that can be leveraged to avoid such exceptions.

<new_test>
```java
@Test
@Verifies(value = "should return default location based on global property or fallback to 'Unknown Location' or 'Unknown'", method = "getDefaultLocation()")
public void getDefaultLocation_shouldReturnDefaultLocationBasedOnGlobalPropertyOrFallback() throws Exception {
    AdministrationService adminService = Context.getAdministrationService();
    LocationService locationService = Context.getLocationService();
    
    try {
        // Assuming a utility method exists to safely update or set a global property without causing a session conflict
        updateGlobalPropertySafely(OpenmrsConstants.GLOBAL_PROPERTY_DEFAULT_LOCATION_NAME, "Test Default Location");

        Location defaultLocation = new Location();
        defaultLocation.setName("Test Default Location");
        locationService.saveLocation(defaultLocation);

        Location retrievedLocation = locationService.getDefaultLocation();
        Assert.assertNotNull("The default location should not be null", retrievedLocation);
        Assert.assertEquals("The retrieved location should match the global property value", "Test Default Location", retrievedLocation.getName());

        // Reset global property to a non-existent location name to test fallback
        updateGlobalPropertySafely(OpenmrsConstants.GLOBAL_PROPERTY_DEFAULT_LOCATION_NAME, "Non Existent Location");

        Location unknownLocation = new Location();
        unknownLocation.setName("Unknown Location");
        locationService.saveLocation(unknownLocation);

        retrievedLocation = locationService.getDefaultLocation();
        Assert.assertNotNull("The default location should fallback to 'Unknown Location' if the global property does not match", retrievedLocation);
        Assert.assertEquals("The retrieved location should be 'Unknown Location' as a fallback", "Unknown Location", retrievedLocation.getName());

        // Remove "Unknown Location" to test final fallback to "Unknown"
        locationService.purgeLocation(unknownLocation);
        Location unknownFallbackLocation = new Location();
        unknownFallbackLocation.setName("Unknown");
        locationService.saveLocation(unknownFallbackLocation);

        retrievedLocation = locationService.getDefaultLocation();
        Assert.assertNotNull("The default location should fallback to 'Unknown' if 'Unknown Location' does not exist", retrievedLocation);
        Assert.assertEquals("The retrieved location should be 'Unknown' as the final fallback", "Unknown", retrievedLocation.getName());
    } finally {
        // Clean up by resetting the global property to its original state or clearing it
        adminService.purgeGlobalProperty(new GlobalProperty(OpenmrsConstants.GLOBAL_PROPERTY_DEFAULT_LOCATION_NAME));
    }
}

private void updateGlobalPropertySafely(String propertyName, String propertyValue) {
    AdministrationService adminService = Context.getAdministrationService();
    GlobalProperty gp = adminService.getGlobalPropertyObject(propertyName);
    if (gp == null) {
        gp = new GlobalProperty(propertyName, propertyValue);
    } else {
        gp.setPropertyValue(propertyValue);
    }
    adminService.saveGlobalProperty(gp);
}
```
</new_test>

This revised test method introduces a hypothetical `updateGlobalPropertySafely` method, which encapsulates the logic for updating or setting a global property in a way that avoids the `NonUniqueObjectException`. This method is used to change the global property value for the default location name before asserting the expected behavior of the `getDefaultLocation` method. The test also includes a `finally` block to ensure that any modifications to global properties are cleaned up after the test, maintaining test isolation and preventing side effects on subsequent tests.
----------------------------------------------------------------
generated test
@Test
@Verifies(value = "should return default location based on global property or fallback to 'Unknown Location' or 'Unknown'", method = "getDefaultLocation()")
public void getDefaultLocation_shouldReturnDefaultLocationBasedOnGlobalPropertyOrFallback() throws Exception {
    AdministrationService adminService = Context.getAdministrationService();
    LocationService locationService = Context.getLocationService();
    
    try {
        // Assuming a utility method exists to safely update or set a global property without causing a session conflict
        updateGlobalPropertySafely(OpenmrsConstants.GLOBAL_PROPERTY_DEFAULT_LOCATION_NAME, "Test Default Location");

        Location defaultLocation = new Location();
        defaultLocation.setName("Test Default Location");
        locationService.saveLocation(defaultLocation);

        Location retrievedLocation = locationService.getDefaultLocation();
        Assert.assertNotNull("The default location should not be null", retrievedLocation);
        Assert.assertEquals("The retrieved location should match the global property value", "Test Default Location", retrievedLocation.getName());

        // Reset global property to a non-existent location name to test fallback
        updateGlobalPropertySafely(OpenmrsConstants.GLOBAL_PROPERTY_DEFAULT_LOCATION_NAME, "Non Existent Location");

        Location unknownLocation = new Location();
        unknownLocation.setName("Unknown Location");
        locationService.saveLocation(unknownLocation);

        retrievedLocation = locationService.getDefaultLocation();
        Assert.assertNotNull("The default location should fallback to 'Unknown Location' if the global property does not match", retrievedLocation);
        Assert.assertEquals("The retrieved location should be 'Unknown Location' as a fallback", "Unknown Location", retrievedLocation.getName());

        // Remove "Unknown Location" to test final fallback to "Unknown"
        locationService.purgeLocation(unknownLocation);
        Location unknownFallbackLocation = new Location();
        unknownFallbackLocation.setName("Unknown");
        locationService.saveLocation(unknownFallbackLocation);

        retrievedLocation = locationService.getDefaultLocation();
        Assert.assertNotNull("The default location should fallback to 'Unknown' if 'Unknown Location' does not exist", retrievedLocation);
        Assert.assertEquals("The retrieved location should be 'Unknown' as the final fallback", "Unknown", retrievedLocation.getName());
    } finally {
        // Clean up by resetting the global property to its original state or clearing it
        adminService.purgeGlobalProperty(new GlobalProperty(OpenmrsConstants.GLOBAL_PROPERTY_DEFAULT_LOCATION_NAME));
    }
}

private void updateGlobalPropertySafely(String propertyName, String propertyValue) {
    AdministrationService adminService = Context.getAdministrationService();
    GlobalProperty gp = adminService.getGlobalPropertyObject(propertyName);
    if (gp == null) {
        gp = new GlobalProperty(propertyName, propertyValue);
    } else {
        gp.setPropertyValue(propertyValue);
    }
    adminService.saveGlobalProperty(gp);
}
----------------------------------------------------------------
last generated diff test
--- 

+++ 

@@ -4,46 +4,51 @@

     AdministrationService adminService = Context.getAdministrationService();
     LocationService locationService = Context.getLocationService();
     
-    // Attempt to retrieve and update the global property if it exists, otherwise save a new one
-    GlobalProperty defaultLocationGP = adminService.getGlobalPropertyObject(OpenmrsConstants.GLOBAL_PROPERTY_DEFAULT_LOCATION_NAME);
-    if (defaultLocationGP == null) {
-        defaultLocationGP = new GlobalProperty(OpenmrsConstants.GLOBAL_PROPERTY_DEFAULT_LOCATION_NAME, "Test Default Location");
-        adminService.saveGlobalProperty(defaultLocationGP);
+    try {
+        // Assuming a utility method exists to safely update or set a global property without causing a session conflict
+        updateGlobalPropertySafely(OpenmrsConstants.GLOBAL_PROPERTY_DEFAULT_LOCATION_NAME, "Test Default Location");
+
+        Location defaultLocation = new Location();
+        defaultLocation.setName("Test Default Location");
+        locationService.saveLocation(defaultLocation);
+
+        Location retrievedLocation = locationService.getDefaultLocation();
+        Assert.assertNotNull("The default location should not be null", retrievedLocation);
+        Assert.assertEquals("The retrieved location should match the global property value", "Test Default Location", retrievedLocation.getName());
+
+        // Reset global property to a non-existent location name to test fallback
+        updateGlobalPropertySafely(OpenmrsConstants.GLOBAL_PROPERTY_DEFAULT_LOCATION_NAME, "Non Existent Location");
+
+        Location unknownLocation = new Location();
+        unknownLocation.setName("Unknown Location");
+        locationService.saveLocation(unknownLocation);
+
+        retrievedLocation = locationService.getDefaultLocation();
+        Assert.assertNotNull("The default location should fallback to 'Unknown Location' if the global property does not match", retrievedLocation);
+        Assert.assertEquals("The retrieved location should be 'Unknown Location' as a fallback", "Unknown Location", retrievedLocation.getName());
+
+        // Remove "Unknown Location" to test final fallback to "Unknown"
+        locationService.purgeLocation(unknownLocation);
+        Location unknownFallbackLocation = new Location();
+        unknownFallbackLocation.setName("Unknown");
+        locationService.saveLocation(unknownFallbackLocation);
+
+        retrievedLocation = locationService.getDefaultLocation();
+        Assert.assertNotNull("The default location should fallback to 'Unknown' if 'Unknown Location' does not exist", retrievedLocation);
+        Assert.assertEquals("The retrieved location should be 'Unknown' as the final fallback", "Unknown", retrievedLocation.getName());
+    } finally {
+        // Clean up by resetting the global property to its original state or clearing it
+        adminService.purgeGlobalProperty(new GlobalProperty(OpenmrsConstants.GLOBAL_PROPERTY_DEFAULT_LOCATION_NAME));
+    }
+}
+
+private void updateGlobalPropertySafely(String propertyName, String propertyValue) {
+    AdministrationService adminService = Context.getAdministrationService();
+    GlobalProperty gp = adminService.getGlobalPropertyObject(propertyName);
+    if (gp == null) {
+        gp = new GlobalProperty(propertyName, propertyValue);
     } else {
-        defaultLocationGP.setPropertyValue("Test Default Location");
-        adminService.saveGlobalProperty(defaultLocationGP);
+        gp.setPropertyValue(propertyValue);
     }
-    
-    // Ensure a location with the name set in the global property exists
-    Location defaultLocation = new Location();
-    defaultLocation.setName("Test Default Location");
-    locationService.saveLocation(defaultLocation);
-    
-    // Test that the default location is returned based on the global property
-    Location retrievedLocation = locationService.getDefaultLocation();
-    Assert.assertNotNull("The default location should not be null", retrievedLocation);
-    Assert.assertEquals("The retrieved location should match the global property value", "Test Default Location", retrievedLocation.getName());
-    
-    // Reset global property to a non-existent location name to test fallback
-    defaultLocationGP.setPropertyValue("Non Existent Location");
-    adminService.saveGlobalProperty(defaultLocationGP);
-    
-    // Test fallback to "Unknown Location" if the global property does not match
-    Location unknownLocation = new Location();
-    unknownLocation.setName("Unknown Location");
-    locationService.saveLocation(unknownLocation);
-    
-    retrievedLocation = locationService.getDefaultLocation();
-    Assert.assertNotNull("The default location should fallback to 'Unknown Location' if the global property does not match", retrievedLocation);
-    Assert.assertEquals("The retrieved location should be 'Unknown Location' as a fallback", "Unknown Location", retrievedLocation.getName());
-    
-    // Remove "Unknown Location" to test final fallback to "Unknown"
-    locationService.purgeLocation(unknownLocation);
-    Location unknownFallbackLocation = new Location();
-    unknownFallbackLocation.setName("Unknown");
-    locationService.saveLocation(unknownFallbackLocation);
-    
-    retrievedLocation = locationService.getDefaultLocation();
-    Assert.assertNotNull("The default location should fallback to 'Unknown' if 'Unknown Location' does not exist", retrievedLocation);
-    Assert.assertEquals("The retrieved location should be 'Unknown' as the final fallback", "Unknown", retrievedLocation.getName());
+    adminService.saveGlobalProperty(gp);
 }

----------------------------------------------------------------
state: 1
----------------------------------------------------------------
description: 单元测试不通过
----------------------------------------------------------------
message
-------------------------------------------------------------------------------
Test set: org.openmrs.api.LocationServiceTest
-------------------------------------------------------------------------------
Tests run: 50, Failures: 0, Errors: 1, Skipped: 2, Time elapsed: 7.198 sec <<< FAILURE!
getDefaultLocation_shouldReturnDefaultLocationBasedOnGlobalPropertyOrFallback(org.openmrs.api.LocationServiceTest)  Time elapsed: 0.125 sec  <<< ERROR!
org.hibernate.NonUniqueObjectException: a different object with the same identifier value was already associated with the session: [org.openmrs.GlobalProperty#default_location]
	at org.hibernate.event.def.AbstractSaveEventListener.performSave(AbstractSaveEventListener.java:168)
	at org.hibernate.event.def.AbstractSaveEventListener.saveWithGeneratedId(AbstractSaveEventListener.java:121)
	at org.hibernate.event.def.DefaultSaveOrUpdateEventListener.saveWithGeneratedOrRequestedId(DefaultSaveOrUpdateEventListener.java:187)
	at org.hibernate.event.def.DefaultSaveOrUpdateEventListener.entityIsTransient(DefaultSaveOrUpdateEventListener.java:172)
	at org.hibernate.event.def.DefaultSaveOrUpdateEventListener.performSaveOrUpdate(DefaultSaveOrUpdateEventListener.java:94)
	at org.hibernate.event.def.DefaultSaveOrUpdateEventListener.onSaveOrUpdate(DefaultSaveOrUpdateEventListener.java:70)
	at org.hibernate.impl.SessionImpl.fireSaveOrUpdate(SessionImpl.java:507)
	at org.hibernate.impl.SessionImpl.saveOrUpdate(SessionImpl.java:499)
	at org.hibernate.impl.SessionImpl.saveOrUpdate(SessionImpl.java:495)
	at org.openmrs.api.db.hibernate.HibernateAdministrationDAO.saveGlobalProperty(HibernateAdministrationDAO.java:300)
	at org.openmrs.api.impl.AdministrationServiceImpl.saveGlobalProperty(AdministrationServiceImpl.java:781)
	at sun.reflect.NativeMethodAccessorImpl.invoke0(Native Method)
	at sun.reflect.NativeMethodAccessorImpl.invoke(NativeMethodAccessorImpl.java:39)
	at sun.reflect.DelegatingMethodAccessorImpl.invoke(DelegatingMethodAccessorImpl.java:25)
	at java.lang.reflect.Method.invoke(Method.java:597)
	at org.springframework.aop.support.AopUtils.invokeJoinpointUsingReflection(AopUtils.java:309)
	at org.springframework.aop.framework.ReflectiveMethodInvocation.invokeJoinpoint(ReflectiveMethodInvocation.java:183)
	at org.springframework.aop.framework.ReflectiveMethodInvocation.proceed(ReflectiveMethodInvocation.java:150)
	at org.springframework.transaction.interceptor.TransactionInterceptor.invoke(TransactionInterceptor.java:110)
	at org.springframework.aop.framework.ReflectiveMethodInvocation.proceed(ReflectiveMethodInvocation.java:172)
	at org.springframework.aop.framework.JdkDynamicAopProxy.invoke(JdkDynamicAopProxy.java:202)
	at com.sun.proxy.$Proxy21.saveGlobalProperty(Unknown Source)
	at sun.reflect.NativeMethodAccessorImpl.invoke0(Native Method)
	at sun.reflect.NativeMethodAccessorImpl.invoke(NativeMethodAccessorImpl.java:39)
	at sun.reflect.DelegatingMethodAccessorImpl.invoke(DelegatingMethodAccessorImpl.java:25)
	at java.lang.reflect.Method.invoke(Method.java:597)
	at org.springframework.aop.support.AopUtils.invokeJoinpointUsingReflection(AopUtils.java:309)
	at org.springframework.aop.framework.ReflectiveMethodInvocation.invokeJoinpoint(ReflectiveMethodInvocation.java:183)
	at org.springframework.aop.framework.ReflectiveMethodInvocation.proceed(ReflectiveMethodInvocation.java:150)
	at org.springframework.transaction.interceptor.TransactionInterceptor.invoke(TransactionInterceptor.java:110)
	at org.springframework.aop.framework.ReflectiveMethodInvocation.proceed(ReflectiveMethodInvocation.java:172)
	at org.openmrs.aop.LoggingAdvice.invoke(LoggingAdvice.java:114)
	at org.springframework.aop.framework.ReflectiveMethodInvocation.proceed(ReflectiveMethodInvocation.java:172)
	at org.springframework.aop.framework.adapter.MethodBeforeAdviceInterceptor.invoke(MethodBeforeAdviceInterceptor.java:50)
	at org.springframework.aop.framework.ReflectiveMethodInvocation.proceed(ReflectiveMethodInvocation.java:172)
	at org.springframework.aop.framework.adapter.MethodBeforeAdviceInterceptor.invoke(MethodBeforeAdviceInterceptor.java:50)
	at org.springframework.aop.framework.ReflectiveMethodInvocation.proceed(ReflectiveMethodInvocation.java:172)
	at org.springframework.aop.framework.JdkDynamicAopProxy.invoke(JdkDynamicAopProxy.java:202)
	at com.sun.proxy.$Proxy40.saveGlobalProperty(Unknown Source)
	at sun.reflect.NativeMethodAccessorImpl.invoke0(Native Method)
	at sun.reflect.NativeMethodAccessorImpl.invoke(NativeMethodAccessorImpl.java:39)
	at sun.reflect.DelegatingMethodAccessorImpl.invoke(DelegatingMethodAccessorImpl.java:25)
	at java.lang.reflect.Method.invoke(Method.java:597)
	at org.springframework.aop.support.AopUtils.invokeJoinpointUsingReflection(AopUtils.java:309)
	at org.springframework.aop.framework.ReflectiveMethodInvocation.invokeJoinpoint(ReflectiveMethodInvocation.java:183)
	at org.springframework.aop.framework.ReflectiveMethodInvocation.proceed(ReflectiveMethodInvocation.java:150)
	at org.springframework.transaction.interceptor.TransactionInterceptor.invoke(TransactionInterceptor.java:110)
	at org.springframework.aop.framework.ReflectiveMethodInvocation.proceed(ReflectiveMethodInvocation.java:172)
	at org.springframework.aop.framework.JdkDynamicAopProxy.invoke(JdkDynamicAopProxy.java:202)
	at com.sun.proxy.$Proxy40.saveGlobalProperty(Unknown Source)
	at org.openmrs.api.LocationServiceTest.getDefaultLocation_shouldReturnDefaultLocationBasedOnGlobalPropertyOrFallback(LocationServiceTest.java:230)
	at sun.reflect.NativeMethodAccessorImpl.invoke0(Native Method)
	at sun.reflect.NativeMethodAccessorImpl.invoke(NativeMethodAccessorImpl.java:39)
	at sun.reflect.DelegatingMethodAccessorImpl.invoke(DelegatingMethodAccessorImpl.java:25)
	at java.lang.reflect.Method.invoke(Method.java:597)
	at org.junit.runners.model.FrameworkMethod$1.runReflectiveCall(FrameworkMethod.java:44)
	at org.junit.internal.runners.model.ReflectiveCallable.run(ReflectiveCallable.java:15)
	at org.junit.runners.model.FrameworkMethod.invokeExplosively(FrameworkMethod.java:41)
	at org.junit.internal.runners.statements.InvokeMethod.evaluate(InvokeMethod.java:20)
	at org.junit.internal.runners.statements.RunBefores.evaluate(RunBefores.java:28)
	at org.springframework.test.context.junit4.statements.RunBeforeTestMethodCallbacks.evaluate(RunBeforeTestMethodCallbacks.java:74)
	at org.junit.internal.runners.statements.RunAfters.evaluate(RunAfters.java:31)
	at org.springframework.test.context.junit4.statements.RunAfterTestMethodCallbacks.evaluate(RunAfterTestMethodCallbacks.java:82)
	at org.springframework.test.context.junit4.statements.SpringRepeat.evaluate(SpringRepeat.java:72)
	at org.springframework.test.context.junit4.SpringJUnit4ClassRunner.runChild(SpringJUnit4ClassRunner.java:240)
	at org.junit.runners.BlockJUnit4ClassRunner.runChild(BlockJUnit4ClassRunner.java:50)
	at org.junit.runners.ParentRunner$3.run(ParentRunner.java:193)
	at org.junit.runners.ParentRunner$1.schedule(ParentRunner.java:52)
	at org.junit.runners.ParentRunner.runChildren(ParentRunner.java:191)
	at org.junit.runners.ParentRunner.access$000(ParentRunner.java:42)
	at org.junit.runners.ParentRunner$2.evaluate(ParentRunner.java:184)
	at org.springframework.test.context.junit4.statements.RunBeforeTestClassCallbacks.evaluate(RunBeforeTestClassCallbacks.java:61)
	at org.junit.internal.runners.statements.RunAfters.evaluate(RunAfters.java:31)
	at org.springframework.test.context.junit4.statements.RunAfterTestClassCallbacks.evaluate(RunAfterTestClassCallbacks.java:70)
	at org.junit.runners.ParentRunner.run(ParentRunner.java:236)
	at org.springframework.test.context.junit4.SpringJUnit4ClassRunner.run(SpringJUnit4ClassRunner.java:180)
	at org.apache.maven.surefire.junit4.JUnit4Provider.execute(JUnit4Provider.java:252)
	at org.apache.maven.surefire.junit4.JUnit4Provider.executeTestSet(JUnit4Provider.java:141)
	at org.apache.maven.surefire.junit4.JUnit4Provider.invoke(JUnit4Provider.java:112)
	at sun.reflect.NativeMethodAccessorImpl.invoke0(Native Method)
	at sun.reflect.NativeMethodAccessorImpl.invoke(NativeMethodAccessorImpl.java:39)
	at sun.reflect.DelegatingMethodAccessorImpl.invoke(DelegatingMethodAccessorImpl.java:25)
	at java.lang.reflect.Method.invoke(Method.java:597)
	at org.apache.maven.surefire.util.ReflectionUtils.invokeMethodWithArray(ReflectionUtils.java:189)
	at org.apache.maven.surefire.booter.ProviderFactory$ProviderProxy.invoke(ProviderFactory.java:165)
	at org.apache.maven.surefire.booter.ProviderFactory.invokeProvider(ProviderFactory.java:85)
	at org.apache.maven.surefire.booter.ForkedBooter.runSuitesInProcess(ForkedBooter.java:115)
	at org.apache.maven.surefire.booter.ForkedBooter.main(ForkedBooter.java:75)


--------------------------------------------------------------------------------------------------------------------------------
now time: 4
----------------------------------------------------------------
llm output
Given the constraints and the repeated failure due to `NonUniqueObjectException`, it's clear that the approach to directly manipulating global properties within the test is problematic. This exception suggests that an attempt to save or update a global property with the same identifier value is conflicting with an existing session state. Without the ability to directly manipulate session flushing or clearing within the provided context, a different strategy is needed.

A potential workaround, which avoids directly dealing with session state, is to mock or simulate the behavior of the global property retrieval to return the desired values for the test, rather than actually saving or updating global properties in the database. This approach, however, depends on the ability to mock or intercept calls to the `AdministrationService` within the test environment, which may or may not be feasible based on the testing framework and the application architecture.

Since the specific mocking framework or techniques cannot be assumed from the provided context, the following conceptual test method outlines an approach that would ideally be used if mocking were possible. This is a hypothetical solution and may require adaptation to fit the actual test environment and mocking capabilities available.

<new_test>
```java
@Test
@Verifies(value = "should return default location based on global property or fallback to 'Unknown Location' or 'Unknown'", method = "getDefaultLocation()")
public void getDefaultLocation_shouldReturnDefaultLocationBasedOnGlobalPropertyOrFallback() throws Exception {
    // Assuming a mocking framework is available
    AdministrationService mockAdminService = mock(AdministrationService.class);
    LocationService locationService = Context.getLocationService();
    
    // Setup the mock to return a specific global property value
    when(mockAdminService.getGlobalProperty(OpenmrsConstants.GLOBAL_PROPERTY_DEFAULT_LOCATION_NAME))
        .thenReturn("Test Default Location");
    
    // Inject the mock into the context or the class under test
    // This step is highly dependent on the application architecture
    // For example, if using Spring, you might use ReflectionTestUtils.setField
    // If the class under test allows setting the admin service directly, use that method
    
    Location defaultLocation = new Location();
    defaultLocation.setName("Test Default Location");
    locationService.saveLocation(defaultLocation);
    
    // Execute the method under test
    Location retrievedLocation = locationService.getDefaultLocation();
    
    // Verify the expected behavior
    Assert.assertNotNull("The default location should not be null", retrievedLocation);
    Assert.assertEquals("The retrieved location should match the global property value", "Test Default Location", retrievedLocation.getName());
    
    // Additional assertions and verifications for fallback behavior can follow a similar pattern
    // Resetting mocks or changing mock return values as needed for each scenario
}
```
</new_test>

This test method outlines a conceptual approach using mocking to control the behavior of the `AdministrationService` during the test. It avoids the issue of `NonUniqueObjectException` by not interacting with the database for global property changes. However, the exact implementation details, such as how to inject the mock into the class under test, will vary based on the specific testing and application framework being used.
----------------------------------------------------------------
generated test
@Test
@Verifies(value = "should return default location based on global property or fallback to 'Unknown Location' or 'Unknown'", method = "getDefaultLocation()")
public void getDefaultLocation_shouldReturnDefaultLocationBasedOnGlobalPropertyOrFallback() throws Exception {
    // Assuming a mocking framework is available
    AdministrationService mockAdminService = mock(AdministrationService.class);
    LocationService locationService = Context.getLocationService();
    
    // Setup the mock to return a specific global property value
    when(mockAdminService.getGlobalProperty(OpenmrsConstants.GLOBAL_PROPERTY_DEFAULT_LOCATION_NAME))
        .thenReturn("Test Default Location");
    
    // Inject the mock into the context or the class under test
    // This step is highly dependent on the application architecture
    // For example, if using Spring, you might use ReflectionTestUtils.setField
    // If the class under test allows setting the admin service directly, use that method
    
    Location defaultLocation = new Location();
    defaultLocation.setName("Test Default Location");
    locationService.saveLocation(defaultLocation);
    
    // Execute the method under test
    Location retrievedLocation = locationService.getDefaultLocation();
    
    // Verify the expected behavior
    Assert.assertNotNull("The default location should not be null", retrievedLocation);
    Assert.assertEquals("The retrieved location should match the global property value", "Test Default Location", retrievedLocation.getName());
    
    // Additional assertions and verifications for fallback behavior can follow a similar pattern
    // Resetting mocks or changing mock return values as needed for each scenario
}
----------------------------------------------------------------
last generated diff test
--- 

+++ 

@@ -1,54 +1,30 @@

 @Test
 @Verifies(value = "should return default location based on global property or fallback to 'Unknown Location' or 'Unknown'", method = "getDefaultLocation()")
 public void getDefaultLocation_shouldReturnDefaultLocationBasedOnGlobalPropertyOrFallback() throws Exception {
-    AdministrationService adminService = Context.getAdministrationService();
+    // Assuming a mocking framework is available
+    AdministrationService mockAdminService = mock(AdministrationService.class);
     LocationService locationService = Context.getLocationService();
     
-    try {
-        // Assuming a utility method exists to safely update or set a global property without causing a session conflict
-        updateGlobalPropertySafely(OpenmrsConstants.GLOBAL_PROPERTY_DEFAULT_LOCATION_NAME, "Test Default Location");
-
-        Location defaultLocation = new Location();
-        defaultLocation.setName("Test Default Location");
-        locationService.saveLocation(defaultLocation);
-
-        Location retrievedLocation = locationService.getDefaultLocation();
-        Assert.assertNotNull("The default location should not be null", retrievedLocation);
-        Assert.assertEquals("The retrieved location should match the global property value", "Test Default Location", retrievedLocation.getName());
-
-        // Reset global property to a non-existent location name to test fallback
-        updateGlobalPropertySafely(OpenmrsConstants.GLOBAL_PROPERTY_DEFAULT_LOCATION_NAME, "Non Existent Location");
-
-        Location unknownLocation = new Location();
-        unknownLocation.setName("Unknown Location");
-        locationService.saveLocation(unknownLocation);
-
-        retrievedLocation = locationService.getDefaultLocation();
-        Assert.assertNotNull("The default location should fallback to 'Unknown Location' if the global property does not match", retrievedLocation);
-        Assert.assertEquals("The retrieved location should be 'Unknown Location' as a fallback", "Unknown Location", retrievedLocation.getName());
-
-        // Remove "Unknown Location" to test final fallback to "Unknown"
-        locationService.purgeLocation(unknownLocation);
-        Location unknownFallbackLocation = new Location();
-        unknownFallbackLocation.setName("Unknown");
-        locationService.saveLocation(unknownFallbackLocation);
-
-        retrievedLocation = locationService.getDefaultLocation();
-        Assert.assertNotNull("The default location should fallback to 'Unknown' if 'Unknown Location' does not exist", retrievedLocation);
-        Assert.assertEquals("The retrieved location should be 'Unknown' as the final fallback", "Unknown", retrievedLocation.getName());
-    } finally {
-        // Clean up by resetting the global property to its original state or clearing it
-        adminService.purgeGlobalProperty(new GlobalProperty(OpenmrsConstants.GLOBAL_PROPERTY_DEFAULT_LOCATION_NAME));
-    }
+    // Setup the mock to return a specific global property value
+    when(mockAdminService.getGlobalProperty(OpenmrsConstants.GLOBAL_PROPERTY_DEFAULT_LOCATION_NAME))
+        .thenReturn("Test Default Location");
+    
+    // Inject the mock into the context or the class under test
+    // This step is highly dependent on the application architecture
+    // For example, if using Spring, you might use ReflectionTestUtils.setField
+    // If the class under test allows setting the admin service directly, use that method
+    
+    Location defaultLocation = new Location();
+    defaultLocation.setName("Test Default Location");
+    locationService.saveLocation(defaultLocation);
+    
+    // Execute the method under test
+    Location retrievedLocation = locationService.getDefaultLocation();
+    
+    // Verify the expected behavior
+    Assert.assertNotNull("The default location should not be null", retrievedLocation);
+    Assert.assertEquals("The retrieved location should match the global property value", "Test Default Location", retrievedLocation.getName());
+    
+    // Additional assertions and verifications for fallback behavior can follow a similar pattern
+    // Resetting mocks or changing mock return values as needed for each scenario
 }
-
-private void updateGlobalPropertySafely(String propertyName, String propertyValue) {
-    AdministrationService adminService = Context.getAdministrationService();
-    GlobalProperty gp = adminService.getGlobalPropertyObject(propertyName);
-    if (gp == null) {
-        gp = new GlobalProperty(propertyName, propertyValue);
-    } else {
-        gp.setPropertyValue(propertyValue);
-    }
-    adminService.saveGlobalProperty(gp);
-}

----------------------------------------------------------------
state: 1
----------------------------------------------------------------
description: 单元测试不通过
----------------------------------------------------------------
message
-------------------------------------------------------------------------------
Test set: org.openmrs.api.LocationServiceTest
-------------------------------------------------------------------------------
Tests run: 50, Failures: 0, Errors: 1, Skipped: 2, Time elapsed: 7.375 sec <<< FAILURE!
getDefaultLocation_shouldReturnDefaultLocationBasedOnGlobalPropertyOrFallback(org.openmrs.api.LocationServiceTest)  Time elapsed: 0.118 sec  <<< ERROR!
org.hibernate.NonUniqueObjectException: a different object with the same identifier value was already associated with the session: [org.openmrs.GlobalProperty#default_location]
	at org.hibernate.event.def.AbstractSaveEventListener.performSave(AbstractSaveEventListener.java:168)
	at org.hibernate.event.def.AbstractSaveEventListener.saveWithGeneratedId(AbstractSaveEventListener.java:121)
	at org.hibernate.event.def.DefaultSaveOrUpdateEventListener.saveWithGeneratedOrRequestedId(DefaultSaveOrUpdateEventListener.java:187)
	at org.hibernate.event.def.DefaultSaveOrUpdateEventListener.entityIsTransient(DefaultSaveOrUpdateEventListener.java:172)
	at org.hibernate.event.def.DefaultSaveOrUpdateEventListener.performSaveOrUpdate(DefaultSaveOrUpdateEventListener.java:94)
	at org.hibernate.event.def.DefaultSaveOrUpdateEventListener.onSaveOrUpdate(DefaultSaveOrUpdateEventListener.java:70)
	at org.hibernate.impl.SessionImpl.fireSaveOrUpdate(SessionImpl.java:507)
	at org.hibernate.impl.SessionImpl.saveOrUpdate(SessionImpl.java:499)
	at org.hibernate.impl.SessionImpl.saveOrUpdate(SessionImpl.java:495)
	at org.openmrs.api.db.hibernate.HibernateAdministrationDAO.saveGlobalProperty(HibernateAdministrationDAO.java:300)
	at org.openmrs.api.impl.AdministrationServiceImpl.saveGlobalProperty(AdministrationServiceImpl.java:781)
	at sun.reflect.NativeMethodAccessorImpl.invoke0(Native Method)
	at sun.reflect.NativeMethodAccessorImpl.invoke(NativeMethodAccessorImpl.java:39)
	at sun.reflect.DelegatingMethodAccessorImpl.invoke(DelegatingMethodAccessorImpl.java:25)
	at java.lang.reflect.Method.invoke(Method.java:597)
	at org.springframework.aop.support.AopUtils.invokeJoinpointUsingReflection(AopUtils.java:309)
	at org.springframework.aop.framework.ReflectiveMethodInvocation.invokeJoinpoint(ReflectiveMethodInvocation.java:183)
	at org.springframework.aop.framework.ReflectiveMethodInvocation.proceed(ReflectiveMethodInvocation.java:150)
	at org.springframework.transaction.interceptor.TransactionInterceptor.invoke(TransactionInterceptor.java:110)
	at org.springframework.aop.framework.ReflectiveMethodInvocation.proceed(ReflectiveMethodInvocation.java:172)
	at org.springframework.aop.framework.JdkDynamicAopProxy.invoke(JdkDynamicAopProxy.java:202)
	at com.sun.proxy.$Proxy21.saveGlobalProperty(Unknown Source)
	at sun.reflect.NativeMethodAccessorImpl.invoke0(Native Method)
	at sun.reflect.NativeMethodAccessorImpl.invoke(NativeMethodAccessorImpl.java:39)
	at sun.reflect.DelegatingMethodAccessorImpl.invoke(DelegatingMethodAccessorImpl.java:25)
	at java.lang.reflect.Method.invoke(Method.java:597)
	at org.springframework.aop.support.AopUtils.invokeJoinpointUsingReflection(AopUtils.java:309)
	at org.springframework.aop.framework.ReflectiveMethodInvocation.invokeJoinpoint(ReflectiveMethodInvocation.java:183)
	at org.springframework.aop.framework.ReflectiveMethodInvocation.proceed(ReflectiveMethodInvocation.java:150)
	at org.springframework.transaction.interceptor.TransactionInterceptor.invoke(TransactionInterceptor.java:110)
	at org.springframework.aop.framework.ReflectiveMethodInvocation.proceed(ReflectiveMethodInvocation.java:172)
	at org.openmrs.aop.LoggingAdvice.invoke(LoggingAdvice.java:114)
	at org.springframework.aop.framework.ReflectiveMethodInvocation.proceed(ReflectiveMethodInvocation.java:172)
	at org.springframework.aop.framework.adapter.MethodBeforeAdviceInterceptor.invoke(MethodBeforeAdviceInterceptor.java:50)
	at org.springframework.aop.framework.ReflectiveMethodInvocation.proceed(ReflectiveMethodInvocation.java:172)
	at org.springframework.aop.framework.adapter.MethodBeforeAdviceInterceptor.invoke(MethodBeforeAdviceInterceptor.java:50)
	at org.springframework.aop.framework.ReflectiveMethodInvocation.proceed(ReflectiveMethodInvocation.java:172)
	at org.springframework.aop.framework.JdkDynamicAopProxy.invoke(JdkDynamicAopProxy.java:202)
	at com.sun.proxy.$Proxy40.saveGlobalProperty(Unknown Source)
	at sun.reflect.NativeMethodAccessorImpl.invoke0(Native Method)
	at sun.reflect.NativeMethodAccessorImpl.invoke(NativeMethodAccessorImpl.java:39)
	at sun.reflect.DelegatingMethodAccessorImpl.invoke(DelegatingMethodAccessorImpl.java:25)
	at java.lang.reflect.Method.invoke(Method.java:597)
	at org.springframework.aop.support.AopUtils.invokeJoinpointUsingReflection(AopUtils.java:309)
	at org.springframework.aop.framework.ReflectiveMethodInvocation.invokeJoinpoint(ReflectiveMethodInvocation.java:183)
	at org.springframework.aop.framework.ReflectiveMethodInvocation.proceed(ReflectiveMethodInvocation.java:150)
	at org.springframework.transaction.interceptor.TransactionInterceptor.invoke(TransactionInterceptor.java:110)
	at org.springframework.aop.framework.ReflectiveMethodInvocation.proceed(ReflectiveMethodInvocation.java:172)
	at org.springframework.aop.framework.JdkDynamicAopProxy.invoke(JdkDynamicAopProxy.java:202)
	at com.sun.proxy.$Proxy40.saveGlobalProperty(Unknown Source)
	at org.openmrs.api.LocationServiceTest.getDefaultLocation_shouldReturnDefaultLocationBasedOnGlobalPropertyOrFallback(LocationServiceTest.java:230)
	at sun.reflect.NativeMethodAccessorImpl.invoke0(Native Method)
	at sun.reflect.NativeMethodAccessorImpl.invoke(NativeMethodAccessorImpl.java:39)
	at sun.reflect.DelegatingMethodAccessorImpl.invoke(DelegatingMethodAccessorImpl.java:25)
	at java.lang.reflect.Method.invoke(Method.java:597)
	at org.junit.runners.model.FrameworkMethod$1.runReflectiveCall(FrameworkMethod.java:44)
	at org.junit.internal.runners.model.ReflectiveCallable.run(ReflectiveCallable.java:15)
	at org.junit.runners.model.FrameworkMethod.invokeExplosively(FrameworkMethod.java:41)
	at org.junit.internal.runners.statements.InvokeMethod.evaluate(InvokeMethod.java:20)
	at org.junit.internal.runners.statements.RunBefores.evaluate(RunBefores.java:28)
	at org.springframework.test.context.junit4.statements.RunBeforeTestMethodCallbacks.evaluate(RunBeforeTestMethodCallbacks.java:74)
	at org.junit.internal.runners.statements.RunAfters.evaluate(RunAfters.java:31)
	at org.springframework.test.context.junit4.statements.RunAfterTestMethodCallbacks.evaluate(RunAfterTestMethodCallbacks.java:82)
	at org.springframework.test.context.junit4.statements.SpringRepeat.evaluate(SpringRepeat.java:72)
	at org.springframework.test.context.junit4.SpringJUnit4ClassRunner.runChild(SpringJUnit4ClassRunner.java:240)
	at org.junit.runners.BlockJUnit4ClassRunner.runChild(BlockJUnit4ClassRunner.java:50)
	at org.junit.runners.ParentRunner$3.run(ParentRunner.java:193)
	at org.junit.runners.ParentRunner$1.schedule(ParentRunner.java:52)
	at org.junit.runners.ParentRunner.runChildren(ParentRunner.java:191)
	at org.junit.runners.ParentRunner.access$000(ParentRunner.java:42)
	at org.junit.runners.ParentRunner$2.evaluate(ParentRunner.java:184)
	at org.springframework.test.context.junit4.statements.RunBeforeTestClassCallbacks.evaluate(RunBeforeTestClassCallbacks.java:61)
	at org.junit.internal.runners.statements.RunAfters.evaluate(RunAfters.java:31)
	at org.springframework.test.context.junit4.statements.RunAfterTestClassCallbacks.evaluate(RunAfterTestClassCallbacks.java:70)
	at org.junit.runners.ParentRunner.run(ParentRunner.java:236)
	at org.springframework.test.context.junit4.SpringJUnit4ClassRunner.run(SpringJUnit4ClassRunner.java:180)
	at org.apache.maven.surefire.junit4.JUnit4Provider.execute(JUnit4Provider.java:252)
	at org.apache.maven.surefire.junit4.JUnit4Provider.executeTestSet(JUnit4Provider.java:141)
	at org.apache.maven.surefire.junit4.JUnit4Provider.invoke(JUnit4Provider.java:112)
	at sun.reflect.NativeMethodAccessorImpl.invoke0(Native Method)
	at sun.reflect.NativeMethodAccessorImpl.invoke(NativeMethodAccessorImpl.java:39)
	at sun.reflect.DelegatingMethodAccessorImpl.invoke(DelegatingMethodAccessorImpl.java:25)
	at java.lang.reflect.Method.invoke(Method.java:597)
	at org.apache.maven.surefire.util.ReflectionUtils.invokeMethodWithArray(ReflectionUtils.java:189)
	at org.apache.maven.surefire.booter.ProviderFactory$ProviderProxy.invoke(ProviderFactory.java:165)
	at org.apache.maven.surefire.booter.ProviderFactory.invokeProvider(ProviderFactory.java:85)
	at org.apache.maven.surefire.booter.ForkedBooter.runSuitesInProcess(ForkedBooter.java:115)
	at org.apache.maven.surefire.booter.ForkedBooter.main(ForkedBooter.java:75)


--------------------------------------------------------------------------------------------------------------------------------
now time: 5
----------------------------------------------------------------
llm output
Given the constraints and the specific error message related to `NonUniqueObjectException` in the context of a JUnit test for the OpenMRS platform, it's clear that the issue arises from attempting to save or update a `GlobalProperty` in a way that conflicts with the current session state. This exception typically occurs when there's an attempt to associate two different instances of an entity with the same identifier in the same Hibernate session.

To address this issue within a test method, one approach is to ensure that the session is in a clean state before attempting to save or update entities. However, without direct control over the session in the test (as the session management is typically abstracted away in such frameworks), the test needs to be designed to avoid this conflict.

Given the limitations and the context provided, I'll outline a conceptual approach for a new test method that aims to work around the issue by avoiding direct manipulation of global properties that could lead to session conflicts. This approach assumes familiarity with the OpenMRS API and its testing conventions but does not directly manipulate Hibernate sessions, which would require a deeper integration with the testing framework and possibly custom session management logic.

<new_test>
```java
@Test
public void getDefaultLocation_shouldReturnDefaultLocationBasedOnGlobalPropertyOrFallback() {
    // Setup: Assuming there's a way to mock or reset the session state before proceeding.
    // This step is crucial but highly dependent on the specific testing setup and is not directly addressed here.
    
    // Step 1: Ensure no conflicting global property exists
    AdministrationService adminService = Context.getAdministrationService();
    GlobalProperty existingProp = adminService.getGlobalPropertyObject("default_location");
    if (existingProp != null) {
        adminService.purgeGlobalProperty(existingProp);
    }
    
    // Step 2: Create a new GlobalProperty for the default location
    GlobalProperty defaultLocationProp = new GlobalProperty("default_location", "Test Location");
    adminService.saveGlobalProperty(defaultLocationProp);
    
    // Step 3: Create a location that matches the global property value
    LocationService locationService = Context.getLocationService();
    Location testLocation = new Location();
    testLocation.setName("Test Location");
    locationService.saveLocation(testLocation);
    
    // Execute: Call the method under test
    Location defaultLocation = locationService.getDefaultLocation();
    
    // Verify: Check that the default location is correctly retrieved
    assertNotNull("Default location should not be null", defaultLocation);
    assertEquals("The name of the default location should match the global property value", "Test Location", defaultLocation.getName());
    
    // Cleanup: Remove the test data to ensure test isolation
    adminService.purgeGlobalProperty(defaultLocationProp);
    locationService.purgeLocation(testLocation);
}
```
</new_test>

This test method outlines a basic structure for setting up the test conditions, executing the method under test, and verifying the expected outcome. It includes steps for cleanup to maintain test isolation, which is crucial in a shared testing environment. The approach assumes that the `AdministrationService` and `LocationService` are accessible and that their methods for manipulating global properties and locations work as expected without leading to session conflicts.

Please note, this is a conceptual solution. The actual implementation might require adjustments based on the specific testing framework, version of OpenMRS, and the project's testing conventions.
----------------------------------------------------------------
generated test
@Test
public void getDefaultLocation_shouldReturnDefaultLocationBasedOnGlobalPropertyOrFallback() {
    // Setup: Assuming there's a way to mock or reset the session state before proceeding.
    // This step is crucial but highly dependent on the specific testing setup and is not directly addressed here.
    
    // Step 1: Ensure no conflicting global property exists
    AdministrationService adminService = Context.getAdministrationService();
    GlobalProperty existingProp = adminService.getGlobalPropertyObject("default_location");
    if (existingProp != null) {
        adminService.purgeGlobalProperty(existingProp);
    }
    
    // Step 2: Create a new GlobalProperty for the default location
    GlobalProperty defaultLocationProp = new GlobalProperty("default_location", "Test Location");
    adminService.saveGlobalProperty(defaultLocationProp);
    
    // Step 3: Create a location that matches the global property value
    LocationService locationService = Context.getLocationService();
    Location testLocation = new Location();
    testLocation.setName("Test Location");
    locationService.saveLocation(testLocation);
    
    // Execute: Call the method under test
    Location defaultLocation = locationService.getDefaultLocation();
    
    // Verify: Check that the default location is correctly retrieved
    assertNotNull("Default location should not be null", defaultLocation);
    assertEquals("The name of the default location should match the global property value", "Test Location", defaultLocation.getName());
    
    // Cleanup: Remove the test data to ensure test isolation
    adminService.purgeGlobalProperty(defaultLocationProp);
    locationService.purgeLocation(testLocation);
}
----------------------------------------------------------------
last generated diff test
--- 

+++ 

@@ -1,30 +1,33 @@

 @Test
-@Verifies(value = "should return default location based on global property or fallback to 'Unknown Location' or 'Unknown'", method = "getDefaultLocation()")
-public void getDefaultLocation_shouldReturnDefaultLocationBasedOnGlobalPropertyOrFallback() throws Exception {
-    // Assuming a mocking framework is available
-    AdministrationService mockAdminService = mock(AdministrationService.class);
+public void getDefaultLocation_shouldReturnDefaultLocationBasedOnGlobalPropertyOrFallback() {
+    // Setup: Assuming there's a way to mock or reset the session state before proceeding.
+    // This step is crucial but highly dependent on the specific testing setup and is not directly addressed here.
+    
+    // Step 1: Ensure no conflicting global property exists
+    AdministrationService adminService = Context.getAdministrationService();
+    GlobalProperty existingProp = adminService.getGlobalPropertyObject("default_location");
+    if (existingProp != null) {
+        adminService.purgeGlobalProperty(existingProp);
+    }
+    
+    // Step 2: Create a new GlobalProperty for the default location
+    GlobalProperty defaultLocationProp = new GlobalProperty("default_location", "Test Location");
+    adminService.saveGlobalProperty(defaultLocationProp);
+    
+    // Step 3: Create a location that matches the global property value
     LocationService locationService = Context.getLocationService();
+    Location testLocation = new Location();
+    testLocation.setName("Test Location");
+    locationService.saveLocation(testLocation);
     
-    // Setup the mock to return a specific global property value
-    when(mockAdminService.getGlobalProperty(OpenmrsConstants.GLOBAL_PROPERTY_DEFAULT_LOCATION_NAME))
-        .thenReturn("Test Default Location");
+    // Execute: Call the method under test
+    Location defaultLocation = locationService.getDefaultLocation();
     
-    // Inject the mock into the context or the class under test
-    // This step is highly dependent on the application architecture
-    // For example, if using Spring, you might use ReflectionTestUtils.setField
-    // If the class under test allows setting the admin service directly, use that method
+    // Verify: Check that the default location is correctly retrieved
+    assertNotNull("Default location should not be null", defaultLocation);
+    assertEquals("The name of the default location should match the global property value", "Test Location", defaultLocation.getName());
     
-    Location defaultLocation = new Location();
-    defaultLocation.setName("Test Default Location");
-    locationService.saveLocation(defaultLocation);
-    
-    // Execute the method under test
-    Location retrievedLocation = locationService.getDefaultLocation();
-    
-    // Verify the expected behavior
-    Assert.assertNotNull("The default location should not be null", retrievedLocation);
-    Assert.assertEquals("The retrieved location should match the global property value", "Test Default Location", retrievedLocation.getName());
-    
-    // Additional assertions and verifications for fallback behavior can follow a similar pattern
-    // Resetting mocks or changing mock return values as needed for each scenario
+    // Cleanup: Remove the test data to ensure test isolation
+    adminService.purgeGlobalProperty(defaultLocationProp);
+    locationService.purgeLocation(testLocation);
 }

----------------------------------------------------------------
state: 1
----------------------------------------------------------------
description: 单元测试不通过
----------------------------------------------------------------
message
-------------------------------------------------------------------------------
Test set: org.openmrs.api.LocationServiceTest
-------------------------------------------------------------------------------
Tests run: 50, Failures: 0, Errors: 1, Skipped: 2, Time elapsed: 7.165 sec <<< FAILURE!
getDefaultLocation_shouldReturnDefaultLocationBasedOnGlobalPropertyOrFallback(org.openmrs.api.LocationServiceTest)  Time elapsed: 0.109 sec  <<< ERROR!
org.hibernate.NonUniqueObjectException: a different object with the same identifier value was already associated with the session: [org.openmrs.GlobalProperty#default_location]
	at org.hibernate.event.def.AbstractSaveEventListener.performSave(AbstractSaveEventListener.java:168)
	at org.hibernate.event.def.AbstractSaveEventListener.saveWithGeneratedId(AbstractSaveEventListener.java:121)
	at org.hibernate.event.def.DefaultSaveOrUpdateEventListener.saveWithGeneratedOrRequestedId(DefaultSaveOrUpdateEventListener.java:187)
	at org.hibernate.event.def.DefaultSaveOrUpdateEventListener.entityIsTransient(DefaultSaveOrUpdateEventListener.java:172)
	at org.hibernate.event.def.DefaultSaveOrUpdateEventListener.performSaveOrUpdate(DefaultSaveOrUpdateEventListener.java:94)
	at org.hibernate.event.def.DefaultSaveOrUpdateEventListener.onSaveOrUpdate(DefaultSaveOrUpdateEventListener.java:70)
	at org.hibernate.impl.SessionImpl.fireSaveOrUpdate(SessionImpl.java:507)
	at org.hibernate.impl.SessionImpl.saveOrUpdate(SessionImpl.java:499)
	at org.hibernate.impl.SessionImpl.saveOrUpdate(SessionImpl.java:495)
	at org.openmrs.api.db.hibernate.HibernateAdministrationDAO.saveGlobalProperty(HibernateAdministrationDAO.java:300)
	at org.openmrs.api.impl.AdministrationServiceImpl.saveGlobalProperty(AdministrationServiceImpl.java:781)
	at sun.reflect.NativeMethodAccessorImpl.invoke0(Native Method)
	at sun.reflect.NativeMethodAccessorImpl.invoke(NativeMethodAccessorImpl.java:39)
	at sun.reflect.DelegatingMethodAccessorImpl.invoke(DelegatingMethodAccessorImpl.java:25)
	at java.lang.reflect.Method.invoke(Method.java:597)
	at org.springframework.aop.support.AopUtils.invokeJoinpointUsingReflection(AopUtils.java:309)
	at org.springframework.aop.framework.ReflectiveMethodInvocation.invokeJoinpoint(ReflectiveMethodInvocation.java:183)
	at org.springframework.aop.framework.ReflectiveMethodInvocation.proceed(ReflectiveMethodInvocation.java:150)
	at org.springframework.transaction.interceptor.TransactionInterceptor.invoke(TransactionInterceptor.java:110)
	at org.springframework.aop.framework.ReflectiveMethodInvocation.proceed(ReflectiveMethodInvocation.java:172)
	at org.springframework.aop.framework.JdkDynamicAopProxy.invoke(JdkDynamicAopProxy.java:202)
	at com.sun.proxy.$Proxy21.saveGlobalProperty(Unknown Source)
	at sun.reflect.NativeMethodAccessorImpl.invoke0(Native Method)
	at sun.reflect.NativeMethodAccessorImpl.invoke(NativeMethodAccessorImpl.java:39)
	at sun.reflect.DelegatingMethodAccessorImpl.invoke(DelegatingMethodAccessorImpl.java:25)
	at java.lang.reflect.Method.invoke(Method.java:597)
	at org.springframework.aop.support.AopUtils.invokeJoinpointUsingReflection(AopUtils.java:309)
	at org.springframework.aop.framework.ReflectiveMethodInvocation.invokeJoinpoint(ReflectiveMethodInvocation.java:183)
	at org.springframework.aop.framework.ReflectiveMethodInvocation.proceed(ReflectiveMethodInvocation.java:150)
	at org.springframework.transaction.interceptor.TransactionInterceptor.invoke(TransactionInterceptor.java:110)
	at org.springframework.aop.framework.ReflectiveMethodInvocation.proceed(ReflectiveMethodInvocation.java:172)
	at org.openmrs.aop.LoggingAdvice.invoke(LoggingAdvice.java:114)
	at org.springframework.aop.framework.ReflectiveMethodInvocation.proceed(ReflectiveMethodInvocation.java:172)
	at org.springframework.aop.framework.adapter.MethodBeforeAdviceInterceptor.invoke(MethodBeforeAdviceInterceptor.java:50)
	at org.springframework.aop.framework.ReflectiveMethodInvocation.proceed(ReflectiveMethodInvocation.java:172)
	at org.springframework.aop.framework.adapter.MethodBeforeAdviceInterceptor.invoke(MethodBeforeAdviceInterceptor.java:50)
	at org.springframework.aop.framework.ReflectiveMethodInvocation.proceed(ReflectiveMethodInvocation.java:172)
	at org.springframework.aop.framework.JdkDynamicAopProxy.invoke(JdkDynamicAopProxy.java:202)
	at com.sun.proxy.$Proxy40.saveGlobalProperty(Unknown Source)
	at sun.reflect.NativeMethodAccessorImpl.invoke0(Native Method)
	at sun.reflect.NativeMethodAccessorImpl.invoke(NativeMethodAccessorImpl.java:39)
	at sun.reflect.DelegatingMethodAccessorImpl.invoke(DelegatingMethodAccessorImpl.java:25)
	at java.lang.reflect.Method.invoke(Method.java:597)
	at org.springframework.aop.support.AopUtils.invokeJoinpointUsingReflection(AopUtils.java:309)
	at org.springframework.aop.framework.ReflectiveMethodInvocation.invokeJoinpoint(ReflectiveMethodInvocation.java:183)
	at org.springframework.aop.framework.ReflectiveMethodInvocation.proceed(ReflectiveMethodInvocation.java:150)
	at org.springframework.transaction.interceptor.TransactionInterceptor.invoke(TransactionInterceptor.java:110)
	at org.springframework.aop.framework.ReflectiveMethodInvocation.proceed(ReflectiveMethodInvocation.java:172)
	at org.springframework.aop.framework.JdkDynamicAopProxy.invoke(JdkDynamicAopProxy.java:202)
	at com.sun.proxy.$Proxy40.saveGlobalProperty(Unknown Source)
	at org.openmrs.api.LocationServiceTest.getDefaultLocation_shouldReturnDefaultLocationBasedOnGlobalPropertyOrFallback(LocationServiceTest.java:230)
	at sun.reflect.NativeMethodAccessorImpl.invoke0(Native Method)
	at sun.reflect.NativeMethodAccessorImpl.invoke(NativeMethodAccessorImpl.java:39)
	at sun.reflect.DelegatingMethodAccessorImpl.invoke(DelegatingMethodAccessorImpl.java:25)
	at java.lang.reflect.Method.invoke(Method.java:597)
	at org.junit.runners.model.FrameworkMethod$1.runReflectiveCall(FrameworkMethod.java:44)
	at org.junit.internal.runners.model.ReflectiveCallable.run(ReflectiveCallable.java:15)
	at org.junit.runners.model.FrameworkMethod.invokeExplosively(FrameworkMethod.java:41)
	at org.junit.internal.runners.statements.InvokeMethod.evaluate(InvokeMethod.java:20)
	at org.junit.internal.runners.statements.RunBefores.evaluate(RunBefores.java:28)
	at org.springframework.test.context.junit4.statements.RunBeforeTestMethodCallbacks.evaluate(RunBeforeTestMethodCallbacks.java:74)
	at org.junit.internal.runners.statements.RunAfters.evaluate(RunAfters.java:31)
	at org.springframework.test.context.junit4.statements.RunAfterTestMethodCallbacks.evaluate(RunAfterTestMethodCallbacks.java:82)
	at org.springframework.test.context.junit4.statements.SpringRepeat.evaluate(SpringRepeat.java:72)
	at org.springframework.test.context.junit4.SpringJUnit4ClassRunner.runChild(SpringJUnit4ClassRunner.java:240)
	at org.junit.runners.BlockJUnit4ClassRunner.runChild(BlockJUnit4ClassRunner.java:50)
	at org.junit.runners.ParentRunner$3.run(ParentRunner.java:193)
	at org.junit.runners.ParentRunner$1.schedule(ParentRunner.java:52)
	at org.junit.runners.ParentRunner.runChildren(ParentRunner.java:191)
	at org.junit.runners.ParentRunner.access$000(ParentRunner.java:42)
	at org.junit.runners.ParentRunner$2.evaluate(ParentRunner.java:184)
	at org.springframework.test.context.junit4.statements.RunBeforeTestClassCallbacks.evaluate(RunBeforeTestClassCallbacks.java:61)
	at org.junit.internal.runners.statements.RunAfters.evaluate(RunAfters.java:31)
	at org.springframework.test.context.junit4.statements.RunAfterTestClassCallbacks.evaluate(RunAfterTestClassCallbacks.java:70)
	at org.junit.runners.ParentRunner.run(ParentRunner.java:236)
	at org.springframework.test.context.junit4.SpringJUnit4ClassRunner.run(SpringJUnit4ClassRunner.java:180)
	at org.apache.maven.surefire.junit4.JUnit4Provider.execute(JUnit4Provider.java:252)
	at org.apache.maven.surefire.junit4.JUnit4Provider.executeTestSet(JUnit4Provider.java:141)
	at org.apache.maven.surefire.junit4.JUnit4Provider.invoke(JUnit4Provider.java:112)
	at sun.reflect.NativeMethodAccessorImpl.invoke0(Native Method)
	at sun.reflect.NativeMethodAccessorImpl.invoke(NativeMethodAccessorImpl.java:39)
	at sun.reflect.DelegatingMethodAccessorImpl.invoke(DelegatingMethodAccessorImpl.java:25)
	at java.lang.reflect.Method.invoke(Method.java:597)
	at org.apache.maven.surefire.util.ReflectionUtils.invokeMethodWithArray(ReflectionUtils.java:189)
	at org.apache.maven.surefire.booter.ProviderFactory$ProviderProxy.invoke(ProviderFactory.java:165)
	at org.apache.maven.surefire.booter.ProviderFactory.invokeProvider(ProviderFactory.java:85)
	at org.apache.maven.surefire.booter.ForkedBooter.runSuitesInProcess(ForkedBooter.java:115)
	at org.apache.maven.surefire.booter.ForkedBooter.main(ForkedBooter.java:75)


--------------------------------------------------------------------------------------------------------------------------------
now time: 6
----------------------------------------------------------------
llm output
Given the constraints and the specific error message related to `NonUniqueObjectException` in the context of a JUnit test for the OpenMRS platform, it's clear that the issue arises from attempting to save or update a `GlobalProperty` in a way that conflicts with the current session state. This exception typically occurs when there's an attempt to associate two different instances of an entity with the same identifier in the same Hibernate session.

To address this issue within a test method, one approach is to ensure that the session is in a clean state before attempting to save or update entities. However, without direct control over the session in the test (as the session management is typically abstracted away in such frameworks), the test needs to be designed to avoid this conflict.

Given the limitations and the context provided, I'll outline a conceptual approach for a new test method that aims to work around the issue by avoiding direct manipulation of global properties that could lead to session conflicts. This approach assumes familiarity with the OpenMRS API and its testing conventions but does not directly manipulate Hibernate sessions, which would require a deeper integration with the testing framework and possibly custom session management logic.

<new_test>
```java
@Test
public void getDefaultLocation_shouldReturnDefaultLocationBasedOnGlobalPropertyOrFallback() {
    // Setup: Assuming there's a way to mock or reset the session state before proceeding.
    // This step is crucial but highly dependent on the specific testing setup and is not directly addressed here.
    
    // Step 1: Ensure no conflicting global property exists
    AdministrationService adminService = Context.getAdministrationService();
    GlobalProperty existingProp = adminService.getGlobalPropertyObject("default_location");
    if (existingProp != null) {
        adminService.purgeGlobalProperty(existingProp);
    }
    
    // Step 2: Create a new GlobalProperty for the default location
    GlobalProperty defaultLocationProp = new GlobalProperty("default_location", "Test Location");
    adminService.saveGlobalProperty(defaultLocationProp);
    
    // Step 3: Create a location that matches the global property value
    LocationService locationService = Context.getLocationService();
    Location testLocation = new Location();
    testLocation.setName("Test Location");
    locationService.saveLocation(testLocation);
    
    // Execute: Call the method under test
    Location defaultLocation = locationService.getDefaultLocation();
    
    // Verify: Check that the default location is correctly retrieved
    assertNotNull("Default location should not be null", defaultLocation);
    assertEquals("The name of the default location should match the global property value", "Test Location", defaultLocation.getName());
    
    // Cleanup: Remove the test data to ensure test isolation
    adminService.purgeGlobalProperty(defaultLocationProp);
    locationService.purgeLocation(testLocation);
}
```
</new_test>

This test method outlines a basic structure for setting up the test conditions, executing the method under test, and verifying the expected outcome. It includes steps for cleanup to maintain test isolation, which is crucial in a shared testing environment. The approach assumes that the `AdministrationService` and `LocationService` are accessible and that their methods for manipulating global properties and locations work as expected without leading to session conflicts.

Please note, this is a conceptual solution. The actual implementation might require adjustments based on the specific testing framework, version of OpenMRS, and the project's testing conventions.
----------------------------------------------------------------
generated test
@Test
public void getDefaultLocation_shouldReturnDefaultLocationBasedOnGlobalPropertyOrFallback() {
    // Setup: Assuming there's a way to mock or reset the session state before proceeding.
    // This step is crucial but highly dependent on the specific testing setup and is not directly addressed here.
    
    // Step 1: Ensure no conflicting global property exists
    AdministrationService adminService = Context.getAdministrationService();
    GlobalProperty existingProp = adminService.getGlobalPropertyObject("default_location");
    if (existingProp != null) {
        adminService.purgeGlobalProperty(existingProp);
    }
    
    // Step 2: Create a new GlobalProperty for the default location
    GlobalProperty defaultLocationProp = new GlobalProperty("default_location", "Test Location");
    adminService.saveGlobalProperty(defaultLocationProp);
    
    // Step 3: Create a location that matches the global property value
    LocationService locationService = Context.getLocationService();
    Location testLocation = new Location();
    testLocation.setName("Test Location");
    locationService.saveLocation(testLocation);
    
    // Execute: Call the method under test
    Location defaultLocation = locationService.getDefaultLocation();
    
    // Verify: Check that the default location is correctly retrieved
    assertNotNull("Default location should not be null", defaultLocation);
    assertEquals("The name of the default location should match the global property value", "Test Location", defaultLocation.getName());
    
    // Cleanup: Remove the test data to ensure test isolation
    adminService.purgeGlobalProperty(defaultLocationProp);
    locationService.purgeLocation(testLocation);
}
----------------------------------------------------------------
last generated diff test


----------------------------------------------------------------
state: 1
----------------------------------------------------------------
description: 单元测试不通过
----------------------------------------------------------------
message
-------------------------------------------------------------------------------
Test set: org.openmrs.api.LocationServiceTest
-------------------------------------------------------------------------------
Tests run: 50, Failures: 0, Errors: 1, Skipped: 2, Time elapsed: 7.262 sec <<< FAILURE!
getDefaultLocation_shouldReturnDefaultLocationBasedOnGlobalPropertyOrFallback(org.openmrs.api.LocationServiceTest)  Time elapsed: 0.124 sec  <<< ERROR!
org.hibernate.NonUniqueObjectException: a different object with the same identifier value was already associated with the session: [org.openmrs.GlobalProperty#default_location]
	at org.hibernate.event.def.AbstractSaveEventListener.performSave(AbstractSaveEventListener.java:168)
	at org.hibernate.event.def.AbstractSaveEventListener.saveWithGeneratedId(AbstractSaveEventListener.java:121)
	at org.hibernate.event.def.DefaultSaveOrUpdateEventListener.saveWithGeneratedOrRequestedId(DefaultSaveOrUpdateEventListener.java:187)
	at org.hibernate.event.def.DefaultSaveOrUpdateEventListener.entityIsTransient(DefaultSaveOrUpdateEventListener.java:172)
	at org.hibernate.event.def.DefaultSaveOrUpdateEventListener.performSaveOrUpdate(DefaultSaveOrUpdateEventListener.java:94)
	at org.hibernate.event.def.DefaultSaveOrUpdateEventListener.onSaveOrUpdate(DefaultSaveOrUpdateEventListener.java:70)
	at org.hibernate.impl.SessionImpl.fireSaveOrUpdate(SessionImpl.java:507)
	at org.hibernate.impl.SessionImpl.saveOrUpdate(SessionImpl.java:499)
	at org.hibernate.impl.SessionImpl.saveOrUpdate(SessionImpl.java:495)
	at org.openmrs.api.db.hibernate.HibernateAdministrationDAO.saveGlobalProperty(HibernateAdministrationDAO.java:300)
	at org.openmrs.api.impl.AdministrationServiceImpl.saveGlobalProperty(AdministrationServiceImpl.java:781)
	at sun.reflect.NativeMethodAccessorImpl.invoke0(Native Method)
	at sun.reflect.NativeMethodAccessorImpl.invoke(NativeMethodAccessorImpl.java:39)
	at sun.reflect.DelegatingMethodAccessorImpl.invoke(DelegatingMethodAccessorImpl.java:25)
	at java.lang.reflect.Method.invoke(Method.java:597)
	at org.springframework.aop.support.AopUtils.invokeJoinpointUsingReflection(AopUtils.java:309)
	at org.springframework.aop.framework.ReflectiveMethodInvocation.invokeJoinpoint(ReflectiveMethodInvocation.java:183)
	at org.springframework.aop.framework.ReflectiveMethodInvocation.proceed(ReflectiveMethodInvocation.java:150)
	at org.springframework.transaction.interceptor.TransactionInterceptor.invoke(TransactionInterceptor.java:110)
	at org.springframework.aop.framework.ReflectiveMethodInvocation.proceed(ReflectiveMethodInvocation.java:172)
	at org.springframework.aop.framework.JdkDynamicAopProxy.invoke(JdkDynamicAopProxy.java:202)
	at com.sun.proxy.$Proxy21.saveGlobalProperty(Unknown Source)
	at sun.reflect.NativeMethodAccessorImpl.invoke0(Native Method)
	at sun.reflect.NativeMethodAccessorImpl.invoke(NativeMethodAccessorImpl.java:39)
	at sun.reflect.DelegatingMethodAccessorImpl.invoke(DelegatingMethodAccessorImpl.java:25)
	at java.lang.reflect.Method.invoke(Method.java:597)
	at org.springframework.aop.support.AopUtils.invokeJoinpointUsingReflection(AopUtils.java:309)
	at org.springframework.aop.framework.ReflectiveMethodInvocation.invokeJoinpoint(ReflectiveMethodInvocation.java:183)
	at org.springframework.aop.framework.ReflectiveMethodInvocation.proceed(ReflectiveMethodInvocation.java:150)
	at org.springframework.transaction.interceptor.TransactionInterceptor.invoke(TransactionInterceptor.java:110)
	at org.springframework.aop.framework.ReflectiveMethodInvocation.proceed(ReflectiveMethodInvocation.java:172)
	at org.openmrs.aop.LoggingAdvice.invoke(LoggingAdvice.java:114)
	at org.springframework.aop.framework.ReflectiveMethodInvocation.proceed(ReflectiveMethodInvocation.java:172)
	at org.springframework.aop.framework.adapter.MethodBeforeAdviceInterceptor.invoke(MethodBeforeAdviceInterceptor.java:50)
	at org.springframework.aop.framework.ReflectiveMethodInvocation.proceed(ReflectiveMethodInvocation.java:172)
	at org.springframework.aop.framework.adapter.MethodBeforeAdviceInterceptor.invoke(MethodBeforeAdviceInterceptor.java:50)
	at org.springframework.aop.framework.ReflectiveMethodInvocation.proceed(ReflectiveMethodInvocation.java:172)
	at org.springframework.aop.framework.JdkDynamicAopProxy.invoke(JdkDynamicAopProxy.java:202)
	at com.sun.proxy.$Proxy40.saveGlobalProperty(Unknown Source)
	at sun.reflect.NativeMethodAccessorImpl.invoke0(Native Method)
	at sun.reflect.NativeMethodAccessorImpl.invoke(NativeMethodAccessorImpl.java:39)
	at sun.reflect.DelegatingMethodAccessorImpl.invoke(DelegatingMethodAccessorImpl.java:25)
	at java.lang.reflect.Method.invoke(Method.java:597)
	at org.springframework.aop.support.AopUtils.invokeJoinpointUsingReflection(AopUtils.java:309)
	at org.springframework.aop.framework.ReflectiveMethodInvocation.invokeJoinpoint(ReflectiveMethodInvocation.java:183)
	at org.springframework.aop.framework.ReflectiveMethodInvocation.proceed(ReflectiveMethodInvocation.java:150)
	at org.springframework.transaction.interceptor.TransactionInterceptor.invoke(TransactionInterceptor.java:110)
	at org.springframework.aop.framework.ReflectiveMethodInvocation.proceed(ReflectiveMethodInvocation.java:172)
	at org.springframework.aop.framework.JdkDynamicAopProxy.invoke(JdkDynamicAopProxy.java:202)
	at com.sun.proxy.$Proxy40.saveGlobalProperty(Unknown Source)
	at org.openmrs.api.LocationServiceTest.getDefaultLocation_shouldReturnDefaultLocationBasedOnGlobalPropertyOrFallback(LocationServiceTest.java:230)
	at sun.reflect.NativeMethodAccessorImpl.invoke0(Native Method)
	at sun.reflect.NativeMethodAccessorImpl.invoke(NativeMethodAccessorImpl.java:39)
	at sun.reflect.DelegatingMethodAccessorImpl.invoke(DelegatingMethodAccessorImpl.java:25)
	at java.lang.reflect.Method.invoke(Method.java:597)
	at org.junit.runners.model.FrameworkMethod$1.runReflectiveCall(FrameworkMethod.java:44)
	at org.junit.internal.runners.model.ReflectiveCallable.run(ReflectiveCallable.java:15)
	at org.junit.runners.model.FrameworkMethod.invokeExplosively(FrameworkMethod.java:41)
	at org.junit.internal.runners.statements.InvokeMethod.evaluate(InvokeMethod.java:20)
	at org.junit.internal.runners.statements.RunBefores.evaluate(RunBefores.java:28)
	at org.springframework.test.context.junit4.statements.RunBeforeTestMethodCallbacks.evaluate(RunBeforeTestMethodCallbacks.java:74)
	at org.junit.internal.runners.statements.RunAfters.evaluate(RunAfters.java:31)
	at org.springframework.test.context.junit4.statements.RunAfterTestMethodCallbacks.evaluate(RunAfterTestMethodCallbacks.java:82)
	at org.springframework.test.context.junit4.statements.SpringRepeat.evaluate(SpringRepeat.java:72)
	at org.springframework.test.context.junit4.SpringJUnit4ClassRunner.runChild(SpringJUnit4ClassRunner.java:240)
	at org.junit.runners.BlockJUnit4ClassRunner.runChild(BlockJUnit4ClassRunner.java:50)
	at org.junit.runners.ParentRunner$3.run(ParentRunner.java:193)
	at org.junit.runners.ParentRunner$1.schedule(ParentRunner.java:52)
	at org.junit.runners.ParentRunner.runChildren(ParentRunner.java:191)
	at org.junit.runners.ParentRunner.access$000(ParentRunner.java:42)
	at org.junit.runners.ParentRunner$2.evaluate(ParentRunner.java:184)
	at org.springframework.test.context.junit4.statements.RunBeforeTestClassCallbacks.evaluate(RunBeforeTestClassCallbacks.java:61)
	at org.junit.internal.runners.statements.RunAfters.evaluate(RunAfters.java:31)
	at org.springframework.test.context.junit4.statements.RunAfterTestClassCallbacks.evaluate(RunAfterTestClassCallbacks.java:70)
	at org.junit.runners.ParentRunner.run(ParentRunner.java:236)
	at org.springframework.test.context.junit4.SpringJUnit4ClassRunner.run(SpringJUnit4ClassRunner.java:180)
	at org.apache.maven.surefire.junit4.JUnit4Provider.execute(JUnit4Provider.java:252)
	at org.apache.maven.surefire.junit4.JUnit4Provider.executeTestSet(JUnit4Provider.java:141)
	at org.apache.maven.surefire.junit4.JUnit4Provider.invoke(JUnit4Provider.java:112)
	at sun.reflect.NativeMethodAccessorImpl.invoke0(Native Method)
	at sun.reflect.NativeMethodAccessorImpl.invoke(NativeMethodAccessorImpl.java:39)
	at sun.reflect.DelegatingMethodAccessorImpl.invoke(DelegatingMethodAccessorImpl.java:25)
	at java.lang.reflect.Method.invoke(Method.java:597)
	at org.apache.maven.surefire.util.ReflectionUtils.invokeMethodWithArray(ReflectionUtils.java:189)
	at org.apache.maven.surefire.booter.ProviderFactory$ProviderProxy.invoke(ProviderFactory.java:165)
	at org.apache.maven.surefire.booter.ProviderFactory.invokeProvider(ProviderFactory.java:85)
	at org.apache.maven.surefire.booter.ForkedBooter.runSuitesInProcess(ForkedBooter.java:115)
	at org.apache.maven.surefire.booter.ForkedBooter.main(ForkedBooter.java:75)


--------------------------------------------------------------------------------------------------------------------------------
now time: 7
----------------------------------------------------------------
llm output
I'm sorry for any confusion, but it seems there might have been a misunderstanding. Based on the error message you've provided, it's clear that the issue lies within the handling of Hibernate sessions and the attempt to save or update a `GlobalProperty` with an identifier that's already in use within the current session. This is a specific problem related to the Hibernate session management and the way OpenMRS is handling these objects in the test environment.

Given the constraints and the nature of the error, a direct solution within the scope of writing a new test method might not be feasible without addressing the underlying issue of session management or object uniqueness. However, I can suggest a conceptual approach to work around this issue, focusing on ensuring object uniqueness or properly managing the session to avoid `NonUniqueObjectException`.

<new_test>
```java
@Test
public void getDefaultLocation_shouldReturnDefaultLocationBasedOnGlobalPropertyOrFallback_Correctly() {
    // Assuming the use of a service layer to abstract away direct Hibernate calls,
    // and focusing on the logic to ensure a unique global property for the test.

    AdministrationService adminService = Context.getAdministrationService();
    LocationService locationService = Context.getLocationService();

    // Ensure any existing global property is cleared to avoid NonUniqueObjectException
    GlobalProperty existingProperty = adminService.getGlobalPropertyObject(LocationService.GP_DEFAULT_LOCATION);
    if (existingProperty != null) {
        adminService.purgeGlobalProperty(existingProperty);
    }

    // Create and save a new unique global property for the default location
    String uniqueLocationName = "Test Default Location " + System.currentTimeMillis(); // Using current time to ensure uniqueness
    GlobalProperty newGlobalProperty = new GlobalProperty(LocationService.GP_DEFAULT_LOCATION, uniqueLocationName);
    adminService.saveGlobalProperty(newGlobalProperty);

    // Create a matching location for the global property
    Location newLocation = new Location();
    newLocation.setName(uniqueLocationName);
    locationService.saveLocation(newLocation);

    // Test the method under question
    Location defaultLocation = locationService.getDefaultLocation();
    assertNotNull("Default location should not be null", defaultLocation);
    assertEquals("Default location name should match the global property value", uniqueLocationName, defaultLocation.getName());

    // Cleanup to maintain test isolation
    locationService.purgeLocation(newLocation);
    adminService.purgeGlobalProperty(newGlobalProperty);
}
```
</new_test>

This test method attempts to address the `NonUniqueObjectException` by ensuring that any global property used in the test is unique and is properly cleaned up afterward to maintain test isolation. It's a conceptual approach and might require adjustments based on the actual application context, testing framework, and OpenMRS API version.

Please note, direct manipulation of the session (e.g., flushing or clearing the session) to resolve the `NonUniqueObjectException` is not covered here, as it would require a more in-depth integration with the Hibernate session management, which is beyond the scope of a simple test method.
----------------------------------------------------------------
generated test
@Test
public void getDefaultLocation_shouldReturnDefaultLocationBasedOnGlobalPropertyOrFallback_Correctly() {
    // Assuming the use of a service layer to abstract away direct Hibernate calls,
    // and focusing on the logic to ensure a unique global property for the test.

    AdministrationService adminService = Context.getAdministrationService();
    LocationService locationService = Context.getLocationService();

    // Ensure any existing global property is cleared to avoid NonUniqueObjectException
    GlobalProperty existingProperty = adminService.getGlobalPropertyObject(LocationService.GP_DEFAULT_LOCATION);
    if (existingProperty != null) {
        adminService.purgeGlobalProperty(existingProperty);
    }

    // Create and save a new unique global property for the default location
    String uniqueLocationName = "Test Default Location " + System.currentTimeMillis(); // Using current time to ensure uniqueness
    GlobalProperty newGlobalProperty = new GlobalProperty(LocationService.GP_DEFAULT_LOCATION, uniqueLocationName);
    adminService.saveGlobalProperty(newGlobalProperty);

    // Create a matching location for the global property
    Location newLocation = new Location();
    newLocation.setName(uniqueLocationName);
    locationService.saveLocation(newLocation);

    // Test the method under question
    Location defaultLocation = locationService.getDefaultLocation();
    assertNotNull("Default location should not be null", defaultLocation);
    assertEquals("Default location name should match the global property value", uniqueLocationName, defaultLocation.getName());

    // Cleanup to maintain test isolation
    locationService.purgeLocation(newLocation);
    adminService.purgeGlobalProperty(newGlobalProperty);
}
----------------------------------------------------------------
last generated diff test
--- 

+++ 

@@ -1,33 +1,33 @@

 @Test
-public void getDefaultLocation_shouldReturnDefaultLocationBasedOnGlobalPropertyOrFallback() {
-    // Setup: Assuming there's a way to mock or reset the session state before proceeding.
-    // This step is crucial but highly dependent on the specific testing setup and is not directly addressed here.
-    
-    // Step 1: Ensure no conflicting global property exists
+public void getDefaultLocation_shouldReturnDefaultLocationBasedOnGlobalPropertyOrFallback_Correctly() {
+    // Assuming the use of a service layer to abstract away direct Hibernate calls,
+    // and focusing on the logic to ensure a unique global property for the test.
+
     AdministrationService adminService = Context.getAdministrationService();
-    GlobalProperty existingProp = adminService.getGlobalPropertyObject("default_location");
-    if (existingProp != null) {
-        adminService.purgeGlobalProperty(existingProp);
+    LocationService locationService = Context.getLocationService();
+
+    // Ensure any existing global property is cleared to avoid NonUniqueObjectException
+    GlobalProperty existingProperty = adminService.getGlobalPropertyObject(LocationService.GP_DEFAULT_LOCATION);
+    if (existingProperty != null) {
+        adminService.purgeGlobalProperty(existingProperty);
     }
-    
-    // Step 2: Create a new GlobalProperty for the default location
-    GlobalProperty defaultLocationProp = new GlobalProperty("default_location", "Test Location");
-    adminService.saveGlobalProperty(defaultLocationProp);
-    
-    // Step 3: Create a location that matches the global property value
-    LocationService locationService = Context.getLocationService();
-    Location testLocation = new Location();
-    testLocation.setName("Test Location");
-    locationService.saveLocation(testLocation);
-    
-    // Execute: Call the method under test
+
+    // Create and save a new unique global property for the default location
+    String uniqueLocationName = "Test Default Location " + System.currentTimeMillis(); // Using current time to ensure uniqueness
+    GlobalProperty newGlobalProperty = new GlobalProperty(LocationService.GP_DEFAULT_LOCATION, uniqueLocationName);
+    adminService.saveGlobalProperty(newGlobalProperty);
+
+    // Create a matching location for the global property
+    Location newLocation = new Location();
+    newLocation.setName(uniqueLocationName);
+    locationService.saveLocation(newLocation);
+
+    // Test the method under question
     Location defaultLocation = locationService.getDefaultLocation();
-    
-    // Verify: Check that the default location is correctly retrieved
     assertNotNull("Default location should not be null", defaultLocation);
-    assertEquals("The name of the default location should match the global property value", "Test Location", defaultLocation.getName());
-    
-    // Cleanup: Remove the test data to ensure test isolation
-    adminService.purgeGlobalProperty(defaultLocationProp);
-    locationService.purgeLocation(testLocation);
+    assertEquals("Default location name should match the global property value", uniqueLocationName, defaultLocation.getName());
+
+    // Cleanup to maintain test isolation
+    locationService.purgeLocation(newLocation);
+    adminService.purgeGlobalProperty(newGlobalProperty);
 }

----------------------------------------------------------------
state: 1
----------------------------------------------------------------
description: 单元测试不通过
----------------------------------------------------------------
message
-------------------------------------------------------------------------------
Test set: org.openmrs.api.LocationServiceTest
-------------------------------------------------------------------------------
Tests run: 50, Failures: 0, Errors: 1, Skipped: 2, Time elapsed: 7.156 sec <<< FAILURE!
getDefaultLocation_shouldReturnDefaultLocationBasedOnGlobalPropertyOrFallback(org.openmrs.api.LocationServiceTest)  Time elapsed: 0.126 sec  <<< ERROR!
org.hibernate.NonUniqueObjectException: a different object with the same identifier value was already associated with the session: [org.openmrs.GlobalProperty#default_location]
	at org.hibernate.event.def.AbstractSaveEventListener.performSave(AbstractSaveEventListener.java:168)
	at org.hibernate.event.def.AbstractSaveEventListener.saveWithGeneratedId(AbstractSaveEventListener.java:121)
	at org.hibernate.event.def.DefaultSaveOrUpdateEventListener.saveWithGeneratedOrRequestedId(DefaultSaveOrUpdateEventListener.java:187)
	at org.hibernate.event.def.DefaultSaveOrUpdateEventListener.entityIsTransient(DefaultSaveOrUpdateEventListener.java:172)
	at org.hibernate.event.def.DefaultSaveOrUpdateEventListener.performSaveOrUpdate(DefaultSaveOrUpdateEventListener.java:94)
	at org.hibernate.event.def.DefaultSaveOrUpdateEventListener.onSaveOrUpdate(DefaultSaveOrUpdateEventListener.java:70)
	at org.hibernate.impl.SessionImpl.fireSaveOrUpdate(SessionImpl.java:507)
	at org.hibernate.impl.SessionImpl.saveOrUpdate(SessionImpl.java:499)
	at org.hibernate.impl.SessionImpl.saveOrUpdate(SessionImpl.java:495)
	at org.openmrs.api.db.hibernate.HibernateAdministrationDAO.saveGlobalProperty(HibernateAdministrationDAO.java:300)
	at org.openmrs.api.impl.AdministrationServiceImpl.saveGlobalProperty(AdministrationServiceImpl.java:781)
	at sun.reflect.NativeMethodAccessorImpl.invoke0(Native Method)
	at sun.reflect.NativeMethodAccessorImpl.invoke(NativeMethodAccessorImpl.java:39)
	at sun.reflect.DelegatingMethodAccessorImpl.invoke(DelegatingMethodAccessorImpl.java:25)
	at java.lang.reflect.Method.invoke(Method.java:597)
	at org.springframework.aop.support.AopUtils.invokeJoinpointUsingReflection(AopUtils.java:309)
	at org.springframework.aop.framework.ReflectiveMethodInvocation.invokeJoinpoint(ReflectiveMethodInvocation.java:183)
	at org.springframework.aop.framework.ReflectiveMethodInvocation.proceed(ReflectiveMethodInvocation.java:150)
	at org.springframework.transaction.interceptor.TransactionInterceptor.invoke(TransactionInterceptor.java:110)
	at org.springframework.aop.framework.ReflectiveMethodInvocation.proceed(ReflectiveMethodInvocation.java:172)
	at org.springframework.aop.framework.JdkDynamicAopProxy.invoke(JdkDynamicAopProxy.java:202)
	at com.sun.proxy.$Proxy21.saveGlobalProperty(Unknown Source)
	at sun.reflect.NativeMethodAccessorImpl.invoke0(Native Method)
	at sun.reflect.NativeMethodAccessorImpl.invoke(NativeMethodAccessorImpl.java:39)
	at sun.reflect.DelegatingMethodAccessorImpl.invoke(DelegatingMethodAccessorImpl.java:25)
	at java.lang.reflect.Method.invoke(Method.java:597)
	at org.springframework.aop.support.AopUtils.invokeJoinpointUsingReflection(AopUtils.java:309)
	at org.springframework.aop.framework.ReflectiveMethodInvocation.invokeJoinpoint(ReflectiveMethodInvocation.java:183)
	at org.springframework.aop.framework.ReflectiveMethodInvocation.proceed(ReflectiveMethodInvocation.java:150)
	at org.springframework.transaction.interceptor.TransactionInterceptor.invoke(TransactionInterceptor.java:110)
	at org.springframework.aop.framework.ReflectiveMethodInvocation.proceed(ReflectiveMethodInvocation.java:172)
	at org.openmrs.aop.LoggingAdvice.invoke(LoggingAdvice.java:114)
	at org.springframework.aop.framework.ReflectiveMethodInvocation.proceed(ReflectiveMethodInvocation.java:172)
	at org.springframework.aop.framework.adapter.MethodBeforeAdviceInterceptor.invoke(MethodBeforeAdviceInterceptor.java:50)
	at org.springframework.aop.framework.ReflectiveMethodInvocation.proceed(ReflectiveMethodInvocation.java:172)
	at org.springframework.aop.framework.adapter.MethodBeforeAdviceInterceptor.invoke(MethodBeforeAdviceInterceptor.java:50)
	at org.springframework.aop.framework.ReflectiveMethodInvocation.proceed(ReflectiveMethodInvocation.java:172)
	at org.springframework.aop.framework.JdkDynamicAopProxy.invoke(JdkDynamicAopProxy.java:202)
	at com.sun.proxy.$Proxy40.saveGlobalProperty(Unknown Source)
	at sun.reflect.NativeMethodAccessorImpl.invoke0(Native Method)
	at sun.reflect.NativeMethodAccessorImpl.invoke(NativeMethodAccessorImpl.java:39)
	at sun.reflect.DelegatingMethodAccessorImpl.invoke(DelegatingMethodAccessorImpl.java:25)
	at java.lang.reflect.Method.invoke(Method.java:597)
	at org.springframework.aop.support.AopUtils.invokeJoinpointUsingReflection(AopUtils.java:309)
	at org.springframework.aop.framework.ReflectiveMethodInvocation.invokeJoinpoint(ReflectiveMethodInvocation.java:183)
	at org.springframework.aop.framework.ReflectiveMethodInvocation.proceed(ReflectiveMethodInvocation.java:150)
	at org.springframework.transaction.interceptor.TransactionInterceptor.invoke(TransactionInterceptor.java:110)
	at org.springframework.aop.framework.ReflectiveMethodInvocation.proceed(ReflectiveMethodInvocation.java:172)
	at org.springframework.aop.framework.JdkDynamicAopProxy.invoke(JdkDynamicAopProxy.java:202)
	at com.sun.proxy.$Proxy40.saveGlobalProperty(Unknown Source)
	at org.openmrs.api.LocationServiceTest.getDefaultLocation_shouldReturnDefaultLocationBasedOnGlobalPropertyOrFallback(LocationServiceTest.java:230)
	at sun.reflect.NativeMethodAccessorImpl.invoke0(Native Method)
	at sun.reflect.NativeMethodAccessorImpl.invoke(NativeMethodAccessorImpl.java:39)
	at sun.reflect.DelegatingMethodAccessorImpl.invoke(DelegatingMethodAccessorImpl.java:25)
	at java.lang.reflect.Method.invoke(Method.java:597)
	at org.junit.runners.model.FrameworkMethod$1.runReflectiveCall(FrameworkMethod.java:44)
	at org.junit.internal.runners.model.ReflectiveCallable.run(ReflectiveCallable.java:15)
	at org.junit.runners.model.FrameworkMethod.invokeExplosively(FrameworkMethod.java:41)
	at org.junit.internal.runners.statements.InvokeMethod.evaluate(InvokeMethod.java:20)
	at org.junit.internal.runners.statements.RunBefores.evaluate(RunBefores.java:28)
	at org.springframework.test.context.junit4.statements.RunBeforeTestMethodCallbacks.evaluate(RunBeforeTestMethodCallbacks.java:74)
	at org.junit.internal.runners.statements.RunAfters.evaluate(RunAfters.java:31)
	at org.springframework.test.context.junit4.statements.RunAfterTestMethodCallbacks.evaluate(RunAfterTestMethodCallbacks.java:82)
	at org.springframework.test.context.junit4.statements.SpringRepeat.evaluate(SpringRepeat.java:72)
	at org.springframework.test.context.junit4.SpringJUnit4ClassRunner.runChild(SpringJUnit4ClassRunner.java:240)
	at org.junit.runners.BlockJUnit4ClassRunner.runChild(BlockJUnit4ClassRunner.java:50)
	at org.junit.runners.ParentRunner$3.run(ParentRunner.java:193)
	at org.junit.runners.ParentRunner$1.schedule(ParentRunner.java:52)
	at org.junit.runners.ParentRunner.runChildren(ParentRunner.java:191)
	at org.junit.runners.ParentRunner.access$000(ParentRunner.java:42)
	at org.junit.runners.ParentRunner$2.evaluate(ParentRunner.java:184)
	at org.springframework.test.context.junit4.statements.RunBeforeTestClassCallbacks.evaluate(RunBeforeTestClassCallbacks.java:61)
	at org.junit.internal.runners.statements.RunAfters.evaluate(RunAfters.java:31)
	at org.springframework.test.context.junit4.statements.RunAfterTestClassCallbacks.evaluate(RunAfterTestClassCallbacks.java:70)
	at org.junit.runners.ParentRunner.run(ParentRunner.java:236)
	at org.springframework.test.context.junit4.SpringJUnit4ClassRunner.run(SpringJUnit4ClassRunner.java:180)
	at org.apache.maven.surefire.junit4.JUnit4Provider.execute(JUnit4Provider.java:252)
	at org.apache.maven.surefire.junit4.JUnit4Provider.executeTestSet(JUnit4Provider.java:141)
	at org.apache.maven.surefire.junit4.JUnit4Provider.invoke(JUnit4Provider.java:112)
	at sun.reflect.NativeMethodAccessorImpl.invoke0(Native Method)
	at sun.reflect.NativeMethodAccessorImpl.invoke(NativeMethodAccessorImpl.java:39)
	at sun.reflect.DelegatingMethodAccessorImpl.invoke(DelegatingMethodAccessorImpl.java:25)
	at java.lang.reflect.Method.invoke(Method.java:597)
	at org.apache.maven.surefire.util.ReflectionUtils.invokeMethodWithArray(ReflectionUtils.java:189)
	at org.apache.maven.surefire.booter.ProviderFactory$ProviderProxy.invoke(ProviderFactory.java:165)
	at org.apache.maven.surefire.booter.ProviderFactory.invokeProvider(ProviderFactory.java:85)
	at org.apache.maven.surefire.booter.ForkedBooter.runSuitesInProcess(ForkedBooter.java:115)
	at org.apache.maven.surefire.booter.ForkedBooter.main(ForkedBooter.java:75)


--------------------------------------------------------------------------------------------------------------------------------
now time: 8
----------------------------------------------------------------
llm output
Given the persistent issue with `NonUniqueObjectException` and the constraints provided, it's clear that the problem lies in the handling of Hibernate sessions and object uniqueness within those sessions. The error indicates that an attempt to save or update a `GlobalProperty` with the identifier `default_location` fails because an object with the same identifier is already associated with the session.

To address this, we need to ensure that our test method does not attempt to save a `GlobalProperty` with an identifier that's already in use within the session. One approach to circumvent this issue is to clear the session or check for the existence of the `GlobalProperty` and update it instead of creating a new one. However, manipulating the session directly in a test can be complex and might not be the best practice.

Instead, let's focus on a test method that ensures uniqueness by either updating the existing property or creating a new one if it doesn't exist, without directly manipulating the session. This approach assumes that the OpenMRS API provides mechanisms to handle these operations safely.

<new_test>
```java
@Test
public void getDefaultLocation_shouldReturnDefaultLocationBasedOnGlobalPropertyOrFallback_Updated() {
    AdministrationService adminService = Context.getAdministrationService();
    LocationService locationService = Context.getLocationService();

    // Attempt to retrieve an existing global property
    GlobalProperty defaultLocationProp = adminService.getGlobalPropertyObject("default_location");
    
    // If it doesn't exist, create a new one. If it does, update its value.
    String locationName = "Test Default Location";
    if (defaultLocationProp == null) {
        defaultLocationProp = new GlobalProperty("default_location", locationName);
    } else {
        defaultLocationProp.setPropertyValue(locationName);
    }
    adminService.saveGlobalProperty(defaultLocationProp);

    // Ensure a matching location exists
    Location testLocation = locationService.getLocation(locationName);
    if (testLocation == null) {
        testLocation = new Location();
        testLocation.setName(locationName);
        locationService.saveLocation(testLocation);
    }

    // Execute the method under test
    Location defaultLocation = locationService.getDefaultLocation();
    
    // Verify the outcome
    assertNotNull("Default location should not be null", defaultLocation);
    assertEquals("The name of the default location should match the expected value", locationName, defaultLocation.getName());

    // Cleanup is not explicitly done here to avoid affecting other tests,
    // assuming each test runs in isolation with its own transaction.
}
```
</new_test>

This test method attempts to address the issue by working within the constraints of the existing session and object management provided by the OpenMRS API. It avoids the direct manipulation of the Hibernate session, which should help prevent the `NonUniqueObjectException`. However, it's important to note that this approach assumes the existence of certain methods (`getGlobalPropertyObject`, `saveGlobalProperty`, `getLocation`, and `saveLocation`) and behaviors (such as transactional test isolation) that are common in many frameworks but might not exactly match the implementation details of the OpenMRS platform you are working with. Adjustments may be necessary to align with the actual API and testing environment.
----------------------------------------------------------------
generated test
@Test
public void getDefaultLocation_shouldReturnDefaultLocationBasedOnGlobalPropertyOrFallback_Updated() {
    AdministrationService adminService = Context.getAdministrationService();
    LocationService locationService = Context.getLocationService();

    // Attempt to retrieve an existing global property
    GlobalProperty defaultLocationProp = adminService.getGlobalPropertyObject("default_location");
    
    // If it doesn't exist, create a new one. If it does, update its value.
    String locationName = "Test Default Location";
    if (defaultLocationProp == null) {
        defaultLocationProp = new GlobalProperty("default_location", locationName);
    } else {
        defaultLocationProp.setPropertyValue(locationName);
    }
    adminService.saveGlobalProperty(defaultLocationProp);

    // Ensure a matching location exists
    Location testLocation = locationService.getLocation(locationName);
    if (testLocation == null) {
        testLocation = new Location();
        testLocation.setName(locationName);
        locationService.saveLocation(testLocation);
    }

    // Execute the method under test
    Location defaultLocation = locationService.getDefaultLocation();
    
    // Verify the outcome
    assertNotNull("Default location should not be null", defaultLocation);
    assertEquals("The name of the default location should match the expected value", locationName, defaultLocation.getName());

    // Cleanup is not explicitly done here to avoid affecting other tests,
    // assuming each test runs in isolation with its own transaction.
}
----------------------------------------------------------------
last generated diff test
--- 

+++ 

@@ -1,33 +1,35 @@

 @Test
-public void getDefaultLocation_shouldReturnDefaultLocationBasedOnGlobalPropertyOrFallback_Correctly() {
-    // Assuming the use of a service layer to abstract away direct Hibernate calls,
-    // and focusing on the logic to ensure a unique global property for the test.
-
+public void getDefaultLocation_shouldReturnDefaultLocationBasedOnGlobalPropertyOrFallback_Updated() {
     AdministrationService adminService = Context.getAdministrationService();
     LocationService locationService = Context.getLocationService();
 
-    // Ensure any existing global property is cleared to avoid NonUniqueObjectException
-    GlobalProperty existingProperty = adminService.getGlobalPropertyObject(LocationService.GP_DEFAULT_LOCATION);
-    if (existingProperty != null) {
-        adminService.purgeGlobalProperty(existingProperty);
+    // Attempt to retrieve an existing global property
+    GlobalProperty defaultLocationProp = adminService.getGlobalPropertyObject("default_location");
+    
+    // If it doesn't exist, create a new one. If it does, update its value.
+    String locationName = "Test Default Location";
+    if (defaultLocationProp == null) {
+        defaultLocationProp = new GlobalProperty("default_location", locationName);
+    } else {
+        defaultLocationProp.setPropertyValue(locationName);
+    }
+    adminService.saveGlobalProperty(defaultLocationProp);
+
+    // Ensure a matching location exists
+    Location testLocation = locationService.getLocation(locationName);
+    if (testLocation == null) {
+        testLocation = new Location();
+        testLocation.setName(locationName);
+        locationService.saveLocation(testLocation);
     }
 
-    // Create and save a new unique global property for the default location
-    String uniqueLocationName = "Test Default Location " + System.currentTimeMillis(); // Using current time to ensure uniqueness
-    GlobalProperty newGlobalProperty = new GlobalProperty(LocationService.GP_DEFAULT_LOCATION, uniqueLocationName);
-    adminService.saveGlobalProperty(newGlobalProperty);
+    // Execute the method under test
+    Location defaultLocation = locationService.getDefaultLocation();
+    
+    // Verify the outcome
+    assertNotNull("Default location should not be null", defaultLocation);
+    assertEquals("The name of the default location should match the expected value", locationName, defaultLocation.getName());
 
-    // Create a matching location for the global property
-    Location newLocation = new Location();
-    newLocation.setName(uniqueLocationName);
-    locationService.saveLocation(newLocation);
-
-    // Test the method under question
-    Location defaultLocation = locationService.getDefaultLocation();
-    assertNotNull("Default location should not be null", defaultLocation);
-    assertEquals("Default location name should match the global property value", uniqueLocationName, defaultLocation.getName());
-
-    // Cleanup to maintain test isolation
-    locationService.purgeLocation(newLocation);
-    adminService.purgeGlobalProperty(newGlobalProperty);
+    // Cleanup is not explicitly done here to avoid affecting other tests,
+    // assuming each test runs in isolation with its own transaction.
 }

----------------------------------------------------------------
state: 1
----------------------------------------------------------------
description: 单元测试不通过
----------------------------------------------------------------
message
-------------------------------------------------------------------------------
Test set: org.openmrs.api.LocationServiceTest
-------------------------------------------------------------------------------
Tests run: 50, Failures: 0, Errors: 1, Skipped: 2, Time elapsed: 7.179 sec <<< FAILURE!
getDefaultLocation_shouldReturnDefaultLocationBasedOnGlobalPropertyOrFallback(org.openmrs.api.LocationServiceTest)  Time elapsed: 0.119 sec  <<< ERROR!
org.hibernate.NonUniqueObjectException: a different object with the same identifier value was already associated with the session: [org.openmrs.GlobalProperty#default_location]
	at org.hibernate.event.def.AbstractSaveEventListener.performSave(AbstractSaveEventListener.java:168)
	at org.hibernate.event.def.AbstractSaveEventListener.saveWithGeneratedId(AbstractSaveEventListener.java:121)
	at org.hibernate.event.def.DefaultSaveOrUpdateEventListener.saveWithGeneratedOrRequestedId(DefaultSaveOrUpdateEventListener.java:187)
	at org.hibernate.event.def.DefaultSaveOrUpdateEventListener.entityIsTransient(DefaultSaveOrUpdateEventListener.java:172)
	at org.hibernate.event.def.DefaultSaveOrUpdateEventListener.performSaveOrUpdate(DefaultSaveOrUpdateEventListener.java:94)
	at org.hibernate.event.def.DefaultSaveOrUpdateEventListener.onSaveOrUpdate(DefaultSaveOrUpdateEventListener.java:70)
	at org.hibernate.impl.SessionImpl.fireSaveOrUpdate(SessionImpl.java:507)
	at org.hibernate.impl.SessionImpl.saveOrUpdate(SessionImpl.java:499)
	at org.hibernate.impl.SessionImpl.saveOrUpdate(SessionImpl.java:495)
	at org.openmrs.api.db.hibernate.HibernateAdministrationDAO.saveGlobalProperty(HibernateAdministrationDAO.java:300)
	at org.openmrs.api.impl.AdministrationServiceImpl.saveGlobalProperty(AdministrationServiceImpl.java:781)
	at sun.reflect.NativeMethodAccessorImpl.invoke0(Native Method)
	at sun.reflect.NativeMethodAccessorImpl.invoke(NativeMethodAccessorImpl.java:39)
	at sun.reflect.DelegatingMethodAccessorImpl.invoke(DelegatingMethodAccessorImpl.java:25)
	at java.lang.reflect.Method.invoke(Method.java:597)
	at org.springframework.aop.support.AopUtils.invokeJoinpointUsingReflection(AopUtils.java:309)
	at org.springframework.aop.framework.ReflectiveMethodInvocation.invokeJoinpoint(ReflectiveMethodInvocation.java:183)
	at org.springframework.aop.framework.ReflectiveMethodInvocation.proceed(ReflectiveMethodInvocation.java:150)
	at org.springframework.transaction.interceptor.TransactionInterceptor.invoke(TransactionInterceptor.java:110)
	at org.springframework.aop.framework.ReflectiveMethodInvocation.proceed(ReflectiveMethodInvocation.java:172)
	at org.springframework.aop.framework.JdkDynamicAopProxy.invoke(JdkDynamicAopProxy.java:202)
	at com.sun.proxy.$Proxy21.saveGlobalProperty(Unknown Source)
	at sun.reflect.NativeMethodAccessorImpl.invoke0(Native Method)
	at sun.reflect.NativeMethodAccessorImpl.invoke(NativeMethodAccessorImpl.java:39)
	at sun.reflect.DelegatingMethodAccessorImpl.invoke(DelegatingMethodAccessorImpl.java:25)
	at java.lang.reflect.Method.invoke(Method.java:597)
	at org.springframework.aop.support.AopUtils.invokeJoinpointUsingReflection(AopUtils.java:309)
	at org.springframework.aop.framework.ReflectiveMethodInvocation.invokeJoinpoint(ReflectiveMethodInvocation.java:183)
	at org.springframework.aop.framework.ReflectiveMethodInvocation.proceed(ReflectiveMethodInvocation.java:150)
	at org.springframework.transaction.interceptor.TransactionInterceptor.invoke(TransactionInterceptor.java:110)
	at org.springframework.aop.framework.ReflectiveMethodInvocation.proceed(ReflectiveMethodInvocation.java:172)
	at org.openmrs.aop.LoggingAdvice.invoke(LoggingAdvice.java:114)
	at org.springframework.aop.framework.ReflectiveMethodInvocation.proceed(ReflectiveMethodInvocation.java:172)
	at org.springframework.aop.framework.adapter.MethodBeforeAdviceInterceptor.invoke(MethodBeforeAdviceInterceptor.java:50)
	at org.springframework.aop.framework.ReflectiveMethodInvocation.proceed(ReflectiveMethodInvocation.java:172)
	at org.springframework.aop.framework.adapter.MethodBeforeAdviceInterceptor.invoke(MethodBeforeAdviceInterceptor.java:50)
	at org.springframework.aop.framework.ReflectiveMethodInvocation.proceed(ReflectiveMethodInvocation.java:172)
	at org.springframework.aop.framework.JdkDynamicAopProxy.invoke(JdkDynamicAopProxy.java:202)
	at com.sun.proxy.$Proxy40.saveGlobalProperty(Unknown Source)
	at sun.reflect.NativeMethodAccessorImpl.invoke0(Native Method)
	at sun.reflect.NativeMethodAccessorImpl.invoke(NativeMethodAccessorImpl.java:39)
	at sun.reflect.DelegatingMethodAccessorImpl.invoke(DelegatingMethodAccessorImpl.java:25)
	at java.lang.reflect.Method.invoke(Method.java:597)
	at org.springframework.aop.support.AopUtils.invokeJoinpointUsingReflection(AopUtils.java:309)
	at org.springframework.aop.framework.ReflectiveMethodInvocation.invokeJoinpoint(ReflectiveMethodInvocation.java:183)
	at org.springframework.aop.framework.ReflectiveMethodInvocation.proceed(ReflectiveMethodInvocation.java:150)
	at org.springframework.transaction.interceptor.TransactionInterceptor.invoke(TransactionInterceptor.java:110)
	at org.springframework.aop.framework.ReflectiveMethodInvocation.proceed(ReflectiveMethodInvocation.java:172)
	at org.springframework.aop.framework.JdkDynamicAopProxy.invoke(JdkDynamicAopProxy.java:202)
	at com.sun.proxy.$Proxy40.saveGlobalProperty(Unknown Source)
	at org.openmrs.api.LocationServiceTest.getDefaultLocation_shouldReturnDefaultLocationBasedOnGlobalPropertyOrFallback(LocationServiceTest.java:230)
	at sun.reflect.NativeMethodAccessorImpl.invoke0(Native Method)
	at sun.reflect.NativeMethodAccessorImpl.invoke(NativeMethodAccessorImpl.java:39)
	at sun.reflect.DelegatingMethodAccessorImpl.invoke(DelegatingMethodAccessorImpl.java:25)
	at java.lang.reflect.Method.invoke(Method.java:597)
	at org.junit.runners.model.FrameworkMethod$1.runReflectiveCall(FrameworkMethod.java:44)
	at org.junit.internal.runners.model.ReflectiveCallable.run(ReflectiveCallable.java:15)
	at org.junit.runners.model.FrameworkMethod.invokeExplosively(FrameworkMethod.java:41)
	at org.junit.internal.runners.statements.InvokeMethod.evaluate(InvokeMethod.java:20)
	at org.junit.internal.runners.statements.RunBefores.evaluate(RunBefores.java:28)
	at org.springframework.test.context.junit4.statements.RunBeforeTestMethodCallbacks.evaluate(RunBeforeTestMethodCallbacks.java:74)
	at org.junit.internal.runners.statements.RunAfters.evaluate(RunAfters.java:31)
	at org.springframework.test.context.junit4.statements.RunAfterTestMethodCallbacks.evaluate(RunAfterTestMethodCallbacks.java:82)
	at org.springframework.test.context.junit4.statements.SpringRepeat.evaluate(SpringRepeat.java:72)
	at org.springframework.test.context.junit4.SpringJUnit4ClassRunner.runChild(SpringJUnit4ClassRunner.java:240)
	at org.junit.runners.BlockJUnit4ClassRunner.runChild(BlockJUnit4ClassRunner.java:50)
	at org.junit.runners.ParentRunner$3.run(ParentRunner.java:193)
	at org.junit.runners.ParentRunner$1.schedule(ParentRunner.java:52)
	at org.junit.runners.ParentRunner.runChildren(ParentRunner.java:191)
	at org.junit.runners.ParentRunner.access$000(ParentRunner.java:42)
	at org.junit.runners.ParentRunner$2.evaluate(ParentRunner.java:184)
	at org.springframework.test.context.junit4.statements.RunBeforeTestClassCallbacks.evaluate(RunBeforeTestClassCallbacks.java:61)
	at org.junit.internal.runners.statements.RunAfters.evaluate(RunAfters.java:31)
	at org.springframework.test.context.junit4.statements.RunAfterTestClassCallbacks.evaluate(RunAfterTestClassCallbacks.java:70)
	at org.junit.runners.ParentRunner.run(ParentRunner.java:236)
	at org.springframework.test.context.junit4.SpringJUnit4ClassRunner.run(SpringJUnit4ClassRunner.java:180)
	at org.apache.maven.surefire.junit4.JUnit4Provider.execute(JUnit4Provider.java:252)
	at org.apache.maven.surefire.junit4.JUnit4Provider.executeTestSet(JUnit4Provider.java:141)
	at org.apache.maven.surefire.junit4.JUnit4Provider.invoke(JUnit4Provider.java:112)
	at sun.reflect.NativeMethodAccessorImpl.invoke0(Native Method)
	at sun.reflect.NativeMethodAccessorImpl.invoke(NativeMethodAccessorImpl.java:39)
	at sun.reflect.DelegatingMethodAccessorImpl.invoke(DelegatingMethodAccessorImpl.java:25)
	at java.lang.reflect.Method.invoke(Method.java:597)
	at org.apache.maven.surefire.util.ReflectionUtils.invokeMethodWithArray(ReflectionUtils.java:189)
	at org.apache.maven.surefire.booter.ProviderFactory$ProviderProxy.invoke(ProviderFactory.java:165)
	at org.apache.maven.surefire.booter.ProviderFactory.invokeProvider(ProviderFactory.java:85)
	at org.apache.maven.surefire.booter.ForkedBooter.runSuitesInProcess(ForkedBooter.java:115)
	at org.apache.maven.surefire.booter.ForkedBooter.main(ForkedBooter.java:75)


--------------------------------------------------------------------------------------------------------------------------------
total times: 1
----------------------------------------------------------------
generated test
@Test
@Verifies(value = "should return default location based on global property or fallback to 'Unknown Location' or 'Unknown'", method = "getDefaultLocation()")
public void getDefaultLocation_shouldReturnDefaultLocationBasedOnGlobalPropertyOrFallback() throws Exception {
    AdministrationService adminService = Context.getAdministrationService();
    LocationService locationService = Context.getLocationService();
    
    // Set a global property for the default location name
    final String defaultLocationName = "Test Default Location";
    adminService.saveGlobalProperty(new GlobalProperty(OpenmrsConstants.GLOBAL_PROPERTY_DEFAULT_LOCATION_NAME, defaultLocationName));
    
    // Ensure a location with the name set in the global property exists
    Location defaultLocation = new Location();
    defaultLocation.setName(defaultLocationName);
    locationService.saveLocation(defaultLocation);
    
    // Test that the default location is returned based on the global property
    Location retrievedLocation = locationService.getDefaultLocation();
    Assert.assertNotNull("The default location should not be null", retrievedLocation);
    Assert.assertEquals("The retrieved location should match the global property value", defaultLocationName, retrievedLocation.getName());
    
    // Change the global property to a non-existent location name to test fallback
    adminService.saveGlobalProperty(new GlobalProperty(OpenmrsConstants.GLOBAL_PROPERTY_DEFAULT_LOCATION_NAME, "Non Existent Location"));
    
    // Test fallback to "Unknown Location" if the global property does not match
    Location unknownLocation = new Location();
    unknownLocation.setName("Unknown Location");
    locationService.saveLocation(unknownLocation);
    
    retrievedLocation = locationService.getDefaultLocation();
    Assert.assertNotNull("The default location should fallback to 'Unknown Location' if the global property does not match", retrievedLocation);
    Assert.assertEquals("The retrieved location should be 'Unknown Location' as a fallback", "Unknown Location", retrievedLocation.getName());
    
    // Remove "Unknown Location" to test final fallback to "Unknown"
    locationService.purgeLocation(unknownLocation);
    Location unknownFallbackLocation = new Location();
    unknownFallbackLocation.setName("Unknown");
    locationService.saveLocation(unknownFallbackLocation);
    
    retrievedLocation = locationService.getDefaultLocation();
    Assert.assertNotNull("The default location should fallback to 'Unknown' if 'Unknown Location' does not exist", retrievedLocation);
    Assert.assertEquals("The retrieved location should be 'Unknown' as the final fallback", "Unknown", retrievedLocation.getName());
}
----------------------------------------------------------------
old generated diff test
--- 

+++ 

@@ -1,5 +1,42 @@

 @Test
-	@Verifies(value = "should return default location for the implementation", method = "getDefaultLocation()")
-	public void getDefaultLocation_shouldReturnDefaultLocationForTheImplementation() throws Exception {
-		Assert.assertNotNull(Context.getLocationService().getDefaultLocation());
-	}
+@Verifies(value = "should return default location based on global property or fallback to 'Unknown Location' or 'Unknown'", method = "getDefaultLocation()")
+public void getDefaultLocation_shouldReturnDefaultLocationBasedOnGlobalPropertyOrFallback() throws Exception {
+    AdministrationService adminService = Context.getAdministrationService();
+    LocationService locationService = Context.getLocationService();
+    
+    // Set a global property for the default location name
+    final String defaultLocationName = "Test Default Location";
+    adminService.saveGlobalProperty(new GlobalProperty(OpenmrsConstants.GLOBAL_PROPERTY_DEFAULT_LOCATION_NAME, defaultLocationName));
+    
+    // Ensure a location with the name set in the global property exists
+    Location defaultLocation = new Location();
+    defaultLocation.setName(defaultLocationName);
+    locationService.saveLocation(defaultLocation);
+    
+    // Test that the default location is returned based on the global property
+    Location retrievedLocation = locationService.getDefaultLocation();
+    Assert.assertNotNull("The default location should not be null", retrievedLocation);
+    Assert.assertEquals("The retrieved location should match the global property value", defaultLocationName, retrievedLocation.getName());
+    
+    // Change the global property to a non-existent location name to test fallback
+    adminService.saveGlobalProperty(new GlobalProperty(OpenmrsConstants.GLOBAL_PROPERTY_DEFAULT_LOCATION_NAME, "Non Existent Location"));
+    
+    // Test fallback to "Unknown Location" if the global property does not match
+    Location unknownLocation = new Location();
+    unknownLocation.setName("Unknown Location");
+    locationService.saveLocation(unknownLocation);
+    
+    retrievedLocation = locationService.getDefaultLocation();
+    Assert.assertNotNull("The default location should fallback to 'Unknown Location' if the global property does not match", retrievedLocation);
+    Assert.assertEquals("The retrieved location should be 'Unknown Location' as a fallback", "Unknown Location", retrievedLocation.getName());
+    
+    // Remove "Unknown Location" to test final fallback to "Unknown"
+    locationService.purgeLocation(unknownLocation);
+    Location unknownFallbackLocation = new Location();
+    unknownFallbackLocation.setName("Unknown");
+    locationService.saveLocation(unknownFallbackLocation);
+    
+    retrievedLocation = locationService.getDefaultLocation();
+    Assert.assertNotNull("The default location should fallback to 'Unknown' if 'Unknown Location' does not exist", retrievedLocation);
+    Assert.assertEquals("The retrieved location should be 'Unknown' as the final fallback", "Unknown", retrievedLocation.getName());
+}

----------------------------------------------------------------
generated new diff test
--- 

+++ 

@@ -1,42 +1,9 @@

 @Test
-@Verifies(value = "should return default location based on global property or fallback to 'Unknown Location' or 'Unknown'", method = "getDefaultLocation()")
-public void getDefaultLocation_shouldReturnDefaultLocationBasedOnGlobalPropertyOrFallback() throws Exception {
-    AdministrationService adminService = Context.getAdministrationService();
-    LocationService locationService = Context.getLocationService();
-    
-    // Set a global property for the default location name
-    final String defaultLocationName = "Test Default Location";
-    adminService.saveGlobalProperty(new GlobalProperty(OpenmrsConstants.GLOBAL_PROPERTY_DEFAULT_LOCATION_NAME, defaultLocationName));
-    
-    // Ensure a location with the name set in the global property exists
-    Location defaultLocation = new Location();
-    defaultLocation.setName(defaultLocationName);
-    locationService.saveLocation(defaultLocation);
-    
-    // Test that the default location is returned based on the global property
-    Location retrievedLocation = locationService.getDefaultLocation();
-    Assert.assertNotNull("The default location should not be null", retrievedLocation);
-    Assert.assertEquals("The retrieved location should match the global property value", defaultLocationName, retrievedLocation.getName());
-    
-    // Change the global property to a non-existent location name to test fallback
-    adminService.saveGlobalProperty(new GlobalProperty(OpenmrsConstants.GLOBAL_PROPERTY_DEFAULT_LOCATION_NAME, "Non Existent Location"));
-    
-    // Test fallback to "Unknown Location" if the global property does not match
-    Location unknownLocation = new Location();
-    unknownLocation.setName("Unknown Location");
-    locationService.saveLocation(unknownLocation);
-    
-    retrievedLocation = locationService.getDefaultLocation();
-    Assert.assertNotNull("The default location should fallback to 'Unknown Location' if the global property does not match", retrievedLocation);
-    Assert.assertEquals("The retrieved location should be 'Unknown Location' as a fallback", "Unknown Location", retrievedLocation.getName());
-    
-    // Remove "Unknown Location" to test final fallback to "Unknown"
-    locationService.purgeLocation(unknownLocation);
-    Location unknownFallbackLocation = new Location();
-    unknownFallbackLocation.setName("Unknown");
-    locationService.saveLocation(unknownFallbackLocation);
-    
-    retrievedLocation = locationService.getDefaultLocation();
-    Assert.assertNotNull("The default location should fallback to 'Unknown' if 'Unknown Location' does not exist", retrievedLocation);
-    Assert.assertEquals("The retrieved location should be 'Unknown' as the final fallback", "Unknown", retrievedLocation.getName());
-}
+	@Verifies(value = "should return default location for the implementation", method = "getDefaultLocation()")
+	public void getDefaultLocation_shouldReturnDefaultLocationForTheImplementation() throws Exception {
+		//set the global property for default location to something other than Unknown Location
+		GlobalProperty gp = new GlobalProperty(OpenmrsConstants.GLOBAL_PROPERTY_DEFAULT_LOCATION_NAME,
+		        "Test Parent Location", "Testing default Location");
+		Context.getAdministrationService().saveGlobalProperty(gp);
+		Assert.assertEquals("Test Parent Location", Context.getLocationService().getDefaultLocation().getName());
+	}

----------------------------------------------------------------
state: 1
----------------------------------------------------------------
description: 单元测试不通过
--------------------------------------------------------------------------------------------------------------------------------
